[15:08:49][pdx_persistent_reader.cpp:268]: Error: "Failed to read key reference: autonomous_investment_pool: autonomous_investment_pool, near line: 1
Failed to read key reference: ec_construction_points_100: ec_construction_points_100, near line: 1
Failed to read key reference: ec_subject_construction_same: ec_subject_construction_same, near line: 1
Failed to read key reference: ec_building_priorities_roleplay: ec_building_priorities_roleplay, near line: 1
Failed to read key reference: rs_default: rs_default, near line: 1
Failed to read key reference: ec_allow_autobuild: ec_allow_autobuild, near line: 1" in file: "" near line: 1
[15:08:49][pdx_persistent_reader.cpp:268]: Error: "Failed to read key reference: autonomous_investment_pool: autonomous_investment_pool, near line: 1
Failed to read key reference: ec_construction_points_100: ec_construction_points_100, near line: 1
Failed to read key reference: ec_subject_construction_same: ec_subject_construction_same, near line: 1
Failed to read key reference: ec_building_priorities_roleplay: ec_building_priorities_roleplay, near line: 1
Failed to read key reference: rs_default: rs_default, near line: 1
Failed to read key reference: ec_allow_autobuild: ec_allow_autobuild, near line: 1" in file: "" near line: 1
[15:08:49][pdx_persistent_reader.cpp:268]: Error: "Failed to read key reference: autonomous_investment_pool: autonomous_investment_pool, near line: 1
Failed to read key reference: ec_construction_points_100: ec_construction_points_100, near line: 1
Failed to read key reference: ec_subject_construction_same: ec_subject_construction_same, near line: 1
Failed to read key reference: ec_building_priorities_roleplay: ec_building_priorities_roleplay, near line: 1
Failed to read key reference: rs_default: rs_default, near line: 1
Failed to read key reference: ec_allow_autobuild: ec_allow_autobuild, near line: 1" in file: "" near line: 1
[15:08:49][pdx_persistent_reader.cpp:268]: Error: "Failed to read key reference: autonomous_investment_pool: autonomous_investment_pool, near line: 1
Failed to read key reference: ec_construction_points_100: ec_construction_points_100, near line: 1
Failed to read key reference: ec_subject_construction_same: ec_subject_construction_same, near line: 1
Failed to read key reference: ec_building_priorities_roleplay: ec_building_priorities_roleplay, near line: 1
Failed to read key reference: rs_default: rs_default, near line: 1
Failed to read key reference: ec_allow_autobuild: ec_allow_autobuild, near line: 1" in file: "" near line: 1
[15:08:49][pdx_persistent_reader.cpp:268]: Error: "Failed to read key reference: autonomous_investment_pool: autonomous_investment_pool, near line: 1
Failed to read key reference: ec_construction_points_100: ec_construction_points_100, near line: 1
Failed to read key reference: ec_subject_construction_same: ec_subject_construction_same, near line: 1
Failed to read key reference: ec_building_priorities_roleplay: ec_building_priorities_roleplay, near line: 1
Failed to read key reference: rs_default: rs_default, near line: 1
Failed to read key reference: ec_allow_autobuild: ec_allow_autobuild, near line: 1" in file: "" near line: 1
[15:08:49][pdx_persistent_reader.cpp:268]: Error: "Failed to read key reference: autonomous_investment_pool: autonomous_investment_pool, near line: 1
Failed to read key reference: ec_construction_points_100: ec_construction_points_100, near line: 1
Failed to read key reference: ec_subject_construction_same: ec_subject_construction_same, near line: 1
Failed to read key reference: ec_building_priorities_roleplay: ec_building_priorities_roleplay, near line: 1
Failed to read key reference: rs_default: rs_default, near line: 1
Failed to read key reference: ec_allow_autobuild: ec_allow_autobuild, near line: 1" in file: "" near line: 1
[15:08:49][pdx_persistent_reader.cpp:268]: Error: "Failed to read key reference: ec_construction_points_100: ec_construction_points_100, near line: 1
Failed to read key reference: ec_subject_construction_same: ec_subject_construction_same, near line: 1
Failed to read key reference: rs_default: rs_default, near line: 1
Failed to read key reference: ec_allow_autobuild: ec_allow_autobuild, near line: 1" in file: "" near line: 1
[15:08:49][pdx_persistent_reader.cpp:268]: Error: "Failed to read key reference: ec_construction_points_100: ec_construction_points_100, near line: 1
Failed to read key reference: ec_subject_construction_same: ec_subject_construction_same, near line: 1
Failed to read key reference: rs_default: rs_default, near line: 1
Failed to read key reference: ec_allow_autobuild: ec_allow_autobuild, near line: 1" in file: "" near line: 1
[15:08:49][pdx_persistent_reader.cpp:268]: Error: "Failed to read key reference: ec_construction_points_100: ec_construction_points_100, near line: 1
Failed to read key reference: ec_subject_construction_same: ec_subject_construction_same, near line: 1
Failed to read key reference: rs_default: rs_default, near line: 1
Failed to read key reference: ec_allow_autobuild: ec_allow_autobuild, near line: 1" in file: "" near line: 1
[15:08:49][pdx_persistent_reader.cpp:268]: Error: "Failed to read key reference: ec_construction_points_100: ec_construction_points_100, near line: 1
Failed to read key reference: ec_subject_construction_same: ec_subject_construction_same, near line: 1
Failed to read key reference: rs_default: rs_default, near line: 1
Failed to read key reference: ec_allow_autobuild: ec_allow_autobuild, near line: 1" in file: "" near line: 1
[15:08:49][pdx_persistent_reader.cpp:268]: Error: "Failed to read key reference: ec_construction_points_100: ec_construction_points_100, near line: 1
Failed to read key reference: ec_subject_construction_same: ec_subject_construction_same, near line: 1
Failed to read key reference: ec_building_priorities_roleplay: ec_building_priorities_roleplay, near line: 1
Failed to read key reference: rs_default: rs_default, near line: 1
Failed to read key reference: ec_allow_autobuild: ec_allow_autobuild, near line: 1
Failed to read key reference: si_economic_system_automation: si_economic_system_automation, near line: 1
Failed to read key reference: si_medium_time_prefrence: si_medium_time_prefrence, near line: 1" in file: "" near line: 1
[15:08:49][pdx_persistent_reader.cpp:268]: Error: "Failed to read key reference: ec_construction_points_100: ec_construction_points_100, near line: 1
Failed to read key reference: ec_subject_construction_same: ec_subject_construction_same, near line: 1
Failed to read key reference: rs_default: rs_default, near line: 1
Failed to read key reference: ec_allow_autobuild: ec_allow_autobuild, near line: 1" in file: "" near line: 1
[15:08:49][pdx_persistent_reader.cpp:268]: Error: "Failed to read key reference: ec_construction_points_100: ec_construction_points_100, near line: 1
Failed to read key reference: ec_subject_construction_same: ec_subject_construction_same, near line: 1
Failed to read key reference: ec_building_priorities_roleplay: ec_building_priorities_roleplay, near line: 1
Failed to read key reference: rs_default: rs_default, near line: 1
Failed to read key reference: ec_allow_autobuild: ec_allow_autobuild, near line: 1
Failed to read key reference: si_economic_system_automation: si_economic_system_automation, near line: 1
Failed to read key reference: si_medium_time_prefrence: si_medium_time_prefrence, near line: 1" in file: "" near line: 1
[15:08:49][pdx_persistent_reader.cpp:268]: Error: "Failed to read key reference: ec_construction_points_100: ec_construction_points_100, near line: 1
Failed to read key reference: ec_subject_construction_same: ec_subject_construction_same, near line: 1
Failed to read key reference: ec_building_priorities_roleplay: ec_building_priorities_roleplay, near line: 1
Failed to read key reference: rs_default: rs_default, near line: 1
Failed to read key reference: ec_allow_autobuild: ec_allow_autobuild, near line: 1
Failed to read key reference: si_economic_system_automation: si_economic_system_automation, near line: 1
Failed to read key reference: si_medium_time_prefrence: si_medium_time_prefrence, near line: 1" in file: "" near line: 1
[15:08:49][pdx_persistent_reader.cpp:268]: Error: "Failed to read key reference: ec_construction_points_100: ec_construction_points_100, near line: 1
Failed to read key reference: ec_subject_construction_same: ec_subject_construction_same, near line: 1
Failed to read key reference: ec_building_priorities_roleplay: ec_building_priorities_roleplay, near line: 1
Failed to read key reference: rs_default: rs_default, near line: 1
Failed to read key reference: ec_allow_autobuild: ec_allow_autobuild, near line: 1
Failed to read key reference: si_economic_system_automation: si_economic_system_automation, near line: 1
Failed to read key reference: si_medium_time_prefrence: si_medium_time_prefrence, near line: 1" in file: "" near line: 1
[15:08:49][pdx_persistent_reader.cpp:268]: Error: "Failed to read key reference: ec_construction_points_100: ec_construction_points_100, near line: 1
Failed to read key reference: ec_subject_construction_same: ec_subject_construction_same, near line: 1
Failed to read key reference: ec_building_priorities_roleplay: ec_building_priorities_roleplay, near line: 1
Failed to read key reference: rs_default: rs_default, near line: 1
Failed to read key reference: ec_allow_autobuild: ec_allow_autobuild, near line: 1
Failed to read key reference: si_economic_system_automation: si_economic_system_automation, near line: 1
Failed to read key reference: si_medium_time_prefrence: si_medium_time_prefrence, near line: 1" in file: "" near line: 1
[15:08:49][pdx_persistent_reader.cpp:268]: Error: "Failed to read key reference: ec_construction_points_100: ec_construction_points_100, near line: 1
Failed to read key reference: ec_subject_construction_same: ec_subject_construction_same, near line: 1
Failed to read key reference: ec_building_priorities_roleplay: ec_building_priorities_roleplay, near line: 1
Failed to read key reference: rs_default: rs_default, near line: 1
Failed to read key reference: ec_allow_autobuild: ec_allow_autobuild, near line: 1
Failed to read key reference: si_economic_system_automation: si_economic_system_automation, near line: 1
Failed to read key reference: si_medium_time_prefrence: si_medium_time_prefrence, near line: 1" in file: "" near line: 1
[15:08:49][pdx_persistent_reader.cpp:268]: Error: "Failed to read key reference: ec_construction_points_100: ec_construction_points_100, near line: 1
Failed to read key reference: ec_subject_construction_same: ec_subject_construction_same, near line: 1
Failed to read key reference: rs_default: rs_default, near line: 1
Failed to read key reference: ec_allow_autobuild: ec_allow_autobuild, near line: 1
Failed to read key reference: si_economic_system_automation: si_economic_system_automation, near line: 1
Failed to read key reference: si_medium_time_prefrence: si_medium_time_prefrence, near line: 1" in file: "" near line: 1
[15:08:49][pdx_persistent_reader.cpp:268]: Error: "Failed to read key reference: ec_construction_points_100: ec_construction_points_100, near line: 1
Failed to read key reference: ec_subject_construction_same: ec_subject_construction_same, near line: 1
Failed to read key reference: rs_default: rs_default, near line: 1
Failed to read key reference: ec_allow_autobuild: ec_allow_autobuild, near line: 1
Failed to read key reference: si_economic_system_automation: si_economic_system_automation, near line: 1
Failed to read key reference: si_medium_time_prefrence: si_medium_time_prefrence, near line: 1" in file: "" near line: 1
[15:08:49][pdx_persistent_reader.cpp:268]: Error: "Failed to read key reference: ec_construction_points_100: ec_construction_points_100, near line: 1
Failed to read key reference: ec_subject_construction_same: ec_subject_construction_same, near line: 1
Failed to read key reference: ec_building_priorities_roleplay: ec_building_priorities_roleplay, near line: 1
Failed to read key reference: rs_default: rs_default, near line: 1
Failed to read key reference: ec_allow_autobuild: ec_allow_autobuild, near line: 1
Failed to read key reference: si_economic_system_automation: si_economic_system_automation, near line: 1
Failed to read key reference: si_medium_time_prefrence: si_medium_time_prefrence, near line: 1" in file: "" near line: 1
[15:08:49][pdx_persistent_reader.cpp:268]: Error: "Failed to read key reference: ec_construction_points_100: ec_construction_points_100, near line: 1
Failed to read key reference: ec_subject_construction_same: ec_subject_construction_same, near line: 1
Failed to read key reference: ec_building_priorities_roleplay: ec_building_priorities_roleplay, near line: 1
Failed to read key reference: rs_default: rs_default, near line: 1
Failed to read key reference: ec_allow_autobuild: ec_allow_autobuild, near line: 1
Failed to read key reference: si_economic_system_automation: si_economic_system_automation, near line: 1
Failed to read key reference: si_medium_time_prefrence: si_medium_time_prefrence, near line: 1" in file: "" near line: 1
[15:08:49][pdx_persistent_reader.cpp:268]: Error: "Failed to read key reference: ec_construction_points_100: ec_construction_points_100, near line: 1
Failed to read key reference: ec_subject_construction_same: ec_subject_construction_same, near line: 1
Failed to read key reference: rs_default: rs_default, near line: 1
Failed to read key reference: ec_allow_autobuild: ec_allow_autobuild, near line: 1" in file: "" near line: 1
[15:08:49][pdx_persistent_reader.cpp:268]: Error: "Failed to read key reference: ec_construction_points_100: ec_construction_points_100, near line: 1
Failed to read key reference: ec_subject_construction_same: ec_subject_construction_same, near line: 1
Failed to read key reference: ec_building_priorities_roleplay: ec_building_priorities_roleplay, near line: 1
Failed to read key reference: rs_default: rs_default, near line: 1
Failed to read key reference: ec_allow_autobuild: ec_allow_autobuild, near line: 1
Failed to read key reference: si_economic_system_automation: si_economic_system_automation, near line: 1
Failed to read key reference: si_medium_time_prefrence: si_medium_time_prefrence, near line: 1" in file: "" near line: 1
[15:08:49][pdx_persistent_reader.cpp:268]: Error: "Failed to read key reference: ec_construction_points_100: ec_construction_points_100, near line: 1
Failed to read key reference: ec_subject_construction_same: ec_subject_construction_same, near line: 1
Failed to read key reference: rs_default: rs_default, near line: 1
Failed to read key reference: ec_allow_autobuild: ec_allow_autobuild, near line: 1" in file: "" near line: 1
[15:08:49][pdx_persistent_reader.cpp:268]: Error: "Failed to read key reference: ec_construction_points_100: ec_construction_points_100, near line: 1
Failed to read key reference: ec_subject_construction_same: ec_subject_construction_same, near line: 1
Failed to read key reference: ec_building_priorities_roleplay: ec_building_priorities_roleplay, near line: 1
Failed to read key reference: rs_default: rs_default, near line: 1
Failed to read key reference: ec_allow_autobuild: ec_allow_autobuild, near line: 1
Failed to read key reference: si_economic_system_automation: si_economic_system_automation, near line: 1
Failed to read key reference: si_medium_time_prefrence: si_medium_time_prefrence, near line: 1" in file: "" near line: 1
[15:08:49][pdx_persistent_reader.cpp:268]: Error: "Failed to read key reference: autonomous_investment_pool: autonomous_investment_pool, near line: 1
Failed to read key reference: ec_construction_points_100: ec_construction_points_100, near line: 1
Failed to read key reference: ec_subject_construction_same: ec_subject_construction_same, near line: 1
Failed to read key reference: ec_building_priorities_roleplay: ec_building_priorities_roleplay, near line: 1
Failed to read key reference: rs_default: rs_default, near line: 1
Failed to read key reference: ec_allow_autobuild: ec_allow_autobuild, near line: 1" in file: "" near line: 1
[15:08:49][pdx_persistent_reader.cpp:268]: Error: "Failed to read key reference: autonomous_investment_pool: autonomous_investment_pool, near line: 1
Failed to read key reference: ec_construction_points_100: ec_construction_points_100, near line: 1
Failed to read key reference: ec_subject_construction_same: ec_subject_construction_same, near line: 1
Failed to read key reference: ec_building_priorities_roleplay: ec_building_priorities_roleplay, near line: 1
Failed to read key reference: rs_default: rs_default, near line: 1
Failed to read key reference: ec_allow_autobuild: ec_allow_autobuild, near line: 1" in file: "" near line: 1
[15:08:49][pdx_persistent_reader.cpp:268]: Error: "Failed to read key reference: ec_construction_points_100: ec_construction_points_100, near line: 1
Failed to read key reference: ec_subject_construction_same: ec_subject_construction_same, near line: 1
Failed to read key reference: ec_building_priorities_roleplay: ec_building_priorities_roleplay, near line: 1
Failed to read key reference: rs_default: rs_default, near line: 1
Failed to read key reference: ec_allow_autobuild: ec_allow_autobuild, near line: 1
Failed to read key reference: si_economic_system_automation: si_economic_system_automation, near line: 1
Failed to read key reference: si_medium_time_prefrence: si_medium_time_prefrence, near line: 1" in file: "" near line: 1
[15:08:49][pdx_persistent_reader.cpp:268]: Error: "Failed to read key reference: ec_construction_points_100: ec_construction_points_100, near line: 1
Failed to read key reference: ec_subject_construction_same: ec_subject_construction_same, near line: 1
Failed to read key reference: rs_default: rs_default, near line: 1
Failed to read key reference: ec_allow_autobuild: ec_allow_autobuild, near line: 1" in file: "" near line: 1
[15:08:49][pdx_persistent_reader.cpp:268]: Error: "Failed to read key reference: ec_construction_points_100: ec_construction_points_100, near line: 1
Failed to read key reference: ec_subject_construction_same: ec_subject_construction_same, near line: 1
Failed to read key reference: rs_default: rs_default, near line: 1
Failed to read key reference: ec_allow_autobuild: ec_allow_autobuild, near line: 1
Failed to read key reference: si_economic_system_automation: si_economic_system_automation, near line: 1
Failed to read key reference: si_medium_time_prefrence: si_medium_time_prefrence, near line: 1" in file: "" near line: 1
[15:08:49][pdx_persistent_reader.cpp:268]: Error: "Failed to read key reference: ec_construction_points_100: ec_construction_points_100, near line: 1
Failed to read key reference: ec_subject_construction_same: ec_subject_construction_same, near line: 1
Failed to read key reference: rs_default: rs_default, near line: 1
Failed to read key reference: ec_allow_autobuild: ec_allow_autobuild, near line: 1" in file: "" near line: 1
[15:08:49][pdx_persistent_reader.cpp:268]: Error: "Failed to read key reference: ec_construction_points_100: ec_construction_points_100, near line: 1
Failed to read key reference: ec_subject_construction_same: ec_subject_construction_same, near line: 1
Failed to read key reference: rs_default: rs_default, near line: 1
Failed to read key reference: ec_allow_autobuild: ec_allow_autobuild, near line: 1" in file: "" near line: 1
[15:08:49][pdx_persistent_reader.cpp:268]: Error: "Failed to read key reference: si_economic_system_automation: si_economic_system_automation, near line: 1
Failed to read key reference: si_medium_time_prefrence: si_medium_time_prefrence, near line: 1" in file: "" near line: 1
[15:08:49][pdx_persistent_reader.cpp:268]: Error: "Failed to read key reference: ec_construction_points_100: ec_construction_points_100, near line: 1
Failed to read key reference: ec_subject_construction_same: ec_subject_construction_same, near line: 1
Failed to read key reference: rs_default: rs_default, near line: 1
Failed to read key reference: ec_allow_autobuild: ec_allow_autobuild, near line: 1
Failed to read key reference: si_economic_system_automation: si_economic_system_automation, near line: 1
Failed to read key reference: si_medium_time_prefrence: si_medium_time_prefrence, near line: 1" in file: "" near line: 1
[15:08:49][pdx_persistent_reader.cpp:268]: Error: "Failed to read key reference: ec_construction_points_100: ec_construction_points_100, near line: 1
Failed to read key reference: ec_subject_construction_same: ec_subject_construction_same, near line: 1
Failed to read key reference: rs_default: rs_default, near line: 1
Failed to read key reference: ec_allow_autobuild: ec_allow_autobuild, near line: 1" in file: "" near line: 1
[15:08:49][pdx_persistent_reader.cpp:268]: Error: "Failed to read key reference: ec_construction_points_100: ec_construction_points_100, near line: 1
Failed to read key reference: ec_subject_construction_same: ec_subject_construction_same, near line: 1
Failed to read key reference: rs_default: rs_default, near line: 1
Failed to read key reference: ec_allow_autobuild: ec_allow_autobuild, near line: 1" in file: "" near line: 1
[15:08:49][pdx_persistent_reader.cpp:268]: Error: "Failed to read key reference: si_economic_system_automation: si_economic_system_automation, near line: 1
Failed to read key reference: si_medium_time_prefrence: si_medium_time_prefrence, near line: 1" in file: "" near line: 1
[15:08:49][pdx_persistent_reader.cpp:268]: Error: "Failed to read key reference: si_economic_system_automation: si_economic_system_automation, near line: 1
Failed to read key reference: si_medium_time_prefrence: si_medium_time_prefrence, near line: 1" in file: "" near line: 1
[15:08:49][pdx_persistent_reader.cpp:268]: Error: "Failed to read key reference: si_economic_system_automation: si_economic_system_automation, near line: 1
Failed to read key reference: si_medium_time_prefrence: si_medium_time_prefrence, near line: 1" in file: "" near line: 1
[15:08:49][pdx_persistent_reader.cpp:268]: Error: "Failed to read key reference: si_economic_system_automation: si_economic_system_automation, near line: 1
Failed to read key reference: si_medium_time_prefrence: si_medium_time_prefrence, near line: 1" in file: "" near line: 1
[15:08:49][pdx_persistent_reader.cpp:268]: Error: "Failed to read key reference: ec_construction_points_100: ec_construction_points_100, near line: 1
Failed to read key reference: ec_subject_construction_same: ec_subject_construction_same, near line: 1
Failed to read key reference: rs_default: rs_default, near line: 1
Failed to read key reference: ec_allow_autobuild: ec_allow_autobuild, near line: 1
Failed to read key reference: si_economic_system_automation: si_economic_system_automation, near line: 1
Failed to read key reference: si_medium_time_prefrence: si_medium_time_prefrence, near line: 1" in file: "" near line: 1
[15:08:49][pdx_persistent_reader.cpp:268]: Error: "Failed to read key reference: ec_construction_points_100: ec_construction_points_100, near line: 1
Failed to read key reference: ec_subject_construction_same: ec_subject_construction_same, near line: 1
Failed to read key reference: ec_building_priorities_roleplay: ec_building_priorities_roleplay, near line: 1
Failed to read key reference: rs_default: rs_default, near line: 1
Failed to read key reference: ec_allow_autobuild: ec_allow_autobuild, near line: 1
Failed to read key reference: si_economic_system_automation: si_economic_system_automation, near line: 1
Failed to read key reference: si_medium_time_prefrence: si_medium_time_prefrence, near line: 1" in file: "" near line: 1
[15:08:49][pdx_persistent_reader.cpp:268]: Error: "Failed to read key reference: ec_construction_points_100: ec_construction_points_100, near line: 1
Failed to read key reference: ec_subject_construction_same: ec_subject_construction_same, near line: 1
Failed to read key reference: ec_building_priorities_roleplay: ec_building_priorities_roleplay, near line: 1
Failed to read key reference: rs_default: rs_default, near line: 1
Failed to read key reference: ec_allow_autobuild: ec_allow_autobuild, near line: 1
Failed to read key reference: si_economic_system_automation: si_economic_system_automation, near line: 1
Failed to read key reference: si_medium_time_prefrence: si_medium_time_prefrence, near line: 1" in file: "" near line: 1
[15:08:52][jomini_script_system.cpp:247]: Script system error!
  Error: create_building effect [ Invalid state in STATE_HOME_COUNTIES for Ottoman Empire for building ownership ]
  Script location: common/history/buildings/01_south_europe.txt:3936

[15:08:52][pdx_assert.cpp:628]: Assertion failed: Coastal building in non coastal states, check it out From state Gujarat (435) To State Portuguese Gujarat (437)
[15:08:55][jomini_script_system.cpp:247]: Script system error!
  Error: Event target link 'region_state' returned an invalid object
  Script location: common/history/global/00_global.txt:598

[15:08:55][jomini_script_system.cpp:247]: Script system error!
  Error: add_modifier effect [ Scoped object is not valid. Type: State NULL_STATE (x000000) ]
  Script location: common/history/global/00_global.txt:599

[15:08:56][state.cpp:6802]: State Aquitaine has 2 of building type building_hardwood_logging and can only support 1, its level will be reduced.
[15:08:56][state.cpp:6802]: State Westfalen has 2 of building type building_hardwood_logging and can only support 1, its level will be reduced.
[15:08:56][state.cpp:6802]: State Württemberg has 3 of building type building_hardwood_logging and can only support 2, its level will be reduced.
[15:08:56][state.cpp:6786]: State Piemonte has building type Cotton Plantations which it cannot support, it will be removed.
[15:08:56][state.cpp:6786]: State Tuscany has building type Cotton Plantations which it cannot support, it will be removed.
[15:08:56][state.cpp:6786]: State Georgia has building type Sugar Plantations which it cannot support, it will be removed.
[15:08:56][state.cpp:6786]: State South Carolina has building type Dye Plantations which it cannot support, it will be removed.
[15:08:56][state.cpp:6802]: State Hudson’s Bay Company Ontario has 2 of building type building_hardwood_logging and can only support 1, its level will be reduced.
[15:08:56][state.cpp:6802]: State Quebec has 4 of building type building_hardwood_logging and can only support 3, its level will be reduced.
[15:08:56][state.cpp:6786]: State Bajío has building type Dye Plantations which it cannot support, it will be removed.
[15:08:56][state.cpp:6786]: State México has building type Dye Plantations which it cannot support, it will be removed.
[15:08:56][state.cpp:6786]: State Jalisco has building type Banana Plantations which it cannot support, it will be removed.
[15:08:56][state.cpp:6786]: State Zacatecas has building type Dye Plantations which it cannot support, it will be removed.
[15:08:56][state.cpp:6786]: State Lima has building type Dye Plantations which it cannot support, it will be removed.
[15:08:56][state.cpp:6786]: State Ica has building type Dye Plantations which it cannot support, it will be removed.
[15:08:56][state.cpp:6786]: State Arequipa has building type Dye Plantations which it cannot support, it will be removed.
[15:08:56][state.cpp:6786]: State Madhya Pradesh has building type Dye Plantations which it cannot support, it will be removed.
[15:08:56][state.cpp:6786]: State Madhya Pradesh has building type Dye Plantations which it cannot support, it will be removed.
[15:08:56][state.cpp:6786]: State Macao has building type Dye Plantations which it cannot support, it will be removed.
[15:08:56][state.cpp:6802]: State Tula has 3 of building type building_hardwood_logging and can only support 2, its level will be reduced.
[15:08:56][state.cpp:6786]: State Baluchistan has building type Opium Plantations which it cannot support, it will be removed.
[15:08:56][state.cpp:6786]: State Kerman has building type Opium Plantations which it cannot support, it will be removed.
[15:08:56][state.cpp:6786]: State Bampur has building type Dye Plantations which it cannot support, it will be removed.
[15:08:56][state.cpp:6786]: State Arabistan has building type Opium Plantations which it cannot support, it will be removed.
[15:08:56][state.cpp:6786]: State Mazandaran has building type Opium Plantations which it cannot support, it will be removed.
[15:08:56][initializefrombookmark.cpp:1379]: Historical diplomatic pact embargo between TUR and MON cannot be maintained and will break soon
[15:08:56][initializefrombookmark.cpp:1379]: Historical diplomatic pact vassal between PAN and KAS cannot be maintained and will break soon
[15:08:56][country_law_manager.cpp:442]: Country dyn_c_hanover is not permitted to retain law No Colonial Affairs, fix this or consider Colonial Resettlement instead
[15:08:56][country_law_manager.cpp:442]: Country KRA is not permitted to retain law Guild System, fix this or consider Combination Acts instead
[15:08:56][country_law_manager.cpp:442]: Country ION is not permitted to retain law No Colonial Affairs, fix this or consider Colonial Resettlement instead
[15:08:56][country_law_manager.cpp:442]: Country dyn_c_lower_canada is not permitted to retain law No Colonial Affairs, fix this or consider Colonial Resettlement instead
[15:08:56][country_law_manager.cpp:442]: Country dyn_c_upper_canada is not permitted to retain law No Colonial Affairs, fix this or consider Colonial Resettlement instead
[15:08:56][country_law_manager.cpp:442]: Country NBS is not permitted to retain law No Colonial Affairs, fix this or consider Colonial Resettlement instead
[15:08:56][country_law_manager.cpp:442]: Country NVS is not permitted to retain law No Colonial Affairs, fix this or consider Colonial Resettlement instead
[15:08:56][country_law_manager.cpp:442]: Country company_east_india_company is not permitted to retain law No Colonial Affairs, fix this or consider Colonial Resettlement instead
[15:08:56][country_law_manager.cpp:442]: Country SON is not permitted to retain law Canton System, fix this or consider Mercantilism instead
[15:08:56][country_law_manager.cpp:442]: Country dyn_c_south_africa is not permitted to retain law No Colonial Affairs, fix this or consider Frontier Colonization instead
[15:08:56][country_law_manager.cpp:442]: Country SIL is not permitted to retain law No Colonial Affairs, fix this or consider Colonial Resettlement instead
[15:08:56][country_law_manager.cpp:442]: Country SAS is not permitted to retain law No Colonial Affairs, fix this or consider Frontier Colonization instead
[15:08:56][country_law_manager.cpp:442]: Country dyn_c_van_diemans_land is not permitted to retain law No Colonial Affairs, fix this or consider Frontier Colonization instead
[15:08:59][pdx_gui_container.cpp:145]: gui/companies_panel.gui:414 - A (flow)container (gui/companies_panel.gui:414) can't have an hbox/vbox (gui/companies_panel.gui:422) as a direct child.
