[18:58:03][pdx_persistent_reader.cpp:268]: Error: "Failed to read key reference: ec_construction_points_100: ec_construction_points_100, near line: 1
Failed to read key reference: ec_subject_construction_same: ec_subject_construction_same, near line: 1
Failed to read key reference: ec_building_priorities_roleplay: ec_building_priorities_roleplay, near line: 1
Failed to read key reference: rs_default: rs_default, near line: 1
Failed to read key reference: ec_allow_autobuild: ec_allow_autobuild, near line: 1
Failed to read key reference: si_economic_system_automation: si_economic_system_automation, near line: 1
Failed to read key reference: si_medium_time_prefrence: si_medium_time_prefrence, near line: 1" in file: "" near line: 1
[18:58:03][pdx_persistent_reader.cpp:268]: Error: "Failed to read key reference: ec_construction_points_100: ec_construction_points_100, near line: 1
Failed to read key reference: ec_subject_construction_same: ec_subject_construction_same, near line: 1
Failed to read key reference: ec_building_priorities_roleplay: ec_building_priorities_roleplay, near line: 1
Failed to read key reference: rs_default: rs_default, near line: 1
Failed to read key reference: ec_allow_autobuild: ec_allow_autobuild, near line: 1
Failed to read key reference: si_economic_system_automation: si_economic_system_automation, near line: 1
Failed to read key reference: si_medium_time_prefrence: si_medium_time_prefrence, near line: 1" in file: "" near line: 1
[18:58:03][pdx_persistent_reader.cpp:268]: Error: "Failed to read key reference: autonomous_investment_pool: autonomous_investment_pool, near line: 1
Failed to read key reference: ec_construction_points_100: ec_construction_points_100, near line: 1
Failed to read key reference: ec_subject_construction_same: ec_subject_construction_same, near line: 1
Failed to read key reference: ec_building_priorities_roleplay: ec_building_priorities_roleplay, near line: 1
Failed to read key reference: rs_default: rs_default, near line: 1
Failed to read key reference: ec_allow_autobuild: ec_allow_autobuild, near line: 1" in file: "" near line: 1
[18:58:03][pdx_persistent_reader.cpp:268]: Error: "Failed to read key reference: ec_construction_points_100: ec_construction_points_100, near line: 1
Failed to read key reference: ec_subject_construction_same: ec_subject_construction_same, near line: 1
Failed to read key reference: rs_default: rs_default, near line: 1
Failed to read key reference: ec_allow_autobuild: ec_allow_autobuild, near line: 1
Failed to read key reference: si_economic_system_automation: si_economic_system_automation, near line: 1
Failed to read key reference: si_medium_time_prefrence: si_medium_time_prefrence, near line: 1" in file: "" near line: 1
[18:58:03][pdx_persistent_reader.cpp:268]: Error: "Failed to read key reference: ec_construction_points_100: ec_construction_points_100, near line: 1
Failed to read key reference: ec_subject_construction_same: ec_subject_construction_same, near line: 1
Failed to read key reference: ec_building_priorities_roleplay: ec_building_priorities_roleplay, near line: 1
Failed to read key reference: rs_default: rs_default, near line: 1
Failed to read key reference: ec_allow_autobuild: ec_allow_autobuild, near line: 1
Failed to read key reference: si_economic_system_automation: si_economic_system_automation, near line: 1
Failed to read key reference: si_medium_time_prefrence: si_medium_time_prefrence, near line: 1" in file: "" near line: 1
[18:58:03][pdx_persistent_reader.cpp:268]: Error: "Failed to read key reference: ec_construction_points_100: ec_construction_points_100, near line: 1
Failed to read key reference: ec_subject_construction_same: ec_subject_construction_same, near line: 1
Failed to read key reference: ec_building_priorities_roleplay: ec_building_priorities_roleplay, near line: 1
Failed to read key reference: rs_default: rs_default, near line: 1
Failed to read key reference: ec_allow_autobuild: ec_allow_autobuild, near line: 1
Failed to read key reference: si_economic_system_automation: si_economic_system_automation, near line: 1
Failed to read key reference: si_medium_time_prefrence: si_medium_time_prefrence, near line: 1" in file: "" near line: 1
[18:58:03][pdx_persistent_reader.cpp:268]: Error: "Failed to read key reference: autonomous_investment_pool: autonomous_investment_pool, near line: 1
Failed to read key reference: ec_construction_points_100: ec_construction_points_100, near line: 1
Failed to read key reference: ec_subject_construction_same: ec_subject_construction_same, near line: 1
Failed to read key reference: ec_building_priorities_roleplay: ec_building_priorities_roleplay, near line: 1
Failed to read key reference: rs_default: rs_default, near line: 1
Failed to read key reference: ec_allow_autobuild: ec_allow_autobuild, near line: 1" in file: "" near line: 1
[18:58:03][pdx_persistent_reader.cpp:268]: Error: "Failed to read key reference: ec_construction_points_100: ec_construction_points_100, near line: 1
Failed to read key reference: ec_subject_construction_same: ec_subject_construction_same, near line: 1
Failed to read key reference: ec_building_priorities_roleplay: ec_building_priorities_roleplay, near line: 1
Failed to read key reference: rs_default: rs_default, near line: 1
Failed to read key reference: ec_allow_autobuild: ec_allow_autobuild, near line: 1
Failed to read key reference: si_economic_system_automation: si_economic_system_automation, near line: 1
Failed to read key reference: si_medium_time_prefrence: si_medium_time_prefrence, near line: 1" in file: "" near line: 1
[18:58:03][pdx_persistent_reader.cpp:268]: Error: "Failed to read key reference: ec_construction_points_100: ec_construction_points_100, near line: 1
Failed to read key reference: ec_subject_construction_same: ec_subject_construction_same, near line: 1
Failed to read key reference: rs_default: rs_default, near line: 1
Failed to read key reference: ec_allow_autobuild: ec_allow_autobuild, near line: 1" in file: "" near line: 1
[18:58:03][pdx_persistent_reader.cpp:268]: Error: "Failed to read key reference: ec_construction_points_100: ec_construction_points_100, near line: 1
Failed to read key reference: ec_subject_construction_same: ec_subject_construction_same, near line: 1
Failed to read key reference: rs_default: rs_default, near line: 1
Failed to read key reference: ec_allow_autobuild: ec_allow_autobuild, near line: 1" in file: "" near line: 1
[18:58:03][pdx_persistent_reader.cpp:268]: Error: "Failed to read key reference: ec_construction_points_100: ec_construction_points_100, near line: 1
Failed to read key reference: ec_subject_construction_same: ec_subject_construction_same, near line: 1
Failed to read key reference: rs_default: rs_default, near line: 1
Failed to read key reference: ec_allow_autobuild: ec_allow_autobuild, near line: 1" in file: "" near line: 1
[18:58:03][pdx_persistent_reader.cpp:268]: Error: "Failed to read key reference: ec_construction_points_100: ec_construction_points_100, near line: 1
Failed to read key reference: ec_subject_construction_same: ec_subject_construction_same, near line: 1
Failed to read key reference: rs_default: rs_default, near line: 1
Failed to read key reference: ec_allow_autobuild: ec_allow_autobuild, near line: 1" in file: "" near line: 1
[18:58:03][pdx_persistent_reader.cpp:268]: Error: "Failed to read key reference: ec_construction_points_100: ec_construction_points_100, near line: 1
Failed to read key reference: ec_subject_construction_same: ec_subject_construction_same, near line: 1
Failed to read key reference: rs_default: rs_default, near line: 1
Failed to read key reference: ec_allow_autobuild: ec_allow_autobuild, near line: 1" in file: "" near line: 1
[18:58:03][pdx_persistent_reader.cpp:268]: Error: "Failed to read key reference: ec_construction_points_100: ec_construction_points_100, near line: 1
Failed to read key reference: ec_subject_construction_same: ec_subject_construction_same, near line: 1
Failed to read key reference: rs_default: rs_default, near line: 1
Failed to read key reference: ec_allow_autobuild: ec_allow_autobuild, near line: 1" in file: "" near line: 1
[18:58:03][pdx_persistent_reader.cpp:268]: Error: "Failed to read key reference: ec_construction_points_100: ec_construction_points_100, near line: 1
Failed to read key reference: ec_subject_construction_same: ec_subject_construction_same, near line: 1
Failed to read key reference: rs_default: rs_default, near line: 1
Failed to read key reference: ec_allow_autobuild: ec_allow_autobuild, near line: 1
Failed to read key reference: si_economic_system_automation: si_economic_system_automation, near line: 1
Failed to read key reference: si_medium_time_prefrence: si_medium_time_prefrence, near line: 1" in file: "" near line: 1
[18:58:03][pdx_persistent_reader.cpp:268]: Error: "Failed to read key reference: ec_construction_points_100: ec_construction_points_100, near line: 1
Failed to read key reference: ec_subject_construction_same: ec_subject_construction_same, near line: 1
Failed to read key reference: rs_default: rs_default, near line: 1
Failed to read key reference: ec_allow_autobuild: ec_allow_autobuild, near line: 1
Failed to read key reference: si_economic_system_automation: si_economic_system_automation, near line: 1
Failed to read key reference: si_medium_time_prefrence: si_medium_time_prefrence, near line: 1" in file: "" near line: 1
[18:58:03][pdx_persistent_reader.cpp:268]: Error: "Failed to read key reference: ec_construction_points_100: ec_construction_points_100, near line: 1
Failed to read key reference: ec_subject_construction_same: ec_subject_construction_same, near line: 1
Failed to read key reference: rs_default: rs_default, near line: 1
Failed to read key reference: ec_allow_autobuild: ec_allow_autobuild, near line: 1
Failed to read key reference: si_economic_system_automation: si_economic_system_automation, near line: 1
Failed to read key reference: si_medium_time_prefrence: si_medium_time_prefrence, near line: 1" in file: "" near line: 1
[18:58:03][pdx_persistent_reader.cpp:268]: Error: "Failed to read key reference: ec_construction_points_100: ec_construction_points_100, near line: 1
Failed to read key reference: ec_subject_construction_same: ec_subject_construction_same, near line: 1
Failed to read key reference: rs_default: rs_default, near line: 1
Failed to read key reference: ec_allow_autobuild: ec_allow_autobuild, near line: 1
Failed to read key reference: si_economic_system_automation: si_economic_system_automation, near line: 1
Failed to read key reference: si_medium_time_prefrence: si_medium_time_prefrence, near line: 1" in file: "" near line: 1
[18:58:03][pdx_persistent_reader.cpp:268]: Error: "Failed to read key reference: ec_construction_points_100: ec_construction_points_100, near line: 1
Failed to read key reference: ec_subject_construction_same: ec_subject_construction_same, near line: 1
Failed to read key reference: rs_default: rs_default, near line: 1
Failed to read key reference: ec_allow_autobuild: ec_allow_autobuild, near line: 1
Failed to read key reference: si_economic_system_automation: si_economic_system_automation, near line: 1
Failed to read key reference: si_medium_time_prefrence: si_medium_time_prefrence, near line: 1" in file: "" near line: 1
[18:58:03][pdx_persistent_reader.cpp:268]: Error: "Failed to read key reference: ec_construction_points_100: ec_construction_points_100, near line: 1
Failed to read key reference: ec_subject_construction_same: ec_subject_construction_same, near line: 1
Failed to read key reference: rs_default: rs_default, near line: 1
Failed to read key reference: ec_allow_autobuild: ec_allow_autobuild, near line: 1
Failed to read key reference: si_economic_system_automation: si_economic_system_automation, near line: 1
Failed to read key reference: si_medium_time_prefrence: si_medium_time_prefrence, near line: 1" in file: "" near line: 1
[18:58:03][pdx_persistent_reader.cpp:268]: Error: "Failed to read key reference: ec_construction_points_100: ec_construction_points_100, near line: 1
Failed to read key reference: ec_subject_construction_same: ec_subject_construction_same, near line: 1
Failed to read key reference: rs_default: rs_default, near line: 1
Failed to read key reference: ec_allow_autobuild: ec_allow_autobuild, near line: 1
Failed to read key reference: si_economic_system_automation: si_economic_system_automation, near line: 1
Failed to read key reference: si_medium_time_prefrence: si_medium_time_prefrence, near line: 1" in file: "" near line: 1
[18:58:03][pdx_persistent_reader.cpp:268]: Error: "Failed to read key reference: autonomous_investment_pool: autonomous_investment_pool, near line: 1
Failed to read key reference: ec_construction_points_100: ec_construction_points_100, near line: 1
Failed to read key reference: ec_subject_construction_same: ec_subject_construction_same, near line: 1
Failed to read key reference: ec_building_priorities_roleplay: ec_building_priorities_roleplay, near line: 1
Failed to read key reference: rs_default: rs_default, near line: 1
Failed to read key reference: ec_allow_autobuild: ec_allow_autobuild, near line: 1" in file: "" near line: 1
[18:58:03][pdx_persistent_reader.cpp:268]: Error: "Failed to read key reference: autonomous_investment_pool: autonomous_investment_pool, near line: 1
Failed to read key reference: ec_construction_points_100: ec_construction_points_100, near line: 1
Failed to read key reference: ec_subject_construction_same: ec_subject_construction_same, near line: 1
Failed to read key reference: ec_building_priorities_roleplay: ec_building_priorities_roleplay, near line: 1
Failed to read key reference: rs_default: rs_default, near line: 1
Failed to read key reference: ec_allow_autobuild: ec_allow_autobuild, near line: 1" in file: "" near line: 1
[18:58:03][pdx_persistent_reader.cpp:268]: Error: "Failed to read key reference: autonomous_investment_pool: autonomous_investment_pool, near line: 1
Failed to read key reference: ec_construction_points_100: ec_construction_points_100, near line: 1
Failed to read key reference: ec_subject_construction_same: ec_subject_construction_same, near line: 1
Failed to read key reference: ec_building_priorities_roleplay: ec_building_priorities_roleplay, near line: 1
Failed to read key reference: rs_default: rs_default, near line: 1
Failed to read key reference: ec_allow_autobuild: ec_allow_autobuild, near line: 1" in file: "" near line: 1
[18:58:03][pdx_persistent_reader.cpp:268]: Error: "Failed to read key reference: autonomous_investment_pool: autonomous_investment_pool, near line: 1
Failed to read key reference: ec_construction_points_100: ec_construction_points_100, near line: 1
Failed to read key reference: ec_subject_construction_same: ec_subject_construction_same, near line: 1
Failed to read key reference: ec_building_priorities_roleplay: ec_building_priorities_roleplay, near line: 1
Failed to read key reference: rs_default: rs_default, near line: 1
Failed to read key reference: ec_allow_autobuild: ec_allow_autobuild, near line: 1" in file: "" near line: 1
[18:58:03][pdx_persistent_reader.cpp:268]: Error: "Failed to read key reference: autonomous_investment_pool: autonomous_investment_pool, near line: 1
Failed to read key reference: ec_construction_points_100: ec_construction_points_100, near line: 1
Failed to read key reference: ec_subject_construction_same: ec_subject_construction_same, near line: 1
Failed to read key reference: ec_building_priorities_roleplay: ec_building_priorities_roleplay, near line: 1
Failed to read key reference: rs_default: rs_default, near line: 1
Failed to read key reference: ec_allow_autobuild: ec_allow_autobuild, near line: 1" in file: "" near line: 1
[18:58:03][pdx_persistent_reader.cpp:268]: Error: "Failed to read key reference: autonomous_investment_pool: autonomous_investment_pool, near line: 1
Failed to read key reference: ec_construction_points_100: ec_construction_points_100, near line: 1
Failed to read key reference: ec_subject_construction_same: ec_subject_construction_same, near line: 1
Failed to read key reference: ec_building_priorities_roleplay: ec_building_priorities_roleplay, near line: 1
Failed to read key reference: rs_default: rs_default, near line: 1
Failed to read key reference: ec_allow_autobuild: ec_allow_autobuild, near line: 1" in file: "" near line: 1
[18:58:03][pdx_persistent_reader.cpp:268]: Error: "Failed to read key reference: autonomous_investment_pool: autonomous_investment_pool, near line: 1
Failed to read key reference: ec_construction_points_100: ec_construction_points_100, near line: 1
Failed to read key reference: ec_subject_construction_same: ec_subject_construction_same, near line: 1
Failed to read key reference: ec_building_priorities_roleplay: ec_building_priorities_roleplay, near line: 1
Failed to read key reference: rs_default: rs_default, near line: 1
Failed to read key reference: ec_allow_autobuild: ec_allow_autobuild, near line: 1" in file: "" near line: 1
[18:58:03][pdx_persistent_reader.cpp:268]: Error: "Failed to read key reference: autonomous_investment_pool: autonomous_investment_pool, near line: 1
Failed to read key reference: ec_construction_points_100: ec_construction_points_100, near line: 1
Failed to read key reference: ec_subject_construction_same: ec_subject_construction_same, near line: 1
Failed to read key reference: ec_building_priorities_roleplay: ec_building_priorities_roleplay, near line: 1
Failed to read key reference: rs_default: rs_default, near line: 1
Failed to read key reference: ec_allow_autobuild: ec_allow_autobuild, near line: 1" in file: "" near line: 1
[18:58:03][pdx_persistent_reader.cpp:268]: Error: "Failed to read key reference: ec_construction_points_100: ec_construction_points_100, near line: 1
Failed to read key reference: ec_subject_construction_same: ec_subject_construction_same, near line: 1
Failed to read key reference: rs_default: rs_default, near line: 1
Failed to read key reference: ec_allow_autobuild: ec_allow_autobuild, near line: 1" in file: "" near line: 1
[18:58:03][pdx_persistent_reader.cpp:268]: Error: "Failed to read key reference: ec_construction_points_100: ec_construction_points_100, near line: 1
Failed to read key reference: ec_subject_construction_same: ec_subject_construction_same, near line: 1
Failed to read key reference: rs_default: rs_default, near line: 1
Failed to read key reference: ec_allow_autobuild: ec_allow_autobuild, near line: 1" in file: "" near line: 1
[18:58:03][pdx_persistent_reader.cpp:268]: Error: "Failed to read key reference: ec_construction_points_100: ec_construction_points_100, near line: 1
Failed to read key reference: ec_subject_construction_same: ec_subject_construction_same, near line: 1
Failed to read key reference: rs_default: rs_default, near line: 1
Failed to read key reference: ec_allow_autobuild: ec_allow_autobuild, near line: 1" in file: "" near line: 1
[18:58:03][pdx_persistent_reader.cpp:268]: Error: "Failed to read key reference: ec_construction_points_100: ec_construction_points_100, near line: 1
Failed to read key reference: ec_subject_construction_same: ec_subject_construction_same, near line: 1
Failed to read key reference: rs_default: rs_default, near line: 1
Failed to read key reference: ec_allow_autobuild: ec_allow_autobuild, near line: 1" in file: "" near line: 1
[18:58:03][pdx_persistent_reader.cpp:268]: Error: "Failed to read key reference: ec_construction_points_100: ec_construction_points_100, near line: 1
Failed to read key reference: ec_subject_construction_same: ec_subject_construction_same, near line: 1
Failed to read key reference: ec_building_priorities_roleplay: ec_building_priorities_roleplay, near line: 1
Failed to read key reference: rs_default: rs_default, near line: 1
Failed to read key reference: ec_allow_autobuild: ec_allow_autobuild, near line: 1
Failed to read key reference: si_economic_system_automation: si_economic_system_automation, near line: 1
Failed to read key reference: si_medium_time_prefrence: si_medium_time_prefrence, near line: 1" in file: "" near line: 1
[18:58:03][pdx_persistent_reader.cpp:268]: Error: "Failed to read key reference: ec_construction_points_100: ec_construction_points_100, near line: 1
Failed to read key reference: ec_subject_construction_same: ec_subject_construction_same, near line: 1
Failed to read key reference: rs_default: rs_default, near line: 1
Failed to read key reference: ec_allow_autobuild: ec_allow_autobuild, near line: 1" in file: "" near line: 1
[18:58:03][pdx_persistent_reader.cpp:268]: Error: "Failed to read key reference: ec_construction_points_100: ec_construction_points_100, near line: 1
Failed to read key reference: ec_subject_construction_same: ec_subject_construction_same, near line: 1
Failed to read key reference: ec_building_priorities_roleplay: ec_building_priorities_roleplay, near line: 1
Failed to read key reference: rs_default: rs_default, near line: 1
Failed to read key reference: ec_allow_autobuild: ec_allow_autobuild, near line: 1
Failed to read key reference: si_economic_system_automation: si_economic_system_automation, near line: 1
Failed to read key reference: si_medium_time_prefrence: si_medium_time_prefrence, near line: 1" in file: "" near line: 1
[18:58:03][pdx_persistent_reader.cpp:268]: Error: "Failed to read key reference: ec_construction_points_100: ec_construction_points_100, near line: 1
Failed to read key reference: ec_subject_construction_same: ec_subject_construction_same, near line: 1
Failed to read key reference: ec_building_priorities_roleplay: ec_building_priorities_roleplay, near line: 1
Failed to read key reference: rs_default: rs_default, near line: 1
Failed to read key reference: ec_allow_autobuild: ec_allow_autobuild, near line: 1
Failed to read key reference: si_economic_system_automation: si_economic_system_automation, near line: 1
Failed to read key reference: si_medium_time_prefrence: si_medium_time_prefrence, near line: 1" in file: "" near line: 1
[18:58:03][pdx_persistent_reader.cpp:268]: Error: "Failed to read key reference: ec_construction_points_100: ec_construction_points_100, near line: 1
Failed to read key reference: ec_subject_construction_same: ec_subject_construction_same, near line: 1
Failed to read key reference: ec_building_priorities_roleplay: ec_building_priorities_roleplay, near line: 1
Failed to read key reference: rs_default: rs_default, near line: 1
Failed to read key reference: ec_allow_autobuild: ec_allow_autobuild, near line: 1
Failed to read key reference: si_economic_system_automation: si_economic_system_automation, near line: 1
Failed to read key reference: si_medium_time_prefrence: si_medium_time_prefrence, near line: 1" in file: "" near line: 1
[18:58:03][pdx_persistent_reader.cpp:268]: Error: "Failed to read key reference: ec_construction_points_100: ec_construction_points_100, near line: 1
Failed to read key reference: ec_subject_construction_same: ec_subject_construction_same, near line: 1
Failed to read key reference: ec_building_priorities_roleplay: ec_building_priorities_roleplay, near line: 1
Failed to read key reference: rs_default: rs_default, near line: 1
Failed to read key reference: ec_allow_autobuild: ec_allow_autobuild, near line: 1
Failed to read key reference: si_economic_system_automation: si_economic_system_automation, near line: 1
Failed to read key reference: si_medium_time_prefrence: si_medium_time_prefrence, near line: 1" in file: "" near line: 1
[18:58:03][pdx_persistent_reader.cpp:268]: Error: "Failed to read key reference: ec_construction_points_100: ec_construction_points_100, near line: 1
Failed to read key reference: ec_subject_construction_same: ec_subject_construction_same, near line: 1
Failed to read key reference: ec_building_priorities_roleplay: ec_building_priorities_roleplay, near line: 1
Failed to read key reference: rs_default: rs_default, near line: 1
Failed to read key reference: ec_allow_autobuild: ec_allow_autobuild, near line: 1
Failed to read key reference: si_economic_system_automation: si_economic_system_automation, near line: 1
Failed to read key reference: si_medium_time_prefrence: si_medium_time_prefrence, near line: 1" in file: "" near line: 1
[18:58:03][pdx_persistent_reader.cpp:268]: Error: "Failed to read key reference: ec_construction_points_100: ec_construction_points_100, near line: 1
Failed to read key reference: ec_subject_construction_same: ec_subject_construction_same, near line: 1
Failed to read key reference: rs_default: rs_default, near line: 1
Failed to read key reference: ec_allow_autobuild: ec_allow_autobuild, near line: 1
Failed to read key reference: si_economic_system_automation: si_economic_system_automation, near line: 1
Failed to read key reference: si_medium_time_prefrence: si_medium_time_prefrence, near line: 1" in file: "" near line: 1
[18:58:03][pdx_persistent_reader.cpp:268]: Error: "Failed to read key reference: ec_construction_points_100: ec_construction_points_100, near line: 1
Failed to read key reference: ec_subject_construction_same: ec_subject_construction_same, near line: 1
Failed to read key reference: rs_default: rs_default, near line: 1
Failed to read key reference: ec_allow_autobuild: ec_allow_autobuild, near line: 1
Failed to read key reference: si_economic_system_automation: si_economic_system_automation, near line: 1
Failed to read key reference: si_medium_time_prefrence: si_medium_time_prefrence, near line: 1" in file: "" near line: 1
[18:58:03][pdx_persistent_reader.cpp:268]: Error: "Failed to read key reference: ec_construction_points_100: ec_construction_points_100, near line: 1
Failed to read key reference: ec_subject_construction_same: ec_subject_construction_same, near line: 1
Failed to read key reference: ec_building_priorities_roleplay: ec_building_priorities_roleplay, near line: 1
Failed to read key reference: rs_default: rs_default, near line: 1
Failed to read key reference: ec_allow_autobuild: ec_allow_autobuild, near line: 1
Failed to read key reference: si_economic_system_automation: si_economic_system_automation, near line: 1
Failed to read key reference: si_medium_time_prefrence: si_medium_time_prefrence, near line: 1" in file: "" near line: 1
[18:58:03][pdx_persistent_reader.cpp:268]: Error: "Failed to read key reference: ec_construction_points_100: ec_construction_points_100, near line: 1
Failed to read key reference: ec_subject_construction_same: ec_subject_construction_same, near line: 1
Failed to read key reference: ec_building_priorities_roleplay: ec_building_priorities_roleplay, near line: 1
Failed to read key reference: rs_default: rs_default, near line: 1
Failed to read key reference: ec_allow_autobuild: ec_allow_autobuild, near line: 1
Failed to read key reference: si_economic_system_automation: si_economic_system_automation, near line: 1
Failed to read key reference: si_medium_time_prefrence: si_medium_time_prefrence, near line: 1" in file: "" near line: 1
[18:58:03][pdx_persistent_reader.cpp:268]: Error: "Failed to read key reference: ec_construction_points_100: ec_construction_points_100, near line: 1
Failed to read key reference: ec_subject_construction_same: ec_subject_construction_same, near line: 1
Failed to read key reference: rs_default: rs_default, near line: 1
Failed to read key reference: ec_allow_autobuild: ec_allow_autobuild, near line: 1" in file: "" near line: 1
[18:58:03][pdx_persistent_reader.cpp:268]: Error: "Failed to read key reference: ec_construction_points_100: ec_construction_points_100, near line: 1
Failed to read key reference: ec_subject_construction_same: ec_subject_construction_same, near line: 1
Failed to read key reference: ec_building_priorities_roleplay: ec_building_priorities_roleplay, near line: 1
Failed to read key reference: rs_default: rs_default, near line: 1
Failed to read key reference: ec_allow_autobuild: ec_allow_autobuild, near line: 1
Failed to read key reference: si_economic_system_automation: si_economic_system_automation, near line: 1
Failed to read key reference: si_medium_time_prefrence: si_medium_time_prefrence, near line: 1" in file: "" near line: 1
[18:58:03][pdx_persistent_reader.cpp:268]: Error: "Failed to read key reference: ec_construction_points_100: ec_construction_points_100, near line: 1
Failed to read key reference: ec_subject_construction_same: ec_subject_construction_same, near line: 1
Failed to read key reference: rs_default: rs_default, near line: 1
Failed to read key reference: ec_allow_autobuild: ec_allow_autobuild, near line: 1" in file: "" near line: 1
[18:58:03][pdx_persistent_reader.cpp:268]: Error: "Failed to read key reference: ec_construction_points_100: ec_construction_points_100, near line: 1
Failed to read key reference: ec_subject_construction_same: ec_subject_construction_same, near line: 1
Failed to read key reference: ec_building_priorities_roleplay: ec_building_priorities_roleplay, near line: 1
Failed to read key reference: rs_default: rs_default, near line: 1
Failed to read key reference: ec_allow_autobuild: ec_allow_autobuild, near line: 1
Failed to read key reference: si_economic_system_automation: si_economic_system_automation, near line: 1
Failed to read key reference: si_medium_time_prefrence: si_medium_time_prefrence, near line: 1" in file: "" near line: 1
[18:58:03][pdx_persistent_reader.cpp:268]: Error: "Failed to read key reference: autonomous_investment_pool: autonomous_investment_pool, near line: 1
Failed to read key reference: ec_construction_points_100: ec_construction_points_100, near line: 1
Failed to read key reference: ec_subject_construction_same: ec_subject_construction_same, near line: 1
Failed to read key reference: ec_building_priorities_roleplay: ec_building_priorities_roleplay, near line: 1
Failed to read key reference: rs_default: rs_default, near line: 1
Failed to read key reference: ec_allow_autobuild: ec_allow_autobuild, near line: 1" in file: "" near line: 1
[18:58:03][pdx_persistent_reader.cpp:268]: Error: "Failed to read key reference: autonomous_investment_pool: autonomous_investment_pool, near line: 1
Failed to read key reference: ec_construction_points_100: ec_construction_points_100, near line: 1
Failed to read key reference: ec_subject_construction_same: ec_subject_construction_same, near line: 1
Failed to read key reference: ec_building_priorities_roleplay: ec_building_priorities_roleplay, near line: 1
Failed to read key reference: rs_default: rs_default, near line: 1
Failed to read key reference: ec_allow_autobuild: ec_allow_autobuild, near line: 1" in file: "" near line: 1
[18:58:04][pdx_persistent_reader.cpp:268]: Error: "Failed to read key reference: ec_construction_points_100: ec_construction_points_100, near line: 1
Failed to read key reference: ec_subject_construction_same: ec_subject_construction_same, near line: 1
Failed to read key reference: ec_building_priorities_roleplay: ec_building_priorities_roleplay, near line: 1
Failed to read key reference: rs_default: rs_default, near line: 1
Failed to read key reference: ec_allow_autobuild: ec_allow_autobuild, near line: 1
Failed to read key reference: si_economic_system_automation: si_economic_system_automation, near line: 1
Failed to read key reference: si_medium_time_prefrence: si_medium_time_prefrence, near line: 1" in file: "" near line: 1
[18:58:04][pdx_persistent_reader.cpp:268]: Error: "Failed to read key reference: ec_construction_points_100: ec_construction_points_100, near line: 1
Failed to read key reference: ec_subject_construction_same: ec_subject_construction_same, near line: 1
Failed to read key reference: rs_default: rs_default, near line: 1
Failed to read key reference: ec_allow_autobuild: ec_allow_autobuild, near line: 1" in file: "" near line: 1
[18:58:04][pdx_persistent_reader.cpp:268]: Error: "Failed to read key reference: ec_construction_points_100: ec_construction_points_100, near line: 1
Failed to read key reference: ec_subject_construction_same: ec_subject_construction_same, near line: 1
Failed to read key reference: rs_default: rs_default, near line: 1
Failed to read key reference: ec_allow_autobuild: ec_allow_autobuild, near line: 1
Failed to read key reference: si_economic_system_automation: si_economic_system_automation, near line: 1
Failed to read key reference: si_medium_time_prefrence: si_medium_time_prefrence, near line: 1" in file: "" near line: 1
[18:58:04][pdx_persistent_reader.cpp:268]: Error: "Failed to read key reference: ec_construction_points_100: ec_construction_points_100, near line: 1
Failed to read key reference: ec_subject_construction_same: ec_subject_construction_same, near line: 1
Failed to read key reference: rs_default: rs_default, near line: 1
Failed to read key reference: ec_allow_autobuild: ec_allow_autobuild, near line: 1" in file: "" near line: 1
[18:58:04][pdx_persistent_reader.cpp:268]: Error: "Failed to read key reference: ec_construction_points_100: ec_construction_points_100, near line: 1
Failed to read key reference: ec_subject_construction_same: ec_subject_construction_same, near line: 1
Failed to read key reference: rs_default: rs_default, near line: 1
Failed to read key reference: ec_allow_autobuild: ec_allow_autobuild, near line: 1" in file: "" near line: 1
[18:58:04][pdx_persistent_reader.cpp:268]: Error: "Failed to read key reference: si_economic_system_automation: si_economic_system_automation, near line: 1
Failed to read key reference: si_medium_time_prefrence: si_medium_time_prefrence, near line: 1" in file: "" near line: 1
[18:58:04][pdx_persistent_reader.cpp:268]: Error: "Failed to read key reference: ec_construction_points_100: ec_construction_points_100, near line: 1
Failed to read key reference: ec_subject_construction_same: ec_subject_construction_same, near line: 1
Failed to read key reference: rs_default: rs_default, near line: 1
Failed to read key reference: ec_allow_autobuild: ec_allow_autobuild, near line: 1
Failed to read key reference: si_economic_system_automation: si_economic_system_automation, near line: 1
Failed to read key reference: si_medium_time_prefrence: si_medium_time_prefrence, near line: 1" in file: "" near line: 1
[18:58:04][pdx_persistent_reader.cpp:268]: Error: "Failed to read key reference: ec_construction_points_100: ec_construction_points_100, near line: 1
Failed to read key reference: ec_subject_construction_same: ec_subject_construction_same, near line: 1
Failed to read key reference: rs_default: rs_default, near line: 1
Failed to read key reference: ec_allow_autobuild: ec_allow_autobuild, near line: 1" in file: "" near line: 1
[18:58:04][pdx_persistent_reader.cpp:268]: Error: "Failed to read key reference: ec_construction_points_100: ec_construction_points_100, near line: 1
Failed to read key reference: ec_subject_construction_same: ec_subject_construction_same, near line: 1
Failed to read key reference: rs_default: rs_default, near line: 1
Failed to read key reference: ec_allow_autobuild: ec_allow_autobuild, near line: 1" in file: "" near line: 1
[18:58:04][pdx_persistent_reader.cpp:268]: Error: "Failed to read key reference: si_economic_system_automation: si_economic_system_automation, near line: 1
Failed to read key reference: si_medium_time_prefrence: si_medium_time_prefrence, near line: 1" in file: "" near line: 1
[18:58:04][pdx_persistent_reader.cpp:268]: Error: "Failed to read key reference: si_economic_system_automation: si_economic_system_automation, near line: 1
Failed to read key reference: si_medium_time_prefrence: si_medium_time_prefrence, near line: 1" in file: "" near line: 1
[18:58:04][pdx_persistent_reader.cpp:268]: Error: "Failed to read key reference: si_economic_system_automation: si_economic_system_automation, near line: 1
Failed to read key reference: si_medium_time_prefrence: si_medium_time_prefrence, near line: 1" in file: "" near line: 1
[18:58:04][pdx_persistent_reader.cpp:268]: Error: "Failed to read key reference: si_economic_system_automation: si_economic_system_automation, near line: 1
Failed to read key reference: si_medium_time_prefrence: si_medium_time_prefrence, near line: 1" in file: "" near line: 1
[18:58:04][pdx_persistent_reader.cpp:268]: Error: "Failed to read key reference: ec_construction_points_100: ec_construction_points_100, near line: 1
Failed to read key reference: ec_subject_construction_same: ec_subject_construction_same, near line: 1
Failed to read key reference: rs_default: rs_default, near line: 1
Failed to read key reference: ec_allow_autobuild: ec_allow_autobuild, near line: 1
Failed to read key reference: si_economic_system_automation: si_economic_system_automation, near line: 1
Failed to read key reference: si_medium_time_prefrence: si_medium_time_prefrence, near line: 1" in file: "" near line: 1
[18:58:04][pdx_persistent_reader.cpp:268]: Error: "Failed to read key reference: ec_construction_points_100: ec_construction_points_100, near line: 1
Failed to read key reference: ec_subject_construction_same: ec_subject_construction_same, near line: 1
Failed to read key reference: ec_building_priorities_roleplay: ec_building_priorities_roleplay, near line: 1
Failed to read key reference: rs_default: rs_default, near line: 1
Failed to read key reference: ec_allow_autobuild: ec_allow_autobuild, near line: 1
Failed to read key reference: si_economic_system_automation: si_economic_system_automation, near line: 1
Failed to read key reference: si_medium_time_prefrence: si_medium_time_prefrence, near line: 1" in file: "" near line: 1
[18:58:04][pdx_persistent_reader.cpp:268]: Error: "Failed to read key reference: ec_construction_points_100: ec_construction_points_100, near line: 1
Failed to read key reference: ec_subject_construction_same: ec_subject_construction_same, near line: 1
Failed to read key reference: ec_building_priorities_roleplay: ec_building_priorities_roleplay, near line: 1
Failed to read key reference: rs_default: rs_default, near line: 1
Failed to read key reference: ec_allow_autobuild: ec_allow_autobuild, near line: 1
Failed to read key reference: si_economic_system_automation: si_economic_system_automation, near line: 1
Failed to read key reference: si_medium_time_prefrence: si_medium_time_prefrence, near line: 1" in file: "" near line: 1
[18:58:08][jomini_script_system.cpp:247]: Script system error!
  Error: set_ig_trait effect [ Invalid trait specified in set_ig_trait effect ]
  Script location: common/interest_groups/00_industrialists.txt:80

[18:58:08][jomini_script_system.cpp:247]: Script system error!
  Error: add_liberty_desire effect [ Subject Pact not found for Country: East India Company ]
  Script location: common/history/diplomacy/00_subject_relationships.txt:568

[18:58:09][jomini_script_system.cpp:247]: Script system error!
  Error: create_military_formation effect [ United States of America does not have state in  ]
  Script location: common/history/military_formations/01_military_formations_north_america.txt:21

[18:58:09][jomini_script_system.cpp:247]: Script system error!
  Error: create_military_formation effect [ United States of America does not have state in  ]
  Script location: common/history/military_formations/01_military_formations_north_america.txt:102

[18:58:09][jomini_script_system.cpp:247]: Script system error!
  Error: create_military_formation effect [ United States of America does not have state in  ]
  Script location: common/history/military_formations/01_military_formations_north_america.txt:102

[18:58:09][jomini_script_system.cpp:247]: Script system error!
  Error: create_military_formation effect [ United States of America does not have state in  ]
  Script location: common/history/military_formations/01_military_formations_north_america.txt:150

[18:58:09][jomini_script_system.cpp:247]: Script system error!
  Error: create_military_formation effect [ United States of America does not have state in  ]
  Script location: common/history/military_formations/01_military_formations_north_america.txt:150

[18:58:09][jomini_script_system.cpp:247]: Script system error!
  Error: create_military_formation effect [ United States of America does not have state in  ]
  Script location: common/history/military_formations/01_military_formations_north_america.txt:150

[18:58:09][jomini_script_system.cpp:247]: Script system error!
  Error: create_military_formation effect [ Patiala does not have state in STATE_DELHI ]
  Script location: common/history/military_formations/05_military_formations_india.txt:536

[18:58:09][jomini_script_system.cpp:247]: Script system error!
  Error: create_military_formation effect [ Patiala does not have state in STATE_DELHI ]
  Script location: common/history/military_formations/05_military_formations_india.txt:536

[18:58:09][jomini_script_system.cpp:247]: Script system error!
  Error: create_military_formation effect [ Patiala does not have state in STATE_DELHI ]
  Script location: common/history/military_formations/05_military_formations_india.txt:536

[18:58:09][jomini_script_system.cpp:247]: Script system error!
  Error: create_treaty effect [ Refusing to create a treaty with invalid creation options: red_cross! A treaty must have a valid _SecondCountry ]
  Script location: common/history/treaties/00_historical_treaties.txt:503

[18:58:09][jomini_script_system.cpp:247]: Script system error!
  Error: create_treaty effect [ Refusing to create a treaty with invalid creation options: red_cross! A treaty must have a valid _SecondCountry ]
  Script location: common/history/treaties/india_treaties.txt:4

[18:58:09][pdx_assert.cpp:628]: Assertion failed: Coastal building in non coastal states, check it out From state Odisha (452) To State Dutch Orissa (453)
[18:58:09][jomini_script_system.cpp:247]: Script system error!
  Error: create_treaty effect [ Refusing to create a treaty with invalid creation options: red_cross! A treaty must have a valid _SecondCountry ]
  Script location: common/history/treaties/india_treaties.txt:114

[18:58:13][state.cpp:6903]: State Purbo Bongo has 1 of building type Campamentos de madera dura and can only support 0, its level will be reduced.
[18:58:13][state.cpp:6887]: State Madhya Pradesh has building type Dye Plantations which it cannot support, it will be removed.
[18:58:13][state.cpp:6887]: State Bastar has building type Dye Plantations which it cannot support, it will be removed.
[18:58:13][state.cpp:6903]: State Chiang Mai has 1 of building type Logging Camps and can only support 0, its level will be reduced.
[18:58:13][state.cpp:6911]: State Chiang Mai is using an excess of 1 arable land (total arable land: 0)
[18:58:13][initializefrombookmark.cpp:1373]: Historical diplomatic pact embargo between TUR and MON cannot be maintained and will break soon
[18:58:13][initializefrombookmark.cpp:1373]: Historical diplomatic pact vassal between PAN and KAS cannot be maintained and will break soon
[18:58:13][country_law_manager.cpp:444]: Country dyn_c_grand_duchy_of_finland is not permitted to retain law Tenant Farmers, fix this or consider Homesteading instead
[18:58:13][country_law_manager.cpp:444]: Country dyn_c_hanover is not permitted to retain law No Colonial Affairs, fix this or consider Colonial Resettlement instead
[18:58:13][country_law_manager.cpp:444]: Country ION is not permitted to retain law No Colonial Affairs, fix this or consider Colonial Resettlement instead
[18:58:13][country_law_manager.cpp:444]: Country dyn_c_lower_canada is not permitted to retain law No Colonial Affairs, fix this or consider Colonial Resettlement instead
[18:58:13][country_law_manager.cpp:444]: Country dyn_c_upper_canada is not permitted to retain law No Colonial Affairs, fix this or consider Colonial Resettlement instead
[18:58:13][country_law_manager.cpp:444]: Country NBS is not permitted to retain law No Colonial Affairs, fix this or consider Colonial Resettlement instead
[18:58:13][country_law_manager.cpp:444]: Country NVS is not permitted to retain law No Colonial Affairs, fix this or consider Colonial Resettlement instead
[18:58:13][country_law_manager.cpp:444]: Country dyn_c_baltic_governorate is not permitted to retain law Tenant Farmers, fix this or consider Homesteading instead
[18:58:13][country_law_manager.cpp:444]: Country KZH is not permitted to retain law Subjecthood, fix this or consider National Supremacy instead
[18:58:13][country_law_manager.cpp:444]: Country KZH is not permitted to retain law Hereditary Bureaucrats, fix this or consider Appointed Bureaucrats instead
[18:58:13][country_law_manager.cpp:444]: Country KZH is not permitted to retain law Serfdom, fix this or consider Homesteading instead
[18:58:13][country_law_manager.cpp:444]: Country KZH is not permitted to retain law Right of Assembly, fix this or consider Glasnost instead
[18:58:13][country_law_manager.cpp:444]: Country UZH is not permitted to retain law Subjecthood, fix this or consider National Supremacy instead
[18:58:13][country_law_manager.cpp:444]: Country UZH is not permitted to retain law Hereditary Bureaucrats, fix this or consider Appointed Bureaucrats instead
[18:58:13][country_law_manager.cpp:444]: Country UZH is not permitted to retain law Serfdom, fix this or consider Homesteading instead
[18:58:13][country_law_manager.cpp:444]: Country UZH is not permitted to retain law Right of Assembly, fix this or consider Glasnost instead
[18:58:13][country_law_manager.cpp:444]: Country OZH is not permitted to retain law Subjecthood, fix this or consider National Supremacy instead
[18:58:13][country_law_manager.cpp:444]: Country OZH is not permitted to retain law Hereditary Bureaucrats, fix this or consider Appointed Bureaucrats instead
[18:58:13][country_law_manager.cpp:444]: Country OZH is not permitted to retain law Serfdom, fix this or consider Homesteading instead
[18:58:13][country_law_manager.cpp:444]: Country OZH is not permitted to retain law Right of Assembly, fix this or consider Glasnost instead
[18:58:13][country_law_manager.cpp:444]: Country KAF is not permitted to retain law Mercantilism, fix this or consider Isolationism instead
[18:58:13][country_law_manager.cpp:444]: Country KAF is not permitted to retain law Outlawed Dissent, fix this or consider Right of Assembly instead
[18:58:13][country_law_manager.cpp:444]: Country company_russian_american_company is not permitted to retain law Subjecthood, fix this or consider National Supremacy instead
[18:58:13][country_law_manager.cpp:444]: Country company_russian_american_company is not permitted to retain law Hereditary Bureaucrats, fix this or consider Appointed Bureaucrats instead
[18:58:13][country_law_manager.cpp:444]: Country company_russian_american_company is not permitted to retain law Tenant Farmers, fix this or consider Homesteading instead
[18:58:13][country_law_manager.cpp:444]: Country company_east_india_company is not permitted to retain law Extraction Economy, fix this or consider Traditionalism instead
[18:58:13][country_law_manager.cpp:444]: Country dyn_c_south_africa is not permitted to retain law No Colonial Affairs, fix this or consider Frontier Colonization instead
[18:58:13][country_law_manager.cpp:444]: Country dyn_c_british_west_africa is not permitted to retain law No Colonial Affairs, fix this or consider Frontier Colonization instead
[18:58:13][country_law_manager.cpp:444]: Country SAS is not permitted to retain law No Colonial Affairs, fix this or consider Frontier Colonization instead
[18:58:13][country_law_manager.cpp:444]: Country dyn_c_van_diemans_land is not permitted to retain law No Colonial Affairs, fix this or consider Frontier Colonization instead
[18:58:16][jomini_script_system.cpp:247]: Script system error!
  Error: has_law_or_variant trigger [ Wrong scope for trigger: power_bloc, expected country ]
  Script location: common/coat_of_arms/template_lists/colored_emblem_lists.txt:1217

[18:58:16][jomini_script_system.cpp:247]: Script system error!
  Error: has_law_or_variant trigger [ Wrong scope for trigger: power_bloc, expected country ]
  Script location: common/coat_of_arms/template_lists/colored_emblem_lists.txt:1255

[18:58:16][jomini_script_system.cpp:247]: Script system error!
  Error: has_law_or_variant trigger [ Wrong scope for trigger: power_bloc, expected country ]
  Script location: common/coat_of_arms/template_lists/colored_emblem_lists.txt:1284

[18:58:16][jomini_script_system.cpp:247]: Script system error!
  Error: has_law_or_variant trigger [ Wrong scope for trigger: power_bloc, expected country ]
  Script location: common/coat_of_arms/template_lists/colored_emblem_lists.txt:1293

[18:58:16][jomini_script_system.cpp:247]: Script system error!
  Error: has_law_or_variant trigger [ Wrong scope for trigger: power_bloc, expected country ]
  Script location: common/coat_of_arms/template_lists/colored_emblem_lists.txt:1301

[18:58:16][jomini_script_system.cpp:247]: Script system error!
  Error: has_law_or_variant trigger [ Wrong scope for trigger: power_bloc, expected country ]
  Script location: common/scripted_triggers/00_coa_triggers.txt:82
common/coat_of_arms/template_lists/colored_emblem_lists.txt:1324

[18:58:16][jomini_script_system.cpp:247]: Script system error!
  Error: has_law_or_variant trigger [ Wrong scope for trigger: power_bloc, expected country ]
  Script location: common/scripted_triggers/00_coa_triggers.txt:41
common/coat_of_arms/template_lists/colored_emblem_lists.txt:1345
common/scripted_triggers/00_coa_triggers.txt:119
common/scripted_triggers/00_coa_triggers.txt:58

[18:58:16][jomini_script_system.cpp:247]: Script system error!
  Error: has_law_or_variant trigger [ Wrong scope for trigger: power_bloc, expected country ]
  Script location: common/scripted_triggers/00_coa_triggers.txt:42
common/coat_of_arms/template_lists/colored_emblem_lists.txt:1345
common/scripted_triggers/00_coa_triggers.txt:119
common/scripted_triggers/00_coa_triggers.txt:58

[18:58:16][jomini_script_system.cpp:247]: Script system error!
  Error: has_law_or_variant trigger [ Wrong scope for trigger: power_bloc, expected country ]
  Script location: common/scripted_triggers/00_coa_triggers.txt:43
common/coat_of_arms/template_lists/colored_emblem_lists.txt:1345
common/scripted_triggers/00_coa_triggers.txt:119
common/scripted_triggers/00_coa_triggers.txt:58

[18:58:16][jomini_script_system.cpp:247]: Script system error!
  Error: has_law_or_variant trigger [ Wrong scope for trigger: power_bloc, expected country ]
  Script location: common/scripted_triggers/00_coa_triggers.txt:44
common/coat_of_arms/template_lists/colored_emblem_lists.txt:1345
common/scripted_triggers/00_coa_triggers.txt:119
common/scripted_triggers/00_coa_triggers.txt:58

[18:58:16][jomini_script_system.cpp:247]: Script system error!
  Error: has_law_or_variant trigger [ Wrong scope for trigger: power_bloc, expected country ]
  Script location: common/scripted_triggers/00_coa_triggers.txt:41
common/coat_of_arms/template_lists/colored_emblem_lists.txt:1345
common/scripted_triggers/00_coa_triggers.txt:120
common/scripted_triggers/00_coa_triggers.txt:53

[18:58:16][jomini_script_system.cpp:247]: Script system error!
  Error: has_law_or_variant trigger [ Wrong scope for trigger: power_bloc, expected country ]
  Script location: common/scripted_triggers/00_coa_triggers.txt:42
common/coat_of_arms/template_lists/colored_emblem_lists.txt:1345
common/scripted_triggers/00_coa_triggers.txt:120
common/scripted_triggers/00_coa_triggers.txt:53

[18:58:16][jomini_script_system.cpp:247]: Script system error!
  Error: has_law_or_variant trigger [ Wrong scope for trigger: power_bloc, expected country ]
  Script location: common/scripted_triggers/00_coa_triggers.txt:43
common/coat_of_arms/template_lists/colored_emblem_lists.txt:1345
common/scripted_triggers/00_coa_triggers.txt:120
common/scripted_triggers/00_coa_triggers.txt:53

[18:58:16][jomini_script_system.cpp:247]: Script system error!
  Error: has_law_or_variant trigger [ Wrong scope for trigger: power_bloc, expected country ]
  Script location: common/scripted_triggers/00_coa_triggers.txt:44
common/coat_of_arms/template_lists/colored_emblem_lists.txt:1345
common/scripted_triggers/00_coa_triggers.txt:120
common/scripted_triggers/00_coa_triggers.txt:53

