[15:35:51][jomini_script_system.cpp:247]: Script system error!
  Error: power_bloc effect [ Wrong scope for effect: none, expected country ]
  Script location: common/history/power_blocs/00_power_blocs.txt:164

[15:35:51][jomini_script_system.cpp:247]: Script system error!
  Error: Event target link 'region_state' returned an invalid object
  Script location: common/history/buildings/05_north_america.txt:3

[15:35:51][jomini_script_system.cpp:247]: Script system error!
  Error: create_building effect [ Scoped object is not valid. Type: State NULL_STATE (x000000) ]
  Script location: common/history/buildings/05_north_america.txt:4

[15:35:51][jomini_script_system.cpp:247]: Script system error!
  Error: create_building effect [ Scoped object is not valid. Type: State NULL_STATE (x000000) ]
  Script location: common/history/buildings/05_north_america.txt:15

[15:35:51][jomini_script_system.cpp:247]: Script system error!
  Error: create_building effect [ Scoped object is not valid. Type: State NULL_STATE (x000000) ]
  Script location: common/history/buildings/05_north_america.txt:19

[15:35:51][jomini_script_system.cpp:247]: Script system error!
  Error: create_building effect [ Scoped object is not valid. Type: State NULL_STATE (x000000) ]
  Script location: common/history/buildings/05_north_america.txt:32

[15:35:51][jomini_script_system.cpp:247]: Script system error!
  Error: create_building effect [ Scoped object is not valid. Type: State NULL_STATE (x000000) ]
  Script location: common/history/buildings/05_north_america.txt:45

[15:35:51][jomini_script_system.cpp:247]: Script system error!
  Error: create_building effect [ Scoped object is not valid. Type: State NULL_STATE (x000000) ]
  Script location: common/history/buildings/05_north_america.txt:58

[15:35:51][jomini_script_system.cpp:247]: Script system error!
  Error: create_building effect [ Scoped object is not valid. Type: State NULL_STATE (x000000) ]
  Script location: common/history/buildings/05_north_america.txt:71

[15:35:51][jomini_script_system.cpp:247]: Script system error!
  Error: create_building effect [ Scoped object is not valid. Type: State NULL_STATE (x000000) ]
  Script location: common/history/buildings/05_north_america.txt:82

[15:35:51][jomini_script_system.cpp:247]: Script system error!
  Error: Event target link 'region_state' returned an invalid object
  Script location: common/history/buildings/05_north_america.txt:102

[15:35:51][jomini_script_system.cpp:247]: Script system error!
  Error: create_building effect [ Scoped object is not valid. Type: State NULL_STATE (x000000) ]
  Script location: common/history/buildings/05_north_america.txt:103

[15:35:51][jomini_script_system.cpp:247]: Script system error!
  Error: Event target link 'region_state' returned an invalid object
  Script location: common/history/buildings/05_north_america.txt:111

[15:35:51][jomini_script_system.cpp:247]: Script system error!
  Error: create_building effect [ Scoped object is not valid. Type: State NULL_STATE (x000000) ]
  Script location: common/history/buildings/05_north_america.txt:112

[15:35:51][jomini_script_system.cpp:247]: Script system error!
  Error: create_building effect [ Scoped object is not valid. Type: State NULL_STATE (x000000) ]
  Script location: common/history/buildings/05_north_america.txt:123

[15:35:51][jomini_script_system.cpp:247]: Script system error!
  Error: create_building effect [ Scoped object is not valid. Type: State NULL_STATE (x000000) ]
  Script location: common/history/buildings/05_north_america.txt:134

[15:35:51][jomini_script_system.cpp:247]: Script system error!
  Error: create_building effect [ Scoped object is not valid. Type: State NULL_STATE (x000000) ]
  Script location: common/history/buildings/05_north_america.txt:145

[15:35:51][jomini_script_system.cpp:247]: Script system error!
  Error: create_building effect [ Scoped object is not valid. Type: State NULL_STATE (x000000) ]
  Script location: common/history/buildings/05_north_america.txt:164

[15:35:51][jomini_script_system.cpp:247]: Script system error!
  Error: create_building effect [ Scoped object is not valid. Type: State NULL_STATE (x000000) ]
  Script location: common/history/buildings/05_north_america.txt:177

[15:35:51][jomini_script_system.cpp:247]: Script system error!
  Error: create_building effect [ Scoped object is not valid. Type: State NULL_STATE (x000000) ]
  Script location: common/history/buildings/05_north_america.txt:189

[15:35:51][jomini_script_system.cpp:247]: Script system error!
  Error: create_building effect [ Scoped object is not valid. Type: State NULL_STATE (x000000) ]
  Script location: common/history/buildings/05_north_america.txt:202

[15:35:51][jomini_script_system.cpp:247]: Script system error!
  Error: create_building effect [ Scoped object is not valid. Type: State NULL_STATE (x000000) ]
  Script location: common/history/buildings/05_north_america.txt:215

[15:35:51][jomini_script_system.cpp:247]: Script system error!
  Error: create_building effect [ Scoped object is not valid. Type: State NULL_STATE (x000000) ]
  Script location: common/history/buildings/05_north_america.txt:234

[15:35:51][jomini_script_system.cpp:247]: Script system error!
  Error: create_building effect [ Scoped object is not valid. Type: State NULL_STATE (x000000) ]
  Script location: common/history/buildings/05_north_america.txt:245

[15:35:51][jomini_script_system.cpp:247]: Script system error!
  Error: create_building effect [ Scoped object is not valid. Type: State NULL_STATE (x000000) ]
  Script location: common/history/buildings/05_north_america.txt:258

[15:35:51][jomini_script_system.cpp:247]: Script system error!
  Error: create_building effect [ Scoped object is not valid. Type: State NULL_STATE (x000000) ]
  Script location: common/history/buildings/05_north_america.txt:271

[15:35:51][jomini_script_system.cpp:247]: Script system error!
  Error: Event target link 'region_state' returned an invalid object
  Script location: common/history/buildings/05_north_america.txt:287

[15:35:51][jomini_script_system.cpp:247]: Script system error!
  Error: create_building effect [ Scoped object is not valid. Type: State NULL_STATE (x000000) ]
  Script location: common/history/buildings/05_north_america.txt:288

[15:35:51][jomini_script_system.cpp:247]: Script system error!
  Error: create_building effect [ Scoped object is not valid. Type: State NULL_STATE (x000000) ]
  Script location: common/history/buildings/05_north_america.txt:299

[15:35:51][jomini_script_system.cpp:247]: Script system error!
  Error: create_building effect [ Scoped object is not valid. Type: State NULL_STATE (x000000) ]
  Script location: common/history/buildings/05_north_america.txt:311

[15:35:51][jomini_script_system.cpp:247]: Script system error!
  Error: create_building effect [ Scoped object is not valid. Type: State NULL_STATE (x000000) ]
  Script location: common/history/buildings/05_north_america.txt:324

[15:35:51][jomini_script_system.cpp:247]: Script system error!
  Error: create_building effect [ Scoped object is not valid. Type: State NULL_STATE (x000000) ]
  Script location: common/history/buildings/05_north_america.txt:337

[15:35:51][jomini_script_system.cpp:247]: Script system error!
  Error: create_building effect [ Scoped object is not valid. Type: State NULL_STATE (x000000) ]
  Script location: common/history/buildings/05_north_america.txt:350

[15:35:51][jomini_script_system.cpp:247]: Script system error!
  Error: create_building effect [ Scoped object is not valid. Type: State NULL_STATE (x000000) ]
  Script location: common/history/buildings/05_north_america.txt:363

[15:35:51][jomini_script_system.cpp:247]: Script system error!
  Error: create_building effect [ Scoped object is not valid. Type: State NULL_STATE (x000000) ]
  Script location: common/history/buildings/05_north_america.txt:376

[15:35:51][jomini_script_system.cpp:247]: Script system error!
  Error: create_building effect [ Scoped object is not valid. Type: State NULL_STATE (x000000) ]
  Script location: common/history/buildings/05_north_america.txt:389

[15:35:51][jomini_script_system.cpp:247]: Script system error!
  Error: create_building effect [ Scoped object is not valid. Type: State NULL_STATE (x000000) ]
  Script location: common/history/buildings/05_north_america.txt:402

[15:35:51][jomini_script_system.cpp:247]: Script system error!
  Error: Failed to scope to country by tag 'BGL'
  Script location: common/history/buildings/10_india.txt:3

[15:35:51][jomini_script_system.cpp:247]: Script system error!
  Error: Event target link 'region_state' returned an unset scope
  Script location: common/history/buildings/10_india.txt:3

[15:35:51][jomini_script_system.cpp:247]: Script system error!
  Error: create_building effect [ Wrong scope for effect: none, expected state ]
  Script location: common/history/buildings/10_india.txt:4

[15:35:51][jomini_script_system.cpp:247]: Script system error!
  Error: create_building effect [ Wrong scope for effect: none, expected state ]
  Script location: common/history/buildings/10_india.txt:15

[15:35:51][jomini_script_system.cpp:247]: Script system error!
  Error: create_building effect [ Wrong scope for effect: none, expected state ]
  Script location: common/history/buildings/10_india.txt:26

[15:35:51][jomini_script_system.cpp:247]: Script system error!
  Error: create_building effect [ Wrong scope for effect: none, expected state ]
  Script location: common/history/buildings/10_india.txt:39

[15:35:51][jomini_script_system.cpp:247]: Script system error!
  Error: create_building effect [ Wrong scope for effect: none, expected state ]
  Script location: common/history/buildings/10_india.txt:52

[15:35:51][jomini_script_system.cpp:247]: Script system error!
  Error: create_building effect [ Wrong scope for effect: none, expected state ]
  Script location: common/history/buildings/10_india.txt:65

[15:35:51][jomini_script_system.cpp:247]: Script system error!
  Error: create_building effect [ Wrong scope for effect: none, expected state ]
  Script location: common/history/buildings/10_india.txt:78

[15:35:51][jomini_script_system.cpp:247]: Script system error!
  Error: create_building effect [ Wrong scope for effect: none, expected state ]
  Script location: common/history/buildings/10_india.txt:91

[15:35:51][jomini_script_system.cpp:247]: Script system error!
  Error: Failed to scope to country by tag 'BGL'
  Script location: common/history/buildings/10_india.txt:107

[15:35:51][jomini_script_system.cpp:247]: Script system error!
  Error: Event target link 'region_state' returned an unset scope
  Script location: common/history/buildings/10_india.txt:107

[15:35:51][jomini_script_system.cpp:247]: Script system error!
  Error: create_building effect [ Wrong scope for effect: none, expected state ]
  Script location: common/history/buildings/10_india.txt:108

[15:35:51][jomini_script_system.cpp:247]: Script system error!
  Error: create_building effect [ Wrong scope for effect: none, expected state ]
  Script location: common/history/buildings/10_india.txt:119

[15:35:51][jomini_script_system.cpp:247]: Script system error!
  Error: create_building effect [ Wrong scope for effect: none, expected state ]
  Script location: common/history/buildings/10_india.txt:138

[15:35:51][jomini_script_system.cpp:247]: Script system error!
  Error: create_building effect [ Wrong scope for effect: none, expected state ]
  Script location: common/history/buildings/10_india.txt:149

[15:35:51][jomini_script_system.cpp:247]: Script system error!
  Error: create_building effect [ Wrong scope for effect: none, expected state ]
  Script location: common/history/buildings/10_india.txt:162

[15:35:51][jomini_script_system.cpp:247]: Script system error!
  Error: create_building effect [ Wrong scope for effect: none, expected state ]
  Script location: common/history/buildings/10_india.txt:175

[15:35:51][jomini_script_system.cpp:247]: Script system error!
  Error: create_building effect [ Wrong scope for effect: none, expected state ]
  Script location: common/history/buildings/10_india.txt:188

[15:35:51][jomini_script_system.cpp:247]: Script system error!
  Error: create_building effect [ Wrong scope for effect: none, expected state ]
  Script location: common/history/buildings/10_india.txt:207

[15:35:51][jomini_script_system.cpp:247]: Script system error!
  Error: create_building effect [ Wrong scope for effect: none, expected state ]
  Script location: common/history/buildings/10_india.txt:226

[15:35:51][jomini_script_system.cpp:247]: Script system error!
  Error: create_building effect [ Wrong scope for effect: none, expected state ]
  Script location: common/history/buildings/10_india.txt:245

[15:35:51][jomini_script_system.cpp:247]: Script system error!
  Error: create_building effect [ Wrong scope for effect: none, expected state ]
  Script location: common/history/buildings/10_india.txt:256

[15:35:51][jomini_script_system.cpp:247]: Script system error!
  Error: create_building effect [ Wrong scope for effect: none, expected state ]
  Script location: common/history/buildings/10_india.txt:269

[15:35:51][jomini_script_system.cpp:247]: Script system error!
  Error: create_building effect [ Wrong scope for effect: none, expected state ]
  Script location: common/history/buildings/10_india.txt:282

[15:35:51][jomini_script_system.cpp:247]: Script system error!
  Error: create_building effect [ Wrong scope for effect: none, expected state ]
  Script location: common/history/buildings/10_india.txt:295

[15:35:51][jomini_script_system.cpp:247]: Script system error!
  Error: create_building effect [ Wrong scope for effect: none, expected state ]
  Script location: common/history/buildings/10_india.txt:314

[15:35:51][jomini_script_system.cpp:247]: Script system error!
  Error: create_building effect [ Wrong scope for effect: none, expected state ]
  Script location: common/history/buildings/10_india.txt:327

[15:35:51][jomini_script_system.cpp:247]: Script system error!
  Error: create_building effect [ Wrong scope for effect: none, expected state ]
  Script location: common/history/buildings/10_india.txt:346

[15:35:51][jomini_script_system.cpp:247]: Script system error!
  Error: create_building effect [ Wrong scope for effect: none, expected state ]
  Script location: common/history/buildings/10_india.txt:359

[15:35:51][jomini_script_system.cpp:247]: Script system error!
  Error: Failed to scope to country by tag 'BGL'
  Script location: common/history/buildings/10_india.txt:373

[15:35:51][jomini_script_system.cpp:247]: Script system error!
  Error: Event target link 'region_state' returned an unset scope
  Script location: common/history/buildings/10_india.txt:373

[15:35:51][jomini_script_system.cpp:247]: Script system error!
  Error: create_building effect [ Wrong scope for effect: none, expected state ]
  Script location: common/history/buildings/10_india.txt:374

[15:35:51][jomini_script_system.cpp:247]: Script system error!
  Error: create_building effect [ Wrong scope for effect: none, expected state ]
  Script location: common/history/buildings/10_india.txt:385

[15:35:51][jomini_script_system.cpp:247]: Script system error!
  Error: create_building effect [ Wrong scope for effect: none, expected state ]
  Script location: common/history/buildings/10_india.txt:398

[15:35:51][jomini_script_system.cpp:247]: Script system error!
  Error: create_building effect [ Wrong scope for effect: none, expected state ]
  Script location: common/history/buildings/10_india.txt:411

[15:35:51][jomini_script_system.cpp:247]: Script system error!
  Error: create_building effect [ Wrong scope for effect: none, expected state ]
  Script location: common/history/buildings/10_india.txt:424

[15:35:51][jomini_script_system.cpp:247]: Script system error!
  Error: create_building effect [ Wrong scope for effect: none, expected state ]
  Script location: common/history/buildings/10_india.txt:437

[15:35:51][jomini_script_system.cpp:247]: Script system error!
  Error: create_building effect [ Wrong scope for effect: none, expected state ]
  Script location: common/history/buildings/10_india.txt:456

[15:35:51][jomini_script_system.cpp:247]: Script system error!
  Error: create_building effect [ Wrong scope for effect: none, expected state ]
  Script location: common/history/buildings/10_india.txt:469

[15:35:51][jomini_script_system.cpp:247]: Script system error!
  Error: Failed to scope to country by tag 'DLH'
  Script location: common/history/buildings/10_india.txt:567

[15:35:51][jomini_script_system.cpp:247]: Script system error!
  Error: Event target link 'region_state' returned an unset scope
  Script location: common/history/buildings/10_india.txt:567

[15:35:51][jomini_script_system.cpp:247]: Script system error!
  Error: create_building effect [ Wrong scope for effect: none, expected state ]
  Script location: common/history/buildings/10_india.txt:568

[15:35:51][jomini_script_system.cpp:247]: Script system error!
  Error: create_building effect [ Wrong scope for effect: none, expected state ]
  Script location: common/history/buildings/10_india.txt:579

[15:35:51][jomini_script_system.cpp:247]: Script system error!
  Error: create_building effect [ Wrong scope for effect: none, expected state ]
  Script location: common/history/buildings/10_india.txt:592

[15:35:51][jomini_script_system.cpp:247]: Script system error!
  Error: create_building effect [ Wrong scope for effect: none, expected state ]
  Script location: common/history/buildings/10_india.txt:605

[15:35:51][jomini_script_system.cpp:247]: Script system error!
  Error: create_building effect [ Wrong scope for effect: none, expected state ]
  Script location: common/history/buildings/10_india.txt:618

[15:35:51][jomini_script_system.cpp:247]: Script system error!
  Error: create_building effect [ Wrong scope for effect: none, expected state ]
  Script location: common/history/buildings/10_india.txt:631

[15:35:51][jomini_script_system.cpp:247]: Script system error!
  Error: create_building effect [ Wrong scope for effect: none, expected state ]
  Script location: common/history/buildings/10_india.txt:642

[15:35:51][jomini_script_system.cpp:247]: Script system error!
  Error: Failed to scope to country by tag 'DLH'
  Script location: common/history/buildings/10_india.txt:723

[15:35:51][jomini_script_system.cpp:247]: Script system error!
  Error: Event target link 'region_state' returned an unset scope
  Script location: common/history/buildings/10_india.txt:723

[15:35:51][jomini_script_system.cpp:247]: Script system error!
  Error: create_building effect [ Wrong scope for effect: none, expected state ]
  Script location: common/history/buildings/10_india.txt:724

[15:35:51][jomini_script_system.cpp:247]: Script system error!
  Error: create_building effect [ Wrong scope for effect: none, expected state ]
  Script location: common/history/buildings/10_india.txt:737

[15:35:51][jomini_script_system.cpp:247]: Script system error!
  Error: Failed to scope to country by tag 'DLH'
  Script location: common/history/buildings/10_india.txt:753

[15:35:51][jomini_script_system.cpp:247]: Script system error!
  Error: Event target link 'region_state' returned an unset scope
  Script location: common/history/buildings/10_india.txt:753

[15:35:51][jomini_script_system.cpp:247]: Script system error!
  Error: create_building effect [ Wrong scope for effect: none, expected state ]
  Script location: common/history/buildings/10_india.txt:754

[15:35:51][jomini_script_system.cpp:247]: Script system error!
  Error: create_building effect [ Wrong scope for effect: none, expected state ]
  Script location: common/history/buildings/10_india.txt:758

[15:35:51][jomini_script_system.cpp:247]: Script system error!
  Error: create_building effect [ Wrong scope for effect: none, expected state ]
  Script location: common/history/buildings/10_india.txt:771

[15:35:51][jomini_script_system.cpp:247]: Script system error!
  Error: create_building effect [ Wrong scope for effect: none, expected state ]
  Script location: common/history/buildings/10_india.txt:782

[15:35:51][jomini_script_system.cpp:247]: Script system error!
  Error: create_building effect [ Wrong scope for effect: none, expected state ]
  Script location: common/history/buildings/10_india.txt:795

[15:35:51][jomini_script_system.cpp:247]: Script system error!
  Error: create_building effect [ Wrong scope for effect: none, expected state ]
  Script location: common/history/buildings/10_india.txt:814

[15:35:51][jomini_script_system.cpp:247]: Script system error!
  Error: create_building effect [ Wrong scope for effect: none, expected state ]
  Script location: common/history/buildings/10_india.txt:833

[15:35:51][jomini_script_system.cpp:247]: Script system error!
  Error: create_building effect [ Wrong scope for effect: none, expected state ]
  Script location: common/history/buildings/10_india.txt:846

[15:35:51][jomini_script_system.cpp:247]: Script system error!
  Error: create_building effect [ Wrong scope for effect: none, expected state ]
  Script location: common/history/buildings/10_india.txt:859

[15:35:51][jomini_script_system.cpp:247]: Script system error!
  Error: create_building effect [ Wrong scope for effect: none, expected state ]
  Script location: common/history/buildings/10_india.txt:872

[15:35:51][jomini_script_system.cpp:247]: Script system error!
  Error: create_building effect [ Wrong scope for effect: none, expected state ]
  Script location: common/history/buildings/10_india.txt:883

[15:35:51][jomini_script_system.cpp:247]: Script system error!
  Error: create_building effect [ Wrong scope for effect: none, expected state ]
  Script location: common/history/buildings/10_india.txt:896

[15:35:51][jomini_script_system.cpp:247]: Script system error!
  Error: Failed to scope to country by tag 'DLH'
  Script location: common/history/buildings/10_india.txt:1033

[15:35:51][jomini_script_system.cpp:247]: Script system error!
  Error: Event target link 'region_state' returned an unset scope
  Script location: common/history/buildings/10_india.txt:1033

[15:35:51][jomini_script_system.cpp:247]: Script system error!
  Error: create_building effect [ Wrong scope for effect: none, expected state ]
  Script location: common/history/buildings/10_india.txt:1034

[15:35:51][jomini_script_system.cpp:247]: Script system error!
  Error: Failed to scope to country by tag 'PEC'
  Script location: common/history/buildings/10_india.txt:1255

[15:35:51][jomini_script_system.cpp:247]: Script system error!
  Error: Event target link 'region_state' returned an unset scope
  Script location: common/history/buildings/10_india.txt:1255

[15:35:51][jomini_script_system.cpp:247]: Script system error!
  Error: Failed to scope to country by tag 'DLH'
  Script location: common/history/buildings/10_india.txt:1373

[15:35:51][jomini_script_system.cpp:247]: Script system error!
  Error: Event target link 'region_state' returned an unset scope
  Script location: common/history/buildings/10_india.txt:1373

[15:35:51][jomini_script_system.cpp:247]: Script system error!
  Error: create_building effect [ Wrong scope for effect: none, expected state ]
  Script location: common/history/buildings/10_india.txt:1374

[15:35:51][jomini_script_system.cpp:247]: Script system error!
  Error: create_building effect [ Wrong scope for effect: none, expected state ]
  Script location: common/history/buildings/10_india.txt:1387

[15:35:51][jomini_script_system.cpp:247]: Script system error!
  Error: create_building effect [ Wrong scope for effect: none, expected state ]
  Script location: common/history/buildings/10_india.txt:1400

[15:35:51][jomini_script_system.cpp:247]: Script system error!
  Error: Failed to scope to country by tag 'PEC'
  Script location: common/history/buildings/10_india.txt:1416

[15:35:51][jomini_script_system.cpp:247]: Script system error!
  Error: Event target link 'region_state' returned an unset scope
  Script location: common/history/buildings/10_india.txt:1416

[15:35:51][jomini_script_system.cpp:247]: Script system error!
  Error: create_building effect [ Wrong scope for effect: none, expected state ]
  Script location: common/history/buildings/10_india.txt:1417

[15:35:51][jomini_script_system.cpp:247]: Script system error!
  Error: create_building effect [ Wrong scope for effect: none, expected state ]
  Script location: common/history/buildings/10_india.txt:1430

[15:35:51][jomini_script_system.cpp:247]: Script system error!
  Error: create_building effect [ Wrong scope for effect: none, expected state ]
  Script location: common/history/buildings/10_india.txt:1443

[15:35:51][jomini_script_system.cpp:247]: Script system error!
  Error: create_building effect [ Wrong scope for effect: none, expected state ]
  Script location: common/history/buildings/10_india.txt:1454

[15:35:51][jomini_script_system.cpp:247]: Script system error!
  Error: create_building effect [ Wrong scope for effect: none, expected state ]
  Script location: common/history/buildings/10_india.txt:1478

[15:35:51][jomini_script_system.cpp:247]: Script system error!
  Error: Failed to scope to country by tag 'PEC'
  Script location: common/history/buildings/10_india.txt:1507

[15:35:51][jomini_script_system.cpp:247]: Script system error!
  Error: Event target link 'region_state' returned an unset scope
  Script location: common/history/buildings/10_india.txt:1507

[15:35:51][jomini_script_system.cpp:247]: Script system error!
  Error: Event target link 'region_state' returned an invalid object
  Script location: common/history/buildings/10_india.txt:1513

[15:35:51][jomini_script_system.cpp:247]: Script system error!
  Error: create_building effect [ Scoped object is not valid. Type: State NULL_STATE (x000000) ]
  Script location: common/history/buildings/10_india.txt:1514

[15:35:51][jomini_script_system.cpp:247]: Script system error!
  Error: create_building effect [ Scoped object is not valid. Type: State NULL_STATE (x000000) ]
  Script location: common/history/buildings/10_india.txt:1527

[15:35:51][jomini_script_system.cpp:247]: Script system error!
  Error: create_building effect [ Scoped object is not valid. Type: State NULL_STATE (x000000) ]
  Script location: common/history/buildings/10_india.txt:1546

[15:35:51][jomini_script_system.cpp:247]: Script system error!
  Error: create_building effect [ Scoped object is not valid. Type: State NULL_STATE (x000000) ]
  Script location: common/history/buildings/10_india.txt:1559

[15:35:51][jomini_script_system.cpp:247]: Script system error!
  Error: create_building effect [ Scoped object is not valid. Type: State NULL_STATE (x000000) ]
  Script location: common/history/buildings/10_india.txt:1572

[15:35:51][jomini_script_system.cpp:247]: Script system error!
  Error: Event target link 'region_state' returned an invalid object
  Script location: common/history/buildings/10_india.txt:1679

[15:35:51][jomini_script_system.cpp:247]: Script system error!
  Error: create_building effect [ Scoped object is not valid. Type: State NULL_STATE (x000000) ]
  Script location: common/history/buildings/10_india.txt:1680

[15:35:51][jomini_script_system.cpp:247]: Script system error!
  Error: create_building effect [ Scoped object is not valid. Type: State NULL_STATE (x000000) ]
  Script location: common/history/buildings/10_india.txt:1691

[15:35:51][jomini_script_system.cpp:247]: Script system error!
  Error: create_building effect [ Scoped object is not valid. Type: State NULL_STATE (x000000) ]
  Script location: common/history/buildings/10_india.txt:1704

[15:35:51][jomini_script_system.cpp:247]: Script system error!
  Error: create_building effect [ Scoped object is not valid. Type: State NULL_STATE (x000000) ]
  Script location: common/history/buildings/10_india.txt:1717

[15:35:51][jomini_script_system.cpp:247]: Script system error!
  Error: Failed to scope to country by tag 'ORI'
  Script location: common/history/buildings/10_india.txt:1746

[15:35:51][jomini_script_system.cpp:247]: Script system error!
  Error: Event target link 'region_state' returned an unset scope
  Script location: common/history/buildings/10_india.txt:1746

[15:35:51][jomini_script_system.cpp:247]: Script system error!
  Error: create_building effect [ Wrong scope for effect: none, expected state ]
  Script location: common/history/buildings/10_india.txt:1747

[15:35:51][jomini_script_system.cpp:247]: Script system error!
  Error: create_building effect [ Wrong scope for effect: none, expected state ]
  Script location: common/history/buildings/10_india.txt:1760

[15:35:51][jomini_script_system.cpp:247]: Script system error!
  Error: create_building effect [ Wrong scope for effect: none, expected state ]
  Script location: common/history/buildings/10_india.txt:1773

[15:35:51][jomini_script_system.cpp:247]: Script system error!
  Error: create_building effect [ Wrong scope for effect: none, expected state ]
  Script location: common/history/buildings/10_india.txt:1784

[15:35:51][jomini_script_system.cpp:247]: Script system error!
  Error: Event target link 'region_state' returned an invalid object
  Script location: common/history/buildings/10_india.txt:1815

[15:35:51][jomini_script_system.cpp:247]: Script system error!
  Error: Failed to scope to country by tag 'ORI'
  Script location: common/history/buildings/10_india.txt:1817

[15:35:51][jomini_script_system.cpp:247]: Script system error!
  Error: Event target link 'region_state' returned an unset scope
  Script location: common/history/buildings/10_india.txt:1817

[15:35:51][jomini_script_system.cpp:247]: Script system error!
  Error: Failed to scope to country by tag 'DLH'
  Script location: common/history/buildings/10_india.txt:1895

[15:35:51][jomini_script_system.cpp:247]: Script system error!
  Error: Event target link 'region_state' returned an unset scope
  Script location: common/history/buildings/10_india.txt:1895

[15:35:51][jomini_script_system.cpp:247]: Script system error!
  Error: create_building effect [ Wrong scope for effect: none, expected state ]
  Script location: common/history/buildings/10_india.txt:1896

[15:35:51][jomini_script_system.cpp:247]: Script system error!
  Error: create_building effect [ Wrong scope for effect: none, expected state ]
  Script location: common/history/buildings/10_india.txt:1909

[15:35:51][jomini_script_system.cpp:247]: Script system error!
  Error: create_building effect [ Wrong scope for effect: none, expected state ]
  Script location: common/history/buildings/10_india.txt:1920

[15:35:51][jomini_script_system.cpp:247]: Script system error!
  Error: Event target link 'region_state' returned an invalid object
  Script location: common/history/buildings/10_india.txt:1966

[15:35:51][jomini_script_system.cpp:247]: Script system error!
  Error: create_building effect [ Scoped object is not valid. Type: State NULL_STATE (x000000) ]
  Script location: common/history/buildings/10_india.txt:1967

[15:35:51][jomini_script_system.cpp:247]: Script system error!
  Error: create_building effect [ Scoped object is not valid. Type: State NULL_STATE (x000000) ]
  Script location: common/history/buildings/10_india.txt:1978

[15:35:51][jomini_script_system.cpp:247]: Script system error!
  Error: Event target link 'region_state' returned an invalid object
  Script location: common/history/buildings/10_india.txt:2018

[15:35:51][jomini_script_system.cpp:247]: Script system error!
  Error: create_building effect [ Scoped object is not valid. Type: State NULL_STATE (x000000) ]
  Script location: common/history/buildings/10_india.txt:2019

[15:35:51][jomini_script_system.cpp:247]: Script system error!
  Error: create_building effect [ Scoped object is not valid. Type: State NULL_STATE (x000000) ]
  Script location: common/history/buildings/10_india.txt:2032

[15:35:51][jomini_script_system.cpp:247]: Script system error!
  Error: Event target link 'region_state' returned an invalid object
  Script location: common/history/buildings/10_india.txt:2048

[15:35:51][jomini_script_system.cpp:247]: Script system error!
  Error: create_building effect [ Scoped object is not valid. Type: State NULL_STATE (x000000) ]
  Script location: common/history/buildings/10_india.txt:2049

[15:35:51][jomini_script_system.cpp:247]: Script system error!
  Error: create_building effect [ Invalid state in STATE_BOMBAY for  for building ownership ]
  Script location: common/history/buildings/10_india.txt:2077

[15:35:51][jomini_script_system.cpp:247]: Script system error!
  Error: create_building effect [ Invalid state in STATE_BOMBAY for  for building ownership ]
  Script location: common/history/buildings/10_india.txt:2101

[15:35:51][jomini_script_system.cpp:247]: Script system error!
  Error: create_building effect [ Invalid state in STATE_BOMBAY for  for building ownership ]
  Script location: common/history/buildings/10_india.txt:2114

[15:35:51][jomini_script_system.cpp:247]: Script system error!
  Error: create_building effect [ Invalid state in STATE_BOMBAY for  for building ownership ]
  Script location: common/history/buildings/10_india.txt:2127

[15:35:51][jomini_script_system.cpp:247]: Script system error!
  Error: Failed to scope to country by tag 'DLH'
  Script location: common/history/buildings/10_india.txt:2195

[15:35:51][jomini_script_system.cpp:247]: Script system error!
  Error: Event target link 'region_state' returned an unset scope
  Script location: common/history/buildings/10_india.txt:2195

[15:35:51][jomini_script_system.cpp:247]: Script system error!
  Error: create_building effect [ Wrong scope for effect: none, expected state ]
  Script location: common/history/buildings/10_india.txt:2196

[15:35:51][jomini_script_system.cpp:247]: Script system error!
  Error: create_building effect [ Wrong scope for effect: none, expected state ]
  Script location: common/history/buildings/10_india.txt:2207

[15:35:51][jomini_script_system.cpp:247]: Script system error!
  Error: create_building effect [ Wrong scope for effect: none, expected state ]
  Script location: common/history/buildings/10_india.txt:2228

[15:35:51][jomini_script_system.cpp:247]: Script system error!
  Error: create_building effect [ Wrong scope for effect: none, expected state ]
  Script location: common/history/buildings/10_india.txt:2241

[15:35:51][jomini_script_system.cpp:247]: Script system error!
  Error: create_building effect [ Wrong scope for effect: none, expected state ]
  Script location: common/history/buildings/10_india.txt:2252

[15:35:51][jomini_script_system.cpp:247]: Script system error!
  Error: create_building effect [ Wrong scope for effect: none, expected state ]
  Script location: common/history/buildings/10_india.txt:2265

[15:35:51][jomini_script_system.cpp:247]: Script system error!
  Error: create_building effect [ Wrong scope for effect: none, expected state ]
  Script location: common/history/buildings/10_india.txt:2278

[15:35:51][jomini_script_system.cpp:247]: Script system error!
  Error: create_building effect [ Wrong scope for effect: none, expected state ]
  Script location: common/history/buildings/10_india.txt:2291

[15:35:51][jomini_script_system.cpp:247]: Script system error!
  Error: create_building effect [ Wrong scope for effect: none, expected state ]
  Script location: common/history/buildings/10_india.txt:2302

[15:35:51][jomini_script_system.cpp:247]: Script system error!
  Error: create_building effect [ Wrong scope for effect: none, expected state ]
  Script location: common/history/buildings/10_india.txt:2315

[15:35:51][jomini_script_system.cpp:247]: Script system error!
  Error: create_building effect [ Wrong scope for effect: none, expected state ]
  Script location: common/history/buildings/10_india.txt:2326

[15:35:51][jomini_script_system.cpp:247]: Script system error!
  Error: create_building effect [ Wrong scope for effect: none, expected state ]
  Script location: common/history/buildings/10_india.txt:2337

[15:35:51][jomini_script_system.cpp:247]: Script system error!
  Error: create_building effect [ Wrong scope for effect: none, expected state ]
  Script location: common/history/buildings/10_india.txt:2350

[15:35:51][jomini_script_system.cpp:247]: Script system error!
  Error: create_building effect [ Wrong scope for effect: none, expected state ]
  Script location: common/history/buildings/10_india.txt:2361

[15:35:51][jomini_script_system.cpp:247]: Script system error!
  Error: Event target link 'region_state' returned an invalid object
  Script location: common/history/buildings/12_indonesia.txt:96

[15:35:51][jomini_script_system.cpp:247]: Script system error!
  Error: Event target link 'region_state' returned an invalid object
  Script location: common/history/buildings/12_indonesia.txt:98

[15:35:51][jomini_script_system.cpp:247]: Script system error!
  Error: create_building effect [ Scoped object is not valid. Type: State NULL_STATE (x000000) ]
  Script location: common/history/buildings/12_indonesia.txt:99

[15:35:51][jomini_script_system.cpp:247]: Script system error!
  Error: create_building effect [ Scoped object is not valid. Type: State NULL_STATE (x000000) ]
  Script location: common/history/buildings/12_indonesia.txt:112

[15:35:51][jomini_script_system.cpp:247]: Script system error!
  Error: create_building effect [ Scoped object is not valid. Type: State NULL_STATE (x000000) ]
  Script location: common/history/buildings/12_indonesia.txt:125

[15:35:51][jomini_script_system.cpp:247]: Script system error!
  Error: Event target link 'region_state' returned an invalid object
  Script location: common/history/buildings/china.txt:1016

[15:35:51][jomini_script_system.cpp:247]: Script system error!
  Error: create_building effect [ Scoped object is not valid. Type: State NULL_STATE (x000000) ]
  Script location: common/history/buildings/china.txt:1017

[15:35:51][jomini_script_system.cpp:247]: Script system error!
  Error: Event target link 'region_state' returned an invalid object
  Script location: common/history/buildings/sinoesfera.txt:774

[15:35:51][jomini_script_system.cpp:247]: Script system error!
  Error: create_building effect [ Scoped object is not valid. Type: State NULL_STATE (x000000) ]
  Script location: common/history/buildings/sinoesfera.txt:775

[15:35:51][jomini_script_system.cpp:247]: Script system error!
  Error: create_building effect [ Scoped object is not valid. Type: State NULL_STATE (x000000) ]
  Script location: common/history/buildings/sinoesfera.txt:788

[15:35:51][jomini_script_system.cpp:247]: Script system error!
  Error: Event target link 'region_state' returned an invalid object
  Script location: common/history/buildings/sinoesfera.txt:874

[15:35:51][jomini_script_system.cpp:247]: Script system error!
  Error: create_building effect [ Scoped object is not valid. Type: State NULL_STATE (x000000) ]
  Script location: common/history/buildings/sinoesfera.txt:875

[15:35:51][character_templates_utils.cpp:34]: Invalid Culture scope when creating Character in common/history/military_formations/04_military_formations_middle_east.txt:34
[15:35:51][jomini_script_system.cpp:247]: Script system error!
  Error: Undefined event target 'lutfi_gen'
  Script location: common/history/military_formations/04_military_formations_middle_east.txt:54

[15:35:51][jomini_script_system.cpp:247]: Script system error!
  Error: Event target link 'scope' returned an unset scope
  Script location: common/history/military_formations/04_military_formations_middle_east.txt:54

[15:35:51][jomini_script_system.cpp:247]: Script system error!
  Error: transfer_to_formation effect [ Wrong scope for effect: none, expected character ]
  Script location: common/history/military_formations/04_military_formations_middle_east.txt:55

[15:35:51][jomini_script_system.cpp:247]: Script system error!
  Error: create_military_formation effect [ Chitral does not have state in STATE_KABUL ]
  Script location: common/history/military_formations/04_military_formations_middle_east.txt:448

[15:35:51][jomini_script_system.cpp:247]: Script system error!
  Error: create_military_formation effect [ Hyderabad does not have state in STATE_CIRCARS ]
  Script location: common/history/military_formations/05_military_formations_india.txt:111

[15:35:51][jomini_script_system.cpp:247]: Script system error!
  Error: create_military_formation effect [ Hyderabad does not have state in STATE_CIRCARS ]
  Script location: common/history/military_formations/05_military_formations_india.txt:111

[15:35:51][jomini_script_system.cpp:247]: Script system error!
  Error: create_military_formation effect [ Shewa does not have state in STATE_AMHARA ]
  Script location: common/history/military_formations/military_formations_ethiopia.txt:4

[15:35:51][jomini_script_system.cpp:247]: Script system error!
  Error: create_military_formation effect [ Shewa does not have state in STATE_AMHARA ]
  Script location: common/history/military_formations/military_formations_ethiopia.txt:4

[15:35:51][character_templates_utils.cpp:34]: Invalid Culture scope when creating Character in common/history/military_formations/military_formations_ethiopia.txt:27
[15:35:51][jomini_script_system.cpp:247]: Script system error!
  Error: Undefined event target 'shewa_ethi_gen'
  Script location: common/history/military_formations/military_formations_ethiopia.txt:49

[15:35:51][jomini_script_system.cpp:247]: Script system error!
  Error: Event target link 'scope' returned an unset scope
  Script location: common/history/military_formations/military_formations_ethiopia.txt:49

[15:35:51][jomini_script_system.cpp:247]: Script system error!
  Error: transfer_to_formation effect [ Wrong scope for effect: none, expected character ]
  Script location: common/history/military_formations/military_formations_ethiopia.txt:50

[15:35:52][jomini_script_system.cpp:247]: Script system error!
  Error: create_treaty effect [ Refusing to create a treaty with invalid creation options: red_cross! A treaty must have a valid _SecondCountry ]
  Script location: common/history/treaties/00_historical_treaties.txt:503

[15:35:52][jomini_script_system.cpp:247]: Script system error!
  Error: create_treaty effect [ Refusing to create a treaty with invalid creation options: red_cross! A treaty must have a valid _SecondCountry ]
  Script location: common/history/treaties/india_treaties.txt:4

[15:35:52][jomini_script_system.cpp:247]: Script system error!
  Error: create_treaty effect [ Refusing to create a treaty with invalid creation options: red_cross! A treaty must have a valid _SecondCountry ]
  Script location: common/history/treaties/india_treaties.txt:56

[15:35:52][jomini_script_system.cpp:247]: Script system error!
  Error: create_treaty effect [ Refusing to create a treaty with invalid creation options: red_cross! A treaty must have a valid _SecondCountry ]
  Script location: common/history/treaties/india_treaties.txt:114

[15:35:55][country.cpp:10573]: The ruler of Ceylon is scripted to be Robert Wilmot-Horton but that character leads the interest group of Landowners that they belong to, which is not allowed under Dictatorial/Hereditary
[15:35:55][state.cpp:6887]: State Madhya Pradesh has building type Dye Plantations which it cannot support, it will be removed.
[15:35:55][state.cpp:6887]: State Bastar has building type Dye Plantations which it cannot support, it will be removed.
[15:35:56][initializefrombookmark.cpp:1373]: Historical diplomatic pact embargo between TUR and MON cannot be maintained and will break soon
[15:35:56][country_law_manager.cpp:444]: Country dyn_c_grand_duchy_of_finland is not permitted to retain law Tenant Farmers, fix this or consider Homesteading instead
[15:35:56][country_law_manager.cpp:444]: Country dyn_c_hanover is not permitted to retain law No Colonial Affairs, fix this or consider Colonial Resettlement instead
[15:35:56][country_law_manager.cpp:444]: Country ION is not permitted to retain law No Colonial Affairs, fix this or consider Colonial Resettlement instead
[15:35:56][country_law_manager.cpp:444]: Country dyn_c_lower_canada is not permitted to retain law No Colonial Affairs, fix this or consider Colonial Resettlement instead
[15:35:56][country_law_manager.cpp:444]: Country dyn_c_upper_canada is not permitted to retain law No Colonial Affairs, fix this or consider Colonial Resettlement instead
[15:35:56][country_law_manager.cpp:444]: Country NBS is not permitted to retain law No Colonial Affairs, fix this or consider Colonial Resettlement instead
[15:35:56][country_law_manager.cpp:444]: Country NVS is not permitted to retain law No Colonial Affairs, fix this or consider Colonial Resettlement instead
[15:35:56][country_law_manager.cpp:444]: Country dyn_c_baltic_governorate is not permitted to retain law Tenant Farmers, fix this or consider Homesteading instead
[15:35:56][country_law_manager.cpp:444]: Country dyn_c_east_india_company is not permitted to retain law No Colonial Affairs, fix this or consider Frontier Colonization instead
[15:35:56][country_law_manager.cpp:444]: Country KZH is not permitted to retain law Subjecthood, fix this or consider National Supremacy instead
[15:35:56][country_law_manager.cpp:444]: Country KZH is not permitted to retain law Hereditary Bureaucrats, fix this or consider Appointed Bureaucrats instead
[15:35:56][country_law_manager.cpp:444]: Country KZH is not permitted to retain law Serfdom, fix this or consider Homesteading instead
[15:35:56][country_law_manager.cpp:444]: Country KZH is not permitted to retain law Right of Assembly, fix this or consider Glasnost instead
[15:35:56][country_law_manager.cpp:444]: Country UZH is not permitted to retain law Subjecthood, fix this or consider National Supremacy instead
[15:35:56][country_law_manager.cpp:444]: Country UZH is not permitted to retain law Hereditary Bureaucrats, fix this or consider Appointed Bureaucrats instead
[15:35:56][country_law_manager.cpp:444]: Country UZH is not permitted to retain law Serfdom, fix this or consider Homesteading instead
[15:35:56][country_law_manager.cpp:444]: Country UZH is not permitted to retain law Right of Assembly, fix this or consider Glasnost instead
[15:35:56][country_law_manager.cpp:444]: Country OZH is not permitted to retain law Subjecthood, fix this or consider National Supremacy instead
[15:35:56][country_law_manager.cpp:444]: Country OZH is not permitted to retain law Hereditary Bureaucrats, fix this or consider Appointed Bureaucrats instead
[15:35:56][country_law_manager.cpp:444]: Country OZH is not permitted to retain law Serfdom, fix this or consider Homesteading instead
[15:35:56][country_law_manager.cpp:444]: Country OZH is not permitted to retain law Right of Assembly, fix this or consider Glasnost instead
[15:35:56][country_law_manager.cpp:444]: Country BHW is not permitted to retain law Mercantilism, fix this or consider Isolationism instead
[15:35:56][country_law_manager.cpp:444]: Country BHW is not permitted to retain law Outlawed Dissent, fix this or consider Right of Assembly instead
[15:35:56][country_law_manager.cpp:444]: Country KAF is not permitted to retain law Mercantilism, fix this or consider Isolationism instead
[15:35:56][country_law_manager.cpp:444]: Country KAF is not permitted to retain law Outlawed Dissent, fix this or consider Right of Assembly instead
[15:35:56][country_law_manager.cpp:444]: Country company_russian_american_company is not permitted to retain law Subjecthood, fix this or consider National Supremacy instead
[15:35:56][country_law_manager.cpp:444]: Country company_russian_american_company is not permitted to retain law Hereditary Bureaucrats, fix this or consider Appointed Bureaucrats instead
[15:35:56][country_law_manager.cpp:444]: Country company_russian_american_company is not permitted to retain law Tenant Farmers, fix this or consider Homesteading instead
[15:35:56][country_law_manager.cpp:444]: Country dyn_c_south_africa is not permitted to retain law No Colonial Affairs, fix this or consider Frontier Colonization instead
[15:35:56][country_law_manager.cpp:444]: Country dyn_c_british_west_africa is not permitted to retain law No Colonial Affairs, fix this or consider Frontier Colonization instead
[15:35:56][country_law_manager.cpp:444]: Country SAS is not permitted to retain law No Colonial Affairs, fix this or consider Frontier Colonization instead
[15:35:56][country_law_manager.cpp:444]: Country dyn_c_van_diemans_land is not permitted to retain law No Colonial Affairs, fix this or consider Frontier Colonization instead
[15:35:58][pdx_gui_container.cpp:145]: gui/companies_panel.gui:414 - A (flow)container (gui/companies_panel.gui:414) can't have an hbox/vbox (gui/companies_panel.gui:422) as a direct child.
[15:36:14][pdx_assert.cpp:628]: Assertion failed: Coastal building in non coastal states, check it out From state Niger Delta (668) To State French Niger Delta (1103)
[15:36:15][pdx_assert.cpp:628]: Assertion failed: No cached pop expenses for popneed_heating in market Costa Rican Market
