[17:58:54][pdx_localize.cpp:199]: Duplicate localization key. Key 'ADD_CONSUMPTION_TAX_ENTRY_COST' is defined in both 'localization/english/CTE_interfaces_l_english.yml' and 'localization/english/interfaces_l_english.yml'.
[17:58:54][pdx_localize.cpp:199]: Duplicate localization key. Key 'ATTITUDE_DETAILS' is defined in both 'localization/english/ai_strategies_l_english.yml' and 'localization/english/zz_daui_on_l_english.yml'.
[17:58:54][pdx_localize.cpp:199]: Duplicate localization key. Key 'ai_attitude_human_tooltip' is defined in both 'localization/english/ai_strategies_l_english.yml' and 'localization/english/zz_daui_on_l_english.yml'.
[17:58:56][pdxassetutil.cpp:1715]: Duplicate texture 'flag_wrinkles_diffuse.dds' found (current path 'gfx/models/utility/flag_wrinkles_diffuse.dds', previous path 'gfx/models/revolution/barricades/flag_wrinkles_diffuse.dds')
[17:58:56][pdxassetutil.cpp:1715]: Duplicate texture 'flag_wrinkles_normal.dds' found (current path 'gfx/models/utility/flag_wrinkles_normal.dds', previous path 'gfx/models/revolution/barricades/flag_wrinkles_normal.dds')
[17:58:56][pdxassetutil.cpp:1715]: Duplicate texture 'flag_wrinkles_properties.dds' found (current path 'gfx/models/utility/flag_wrinkles_properties.dds', previous path 'gfx/models/revolution/barricades/flag_wrinkles_properties.dds')

[17:59:09][pdx_entity.cpp:408]: Couldn't find particle system 'papermap_candle'.

[17:59:11][gamedatabase.h:378]: Duplicated key japan_diplomatic_reward will not be created from file: common/static_modifiers/meiji_modificador.txt:1
[17:59:11][gamedatabase.h:378]: Duplicated key japan_production_reward will not be created from file: common/static_modifiers/meiji_modificador.txt:9
[17:59:11][gamedatabase.h:378]: Duplicated key ottoman_army_reform will not be created from file: common/static_modifiers/ottoman_static_modifiers.txt:1
[17:59:11][gamedatabase.h:378]: Duplicated key ottoman_urbanization will not be created from file: common/static_modifiers/ottoman_static_modifiers.txt:8
[17:59:11][gamedatabase.h:378]: Duplicated key ottoman_education will not be created from file: common/static_modifiers/ottoman_static_modifiers.txt:14
[17:59:11][gamedatabase.h:378]: Duplicated key outmoded_bureaucracy will not be created from file: common/static_modifiers/ottoman_static_modifiers.txt:19
[17:59:11][gamedatabase.h:378]: Duplicated key sick_man_of_europe will not be created from file: common/static_modifiers/ottoman_static_modifiers.txt:25
[17:59:11][gamedatabase.h:378]: Duplicated key russian will not be created from file: common/cultures/00_rus_cultures.txt:2

[17:59:12][culture_type.cpp:178]: Missing localization key for name Iesada in culture japanese
[17:59:12][culture_type.cpp:178]: Missing localization key for name Iemochi in culture japanese
[17:59:12][culture_type.cpp:178]: Missing localization key for name Sanetomi in culture japanese
[17:59:12][culture_type.cpp:178]: Missing localization key for name Kaoru in culture japanese
[17:59:12][culture_type.cpp:178]: Missing localization key for name Saionji in culture japanese
[17:59:12][culture_type.cpp:178]: Missing localization key for name Sanjo in culture japanese
[17:59:12][culture_type.cpp:178]: Missing localization key for name Kinmochi in culture japanese
[17:59:12][building_group.cpp:91]: Building group bg_hardwood_logging has invalid parent building group building_logging_camp

[17:59:13][jomini_effect.cpp:541]: Unknown effect remove_ig_trait at common/interest_groups/00_devout.txt:230

[17:59:14][jomini_dynamicdescription.cpp:67]: Unrecognized loc key manifest_destiny_mexico.1.a. CEventOptionDesc:139
[17:59:14][jomini_effect.cpp:541]: Unknown effect save_revolution_scopes at events/resignation.txt:194
[17:59:14][jomini_effect.cpp:541]: Unknown effect save_revolution_scopes at events/resignation.txt:307
[17:59:14][jomini_dynamicdescription.cpp:67]: Unrecognized loc key resignation.4.a. CEventOptionDesc:139
[17:59:14][jomini_dynamicdescription.cpp:67]: Unrecognized loc key ruhr_boom.1.a. CEventOptionDesc:139
[17:59:14][pdx_persistent_reader.cpp:268]: Error: "Unknown trigger type: country_is_in_europe, near line: 27" in file: "events/agitators_events/dickens_event.txt" near line: 30
[17:59:14][jomini_effect.cpp:752]: Inconsistent effect scopes (state vs. country) inevents/agitators_events/japan_agitators_mhmbd.txt:65
[17:59:14][jomini_effect.cpp:752]: Inconsistent effect scopes (state vs. country) inevents/agitators_events/japan_agitators_mhmbd.txt:78
[17:59:14][jomini_effect.cpp:752]: Inconsistent effect scopes (state vs. country) inevents/agitators_events/japan_agitators_mhmbd.txt:81
[17:59:14][jomini_effect.cpp:752]: Inconsistent effect scopes (state vs. country) inevents/agitators_events/japan_agitators_mhmbd.txt:85
[17:59:14][pdx_persistent_reader.cpp:268]: Error: "Unknown trigger type: country_is_in_europe, near line: 39
Unknown trigger type: country_is_in_north_america, near line: 40" in file: "events/agitators_events/silkworm_diseases.txt" near line: 41
[17:59:14][virtualfilesystem.cpp:569]: Could not find texture due to 'VFSOpen Error: gfx/interface/icons/event_icºons/event_newspaper.dds not found'
[17:59:14][pdx_persistent_reader.cpp:268]: Error: "Unknown trigger type: state_is_in_india, near line: 433" in file: "events/india_events/india_home_rule_events.txt" near line: 434
[17:59:14][pdx_persistent_reader.cpp:268]: Error: "Unexpected token: namespace, near line: 1772" in file: "events/soi_events/00_lobbies_events_03.txt" near line: 1772
[17:59:14][jomini_eventmanager.cpp:440]: Duplicated event ID 'algeria_events.1' found. New Location: 'events/algeria_events.txt:4', Previous Location: 'events/agitators_events/algeria_events.txt:4'
[17:59:14][jomini_eventmanager.cpp:440]: Duplicated event ID 'algeria_events.2' found. New Location: 'events/algeria_events.txt:224', Previous Location: 'events/agitators_events/algeria_events.txt:212'
[17:59:14][jomini_eventmanager.cpp:440]: Duplicated event ID 'algeria_events.3' found. New Location: 'events/algeria_events.txt:434', Previous Location: 'events/agitators_events/algeria_events.txt:422'
[17:59:14][jomini_eventmanager.cpp:440]: Duplicated event ID 'algeria_events.4' found. New Location: 'events/algeria_events.txt:508', Previous Location: 'events/agitators_events/algeria_events.txt:496'
[17:59:14][jomini_eventmanager.cpp:440]: Duplicated event ID 'algeria_events.5' found. New Location: 'events/algeria_events.txt:628', Previous Location: 'events/agitators_events/algeria_events.txt:616'
[17:59:14][jomini_eventmanager.cpp:440]: Duplicated event ID 'algeria_events.6' found. New Location: 'events/algeria_events.txt:773', Previous Location: 'events/agitators_events/algeria_events.txt:761'
[17:59:14][jomini_eventmanager.cpp:440]: Duplicated event ID 'algeria_events.8' found. New Location: 'events/algeria_events.txt:902', Previous Location: 'events/agitators_events/algeria_events.txt:890'
[17:59:14][jomini_eventmanager.cpp:440]: Duplicated event ID 'algeria_events.9' found. New Location: 'events/algeria_events.txt:1122', Previous Location: 'events/agitators_events/algeria_events.txt:1110'
[17:59:14][jomini_eventmanager.cpp:440]: Duplicated event ID 'historical_agitators.14' found. New Location: 'events/agitators_events/dickens_event.txt:3', Previous Location: 'events/agitators_events/historic_agitator_events.txt:1275'
[17:59:14][character_templates_utils.cpp:1565]: Missing localization key for character first name Iesada, reverting to random name
[17:59:14][character_templates_utils.cpp:1565]: Missing localization key for character first name Iemochi, reverting to random name
[17:59:14][character_templates_utils.cpp:1565]: Missing localization key for character first name Sanetomi, reverting to random name
[17:59:14][character_templates_utils.cpp:1584]: Missing localization key for character last name Sanjo, reverting to random name
[17:59:14][character_templates_utils.cpp:1565]: Missing localization key for character first name Kaoru, reverting to random name
[17:59:14][character_templates_utils.cpp:1565]: Missing localization key for character first name Saionji, reverting to random name
[17:59:14][character_templates_utils.cpp:1584]: Missing localization key for character last name Kinmochi, reverting to random name
[17:59:14][gamedatabase.h:378]: Duplicated key chi_sun_yat_sen_character_template will not be created from file: common/character_templates/historical_agitators.txt:1777
[17:59:14][pdx_persistent_reader.cpp:268]: Error: "Unexpected token: center_building_mesh, near line: 4" in file: "gfx/map/city_data/city_types/french_city.txt" near line: 4
[17:59:14][pdx_persistent_reader.cpp:268]: Error: "Unexpected token: center_building_size, near line: 6" in file: "gfx/map/city_data/city_types/french_city.txt" near line: 6
[17:59:14][pdx_persistent_reader.cpp:268]: Error: "Unexpected token: building_paper_mills, near line: 77" in file: "gfx/map/city_data/city_types/french_city.txt" near line: 77
[17:59:14][pdx_persistent_reader.cpp:268]: Error: "Unexpected token: building_textile_mills, near line: 79" in file: "gfx/map/city_data/city_types/french_city.txt" near line: 79
[17:59:14][pdx_persistent_reader.cpp:268]: Error: "Unexpected token: building_furniture_manufacturies, near line: 82" in file: "gfx/map/city_data/city_types/french_city.txt" near line: 82
[17:59:14][pdx_persistent_reader.cpp:268]: Error: "Unexpected token: building_tooling_workshops, near line: 86" in file: "gfx/map/city_data/city_types/french_city.txt" near line: 86
[17:59:14][pdx_persistent_reader.cpp:268]: Error: "Unexpected token: building_steel_mills, near line: 89" in file: "gfx/map/city_data/city_types/french_city.txt" near line: 89
[17:59:14][pdx_persistent_reader.cpp:268]: Error: "Unexpected token: building_artillery_foundries, near line: 94" in file: "gfx/map/city_data/city_types/french_city.txt" near line: 94
[17:59:14][pdx_persistent_reader.cpp:268]: Error: "Unexpected token: building_war_machine_industry, near line: 96" in file: "gfx/map/city_data/city_types/french_city.txt" near line: 96
[17:59:14][pdx_persistent_reader.cpp:268]: Error: "Unexpected token: building_munition_plants, near line: 98" in file: "gfx/map/city_data/city_types/french_city.txt" near line: 98
[17:59:14][pdx_persistent_reader.cpp:268]: Error: "Unexpected token: building_chemical_plants, near line: 105" in file: "gfx/map/city_data/city_types/french_city.txt" near line: 105
[17:59:14][pdx_persistent_reader.cpp:268]: Error: "Unexpected token: building_synthetics_plants, near line: 106" in file: "gfx/map/city_data/city_types/french_city.txt" near line: 106
[17:59:14][pdx_persistent_reader.cpp:268]: Error: "Unexpected token: building_arts_academy, near line: 123" in file: "gfx/map/city_data/city_types/french_city.txt" near line: 123
[17:59:14][pdx_persistent_reader.cpp:268]: Error: "Unexpected token: building_barracks, near line: 124" in file: "gfx/map/city_data/city_types/french_city.txt" near line: 124
[17:59:14][pdx_persistent_reader.cpp:268]: Error: "Unexpected token: center_building_mesh, near line: 4" in file: "gfx/map/city_data/city_types/french_farm.txt" near line: 4
[17:59:14][pdx_persistent_reader.cpp:268]: Error: "Unexpected token: center_building_size, near line: 5" in file: "gfx/map/city_data/city_types/french_farm.txt" near line: 5
[17:59:14][pdx_persistent_reader.cpp:268]: Error: "Unexpected token: building_vineyard_plantation, near line: 124" in file: "gfx/map/city_data/city_types/french_farm.txt" near line: 126
[17:59:14][pdx_persistent_reader.cpp:268]: Error: "Unexpected token: center_building_entity, near line: 4" in file: "gfx/map/city_data/city_types/french_mine.txt" near line: 4
[17:59:14][pdx_persistent_reader.cpp:268]: Error: "Unexpected token: center_building_size, near line: 5" in file: "gfx/map/city_data/city_types/french_mine.txt" near line: 5
[17:59:14][pdx_persistent_reader.cpp:268]: Error: "Unexpected token: building_gold_fields, near line: 90" in file: "gfx/map/city_data/city_types/french_mine.txt" near line: 92
[17:59:14][pdx_persistent_reader.cpp:268]: Error: "Unexpected token: center_building_entity, near line: 4" in file: "gfx/map/city_data/city_types/french_port.txt" near line: 4
[17:59:14][pdx_persistent_reader.cpp:268]: Error: "Unexpected token: center_modifiers, near line: 5" in file: "gfx/map/city_data/city_types/french_port.txt" near line: 9
[17:59:14][pdx_persistent_reader.cpp:268]: Error: "Unexpected token: modifier_key_prefix, near line: 10" in file: "gfx/map/city_data/city_types/french_port.txt" near line: 10
[17:59:14][pdx_persistent_reader.cpp:268]: Error: "Unexpected token: modifier_key_suffix, near line: 11" in file: "gfx/map/city_data/city_types/french_port.txt" near line: 11
[17:59:14][pdx_persistent_reader.cpp:268]: Error: "Unexpected token: center_building_size, near line: 12" in file: "gfx/map/city_data/city_types/french_port.txt" near line: 12
[17:59:14][pdx_persistent_reader.cpp:268]: Error: "Unexpected token: building_shipyards, near line: 81" in file: "gfx/map/city_data/city_types/french_port.txt" near line: 81
[17:59:14][pdx_persistent_reader.cpp:268]: Error: "Unexpected token: building_military_shipyards, near line: 82" in file: "gfx/map/city_data/city_types/french_port.txt" near line: 82
[17:59:14][pdx_persistent_reader.cpp:268]: Error: "Unexpected token: center_building_entity, near line: 4" in file: "gfx/map/city_data/city_types/french_wood.txt" near line: 4
[17:59:14][pdx_persistent_reader.cpp:268]: Error: "Unexpected token: center_building_size, near line: 5" in file: "gfx/map/city_data/city_types/french_wood.txt" near line: 5
[17:59:14][pdx_persistent_reader.cpp:268]: Error: "Unexpected token: center_building_mesh, near line: 4" in file: "gfx/map/city_data/city_types/indian_city.txt" near line: 4
[17:59:14][pdx_persistent_reader.cpp:268]: Error: "Unexpected token: center_building_size, near line: 6" in file: "gfx/map/city_data/city_types/indian_city.txt" near line: 6
[17:59:14][pdx_persistent_reader.cpp:268]: Error: "Unexpected token: building_arts_academy, near line: 61" in file: "gfx/map/city_data/city_types/indian_city.txt" near line: 61
[17:59:14][pdx_persistent_reader.cpp:268]: Error: "Unexpected token: building_barracks, near line: 62" in file: "gfx/map/city_data/city_types/indian_city.txt" near line: 62
[17:59:14][pdx_persistent_reader.cpp:268]: Error: "Unexpected token: building_paper_mills, near line: 71" in file: "gfx/map/city_data/city_types/indian_city.txt" near line: 71
[17:59:14][pdx_persistent_reader.cpp:268]: Error: "Unexpected token: building_textile_mills, near line: 72" in file: "gfx/map/city_data/city_types/indian_city.txt" near line: 72
[17:59:14][pdx_persistent_reader.cpp:268]: Error: "Unexpected token: building_furniture_manufacturies, near line: 73" in file: "gfx/map/city_data/city_types/indian_city.txt" near line: 73
[17:59:14][pdx_persistent_reader.cpp:268]: Error: "Unexpected token: building_tooling_workshops, near line: 75" in file: "gfx/map/city_data/city_types/indian_city.txt" near line: 75
[17:59:14][pdx_persistent_reader.cpp:268]: Error: "Unexpected token: building_steel_mills, near line: 76" in file: "gfx/map/city_data/city_types/indian_city.txt" near line: 76
[17:59:14][pdx_persistent_reader.cpp:268]: Error: "Unexpected token: building_artillery_foundries, near line: 78" in file: "gfx/map/city_data/city_types/indian_city.txt" near line: 78
[17:59:14][pdx_persistent_reader.cpp:268]: Error: "Unexpected token: building_war_machine_industry, near line: 79" in file: "gfx/map/city_data/city_types/indian_city.txt" near line: 79
[17:59:14][pdx_persistent_reader.cpp:268]: Error: "Unexpected token: building_munition_plants, near line: 80" in file: "gfx/map/city_data/city_types/indian_city.txt" near line: 80
[17:59:14][pdx_persistent_reader.cpp:268]: Error: "Unexpected token: building_chemical_plants, near line: 83" in file: "gfx/map/city_data/city_types/indian_city.txt" near line: 83
[17:59:14][pdx_persistent_reader.cpp:268]: Error: "Unexpected token: building_synthetics_plants, near line: 84" in file: "gfx/map/city_data/city_types/indian_city.txt" near line: 84
[17:59:14][pdx_persistent_reader.cpp:268]: Error: "Unexpected token: center_building_mesh, near line: 4" in file: "gfx/map/city_data/city_types/indian_farm.txt" near line: 4
[17:59:14][pdx_persistent_reader.cpp:268]: Error: "Unexpected token: center_building_size, near line: 5" in file: "gfx/map/city_data/city_types/indian_farm.txt" near line: 5
[17:59:14][pdx_persistent_reader.cpp:268]: Error: "Unexpected token: building_vineyard_plantation, near line: 89" in file: "gfx/map/city_data/city_types/indian_farm.txt" near line: 89
[17:59:14][pdx_persistent_reader.cpp:268]: Error: "Unexpected token: center_building_mesh, near line: 4" in file: "gfx/map/city_data/city_types/indian_mine.txt" near line: 4
[17:59:14][pdx_persistent_reader.cpp:268]: Error: "Unexpected token: center_building_size, near line: 5" in file: "gfx/map/city_data/city_types/indian_mine.txt" near line: 5
[17:59:14][pdx_persistent_reader.cpp:268]: Error: "Unexpected token: building_gold_fields, near line: 77" in file: "gfx/map/city_data/city_types/indian_mine.txt" near line: 79
[17:59:14][pdx_persistent_reader.cpp:268]: Error: "Unexpected token: center_building_entity, near line: 4" in file: "gfx/map/city_data/city_types/indian_port.txt" near line: 4
[17:59:14][pdx_persistent_reader.cpp:268]: Error: "Unexpected token: center_modifiers, near line: 5" in file: "gfx/map/city_data/city_types/indian_port.txt" near line: 9
[17:59:14][pdx_persistent_reader.cpp:268]: Error: "Unexpected token: modifier_key_prefix, near line: 10" in file: "gfx/map/city_data/city_types/indian_port.txt" near line: 10
[17:59:14][pdx_persistent_reader.cpp:268]: Error: "Unexpected token: modifier_key_suffix, near line: 11" in file: "gfx/map/city_data/city_types/indian_port.txt" near line: 11
[17:59:14][pdx_persistent_reader.cpp:268]: Error: "Unexpected token: center_building_size, near line: 12" in file: "gfx/map/city_data/city_types/indian_port.txt" near line: 12
[17:59:14][pdx_persistent_reader.cpp:268]: Error: "Unexpected token: building_shipyards, near line: 69" in file: "gfx/map/city_data/city_types/indian_port.txt" near line: 69
[17:59:14][pdx_persistent_reader.cpp:268]: Error: "Unexpected token: building_military_shipyards, near line: 70" in file: "gfx/map/city_data/city_types/indian_port.txt" near line: 70
[17:59:14][pdx_persistent_reader.cpp:268]: Error: "Unexpected token: center_building_entity, near line: 4" in file: "gfx/map/city_data/city_types/indian_wood.txt" near line: 4
[17:59:14][pdx_persistent_reader.cpp:268]: Error: "Unexpected token: center_building_size, near line: 5" in file: "gfx/map/city_data/city_types/indian_wood.txt" near line: 5
[17:59:14][pdx_persistent_reader.cpp:268]: Error: "Unexpected token: base, near line: 30" in file: "common/decisions/00_decisions.txt" near line: 30
[17:59:14][jomini_eventtarget.cpp:712]: No data specified for an event target link that requires data. Link modifier, location: common/decisions/00_decisions.txt:31

[17:59:14][pdx_persistent_reader.cpp:268]: Error: "Unexpected token: modifier, near line: 31" in file: "common/decisions/00_decisions.txt" near line: 34
[17:59:14][jomini_eventtarget.cpp:712]: No data specified for an event target link that requires data. Link modifier, location: common/decisions/00_decisions.txt:35

[17:59:14][pdx_persistent_reader.cpp:268]: Error: "Unexpected token: modifier, near line: 35" in file: "common/decisions/00_decisions.txt" near line: 41
[17:59:14][pdx_persistent_reader.cpp:268]: Error: "Unexpected token: base, near line: 93" in file: "common/decisions/00_decisions.txt" near line: 93
[17:59:14][jomini_eventtarget.cpp:712]: No data specified for an event target link that requires data. Link modifier, location: common/decisions/00_decisions.txt:94

[17:59:14][pdx_persistent_reader.cpp:268]: Error: "Unexpected token: modifier, near line: 94" in file: "common/decisions/00_decisions.txt" near line: 100
[17:59:14][pdx_persistent_reader.cpp:268]: Error: "Unexpected token: base, near line: 130" in file: "common/decisions/00_decisions.txt" near line: 130
[17:59:14][pdx_persistent_reader.cpp:268]: Error: "Unexpected token: base, near line: 36" in file: "common/decisions/00_fra_decisions.txt" near line: 36
[17:59:14][pdx_persistent_reader.cpp:268]: Error: "Unexpected token: base, near line: 47" in file: "common/decisions/bol_decisions.txt" near line: 47
[17:59:14][pdx_persistent_reader.cpp:268]: Error: "Unexpected token: base, near line: 34" in file: "common/decisions/ita_decisions.txt" near line: 34
[17:59:14][pdx_persistent_reader.cpp:268]: Error: "Unexpected token: base, near line: 248" in file: "common/decisions/manifest_destiny.txt" near line: 248
[17:59:14][pdx_persistent_reader.cpp:268]: Error: "Unexpected token: base, near line: 53" in file: "common/decisions/ottoman_decisions.txt" near line: 53
[17:59:14][pdx_persistent_reader.cpp:268]: Error: "Unexpected token: base, near line: 125" in file: "common/decisions/ottoman_decisions.txt" near line: 125
[17:59:14][pdx_persistent_reader.cpp:268]: Error: "Unexpected token: possible, near line: 17" in file: "gfx/map/spline_network/route_graphics/00_ep1_naval_vehicles.txt" near line: 21
[17:59:14][pdx_persistent_reader.cpp:268]: Error: "Unexpected token: possible, near line: 26" in file: "gfx/map/spline_network/route_graphics/00_ep1_road_vehicles.txt" near line: 31
[17:59:14][pdx_persistent_reader.cpp:268]: Error: "Unexpected token: possible, near line: 60" in file: "gfx/map/spline_network/route_graphics/00_ep1_road_vehicles.txt" near line: 67
[17:59:14][pdx_persistent_reader.cpp:268]: Error: "Unexpected token: possible, near line: 82" in file: "gfx/map/spline_network/route_graphics/00_ep1_road_vehicles.txt" near line: 86
[17:59:14][pdx_persistent_reader.cpp:268]: Error: "Unexpected token: possible, near line: 98" in file: "gfx/map/spline_network/route_graphics/00_ep1_road_vehicles.txt" near line: 102
[17:59:14][pdx_persistent_reader.cpp:268]: Error: "Unexpected token: possible, near line: 17" in file: "gfx/map/spline_network/route_graphics/ap1_road_vehicles.txt" near line: 25
[17:59:14][pdx_persistent_reader.cpp:268]: Error: "Unexpected token: possible, near line: 37" in file: "gfx/map/spline_network/route_graphics/ap1_road_vehicles.txt" near line: 45
[17:59:14][pdx_persistent_reader.cpp:268]: Error: "Unexpected token: possible, near line: 57" in file: "gfx/map/spline_network/route_graphics/ap1_road_vehicles.txt" near line: 65
[17:59:14][pdx_persistent_reader.cpp:268]: Error: "Unexpected token: possible, near line: 77" in file: "gfx/map/spline_network/route_graphics/ap1_road_vehicles.txt" near line: 85
[17:59:14][jomini_trigger.cpp:721]: Inconsistent trigger scopes (battle_side vs. character) incommon/battle_conditions/battle_conditions_mod.txt:68
[17:59:14][jomini_trigger.cpp:721]: Inconsistent trigger scopes (battle_side vs. character) incommon/battle_conditions/battle_conditions_mod.txt:69
[17:59:14][jomini_trigger.cpp:721]: Inconsistent trigger scopes (battle_side vs. character) incommon/battle_conditions/battle_conditions_mod.txt:107
[17:59:14][pdx_persistent_reader.cpp:268]: Error: "Unknown trigger type: country_is_in_africa, near line: 6" in file: "common/scripted_buttons/00_colonial_administration_buttons.txt" near line: 9
[17:59:14][pdx_persistent_reader.cpp:268]: Error: "Unknown trigger type: country_is_in_africa, near line: 111" in file: "common/scripted_buttons/00_colonial_administration_buttons.txt" near line: 114
[17:59:14][pdx_persistent_reader.cpp:268]: Error: "Unknown trigger type: country_is_in_africa, near line: 216" in file: "common/scripted_buttons/00_colonial_administration_buttons.txt" near line: 219
[17:59:14][pdx_persistent_reader.cpp:268]: Error: "Unknown trigger type: country_is_in_africa, near line: 321" in file: "common/scripted_buttons/00_colonial_administration_buttons.txt" near line: 324
[17:59:14][pdx_persistent_reader.cpp:268]: Error: "Unknown trigger type: country_is_in_africa, near line: 426" in file: "common/scripted_buttons/00_colonial_administration_buttons.txt" near line: 429
[17:59:14][pdx_persistent_reader.cpp:268]: Error: "Unknown trigger type: country_is_in_africa, near line: 531" in file: "common/scripted_buttons/00_colonial_administration_buttons.txt" near line: 534
[17:59:14][pdx_persistent_reader.cpp:268]: Error: "Unknown trigger type: country_is_in_africa, near line: 639" in file: "common/scripted_buttons/00_colonial_administration_buttons.txt" near line: 642
[17:59:14][pdx_persistent_reader.cpp:268]: Error: "Unknown trigger type: country_is_in_africa, near line: 727" in file: "common/scripted_buttons/00_colonial_administration_buttons.txt" near line: 730
[17:59:14][pdx_persistent_reader.cpp:268]: Error: "Unknown trigger type: country_is_in_africa, near line: 814" in file: "common/scripted_buttons/00_colonial_administration_buttons.txt" near line: 817
[17:59:14][pdx_persistent_reader.cpp:268]: Error: "Unknown trigger type: country_is_in_africa, near line: 901" in file: "common/scripted_buttons/00_colonial_administration_buttons.txt" near line: 904
[17:59:14][pdx_persistent_reader.cpp:268]: Error: "Unknown trigger type: country_is_in_africa, near line: 988" in file: "common/scripted_buttons/00_colonial_administration_buttons.txt" near line: 991
[17:59:14][pdx_persistent_reader.cpp:268]: Error: "Unknown trigger type: country_is_in_africa, near line: 1075" in file: "common/scripted_buttons/00_colonial_administration_buttons.txt" near line: 1078
[17:59:14][jomini_dynamicdescription.cpp:67]: Unrecognized loc key . common/scripted_buttons/00_russia_scripted_buttons_mhmbd.txt:4
[17:59:14][jomini_dynamicdescription.cpp:67]: Unrecognized loc key . common/scripted_buttons/00_russia_scripted_buttons_mhmbd.txt:27
[17:59:14][jomini_dynamicdescription.cpp:67]: Unrecognized loc key . common/scripted_buttons/00_russia_scripted_buttons_mhmbd.txt:51
[17:59:14][jomini_dynamicdescription.cpp:67]: Unrecognized loc key . common/scripted_buttons/00_russia_scripted_buttons_mhmbd.txt:81
[17:59:14][jomini_dynamicdescription.cpp:67]: Unrecognized loc key . common/scripted_buttons/00_russia_scripted_buttons_mhmbd.txt:109
[17:59:14][pdx_persistent_reader.cpp:268]: Error: "Unknown trigger type: country_is_in_north_america, near line: 344" in file: "common/scripted_buttons/00_scripted_buttons.txt" near line: 350
[17:59:14][pdx_persistent_reader.cpp:268]: Error: "Unknown trigger type: country_is_in_north_america, near line: 362" in file: "common/scripted_buttons/00_scripted_buttons.txt" near line: 368
[17:59:14][pdx_persistent_reader.cpp:268]: Error: "Unexpected token: ai_will_do, near line: 715" in file: "common/scripted_buttons/00_scripted_buttons.txt" near line: 715
[17:59:14][pdx_persistent_reader.cpp:268]: Error: "Unexpected token: base, near line: 762" in file: "common/scripted_buttons/00_scripted_buttons.txt" near line: 762
[17:59:14][pdx_persistent_reader.cpp:268]: Error: "Unexpected token: ai_will_do, near line: 778" in file: "common/scripted_buttons/00_scripted_buttons.txt" near line: 778
[17:59:14][pdx_persistent_reader.cpp:268]: Error: "Unexpected token: base, near line: 839" in file: "common/scripted_buttons/00_scripted_buttons.txt" near line: 839
[17:59:14][pdx_persistent_reader.cpp:268]: Error: "Unexpected token: base, near line: 31" in file: "common/scripted_buttons/03_brazilian_amazon_scripted_buttons.txt" near line: 31
[17:59:14][jomini_eventtarget.cpp:712]: No data specified for an event target link that requires data. Link modifier, location: common/scripted_buttons/03_brazilian_amazon_scripted_buttons.txt:32

[17:59:14][pdx_persistent_reader.cpp:268]: Error: "Unexpected token: modifier, near line: 32" in file: "common/scripted_buttons/03_brazilian_amazon_scripted_buttons.txt" near line: 40
[17:59:14][pdx_persistent_reader.cpp:268]: Error: "Unexpected token: base, near line: 158" in file: "common/scripted_buttons/03_brazilian_amazon_scripted_buttons.txt" near line: 158
[17:59:14][jomini_eventtarget.cpp:712]: No data specified for an event target link that requires data. Link modifier, location: common/scripted_buttons/03_brazilian_amazon_scripted_buttons.txt:159

[17:59:14][pdx_persistent_reader.cpp:268]: Error: "Unexpected token: modifier, near line: 159" in file: "common/scripted_buttons/03_brazilian_amazon_scripted_buttons.txt" near line: 167
[17:59:14][pdx_persistent_reader.cpp:268]: Error: "Unexpected token: base, near line: 305" in file: "common/scripted_buttons/03_brazilian_amazon_scripted_buttons.txt" near line: 305
[17:59:14][jomini_eventtarget.cpp:712]: No data specified for an event target link that requires data. Link modifier, location: common/scripted_buttons/03_brazilian_amazon_scripted_buttons.txt:306

[17:59:14][pdx_persistent_reader.cpp:268]: Error: "Unexpected token: modifier, near line: 306" in file: "common/scripted_buttons/03_brazilian_amazon_scripted_buttons.txt" near line: 314
[17:59:14][pdx_persistent_reader.cpp:268]: Error: "Unexpected token: base, near line: 372" in file: "common/scripted_buttons/03_brazilian_amazon_scripted_buttons.txt" near line: 372
[17:59:14][jomini_eventtarget.cpp:712]: No data specified for an event target link that requires data. Link modifier, location: common/scripted_buttons/03_brazilian_amazon_scripted_buttons.txt:373

[17:59:14][pdx_persistent_reader.cpp:268]: Error: "Unexpected token: modifier, near line: 373" in file: "common/scripted_buttons/03_brazilian_amazon_scripted_buttons.txt" near line: 381
[17:59:14][virtualfilesystem.cpp:569]: Could not find texture due to 'VFSOpen Error: gfx/interface/icons/event_icons/risorgimento.dds not found'
[17:59:14][gamedatabase.h:378]: Duplicated key je_brazilian_nation_building will not be created from file: common/journal_entries/04_brazilian_nation_building.txt:1
[17:59:14][virtualfilesystem.cpp:569]: Could not find texture due to 'VFSOpen Error: gfx/interface/icons/event_icons/innovation.dds not found'
[17:59:14][virtualfilesystem.cpp:569]: Could not find texture due to 'VFSOpen Error: gfx/interface/icons/event_icons/ireland.dds not found'
[17:59:14][virtualfilesystem.cpp:569]: Could not find texture due to 'VFSOpen Error: gfx/interface/icons/event_icons/mex.dds not found'
[17:59:14][virtualfilesystem.cpp:569]: Could not find texture due to 'VFSOpen Error: gfx/interface/icons/event_icons/waving_flag_ger.dds not found'
[17:59:14][virtualfilesystem.cpp:569]: Could not find texture due to 'VFSOpen Error: gfx/interface/icons/event_icons/ruswar.png not found'
[17:59:14][virtualfilesystem.cpp:569]: Could not find texture due to 'VFSOpen Error: gfx/interface/icons/event_icons/ruswar.png not found'
[17:59:14][virtualfilesystem.cpp:569]: Could not find texture due to 'VFSOpen Error: gfx/interface/icons/event_icons/ruswar.png not found'
[17:59:14][virtualfilesystem.cpp:569]: Could not find texture due to 'VFSOpen Error: gfx/interface/icons/event_icons/ruswar.png not found'
[17:59:14][virtualfilesystem.cpp:569]: Could not find texture due to 'VFSOpen Error: gfx/interface/icons/event_icons/turwar.dds not found'
[17:59:14][gamedatabase.h:378]: Duplicated key je_terakoya will not be created from file: common/journal_entries/teriyaki_je.txt:1
[17:59:15][pdx_persistent_reader.cpp:268]: Error: "Unknown modifier type: building_group_building_rubber_plantation_mortality_mult. It is either invalid, or a potential dynamic modifier type definition missing from the database.: building_group_building_rubber_plantation_mortality_mult, near line: 656" in file: "common/company_types/00_companies_americas.txt" near line: 656
[17:59:15][pdx_persistent_reader.cpp:268]: Error: "Unknown modifier type: country_navy_defense_mult. It is either invalid, or a potential dynamic modifier type definition missing from the database.: country_navy_defense_mult, near line: 157" in file: "common/company_types/00_companies_cots.txt" near line: 157
[17:59:15][pdx_persistent_reader.cpp:268]: Error: "Unknown modifier type: building_group_building_coffee_plantation_throughput_add. It is either invalid, or a potential dynamic modifier type definition missing from the database.: building_group_building_coffee_plantation_throughput_add, near line: 1393" in file: "common/company_types/00_companies_mp1.txt" near line: 1393
[17:59:15][pdx_persistent_reader.cpp:268]: Error: "Unknown modifier type: building_group_building_oil_rig_throughput_add. It is either invalid, or a potential dynamic modifier type definition missing from the database.: building_group_building_oil_rig_throughput_add, near line: 1314" in file: "common/company_types/00_companies_soi.txt" near line: 1314
[17:59:15][pdx_persistent_reader.cpp:268]: Error: "Unknown trigger type: state_is_in_central_america, near line: 111
Unknown trigger type: state_is_in_south_america, near line: 112" in file: "common/company_types/00_companies_usa.txt" near line: 113
[17:59:15][pdx_persistent_reader.cpp:268]: Error: "Unknown trigger type: state_is_in_central_america, near line: 134
Unknown trigger type: state_is_in_south_america, near line: 135" in file: "common/company_types/00_companies_usa.txt" near line: 136
[17:59:15][pdx_persistent_reader.cpp:268]: Error: "Unknown trigger type: state_is_in_central_america, near line: 142
Unknown trigger type: state_is_in_south_america, near line: 143" in file: "common/company_types/00_companies_usa.txt" near line: 144
[17:59:15][pdx_persistent_reader.cpp:268]: Error: "Unknown trigger type: state_is_in_central_america, near line: 162
Unknown trigger type: state_is_in_south_america, near line: 163" in file: "common/company_types/00_companies_usa.txt" near line: 164
[17:59:15][pdx_persistent_reader.cpp:268]: Error: "Unknown modifier type: building_group_building_coffee_plantation_throughput_add. It is either invalid, or a potential dynamic modifier type definition missing from the database.: building_group_building_coffee_plantation_throughput_add, near line: 129" in file: "common/company_types/companies_mhmbd.txt" near line: 129
[17:59:15][pdx_persistent_reader.cpp:268]: Error: "Unknown modifier type: power_bloc_religion_trade_route_competitiveness_mult. It is either invalid, or a potential dynamic modifier type definition missing from the database.: power_bloc_religion_trade_route_competitiveness_mult, near line: 1062" in file: "common/power_bloc_principles/00_power_bloc_principles.txt" near line: 1062
[17:59:15][pdx_persistent_reader.cpp:268]: Error: "Unknown modifier type: country_party_whip_impact_mult. It is either invalid, or a potential dynamic modifier type definition missing from the database.: country_party_whip_impact_mult, near line: 1350" in file: "common/power_bloc_principles/00_power_bloc_principles.txt" near line: 1350
[17:59:15][pdx_persistent_reader.cpp:268]: Error: "Unknown modifier type: country_party_whip_impact_mult. It is either invalid, or a potential dynamic modifier type definition missing from the database.: country_party_whip_impact_mult, near line: 1372" in file: "common/power_bloc_principles/00_power_bloc_principles.txt" near line: 1372
[17:59:15][pdx_persistent_reader.cpp:268]: Error: "Unknown modifier type: country_institution_size_change_speed_institution_health_system_mult. It is either invalid, or a potential dynamic modifier type definition missing from the database.: country_institution_size_change_speed_institution_health_system_mult, near line: 1524" in file: "common/power_bloc_principles/00_power_bloc_principles.txt" near line: 1524
[17:59:15][pdx_persistent_reader.cpp:268]: Error: "Unknown modifier type: country_institution_size_change_speed_institution_health_system_mult. It is either invalid, or a potential dynamic modifier type definition missing from the database.: country_institution_size_change_speed_institution_health_system_mult, near line: 1549" in file: "common/power_bloc_principles/00_power_bloc_principles.txt" near line: 1549
[17:59:15][pdx_persistent_reader.cpp:268]: Error: "Unknown modifier type: country_institution_size_change_speed_institution_health_system_mult. It is either invalid, or a potential dynamic modifier type definition missing from the database.: country_institution_size_change_speed_institution_health_system_mult, near line: 1565" in file: "common/power_bloc_principles/00_power_bloc_principles.txt" near line: 1565
[17:59:15][pdx_persistent_reader.cpp:268]: Error: "Unknown modifier type: building_group_building_rubber_plantation_unincorporated_throughput_add. It is either invalid, or a potential dynamic modifier type definition missing from the database.: building_group_building_rubber_plantation_unincorporated_throughput_add, near line: 1686" in file: "common/power_bloc_principles/00_power_bloc_principles.txt" near line: 1686
[17:59:15][pdx_persistent_reader.cpp:268]: Error: "Unknown modifier type: building_group_building_rubber_plantation_unincorporated_throughput_add. It is either invalid, or a potential dynamic modifier type definition missing from the database.: building_group_building_rubber_plantation_unincorporated_throughput_add, near line: 1715" in file: "common/power_bloc_principles/00_power_bloc_principles.txt" near line: 1715
[17:59:16][country_definition.cpp:231]: Country definition NEN has invalid capital STATE_MASSACHUSETTS
[17:59:16][country_definition.cpp:198]: Invalid culture Etiope in country_definition ETH
[17:59:16][country_definition.cpp:198]: Invalid culture Etiope in country_definition SHW
[17:59:16][country_formation.cpp:65]: Invalid unification play dp_unify_yugoslavia in country_formation
[17:59:16][country_formation.cpp:74]: Invalid leadership play dp_leadership_yugoslavia in country_formation

[17:59:16][player_message_type.cpp:177]: Diplomatic Action Group has mixed Notification Types
[17:59:16][journal_entry_type.cpp:452]: Journal entry is missing loc for je_matter_of_alsace
[17:59:16][journal_entry_type.cpp:457]: Journal entry is missing loc for je_matter_of_alsace_reason!
[17:59:16][company_type.cpp:40]: Invalid extension building type building_synthetics_plants for company type building_synthetics_plants
[17:59:16][pdx_persistent_reader.cpp:268]: Error: "Wrong type parsed in create_character effect: hq_region, near line: 1300" in file: "common/history/military_formations/05_military_formations_india.txt" near line: 1310
[17:59:16][pdx_persistent_reader.cpp:268]: Error: "Wrong type parsed in create_character effect: hq_region, near line: 1323" in file: "common/history/military_formations/05_military_formations_india.txt" near line: 1333
[17:59:17][jomini_script_system.cpp:247]: Script system error!
  Error: has_strategy trigger [ Invalid database object 'ai_strategy_unify_china' ]
  Script location: common/script_values/ai_script_values.txt:204

[17:59:17][jomini_trigger.cpp:223]: PostValidate of trigger 'has_strategy' returned false at common/script_values/ai_script_values.txt:204
[17:59:17][jomini_script_system.cpp:247]: Script system error!
  Error: has_journal_entry trigger [ Invalid database object 'je_warlord_china' ]
  Script location: common/scripted_effects/00_victoria_ip4_scripted_effects.txt:557

[17:59:17][jomini_trigger.cpp:223]: PostValidate of trigger 'has_journal_entry' returned false at common/scripted_effects/00_victoria_ip4_scripted_effects.txt:557
[17:59:17][jomini_script_system.cpp:247]: Script system error!
  Error: has_journal_entry trigger [ Invalid database object 'je_war_of_the_confederation' ]
  Script location: common/decrees/00_decree.txt:900

[17:59:17][jomini_trigger.cpp:223]: PostValidate of trigger 'has_journal_entry' returned false at common/decrees/00_decree.txt:900
[17:59:17][jomini_script_system.cpp:247]: Script system error!
  Error: is_diplomatic_play_type trigger [ Invalid database object 'dp_balkan_war' ]
  Script location: events/balkans_events/balkan_wars_events.txt:872

[17:59:17][jomini_trigger.cpp:223]: PostValidate of trigger 'is_diplomatic_play_type' returned false at events/balkans_events/balkan_wars_events.txt:872
[17:59:17][jomini_script_system.cpp:247]: Script system error!
  Error: is_diplomatic_play_type trigger [ Invalid database object 'dp_balkan_war' ]
  Script location: events/balkans_events/balkan_wars_events.txt:975

[17:59:17][jomini_trigger.cpp:223]: PostValidate of trigger 'is_diplomatic_play_type' returned false at events/balkans_events/balkan_wars_events.txt:975
[17:59:17][jomini_script_system.cpp:247]: Script system error!
  Error: has_modifier trigger [ Invalid database object 'modifier_no_ragged_schools' ]
  Script location: events/law_events/children_rights_events.txt:358

[17:59:17][jomini_trigger.cpp:223]: PostValidate of trigger 'has_modifier' returned false at events/law_events/children_rights_events.txt:358
[17:59:17][jomini_script_system.cpp:247]: Script system error!
  Error: is_diplomatic_play_type trigger [ Invalid database object 'dp_balkan_war' ]
  Script location: common/on_actions/00_code_on_actions.txt:3825

[17:59:17][jomini_trigger.cpp:223]: PostValidate of trigger 'is_diplomatic_play_type' returned false at common/on_actions/00_code_on_actions.txt:3825
[17:59:17][jomini_script_system.cpp:247]: Script system error!
  Error: has_journal_entry trigger [ Invalid database object 'je_warlord_china' ]
  Script location: common/on_actions/00_code_on_actions.txt:5080

[17:59:17][jomini_trigger.cpp:223]: PostValidate of trigger 'has_journal_entry' returned false at common/on_actions/00_code_on_actions.txt:5080
[17:59:17][jomini_script_system.cpp:247]: Script system error!
  Error: is_diplomatic_play_type trigger [ Invalid database object 'dp_balkan_war' ]
  Script location: common/on_actions/00_code_on_actions.txt:5939

[17:59:17][jomini_trigger.cpp:223]: PostValidate of trigger 'is_diplomatic_play_type' returned false at common/on_actions/00_code_on_actions.txt:5939
[17:59:17][jomini_script_system.cpp:247]: Script system error!
  Error: is_diplomatic_play_type trigger [ Invalid database object 'dp_balkan_war' ]
  Script location: common/on_actions/00_code_on_actions.txt:5976

[17:59:17][jomini_trigger.cpp:223]: PostValidate of trigger 'is_diplomatic_play_type' returned false at common/on_actions/00_code_on_actions.txt:5976
[17:59:17][jomini_script_system.cpp:247]: Script system error!
  Error: is_diplomatic_play_type trigger [ Invalid database object 'dp_enforce_trialist_manifesto' ]
  Script location: common/on_actions/00_code_on_actions.txt:6087

[17:59:17][jomini_trigger.cpp:223]: PostValidate of trigger 'is_diplomatic_play_type' returned false at common/on_actions/00_code_on_actions.txt:6087
[17:59:17][jomini_script_system.cpp:247]: Script system error!
  Error: has_active_production_method trigger [ Invalid Production Method: pm_no_hardwood ]
  Script location: gfx/map/city_data/city_centerpiece/balkan_centerpieces.txt:38

[17:59:17][jomini_trigger.cpp:223]: PostValidate of trigger 'has_active_production_method' returned false at gfx/map/city_data/city_centerpiece/balkan_centerpieces.txt:38
[17:59:17][jomini_script_system.cpp:247]: Script system error!
  Error: has_active_production_method trigger [ Invalid Production Method: pm_increased_hardwood ]
  Script location: gfx/map/city_data/city_centerpiece/balkan_centerpieces.txt:40

[17:59:17][jomini_trigger.cpp:223]: PostValidate of trigger 'has_active_production_method' returned false at gfx/map/city_data/city_centerpiece/balkan_centerpieces.txt:40
[17:59:17][jomini_script_system.cpp:247]: Script system error!
  Error: has_active_production_method trigger [ Invalid Production Method: pm_no_hardwood ]
  Script location: gfx/map/spline_network/route_graphics/02_railroad_vehicles.txt:897

[17:59:17][jomini_trigger.cpp:223]: PostValidate of trigger 'has_active_production_method' returned false at gfx/map/spline_network/route_graphics/02_railroad_vehicles.txt:897
[17:59:17][jomini_script_system.cpp:247]: Script system error!
  Error: has_active_production_method trigger [ Invalid Production Method: pm_no_hardwood ]
  Script location: gfx/map/spline_network/route_graphics/02_railroad_vehicles.txt:908

[17:59:17][jomini_trigger.cpp:223]: PostValidate of trigger 'has_active_production_method' returned false at gfx/map/spline_network/route_graphics/02_railroad_vehicles.txt:908
[17:59:17][jomini_script_system.cpp:247]: Script system error!
  Error: is_diplomatic_play_type trigger [ Invalid database object 'dp_balkan_war' ]
  Script location: common/scripted_buttons/00_balkan_wars_buttons.txt:384

[17:59:17][jomini_trigger.cpp:223]: PostValidate of trigger 'is_diplomatic_play_type' returned false at common/scripted_buttons/00_balkan_wars_buttons.txt:384
[17:59:17][jomini_script_system.cpp:247]: Script system error!
  Error: is_diplomatic_play_type trigger [ Invalid database object 'dp_balkan_war' ]
  Script location: common/scripted_buttons/00_balkan_wars_buttons.txt:441

[17:59:17][jomini_trigger.cpp:223]: PostValidate of trigger 'is_diplomatic_play_type' returned false at common/scripted_buttons/00_balkan_wars_buttons.txt:441
[17:59:17][jomini_script_system.cpp:247]: Script system error!
  Error: has_journal_entry trigger [ Invalid database object 'je_warlord_china' ]
  Script location: common/journal_entries/00_abolish_monarchy.txt:70

[17:59:17][jomini_trigger.cpp:223]: PostValidate of trigger 'has_journal_entry' returned false at common/journal_entries/00_abolish_monarchy.txt:70
[17:59:17][jomini_script_system.cpp:247]: Script system error!
  Error: has_discrimination_trait trigger [ Invalid database object 'east_slavic' ]
  Script location: common/company_types/00_companies_mp1.txt:357

[17:59:17][jomini_trigger.cpp:223]: PostValidate of trigger 'has_discrimination_trait' returned false at common/company_types/00_companies_mp1.txt:357
[17:59:17][jomini_script_system.cpp:247]: Script system error!
  Error: has_discrimination_trait trigger [ Invalid database object 'christian' ]
  Script location: common/power_bloc_identities/00_power_bloc_identities.txt:792

[17:59:17][jomini_trigger.cpp:223]: PostValidate of trigger 'has_discrimination_trait' returned false at common/power_bloc_identities/00_power_bloc_identities.txt:792
[17:59:17][jomini_script_system.cpp:247]: Script system error!
  Error: has_discrimination_trait trigger [ Invalid database object 'muslim' ]
  Script location: common/power_bloc_identities/00_power_bloc_identities.txt:793

[17:59:17][jomini_trigger.cpp:223]: PostValidate of trigger 'has_discrimination_trait' returned false at common/power_bloc_identities/00_power_bloc_identities.txt:793
[17:59:17][jomini_script_system.cpp:247]: Script system error!
  Error: has_discrimination_trait trigger [ Invalid database object 'jewish' ]
  Script location: common/power_bloc_identities/00_power_bloc_identities.txt:794

[17:59:17][jomini_trigger.cpp:223]: PostValidate of trigger 'has_discrimination_trait' returned false at common/power_bloc_identities/00_power_bloc_identities.txt:794
[17:59:17][jomini_script_system.cpp:247]: Script system error!
  Error: has_strategy trigger [ Invalid database object 'ai_strategy_unify_china' ]
  Script location: common/diplomatic_catalysts/00_diplomatic_catalysts.txt:1669

[17:59:17][jomini_trigger.cpp:223]: PostValidate of trigger 'has_strategy' returned false at common/diplomatic_catalysts/00_diplomatic_catalysts.txt:1669
[17:59:17][jomini_script_system.cpp:247]: Script system error!
  Error: has_journal_entry trigger [ Invalid database object 'je_opium_wars' ]
  Script location: common/scripted_triggers/00_ai_triggers.txt:162

[17:59:17][jomini_trigger.cpp:223]: PostValidate of trigger 'has_journal_entry' returned false at common/scripted_triggers/00_ai_triggers.txt:162
[17:59:17][jomini_script_system.cpp:247]: Script system error!
  Error: has_journal_entry trigger [ Invalid database object 'je_boxer_rebellion' ]
  Script location: common/scripted_triggers/00_ai_triggers.txt:168

[17:59:17][jomini_trigger.cpp:223]: PostValidate of trigger 'has_journal_entry' returned false at common/scripted_triggers/00_ai_triggers.txt:168
[17:59:17][jomini_script_system.cpp:247]: Script system error!
  Error: has_journal_entry trigger [ Invalid database object 'je_consolidate_colonial_rule' ]
  Script location: common/scripted_triggers/00_ai_triggers.txt:185

[17:59:17][jomini_trigger.cpp:223]: PostValidate of trigger 'has_journal_entry' returned false at common/scripted_triggers/00_ai_triggers.txt:185
[17:59:17][jomini_script_system.cpp:247]: Script system error!
  Error: has_journal_entry trigger [ Invalid database object 'je_war_of_the_confederation' ]
  Script location: common/ai_strategies/00_default_strategy.txt:1103

[17:59:17][jomini_trigger.cpp:223]: PostValidate of trigger 'has_journal_entry' returned false at common/ai_strategies/00_default_strategy.txt:1103
[17:59:17][jomini_script_system.cpp:247]: Script system error!
  Error: has_journal_entry trigger [ Invalid database object 'je_consolidate_colonial_rule' ]
  Script location: common/ai_strategies/00_default_strategy.txt:1539

[17:59:17][jomini_trigger.cpp:223]: PostValidate of trigger 'has_journal_entry' returned false at common/ai_strategies/00_default_strategy.txt:1539
[17:59:17][jomini_script_system.cpp:247]: Script system error!
  Error: has_journal_entry trigger [ Invalid database object 'je_opium_wars' ]
  Script location: common/ai_strategies/00_default_strategy.txt:2974

[17:59:17][jomini_trigger.cpp:223]: PostValidate of trigger 'has_journal_entry' returned false at common/ai_strategies/00_default_strategy.txt:2974
[17:59:17][jomini_script_system.cpp:247]: Script system error!
  Error: has_journal_entry trigger [ Invalid database object 'je_consolidate_colonial_rule' ]
  Script location: common/ai_strategies/00_default_strategy.txt:3184

[17:59:17][jomini_trigger.cpp:223]: PostValidate of trigger 'has_journal_entry' returned false at common/ai_strategies/00_default_strategy.txt:3184
[17:59:17][jomini_script_system.cpp:247]: Script system error!
  Error: has_journal_entry trigger [ Invalid database object 'je_consolidate_colonial_rule' ]
  Script location: common/ai_strategies/00_default_strategy.txt:6821

[17:59:17][jomini_trigger.cpp:223]: PostValidate of trigger 'has_journal_entry' returned false at common/ai_strategies/00_default_strategy.txt:6821
[17:59:18][eventtargetlinks.cpp:119]: Invalid database object key 'principle_group_colonial_offices' file location: common/laws/00_colonial_affairs.txt:141
[17:59:18][eventtargetlinks.cpp:119]: Invalid database object key 'principle_group_colonial_offices' file location: common/laws/00_colonial_affairs.txt:221
[17:59:18][eventtargetlinks.cpp:119]: Invalid database object key 'principle_group_colonial_offices' file location: common/laws/00_colonial_affairs.txt:304
[17:59:18][eventtargetlinks.cpp:119]: Invalid database object key 'principle_group_foreign_investment' file location: common/script_values/01_power_bloc_values.txt:35
[17:59:18][eventtargetlinks.cpp:119]: Invalid database object key 'mobilization_option_machinegun' file location: events/tech_events/military_tech_events_01.txt:127
[17:59:18][eventtargetlinks.cpp:119]: Invalid database object key 'mobilization_option_machinegun' file location: events/tech_events/military_tech_events_01.txt:140
[17:59:18][eventtargetlinks.cpp:119]: Invalid database object key 'mobilization_option_machinegun' file location: events/tech_events/military_tech_events_01.txt:151
[17:59:18][eventtargetlinks.cpp:119]: Invalid database object key 'mobilization_option_machinegun' file location: events/tech_events/military_tech_events_01.txt:159
[17:59:18][eventtargetlinks.cpp:119]: Invalid database object key 'company_suez_company' file location: common/character_templates/country_fra.txt:639
[17:59:18][eventtargetlinks.cpp:119]: Invalid database object key 'mobilization_option_machinegunners' file location: gfx/map/front_entities/front_entities_support.txt:186
[17:59:18][eventtargetlinks.cpp:119]: Invalid database object key 'mobilization_option_machinegunners' file location: gfx/map/front_entities/front_entities_support.txt:204
[17:59:18][eventtargetlinks.cpp:119]: Invalid database object key 'mobilization_option_machinegunners' file location: gfx/map/front_entities/front_entities_support.txt:222
[17:59:18][eventtargetlinks.cpp:119]: Invalid database object key 'mobilization_option_machinegunners' file location: gfx/map/front_entities/front_entities_support.txt:240
[17:59:18][eventtargetlinks.cpp:119]: Invalid database object key 'mobilization_option_machinegunners' file location: gfx/map/front_entities/front_entities_support.txt:258
[17:59:18][eventtargetlinks.cpp:119]: Invalid database object key 'mobilization_option_machinegunners' file location: gfx/map/front_entities/front_entities_support.txt:279
[17:59:18][eventtargetlinks.cpp:119]: Invalid database object key 'principle_group_defensive_cooperation' file location: common/power_bloc_principles/00_power_bloc_principles.txt:439
[17:59:18][eventtargetlinks.cpp:119]: Invalid database object key 'principle_group_colonial_offices' file location: common/ai_strategies/00_default_strategy.txt:6001
[17:59:18][eventtargetlinks.cpp:119]: Invalid database object key 'principle_group_colonial_offices' file location: common/ai_strategies/00_default_strategy.txt:6387
[17:59:18][eventtargetlinks.cpp:119]: Invalid database object key 'principle_colonial_offices_3' file location: common/ai_strategies/02_diplomatic_strategies.txt:81
[17:59:18][eventtargetlinks.cpp:119]: Invalid database object key 'principle_colonial_offices_3' file location: common/ai_strategies/02_diplomatic_strategies.txt:447
[17:59:18][eventtargetlinks.cpp:119]: Invalid database object key 'principle_group_colonial_offices' file location: common/ai_strategies/02_diplomatic_strategies.txt:689
[17:59:18][eventtargetlinks.cpp:119]: Invalid database object key 'principle_group_colonial_offices' file location: common/ai_strategies/02_diplomatic_strategies.txt:712
[17:59:18][eventtargetlinks.cpp:119]: Invalid database object key 'principle_colonial_offices_3' file location: common/ai_strategies/02_diplomatic_strategies.txt:962
[17:59:18][eventtargetlinks.cpp:119]: Invalid database object key 'principle_colonial_offices_3' file location: common/ai_strategies/02_diplomatic_strategies.txt:2800
[17:59:18][eventtargetlinks.cpp:119]: Invalid database object key 'principle_foreign_investment_3' file location: common/treaty_articles/07_foreign_investment_rights.txt:68
[17:59:18][eventtargetlinks.cpp:119]: Invalid database object key 'principle_foreign_investment_3' file location: common/treaty_articles/18_acquire_monopoly_for_company.txt:83
[17:59:18][jomini_eventmanager.cpp:118]: 'raj.1' does not have a valid namespace
[17:59:18][jomini_script_system.cpp:247]: Script system error!
  Error: trigger_event effect [ Event not found! EventID: raj.1 ]
  Script location: common/decisions/british_raj_decisions.txt:23

[17:59:18][jomini_eventmanager.cpp:118]: 'raj.1' does not have a valid namespace
[17:59:18][jomini_script_system.cpp:247]: Script system error!
  Error: trigger_event effect [ Event not found! EventID: raj.1 ]
  Script location: common/decisions/india_decisions.txt:291

[17:59:18][jomini_eventmanager.cpp:118]: 'raj.4' does not have a valid namespace
[17:59:18][jomini_script_system.cpp:247]: Script system error!
  Error: trigger_event effect [ Event not found! EventID: raj.4 ]
  Script location: common/journal_entries/04_sepoy_mutiny.txt:422

[17:59:18][jomini_eventmanager.cpp:118]: 'raj.5' does not have a valid namespace
[17:59:18][jomini_script_system.cpp:247]: Script system error!
  Error: trigger_event effect [ Event not found! EventID: raj.5 ]
  Script location: common/journal_entries/04_sepoy_mutiny.txt:423

[17:59:18][jomini_eventmanager.cpp:118]: 'raj.1' does not have a valid namespace
[17:59:18][jomini_script_system.cpp:247]: Script system error!
  Error: trigger_event effect [ Event not found! EventID: raj.1 ]
  Script location: common/journal_entries/04_sepoy_mutiny.txt:493

[17:59:18][jomini_eventmanager.cpp:118]: 'raj.2' does not have a valid namespace
[17:59:18][jomini_script_system.cpp:247]: Script system error!
  Error: trigger_event effect [ Event not found! EventID: raj.2 ]
  Script location: common/diplomatic_actions/46_doctrine_of_lapse.txt:67

[17:59:18][jomini_script_system.cpp:247]: Script system error!
  Error: add_modifier effect [ name: Not found in database class NJominiModifier::CStaticModifierDatabase ]
  Script location: events/law_events/children_rights_events.txt:418

[17:59:18][jomini_effect.cpp:140]: PostValidate of effect 'add_modifier' returned false at events/law_events/children_rights_events.txt:418
[17:59:18][jomini_script_system.cpp:247]: Script system error!
  Error: add_modifier effect [ name: Not found in database class NJominiModifier::CStaticModifierDatabase ]
  Script location: events/law_events/children_rights_events.txt:424

[17:59:18][jomini_effect.cpp:140]: PostValidate of effect 'add_modifier' returned false at events/law_events/children_rights_events.txt:424
[17:59:18][jomini_script_system.cpp:247]: Script system error!
  Error: add_modifier effect [ name: Not found in database class NJominiModifier::CStaticModifierDatabase ]
  Script location: common/decisions/manifest_destiny.txt:62

[17:59:18][jomini_effect.cpp:140]: PostValidate of effect 'add_modifier' returned false at common/decisions/manifest_destiny.txt:62
[17:59:18][jomini_effect.cpp:1138]: Variable 'bombay_progress_from_events_var_add_6' is used but is never set. Setting it in an unused scripted trigger or effect does not count
[17:59:18][jomini_effect.cpp:1138]: Variable 'usa_state_flag_block' is used but is never set. Setting it in an unused scripted trigger or effect does not count
[17:59:18][jomini_effect.cpp:1138]: Variable 'madras_progress_from_events_var_add_6' is used but is never set. Setting it in an unused scripted trigger or effect does not count
[17:59:18][jomini_effect.cpp:1134]: Variable 'reject_russo-turkish_war' is set but is never used. Note that use in localization doesn't count due to technical limitations. Use in unused scripted triggers and effects also does not count
[17:59:18][jomini_effect.cpp:1138]: Variable 'madras_progress_from_events_var_add_5' is used but is never set. Setting it in an unused scripted trigger or effect does not count
[17:59:18][jomini_effect.cpp:1138]: Variable 'bengal_progress_from_events_var_add_5' is used but is never set. Setting it in an unused scripted trigger or effect does not count
[17:59:18][jomini_effect.cpp:1138]: Variable 'frankenstein_factory_operational_var' is used but is never set. Setting it in an unused scripted trigger or effect does not count
[17:59:18][jomini_effect.cpp:1138]: Variable 'british_raj_var' is used but is never set. Setting it in an unused scripted trigger or effect does not count
[17:59:18][jomini_effect.cpp:1138]: Variable 'chinese_central_government' is used but is never set. Setting it in an unused scripted trigger or effect does not count
[17:59:18][jomini_effect.cpp:1138]: Variable 'district_of_columbia' is used but is never set. Setting it in an unused scripted trigger or effect does not count
[17:59:18][jomini_effect.cpp:1134]: Variable 'military_tech_events_var' is set but is never used. Note that use in localization doesn't count due to technical limitations. Use in unused scripted triggers and effects also does not count
[17:59:18][jomini_effect.cpp:1134]: Variable 'sepoy_mutiny_princely_state_medium_loyalty_var' is set but is never used. Note that use in localization doesn't count due to technical limitations. Use in unused scripted triggers and effects also does not count
[17:59:18][jomini_effect.cpp:1138]: Variable 'bombay_progress_from_events_var_add_5' is used but is never set. Setting it in an unused scripted trigger or effect does not count
[17:59:18][jomini_effect.cpp:1138]: Variable 'china_shatters' is used but is never set. Setting it in an unused scripted trigger or effect does not count
[17:59:18][jomini_effect.cpp:1134]: Variable 'por_ignored_gbr_var' is set but is never used. Note that use in localization doesn't count due to technical limitations. Use in unused scripted triggers and effects also does not count
[17:59:18][jomini_effect.cpp:1134]: Variable 'east_indies_revolt_var' is set but is never used. Note that use in localization doesn't count due to technical limitations. Use in unused scripted triggers and effects also does not count
[17:59:18][jomini_effect.cpp:1138]: Variable 'bengal_progress_from_events_var_add_6' is used but is never set. Setting it in an unused scripted trigger or effect does not count
[17:59:18][jomini_effect.cpp:1138]: Variable 'frankenstein_happened_global_var' is used but is never set. Setting it in an unused scripted trigger or effect does not count
[17:59:18][jomini_effect.cpp:1138]: Variable 'cult_center' is used but is never set. Setting it in an unused scripted trigger or effect does not count
[17:59:18][jomini_effect.cpp:1138]: Variable 'lost_opium_wars' is used but is never set. Setting it in an unused scripted trigger or effect does not count
[17:59:18][jomini_effect.cpp:1134]: Variable 'china_warlord_abolished_monarchy' is set but is never used. Note that use in localization doesn't count due to technical limitations. Use in unused scripted triggers and effects also does not count
[17:59:18][jomini_effect.cpp:1134]: Variable 'truce_funny' is set but is never used. Note that use in localization doesn't count due to technical limitations. Use in unused scripted triggers and effects also does not count
[17:59:18][jomini_effect.cpp:1138]: Variable 'anti_monarchist_revolution' is used but is never set. Setting it in an unused scripted trigger or effect does not count
[17:59:18][jomini_effect.cpp:1138]: Variable 'opium_wars_target' is used but is never set. Setting it in an unused scripted trigger or effect does not count
[17:59:18][jomini_effect.cpp:1138]: Variable 'consolidated_colonial_rule' is used but is never set. Setting it in an unused scripted trigger or effect does not count
[17:59:18][jomini_effect.cpp:1138]: Event target 'heavenly_kingdom_spawn' is used but is never set. Setting it in an unused scripted trigger or effect does not count
[17:59:18][jomini_effect.cpp:1138]: Event target 'dixie_acw_scope' is used but is never set. Setting it in an unused scripted trigger or effect does not count
[17:59:18][jomini_eventmanager.cpp:376]: Event pedro.1 is orphaned
[17:59:20][game_object_locators.cpp:428]: map object locator "city" is incomplete. A new file with locator data has been generated ( C:/Users/ricar/Documents/Paradox Interactive/Victoria 3//generated/generated_map_object_locators_city.txt ).
Copy that file (or its contents) to game/gfx/map_object_data to fix the error logs.
[17:59:20][game_object_locators.cpp:428]: map object locator "farm" is incomplete. A new file with locator data has been generated ( C:/Users/ricar/Documents/Paradox Interactive/Victoria 3//generated/generated_map_object_locators_farm.txt ).
Copy that file (or its contents) to game/gfx/map_object_data to fix the error logs.
[17:59:20][game_object_locators.cpp:428]: map object locator "mine" is incomplete. A new file with locator data has been generated ( C:/Users/ricar/Documents/Paradox Interactive/Victoria 3//generated/generated_map_object_locators_mine.txt ).
Copy that file (or its contents) to game/gfx/map_object_data to fix the error logs.
[17:59:20][game_object_locators.cpp:428]: map object locator "port" is incomplete. A new file with locator data has been generated ( C:/Users/ricar/Documents/Paradox Interactive/Victoria 3//generated/generated_map_object_locators_port.txt ).
Copy that file (or its contents) to game/gfx/map_object_data to fix the error logs.
[17:59:20][game_object_locators.cpp:428]: map object locator "wood" is incomplete. A new file with locator data has been generated ( C:/Users/ricar/Documents/Paradox Interactive/Victoria 3//generated/generated_map_object_locators_wood.txt ).
Copy that file (or its contents) to game/gfx/map_object_data to fix the error logs.

[18:04:04][jomini_script_system.cpp:247]: Script system error!
  Error: has_law_or_variant trigger [ Wrong scope for trigger: power_bloc, expected country ]
  Script location: common/coat_of_arms/template_lists/colored_emblem_lists.txt:1217

[18:04:04][jomini_script_system.cpp:247]: Script system error!
  Error: has_law_or_variant trigger [ Wrong scope for trigger: power_bloc, expected country ]
  Script location: common/coat_of_arms/template_lists/colored_emblem_lists.txt:1255

[18:04:04][jomini_script_system.cpp:247]: Script system error!
  Error: has_law_or_variant trigger [ Wrong scope for trigger: power_bloc, expected country ]
  Script location: common/coat_of_arms/template_lists/colored_emblem_lists.txt:1284

[18:04:04][jomini_script_system.cpp:247]: Script system error!
  Error: has_law_or_variant trigger [ Wrong scope for trigger: power_bloc, expected country ]
  Script location: common/coat_of_arms/template_lists/colored_emblem_lists.txt:1293

[18:04:04][jomini_script_system.cpp:247]: Script system error!
  Error: has_law_or_variant trigger [ Wrong scope for trigger: power_bloc, expected country ]
  Script location: common/coat_of_arms/template_lists/colored_emblem_lists.txt:1301

[18:04:04][jomini_script_system.cpp:247]: Script system error!
  Error: has_law_or_variant trigger [ Wrong scope for trigger: power_bloc, expected country ]
  Script location: common/scripted_triggers/00_coa_triggers.txt:82
common/coat_of_arms/template_lists/colored_emblem_lists.txt:1324

[18:04:04][jomini_script_system.cpp:247]: Script system error!
  Error: has_law_or_variant trigger [ Wrong scope for trigger: power_bloc, expected country ]
  Script location: common/scripted_triggers/00_coa_triggers.txt:41
common/coat_of_arms/template_lists/colored_emblem_lists.txt:1345
common/scripted_triggers/00_coa_triggers.txt:119
common/scripted_triggers/00_coa_triggers.txt:58

[18:04:04][jomini_script_system.cpp:247]: Script system error!
  Error: has_law_or_variant trigger [ Wrong scope for trigger: power_bloc, expected country ]
  Script location: common/scripted_triggers/00_coa_triggers.txt:42
common/coat_of_arms/template_lists/colored_emblem_lists.txt:1345
common/scripted_triggers/00_coa_triggers.txt:119
common/scripted_triggers/00_coa_triggers.txt:58

[18:04:04][jomini_script_system.cpp:247]: Script system error!
  Error: has_law_or_variant trigger [ Wrong scope for trigger: power_bloc, expected country ]
  Script location: common/scripted_triggers/00_coa_triggers.txt:43
common/coat_of_arms/template_lists/colored_emblem_lists.txt:1345
common/scripted_triggers/00_coa_triggers.txt:119
common/scripted_triggers/00_coa_triggers.txt:58

[18:04:04][jomini_script_system.cpp:247]: Script system error!
  Error: has_law_or_variant trigger [ Wrong scope for trigger: power_bloc, expected country ]
  Script location: common/scripted_triggers/00_coa_triggers.txt:44
common/coat_of_arms/template_lists/colored_emblem_lists.txt:1345
common/scripted_triggers/00_coa_triggers.txt:119
common/scripted_triggers/00_coa_triggers.txt:58

[18:04:04][jomini_script_system.cpp:247]: Script system error!
  Error: has_law_or_variant trigger [ Wrong scope for trigger: power_bloc, expected country ]
  Script location: common/scripted_triggers/00_coa_triggers.txt:41
common/coat_of_arms/template_lists/colored_emblem_lists.txt:1345
common/scripted_triggers/00_coa_triggers.txt:120
common/scripted_triggers/00_coa_triggers.txt:53

[18:04:04][jomini_script_system.cpp:247]: Script system error!
  Error: has_law_or_variant trigger [ Wrong scope for trigger: power_bloc, expected country ]
  Script location: common/scripted_triggers/00_coa_triggers.txt:42
common/coat_of_arms/template_lists/colored_emblem_lists.txt:1345
common/scripted_triggers/00_coa_triggers.txt:120
common/scripted_triggers/00_coa_triggers.txt:53

[18:04:04][jomini_script_system.cpp:247]: Script system error!
  Error: has_law_or_variant trigger [ Wrong scope for trigger: power_bloc, expected country ]
  Script location: common/scripted_triggers/00_coa_triggers.txt:43
common/coat_of_arms/template_lists/colored_emblem_lists.txt:1345
common/scripted_triggers/00_coa_triggers.txt:120
common/scripted_triggers/00_coa_triggers.txt:53

[18:04:04][jomini_script_system.cpp:247]: Script system error!
  Error: has_law_or_variant trigger [ Wrong scope for trigger: power_bloc, expected country ]
  Script location: common/scripted_triggers/00_coa_triggers.txt:44
common/coat_of_arms/template_lists/colored_emblem_lists.txt:1345
common/scripted_triggers/00_coa_triggers.txt:120
common/scripted_triggers/00_coa_triggers.txt:53

[18:04:04][jomini_script_system.cpp:247]: Script system error!
  Error: has_law_or_variant trigger [ Wrong scope for trigger: power_bloc, expected country ]
  Script location: common/coat_of_arms/template_lists/colored_emblem_lists.txt:1217

[18:04:04][jomini_script_system.cpp:247]: Script system error!
  Error: has_law_or_variant trigger [ Wrong scope for trigger: power_bloc, expected country ]
  Script location: common/coat_of_arms/template_lists/colored_emblem_lists.txt:1255

[18:04:04][jomini_script_system.cpp:247]: Script system error!
  Error: has_law_or_variant trigger [ Wrong scope for trigger: power_bloc, expected country ]
  Script location: common/coat_of_arms/template_lists/colored_emblem_lists.txt:1284

[18:04:04][jomini_script_system.cpp:247]: Script system error!
  Error: has_law_or_variant trigger [ Wrong scope for trigger: power_bloc, expected country ]
  Script location: common/coat_of_arms/template_lists/colored_emblem_lists.txt:1293

[18:04:04][jomini_script_system.cpp:247]: Script system error!
  Error: has_law_or_variant trigger [ Wrong scope for trigger: power_bloc, expected country ]
  Script location: common/coat_of_arms/template_lists/colored_emblem_lists.txt:1301

[18:04:04][jomini_script_system.cpp:247]: Script system error!
  Error: has_law_or_variant trigger [ Wrong scope for trigger: power_bloc, expected country ]
  Script location: common/scripted_triggers/00_coa_triggers.txt:82
common/coat_of_arms/template_lists/colored_emblem_lists.txt:1324

[18:04:04][jomini_script_system.cpp:247]: Script system error!
  Error: has_law_or_variant trigger [ Wrong scope for trigger: power_bloc, expected country ]
  Script location: common/scripted_triggers/00_coa_triggers.txt:41
common/coat_of_arms/template_lists/colored_emblem_lists.txt:1345
common/scripted_triggers/00_coa_triggers.txt:119
common/scripted_triggers/00_coa_triggers.txt:58

[18:04:04][jomini_script_system.cpp:247]: Script system error!
  Error: has_law_or_variant trigger [ Wrong scope for trigger: power_bloc, expected country ]
  Script location: common/scripted_triggers/00_coa_triggers.txt:42
common/coat_of_arms/template_lists/colored_emblem_lists.txt:1345
common/scripted_triggers/00_coa_triggers.txt:119
common/scripted_triggers/00_coa_triggers.txt:58

[18:04:04][jomini_script_system.cpp:247]: Script system error!
  Error: has_law_or_variant trigger [ Wrong scope for trigger: power_bloc, expected country ]
  Script location: common/scripted_triggers/00_coa_triggers.txt:43
common/coat_of_arms/template_lists/colored_emblem_lists.txt:1345
common/scripted_triggers/00_coa_triggers.txt:119
common/scripted_triggers/00_coa_triggers.txt:58

[18:04:04][jomini_script_system.cpp:247]: Script system error!
  Error: has_law_or_variant trigger [ Wrong scope for trigger: power_bloc, expected country ]
  Script location: common/scripted_triggers/00_coa_triggers.txt:44
common/coat_of_arms/template_lists/colored_emblem_lists.txt:1345
common/scripted_triggers/00_coa_triggers.txt:119
common/scripted_triggers/00_coa_triggers.txt:58

[18:04:04][jomini_script_system.cpp:247]: Script system error!
  Error: has_law_or_variant trigger [ Wrong scope for trigger: power_bloc, expected country ]
  Script location: common/scripted_triggers/00_coa_triggers.txt:41
common/coat_of_arms/template_lists/colored_emblem_lists.txt:1345
common/scripted_triggers/00_coa_triggers.txt:120
common/scripted_triggers/00_coa_triggers.txt:53

[18:04:04][jomini_script_system.cpp:247]: Script system error!
  Error: has_law_or_variant trigger [ Wrong scope for trigger: power_bloc, expected country ]
  Script location: common/scripted_triggers/00_coa_triggers.txt:42
common/coat_of_arms/template_lists/colored_emblem_lists.txt:1345
common/scripted_triggers/00_coa_triggers.txt:120
common/scripted_triggers/00_coa_triggers.txt:53

[18:04:04][jomini_script_system.cpp:247]: Script system error!
  Error: has_law_or_variant trigger [ Wrong scope for trigger: power_bloc, expected country ]
  Script location: common/scripted_triggers/00_coa_triggers.txt:43
common/coat_of_arms/template_lists/colored_emblem_lists.txt:1345
common/scripted_triggers/00_coa_triggers.txt:120
common/scripted_triggers/00_coa_triggers.txt:53

[18:04:04][jomini_script_system.cpp:247]: Script system error!
  Error: has_law_or_variant trigger [ Wrong scope for trigger: power_bloc, expected country ]
  Script location: common/scripted_triggers/00_coa_triggers.txt:44
common/coat_of_arms/template_lists/colored_emblem_lists.txt:1345
common/scripted_triggers/00_coa_triggers.txt:120
common/scripted_triggers/00_coa_triggers.txt:53

[18:04:08][pdx_named_index_impl.h:257]: Could not find NamedIndex 'PdxDebugConstants'
[18:08:14][connectionshandler.cpp:235]: RemovePeer [31224]: Machine ID: 12 outside the user connections range 7

[18:11:02][jomini_script_system.cpp:247]: Script system error!
  Error: Event target link 'c' returned an unset scope
  Script location: common/journal_entries/02_acre_dispute.txt:8

[18:11:02][jomini_script_system.cpp:247]: Script system error!
  Error: Invalid left side during comparison 'c'
  Script location: common/journal_entries/02_acre_dispute.txt:8

[18:13:33][connectionshandler.cpp:235]: RemovePeer [31224]: Machine ID: 8 outside the user connections range 7
[18:13:59][connectionshandler.cpp:235]: RemovePeer [31224]: Machine ID: 15 outside the user connections range 7
[18:15:26][connectionshandler.cpp:235]: RemovePeer [31224]: Machine ID: 20 outside the user connections range 7
[18:16:59][connectionshandler.cpp:235]: RemovePeer [31224]: Machine ID: 21 outside the user connections range 7
[18:20:50][connectionshandler.cpp:235]: RemovePeer [31224]: Machine ID: 23 outside the user connections range 7
[18:22:38][pdx_assert.cpp:628]: Assertion failed: NGameState::GameStateAccess._Value == EGameStateAccess::Logic || NGameState::HiddenGameStateAccess._Value == EHiddenGameStateAccess::Allowed
[18:26:25][pdx_data_callstack.cpp:52]: Promote 'FindChild' returned nullptr, in 'PdxGuiWidget.FindChild('interest_group_top').TriggerAnimation('show')'
[18:26:25][pdx_data_callstack.cpp:52]: Promote 'FindChild' returned nullptr, in 'PdxGuiWidget.FindChild('interest_group_top').TriggerAnimation('show')'
[18:26:25][pdx_data_callstack.cpp:52]: Promote 'FindChild' returned nullptr, in 'PdxGuiWidget.FindChild('interest_group_top').TriggerAnimation('show')'
[18:26:25][pdx_data_callstack.cpp:52]: Promote 'FindChild' returned nullptr, in 'PdxGuiWidget.FindChild('interest_group_top').TriggerAnimation('show')'
[18:26:25][pdx_data_callstack.cpp:52]: Promote 'FindChild' returned nullptr, in 'PdxGuiWidget.FindChild('interest_group_top').TriggerAnimation('show')'
[18:26:25][pdx_data_callstack.cpp:52]: Promote 'FindChild' returned nullptr, in 'PdxGuiWidget.FindChild('interest_group_top').TriggerAnimation('show')'
[18:26:25][pdx_data_callstack.cpp:52]: Promote 'FindChild' returned nullptr, in 'PdxGuiWidget.FindChild('interest_group_top').TriggerAnimation('show')'
[18:26:25][pdx_data_callstack.cpp:52]: Promote 'FindChild' returned nullptr, in 'PdxGuiWidget.FindChild('interest_group_top').TriggerAnimation('show')'
[18:27:17][jomini_script_system.cpp:247]: Script system error!
  Error: Event target link 'currently_enacting_law' returned an invalid object
  Script location: events/law_events/unable_to_enact_events.txt:39

[18:29:53][pdx_assert.cpp:628]: Assertion failed: NGameState::GameStateAccess._Value == EGameStateAccess::Interface || NGameState::HiddenGameStateAccess._Value == EHiddenGameStateAccess::Allowed
[18:30:06][pdx_data_callstack.cpp:16]: No context supplied (Use SetDataContext), wanted context of type 'Battle' for 'Battle.Self'
[18:30:09][pdx_assert.cpp:628]: Assertion failed: No cached pop expenses for popneed_simple_clothing in market Argentinian Market
[18:32:36][pdx_assert.cpp:628]: Assertion failed: New generated leader Character Carlos de Céspedes (16778592) for Interest Group Catholic Church (1105) was not set as the interest group's leader during character generation
[18:36:14][pdx_data_callstack.cpp:139]: Trying to access non-const context pointer from a const context for type 'Event'
[18:36:19][pdx_gui_data_model.cpp:95]: Trying to reshape data model with negative offset -1
