[23:55:32][gamedatabase.h:378]: Duplicated key is_princely_state will not be created from file: common/scripted_triggers/scripted_triggers_mbd.txt:53
[23:55:32][pdx_persistent_reader.cpp:268]: Error: "Unknown trigger type: country_is_in_europe, near line: 917
Unknown trigger type: country_is_in_north_america, near line: 918" in file: "common/customizable_localization/02_events.txt" near line: 919
[23:55:32][pdx_persistent_reader.cpp:268]: Error: "Unknown trigger type: country_is_in_south_america, near line: 926" in file: "common/customizable_localization/02_events.txt" near line: 927
[23:55:33][gamedatabase.h:378]: Duplicated key unit_combat_unit_type_mobile_artillery_offense_mult will not be created from file: common/modifier_type_definitions/companias_modifier_types.txt:39
[23:55:33][gamedatabase.h:378]: Duplicated key unit_combat_unit_type_shrapnel_artillery_offense_mult will not be created from file: common/modifier_type_definitions/companias_modifier_types.txt:45
[23:55:33][gamedatabase.h:378]: Duplicated key country_institution_cost_institution_health_system_mult will not be created from file: common/modifier_type_definitions/generico_modifier_types.txt:9
[23:55:33][gamedatabase.h:378]: Duplicated key state_bureaucrats_investment_pool_contribution_add will not be created from file: common/modifier_type_definitions/generico_modifier_types.txt:35
[23:55:33][gamedatabase.h:378]: Duplicated key country_institution_cost_institution_military_mult will not be created from file: common/modifier_type_definitions/militar_modifier_types.txt:8
[23:55:33][gamedatabase.h:378]: Duplicated key unit_combat_unit_type_trench_infantry_offense_add will not be created from file: common/modifier_type_definitions/militar_modifier_types.txt:244
[23:55:33][gamedatabase.h:378]: Duplicated key unit_combat_unit_type_squad_infantry_offense_add will not be created from file: common/modifier_type_definitions/militar_modifier_types.txt:252
[23:55:33][gamedatabase.h:378]: Duplicated key unit_combat_unit_type_mechanized_infantry_offense_add will not be created from file: common/modifier_type_definitions/militar_modifier_types.txt:260
[23:55:33][gamedatabase.h:378]: Duplicated key unit_combat_unit_type_irregular_infantry_defense_mult will not be created from file: common/modifier_type_definitions/militar_modifier_types.txt:367
[23:55:33][gamedatabase.h:378]: Duplicated key unit_combat_unit_type_line_infantry_defense_mult will not be created from file: common/modifier_type_definitions/militar_modifier_types.txt:375
[23:55:33][gamedatabase.h:378]: Duplicated key unit_combat_unit_type_skirmish_infantry_defense_mult will not be created from file: common/modifier_type_definitions/militar_modifier_types.txt:384
[23:55:33][gamedatabase.h:378]: Duplicated key unit_combat_unit_type_mobile_artillery_offense_mult will not be created from file: common/modifier_type_definitions/militar_modifier_types.txt:447
[23:55:33][gamedatabase.h:378]: Duplicated key unit_combat_unit_type_shrapnel_artillery_offense_mult will not be created from file: common/modifier_type_definitions/militar_modifier_types.txt:456
[23:55:33][gamedatabase.h:378]: Duplicated key unit_combat_unit_type_siege_artillery_offense_mult will not be created from file: common/modifier_type_definitions/militar_modifier_types.txt:465
[23:55:33][gamedatabase.h:378]: Duplicated key unit_combat_unit_type_shrapnel_artillery_defense_mult will not be created from file: common/modifier_type_definitions/militar_modifier_types.txt:507
[23:55:33][gamedatabase.h:378]: Duplicated key unit_combat_unit_type_light_tanks_offense_mult will not be created from file: common/modifier_type_definitions/militar_modifier_types.txt:531
[23:55:33][pdx_persistent_reader.cpp:268]: Error: "Unknown modifier type: building_group_building_rubber_plantation_mortality_mult. It is either invalid, or a potential dynamic modifier type definition missing from the database.: building_group_building_rubber_plantation_mortality_mult, near line: 211" in file: "common/static_modifiers/104_modifiers.txt" near line: 211
[23:55:33][gamedatabase.h:378]: Duplicated key amazon_theatre will not be created from file: common/static_modifiers/content_1_modifiers.txt:927
[23:55:33][gamedatabase.h:378]: Duplicated key amazon_migration will not be created from file: common/static_modifiers/content_1_modifiers.txt:932
[23:55:33][gamedatabase.h:378]: Duplicated key japan_diplomatic_reward will not be created from file: common/static_modifiers/meiji_modificador.txt:1
[23:55:33][gamedatabase.h:378]: Duplicated key japan_production_reward will not be created from file: common/static_modifiers/meiji_modificador.txt:9
[23:55:33][gamedatabase.h:378]: Duplicated key ottoman_army_reform will not be created from file: common/static_modifiers/ottoman_static_modifiers.txt:1
[23:55:33][gamedatabase.h:378]: Duplicated key ottoman_urbanization will not be created from file: common/static_modifiers/ottoman_static_modifiers.txt:8
[23:55:33][gamedatabase.h:378]: Duplicated key ottoman_education will not be created from file: common/static_modifiers/ottoman_static_modifiers.txt:14
[23:55:33][gamedatabase.h:378]: Duplicated key outmoded_bureaucracy will not be created from file: common/static_modifiers/ottoman_static_modifiers.txt:19
[23:55:33][gamedatabase.h:378]: Duplicated key sick_man_of_europe will not be created from file: common/static_modifiers/ottoman_static_modifiers.txt:25
[23:55:33][gamedatabase.h:378]: Duplicated key russian will not be created from file: common/cultures/00_rus_cultures.txt:2
[23:55:33][pdx_persistent_reader.cpp:268]: Error: "Unknown modifier type: building_group_building_rubber_plantation_unincorporated_throughput_add. It is either invalid, or a potential dynamic modifier type definition missing from the database.: building_group_building_rubber_plantation_unincorporated_throughput_add, near line: 256" in file: "common/laws/00_colonial_affairs.txt" near line: 256
[23:55:33][pdx_persistent_reader.cpp:268]: Error: "Unknown modifier type: building_group_building_logging_camp_unincorporated_throughput_add. It is either invalid, or a potential dynamic modifier type definition missing from the database.: building_group_building_logging_camp_unincorporated_throughput_add, near line: 257" in file: "common/laws/00_colonial_affairs.txt" near line: 257
[23:55:33][gamedatabase.h:378]: Duplicated key law_chiefdom will not be created from file: common/laws/00_governance_principles_mod.txt:5
[23:55:34][pdx_persistent_reader.cpp:268]: Error: "Unknown trigger type: state_is_in_africa, near line: 515" in file: "common/technology/technologies/30_society.txt" near line: 516
[23:55:34][pdx_persistent_reader.cpp:268]: Error: "Unknown trigger type: country_is_in_south_america, near line: 573
Unknown trigger type: country_is_in_central_america, near line: 574" in file: "common/technology/technologies/30_society.txt" near line: 575
[23:55:34][gamedatabase.h:378]: Duplicated key state_trait_copper_coast will not be created from file: common/state_traits/australia_traits.txt:10
[23:55:34][gamedatabase.h:378]: Duplicated key state_trait_great_dividing_range will not be created from file: common/state_traits/australia_traits.txt:44
[23:55:34][gamedatabase.h:378]: Duplicated key state_trait_tasmanian_rainforest will not be created from file: common/state_traits/australia_traits.txt:53
[23:55:34][gamedatabase.h:378]: Duplicated key state_trait_murray_darling_basin will not be created from file: common/state_traits/australia_traits.txt:63
[23:55:34][gamedatabase.h:378]: Duplicated key state_trait_great_lakes will not be created from file: common/state_traits/canada_traits.txt:10
[23:55:34][gamedatabase.h:378]: Duplicated key state_trait_halifax_harbor will not be created from file: common/state_traits/canada_traits.txt:19
[23:55:34][gamedatabase.h:378]: Duplicated key state_trait_canadian_prairies will not be created from file: common/state_traits/canada_traits.txt:30
[23:55:34][gamedatabase.h:378]: Duplicated key state_trait_northern_canadian_terrain will not be created from file: common/state_traits/canada_traits.txt:39
[23:55:34][gamedatabase.h:378]: Duplicated key state_trait_zagros_mountains will not be created from file: common/state_traits/persia_traits.txt:9
[23:55:34][gamedatabase.h:378]: Duplicated key state_trait_alborz_mountains will not be created from file: common/state_traits/persia_traits.txt:18
[23:55:34][gamedatabase.h:378]: Duplicated key state_trait_pearl_river will not be created from file: common/state_traits/sinosphere_state_traits.txt:84
[23:55:34][gamedatabase.h:378]: Duplicated key state_trait_yangtze_river will not be created from file: common/state_traits/sinosphere_state_traits.txt:94
[23:55:34][gamedatabase.h:378]: Duplicated key state_trait_yellow_river will not be created from file: common/state_traits/sinosphere_state_traits.txt:105
[23:55:34][gamedatabase.h:378]: Duplicated key state_trait_tagus_river will not be created from file: common/state_traits/spain_traits.txt:9
[23:55:34][gamedatabase.h:378]: Duplicated key state_trait_tagus_estuary will not be created from file: common/state_traits/spain_traits.txt:17
[23:55:34][gamedatabase.h:378]: Duplicated key state_trait_indochinese_forest will not be created from file: common/state_traits/vietnam_traits.txt:1
[23:55:34][gamedatabase.h:378]: Duplicated key state_trait_mekong_delta will not be created from file: common/state_traits/vietnam_traits.txt:11
[23:55:34][gamedatabase.h:378]: Duplicated key pm_default_building_big_ben will not be created from file: common/production_methods/monuments_mhmbd.txt:85
[23:55:34][gamedatabase.h:378]: Duplicated key pm_monument_prestige_only_vatican_city will not be created from file: common/production_methods/monuments_mhmbd.txt:297
[23:55:34][gamedatabase.h:378]: Duplicated key pm_monument_prestige_only will not be created from file: common/production_methods/monuments_mhmbd.txt:331
[23:55:34][gamedatabase.h:378]: Duplicated key pm_monument_no_effects will not be created from file: common/production_methods/monuments_mhmbd.txt:343
[23:55:34][gamedatabase.h:378]: Duplicated key pm_power_bloc_statue_sovereign_empire will not be created from file: common/production_methods/monuments_mhmbd.txt:349
[23:55:34][gamedatabase.h:378]: Duplicated key pm_power_bloc_statue_ideological_union will not be created from file: common/production_methods/monuments_mhmbd.txt:376
[23:55:34][gamedatabase.h:378]: Duplicated key pm_power_bloc_statue_military_treaty will not be created from file: common/production_methods/monuments_mhmbd.txt:403
[23:55:34][gamedatabase.h:378]: Duplicated key pm_power_bloc_statue_trade_league will not be created from file: common/production_methods/monuments_mhmbd.txt:429
[23:55:34][gamedatabase.h:378]: Duplicated key pm_power_bloc_statue_religious will not be created from file: common/production_methods/monuments_mhmbd.txt:456
[23:55:34][gamedatabase.h:378]: Duplicated key pm_power_bloc_prestige_only will not be created from file: common/production_methods/monuments_mhmbd.txt:483
[23:55:34][pdx_persistent_reader.cpp:268]: Error: "Unknown modifier type: state_loyalists_from_sol_change_mult. It is either invalid, or a potential dynamic modifier type definition missing from the database.: state_loyalists_from_sol_change_mult, near line: 881" in file: "common/production_methods/monuments_mhmbd.txt" near line: 881
[23:55:34][gamedatabase.h:378]: Duplicated key pm_default_building_victoria_terminus will not be created from file: common/production_methods/monuments_mhmbd.txt:1239
[23:55:34][gamedatabase.h:378]: Duplicated key pm_electrical_workshops will not be created from file: common/production_methods/pm_industriales_mod.txt:60
[23:55:34][gamedatabase.h:378]: Duplicated key pm_rayon will not be created from file: common/production_methods/pm_sinteticos.txt:61
[23:55:34][gamedatabase.h:378]: Duplicated key pm_elastics will not be created from file: common/production_methods/pm_sinteticos.txt:87
[23:55:34][gamedatabase.h:378]: Duplicated key pmg_base_building_victoria_terminus will not be created from file: common/production_method_groups/08_monuments.txt:593
[23:55:34][lexer.cpp:285]: File 'common/script_values/war_exhaustion_values.txt' should be in utf8-bom encoding (will try to use it anyways)
[23:55:34][pdx_persistent_reader.cpp:268]: Error: "Failed to read key reference: : , near line: 7
Failed to read key reference: : , near line: 7
Failed to read key reference: : , near line: 7" in file: "" near line: 7
[23:55:34][gamedatabase.h:781]: Failed to cache an item for Static Modifiers! Key: country_gdp_construction

[23:55:34][gamedatabase.h:781]: Failed to cache an item for Static Modifiers! Key: low_electoral_confidence

[23:55:34][culture_type.cpp:178]: Missing localization key for name Iesada in culture japanese
[23:55:34][culture_type.cpp:178]: Missing localization key for name Iemochi in culture japanese
[23:55:34][culture_type.cpp:178]: Missing localization key for name Sanetomi in culture japanese
[23:55:34][culture_type.cpp:178]: Missing localization key for name Kaoru in culture japanese
[23:55:34][culture_type.cpp:178]: Missing localization key for name Saionji in culture japanese
[23:55:34][culture_type.cpp:178]: Missing localization key for name Sanjo in culture japanese
[23:55:34][culture_type.cpp:178]: Missing localization key for name Kinmochi in culture japanese
[23:55:34][building_group.cpp:91]: Building group bg_hardwood_logging has invalid parent building group building_logging_camp
[23:55:34][production_method.cpp:355]: Replacement if Valid references nonexistent Production Method in same building! Method: pm_vacuum_canning, PM: pm_vacuum_canning_principle_3
[23:55:34][production_method.cpp:355]: Replacement if Valid references nonexistent Production Method in same building! Method: pm_dynamite_building_coal_mine, PM: pm_dynamite_resource_extraction_principle_coal
[23:55:34][production_method.cpp:355]: Replacement if Valid references nonexistent Production Method in same building! Method: pm_dynamite_building_iron_mine, PM: pm_dynamite_resource_extraction_principle_iron
[23:55:34][production_method.cpp:355]: Replacement if Valid references nonexistent Production Method in same building! Method: pm_synthetic_rubber_production, PM: pm_synthetic_rubber_production_principio_mod
[23:55:34][production_method.cpp:355]: Replacement if Valid references nonexistent Production Method in same building! Method: pm_dynamite_building_lead_mine, PM: pm_dynamite_resource_extraction_principle_lead
[23:55:34][production_method.cpp:355]: Replacement if Valid references nonexistent Production Method in same building! Method: pm_synthetic_oil_production, PM: pm_synthetic_oil_production_principio_mod
[23:55:34][production_method.cpp:355]: Replacement if Valid references nonexistent Production Method in same building! Method: pm_dynamite_building_sulfur_mine, PM: pm_dynamite_resource_extraction_principle_sulfur
[23:55:34][production_method.cpp:355]: Replacement if Valid references nonexistent Production Method in same building! Method: pm_dynamite_building_gold_mine, PM: pm_dynamite_resource_extraction_principle_gold
[23:55:34][production_method_group.cpp:43]: Production Method Group references nonexistent PM type! PMG: pmg_canning, PM: pm_vacuum_canning_principle_3
[23:55:34][production_method_group.cpp:43]: Production Method Group references nonexistent PM type! PMG: pmg_base_building_furniture_manufactory, PM: pm_electrical_workshops_principio_industria
[23:55:34][production_method_group.cpp:43]: Production Method Group references nonexistent PM type! PMG: pmg_synthetic_dyes, PM: pm_dye_production_principio_industria
[23:55:34][production_method_group.cpp:43]: Production Method Group references nonexistent PM type! PMG: pmg_explosives_building_coal_mine, PM: pm_dynamite_resource_extraction_principle_coal
[23:55:34][production_method_group.cpp:43]: Production Method Group references nonexistent PM type! PMG: pmg_explosives_building_iron_mine, PM: pm_dynamite_resource_extraction_principle_iron
[23:55:34][production_method_group.cpp:43]: Production Method Group references nonexistent PM type! PMG: pmg_explosives_building_lead_mine, PM: pm_dynamite_resource_extraction_principle_lead
[23:55:34][production_method_group.cpp:43]: Production Method Group references nonexistent PM type! PMG: pmg_explosives_building_sulfur_mine, PM: pm_dynamite_resource_extraction_principle_sulfur
[23:55:34][production_method_group.cpp:43]: Production Method Group references nonexistent PM type! PMG: pmg_explosives_building_gold_mine, PM: pm_dynamite_resource_extraction_principle_gold
[23:55:34][production_method_group.cpp:43]: Production Method Group references nonexistent PM type! PMG: pmg_synthetic_rubber, PM: pm_synthetic_rubber_production_principio_mod
[23:55:34][production_method_group.cpp:43]: Production Method Group references nonexistent PM type! PMG: pmg_synthetic_oil, PM: pm_synthetic_oil_production_principio_mod
[23:55:35][jomini_mapobject_database.cpp:1051]: 
[23:55:35][jomini_mapobject_database.cpp:1051]: 
[23:55:35][jomini_mapobject_database.cpp:1051]: 
[23:55:35][jomini_mapobject_database.cpp:1051]: 
[23:55:35][jomini_mapobject_database.cpp:1051]: 
[23:55:35][jomini_mapobject_database.cpp:1051]: 
[23:55:35][jomini_mapobject_database.cpp:1051]: 
[23:55:35][jomini_mapobject_database.cpp:1051]: 
[23:55:35][jomini_mapobject_database.cpp:1051]: 
[23:55:35][jomini_mapobject_database.cpp:1051]: 
[23:55:35][jomini_mapobject_database.cpp:1051]: 
[23:55:35][jomini_mapobject_database.cpp:1051]: 
[23:55:35][jomini_mapobject_database.cpp:1051]: 
[23:55:35][jomini_mapobject_database.cpp:1051]: 
[23:55:35][jomini_mapobject_database.cpp:1051]: 
[23:55:35][jomini_mapobject_database.cpp:1051]: 
[23:55:35][jomini_mapobject_database.cpp:1051]: 
[23:55:35][jomini_mapobject_database.cpp:1051]: 
[23:55:35][jomini_mapobject_database.cpp:1051]: 
[23:55:35][jomini_mapobject_database.cpp:1051]: 
[23:55:35][jomini_mapobject_database.cpp:1051]: 
[23:55:35][jomini_mapobject_database.cpp:1051]: 
[23:55:35][jomini_mapobject_database.cpp:1051]: 
[23:55:35][jomini_mapobject_database.cpp:1051]: 
[23:55:35][jomini_mapobject_database.cpp:1051]: 
[23:55:35][jomini_mapobject_database.cpp:1051]: 
[23:55:35][jomini_mapobject_database.cpp:1051]: 
[23:55:35][jomini_mapobject_database.cpp:1051]: 
[23:55:35][jomini_mapobject_database.cpp:1051]: 
[23:55:35][jomini_mapobject_database.cpp:1051]: 
[23:55:35][jomini_mapobject_database.cpp:1051]: 
[23:55:35][jomini_mapobject_database.cpp:1051]: 
[23:55:35][jomini_mapobject_database.cpp:1051]: 
[23:55:35][jomini_mapobject_database.cpp:1051]: 
[23:55:35][jomini_mapobject_database.cpp:1051]: 
[23:55:35][jomini_mapobject_database.cpp:1051]: 
[23:55:35][jomini_mapobject_database.cpp:1051]: 
[23:55:35][jomini_mapobject_database.cpp:1051]: 
[23:55:35][jomini_mapobject_database.cpp:1051]: 
[23:55:35][jomini_mapobject_database.cpp:1051]: 
[23:55:35][jomini_mapobject_database.cpp:1051]: 
[23:55:35][jomini_mapobject_database.cpp:1051]: 
[23:55:35][jomini_mapobject_database.cpp:1051]: 
[23:55:35][jomini_mapobject_database.cpp:1051]: 
[23:55:35][jomini_mapobject_database.cpp:1051]: 
[23:55:35][jomini_mapobject_database.cpp:1051]: 
[23:55:35][jomini_mapobject_database.cpp:1051]: 
[23:55:35][jomini_mapobject_database.cpp:1051]: 
[23:55:35][jomini_mapobject_database.cpp:1051]: 
[23:55:35][jomini_mapobject_database.cpp:1051]: 
[23:55:35][jomini_mapobject_database.cpp:1051]: 
[23:55:35][jomini_mapobject_database.cpp:1051]: 
[23:55:35][jomini_mapobject_database.cpp:1051]: 
[23:55:35][jomini_mapobject_database.cpp:1051]: 
[23:55:35][jomini_mapobject_database.cpp:1051]: 
[23:55:35][jomini_mapobject_database.cpp:1051]: 
[23:55:35][jomini_mapobject_database.cpp:1051]: 
[23:55:35][gamedatabase.h:378]: Duplicated key SYR will not be created from file: common/country_definitions/00_countriesmod.txt:29
[23:55:35][gamedatabase.h:378]: Duplicated key ETH will not be created from file: common/country_definitions/01_africa.txt:37
[23:55:35][gamedatabase.h:378]: Duplicated key SHW will not be created from file: common/country_definitions/01_africa.txt:895
[23:55:35][gamedatabase.h:378]: Duplicated key ideology_russian_patriarch will not be created from file: common/ideologies/00_rus_ideologies_mhmbd.txt:1
[23:55:35][gamedatabase.h:378]: Duplicated key AFG will not be created from file: common/country_formation/00_formable_countries.txt:856
[23:55:35][pdx_persistent_reader.cpp:268]: Error: "Unknown modifier type: state_radicals_from_sol_change_mult. It is either invalid, or a potential dynamic modifier type definition missing from the database.: state_radicals_from_sol_change_mult, near line: 38" in file: "common/interest_group_traits/spa_traits.txt" near line: 38
[23:55:35][jomini_effect.cpp:541]: Unknown effect remove_ig_trait at common/interest_groups/00_devout.txt:230
[23:55:35][pdx_persistent_reader.cpp:268]: Error: "Unknown trigger type: country_is_in_africa, near line: 406" in file: "common/decrees/00_decree.txt" near line: 406
[23:55:35][pdx_persistent_reader.cpp:268]: Error: "Unknown trigger type: state_is_in_africa, near line: 407" in file: "common/decrees/00_decree.txt" near line: 408
[23:55:35][jomini_effect.cpp:541]: Unknown effect add_building_level at events/HMPS_00_GM_Actions.txt:330
[23:55:35][jomini_effect.cpp:541]: Unknown effect add_building_level at events/HMPS_00_GM_Actions.txt:338
[23:55:35][jomini_effect.cpp:541]: Unknown effect add_building_level at events/HMPS_00_GM_Actions.txt:362
[23:55:35][jomini_effect.cpp:541]: Unknown effect add_building_level at events/HMPS_00_GM_Actions.txt:370
[23:55:35][jomini_dynamicdescription.cpp:67]: Unrecognized loc key gm_actions.8.t. events/HMPS_00_GM_Money.txt:51
[23:55:35][jomini_dynamicdescription.cpp:67]: Unrecognized loc key gm_actions.9.t. events/HMPS_00_GM_Money.txt:203
[23:55:35][jomini_dynamicdescription.cpp:67]: Unrecognized loc key gm_actions.10.t. events/HMPS_00_GM_Money.txt:345
[23:55:35][jomini_dynamicdescription.cpp:67]: Unrecognized loc key gm_actions.11.t. events/HMPS_00_GM_Money.txt:458
[23:55:35][jomini_dynamicdescription.cpp:67]: Unrecognized loc key gm_actions.12.t. events/HMPS_00_GM_Money.txt:610
[23:55:35][jomini_dynamicdescription.cpp:67]: Unrecognized loc key gm_actions.13.t. events/HMPS_00_GM_Money.txt:752
[23:55:35][jomini_dynamicdescription.cpp:67]: Unrecognized loc key gm_actions.18.t. events/HMPS_00_GM_Money.txt:865
[23:55:35][jomini_dynamicdescription.cpp:67]: Unrecognized loc key gm_actions.18.l. CEventOptionDesc:139
[23:55:35][jomini_dynamicdescription.cpp:67]: Unrecognized loc key gm_actions.19.t. events/HMPS_00_GM_Money.txt:1016
[23:55:36][jomini_dynamicdescription.cpp:67]: Unrecognized loc key manifest_destiny_mexico.1.a. CEventOptionDesc:139
[23:55:36][pdx_persistent_reader.cpp:268]: Error: "Unknown trigger type: country_is_in_europe, near line: 1472" in file: "events/meiji_restoration.txt" near line: 1474
[23:55:36][jomini_effect.cpp:541]: Unknown effect save_revolution_scopes at events/resignation.txt:194
[23:55:36][jomini_effect.cpp:541]: Unknown effect save_revolution_scopes at events/resignation.txt:307
[23:55:36][jomini_dynamicdescription.cpp:67]: Unrecognized loc key resignation.4.a. CEventOptionDesc:139
[23:55:36][jomini_dynamicdescription.cpp:67]: Unrecognized loc key ruhr_boom.1.a. CEventOptionDesc:139
[23:55:36][pdx_persistent_reader.cpp:268]: Error: "Unknown trigger type: country_is_in_europe, near line: 27" in file: "events/agitators_events/dickens_event.txt" near line: 30
[23:55:36][jomini_effect.cpp:752]: Inconsistent effect scopes (state vs. country) inevents/agitators_events/japan_agitators_mhmbd.txt:65
[23:55:36][jomini_effect.cpp:752]: Inconsistent effect scopes (state vs. country) inevents/agitators_events/japan_agitators_mhmbd.txt:78
[23:55:36][jomini_effect.cpp:752]: Inconsistent effect scopes (state vs. country) inevents/agitators_events/japan_agitators_mhmbd.txt:81
[23:55:36][jomini_effect.cpp:752]: Inconsistent effect scopes (state vs. country) inevents/agitators_events/japan_agitators_mhmbd.txt:85
[23:55:36][pdx_persistent_reader.cpp:268]: Error: "Unknown trigger type: country_is_in_europe, near line: 39
Unknown trigger type: country_is_in_north_america, near line: 40" in file: "events/agitators_events/silkworm_diseases.txt" near line: 41
[23:55:36][virtualfilesystem.cpp:569]: Could not find texture due to 'VFSOpen Error: gfx/interface/icons/event_icºons/event_newspaper.dds not found'
[23:55:36][pdx_persistent_reader.cpp:268]: Error: "Unknown trigger type: state_is_in_india, near line: 433" in file: "events/india_events/india_home_rule_events.txt" near line: 434
[23:55:36][pdx_persistent_reader.cpp:268]: Error: "Unexpected token: namespace, near line: 1772" in file: "events/soi_events/00_lobbies_events_03.txt" near line: 1772
[23:55:36][jomini_eventmanager.cpp:440]: Duplicated event ID 'algeria_events.1' found. New Location: 'events/algeria_events.txt:4', Previous Location: 'events/agitators_events/algeria_events.txt:4'
[23:55:36][jomini_eventmanager.cpp:440]: Duplicated event ID 'algeria_events.2' found. New Location: 'events/algeria_events.txt:224', Previous Location: 'events/agitators_events/algeria_events.txt:212'
[23:55:36][jomini_eventmanager.cpp:440]: Duplicated event ID 'algeria_events.3' found. New Location: 'events/algeria_events.txt:434', Previous Location: 'events/agitators_events/algeria_events.txt:422'
[23:55:36][jomini_eventmanager.cpp:440]: Duplicated event ID 'algeria_events.4' found. New Location: 'events/algeria_events.txt:508', Previous Location: 'events/agitators_events/algeria_events.txt:496'
[23:55:36][jomini_eventmanager.cpp:440]: Duplicated event ID 'algeria_events.5' found. New Location: 'events/algeria_events.txt:628', Previous Location: 'events/agitators_events/algeria_events.txt:616'
[23:55:36][jomini_eventmanager.cpp:440]: Duplicated event ID 'algeria_events.6' found. New Location: 'events/algeria_events.txt:773', Previous Location: 'events/agitators_events/algeria_events.txt:761'
[23:55:36][jomini_eventmanager.cpp:440]: Duplicated event ID 'algeria_events.8' found. New Location: 'events/algeria_events.txt:902', Previous Location: 'events/agitators_events/algeria_events.txt:890'
[23:55:36][jomini_eventmanager.cpp:440]: Duplicated event ID 'algeria_events.9' found. New Location: 'events/algeria_events.txt:1122', Previous Location: 'events/agitators_events/algeria_events.txt:1110'
[23:55:36][jomini_eventmanager.cpp:440]: Duplicated event ID 'historical_agitators.14' found. New Location: 'events/agitators_events/dickens_event.txt:3', Previous Location: 'events/agitators_events/historic_agitator_events.txt:1275'
[23:55:36][character_templates_utils.cpp:1565]: Missing localization key for character first name Iesada, reverting to random name
[23:55:36][character_templates_utils.cpp:1565]: Missing localization key for character first name Iemochi, reverting to random name
[23:55:36][character_templates_utils.cpp:1565]: Missing localization key for character first name Sanetomi, reverting to random name
[23:55:36][character_templates_utils.cpp:1584]: Missing localization key for character last name Sanjo, reverting to random name
[23:55:36][character_templates_utils.cpp:1565]: Missing localization key for character first name Kaoru, reverting to random name
[23:55:36][character_templates_utils.cpp:1565]: Missing localization key for character first name Saionji, reverting to random name
[23:55:36][character_templates_utils.cpp:1584]: Missing localization key for character last name Kinmochi, reverting to random name
[23:55:36][gamedatabase.h:378]: Duplicated key chi_sun_yat_sen_character_template will not be created from file: common/character_templates/historical_agitators.txt:1777
[23:55:36][pdx_persistent_reader.cpp:268]: Error: "Unexpected token: center_building_mesh, near line: 4" in file: "gfx/map/city_data/city_types/french_city.txt" near line: 4
[23:55:36][pdx_persistent_reader.cpp:268]: Error: "Unexpected token: center_building_size, near line: 6" in file: "gfx/map/city_data/city_types/french_city.txt" near line: 6
[23:55:36][pdx_persistent_reader.cpp:268]: Error: "Unexpected token: building_paper_mills, near line: 77" in file: "gfx/map/city_data/city_types/french_city.txt" near line: 77
[23:55:36][pdx_persistent_reader.cpp:268]: Error: "Unexpected token: building_textile_mills, near line: 79" in file: "gfx/map/city_data/city_types/french_city.txt" near line: 79
[23:55:36][pdx_persistent_reader.cpp:268]: Error: "Unexpected token: building_furniture_manufacturies, near line: 82" in file: "gfx/map/city_data/city_types/french_city.txt" near line: 82
[23:55:36][pdx_persistent_reader.cpp:268]: Error: "Unexpected token: building_tooling_workshops, near line: 86" in file: "gfx/map/city_data/city_types/french_city.txt" near line: 86
[23:55:36][pdx_persistent_reader.cpp:268]: Error: "Unexpected token: building_steel_mills, near line: 89" in file: "gfx/map/city_data/city_types/french_city.txt" near line: 89
[23:55:36][pdx_persistent_reader.cpp:268]: Error: "Unexpected token: building_artillery_foundries, near line: 94" in file: "gfx/map/city_data/city_types/french_city.txt" near line: 94
[23:55:36][pdx_persistent_reader.cpp:268]: Error: "Unexpected token: building_war_machine_industry, near line: 96" in file: "gfx/map/city_data/city_types/french_city.txt" near line: 96
[23:55:36][pdx_persistent_reader.cpp:268]: Error: "Unexpected token: building_munition_plants, near line: 98" in file: "gfx/map/city_data/city_types/french_city.txt" near line: 98
[23:55:36][pdx_persistent_reader.cpp:268]: Error: "Unexpected token: building_chemical_plants, near line: 105" in file: "gfx/map/city_data/city_types/french_city.txt" near line: 105
[23:55:36][pdx_persistent_reader.cpp:268]: Error: "Unexpected token: building_synthetics_plants, near line: 106" in file: "gfx/map/city_data/city_types/french_city.txt" near line: 106
[23:55:36][pdx_persistent_reader.cpp:268]: Error: "Unexpected token: building_arts_academy, near line: 123" in file: "gfx/map/city_data/city_types/french_city.txt" near line: 123
[23:55:36][pdx_persistent_reader.cpp:268]: Error: "Unexpected token: building_barracks, near line: 124" in file: "gfx/map/city_data/city_types/french_city.txt" near line: 124
[23:55:36][pdx_persistent_reader.cpp:268]: Error: "Unexpected token: center_building_mesh, near line: 4" in file: "gfx/map/city_data/city_types/french_farm.txt" near line: 4
[23:55:36][pdx_persistent_reader.cpp:268]: Error: "Unexpected token: center_building_size, near line: 5" in file: "gfx/map/city_data/city_types/french_farm.txt" near line: 5
[23:55:36][pdx_persistent_reader.cpp:268]: Error: "Unexpected token: building_vineyard_plantation, near line: 124" in file: "gfx/map/city_data/city_types/french_farm.txt" near line: 126
[23:55:36][pdx_persistent_reader.cpp:268]: Error: "Unexpected token: center_building_entity, near line: 4" in file: "gfx/map/city_data/city_types/french_mine.txt" near line: 4
[23:55:36][pdx_persistent_reader.cpp:268]: Error: "Unexpected token: center_building_size, near line: 5" in file: "gfx/map/city_data/city_types/french_mine.txt" near line: 5
[23:55:36][pdx_persistent_reader.cpp:268]: Error: "Unexpected token: building_gold_fields, near line: 90" in file: "gfx/map/city_data/city_types/french_mine.txt" near line: 92
[23:55:36][pdx_persistent_reader.cpp:268]: Error: "Unexpected token: center_building_entity, near line: 4" in file: "gfx/map/city_data/city_types/french_port.txt" near line: 4
[23:55:36][pdx_persistent_reader.cpp:268]: Error: "Unexpected token: center_modifiers, near line: 5" in file: "gfx/map/city_data/city_types/french_port.txt" near line: 9
[23:55:36][pdx_persistent_reader.cpp:268]: Error: "Unexpected token: modifier_key_prefix, near line: 10" in file: "gfx/map/city_data/city_types/french_port.txt" near line: 10
[23:55:36][pdx_persistent_reader.cpp:268]: Error: "Unexpected token: modifier_key_suffix, near line: 11" in file: "gfx/map/city_data/city_types/french_port.txt" near line: 11
[23:55:36][pdx_persistent_reader.cpp:268]: Error: "Unexpected token: center_building_size, near line: 12" in file: "gfx/map/city_data/city_types/french_port.txt" near line: 12
[23:55:36][pdx_persistent_reader.cpp:268]: Error: "Unexpected token: building_shipyards, near line: 81" in file: "gfx/map/city_data/city_types/french_port.txt" near line: 81
[23:55:36][pdx_persistent_reader.cpp:268]: Error: "Unexpected token: building_military_shipyards, near line: 82" in file: "gfx/map/city_data/city_types/french_port.txt" near line: 82
[23:55:36][pdx_persistent_reader.cpp:268]: Error: "Unexpected token: center_building_entity, near line: 4" in file: "gfx/map/city_data/city_types/french_wood.txt" near line: 4
[23:55:36][pdx_persistent_reader.cpp:268]: Error: "Unexpected token: center_building_size, near line: 5" in file: "gfx/map/city_data/city_types/french_wood.txt" near line: 5
[23:55:36][pdx_persistent_reader.cpp:268]: Error: "Unexpected token: center_building_mesh, near line: 4" in file: "gfx/map/city_data/city_types/indian_city.txt" near line: 4
[23:55:36][pdx_persistent_reader.cpp:268]: Error: "Unexpected token: center_building_size, near line: 6" in file: "gfx/map/city_data/city_types/indian_city.txt" near line: 6
[23:55:36][pdx_persistent_reader.cpp:268]: Error: "Unexpected token: building_arts_academy, near line: 61" in file: "gfx/map/city_data/city_types/indian_city.txt" near line: 61
[23:55:36][pdx_persistent_reader.cpp:268]: Error: "Unexpected token: building_barracks, near line: 62" in file: "gfx/map/city_data/city_types/indian_city.txt" near line: 62
[23:55:36][pdx_persistent_reader.cpp:268]: Error: "Unexpected token: building_paper_mills, near line: 71" in file: "gfx/map/city_data/city_types/indian_city.txt" near line: 71
[23:55:36][pdx_persistent_reader.cpp:268]: Error: "Unexpected token: building_textile_mills, near line: 72" in file: "gfx/map/city_data/city_types/indian_city.txt" near line: 72
[23:55:36][pdx_persistent_reader.cpp:268]: Error: "Unexpected token: building_furniture_manufacturies, near line: 73" in file: "gfx/map/city_data/city_types/indian_city.txt" near line: 73
[23:55:36][pdx_persistent_reader.cpp:268]: Error: "Unexpected token: building_tooling_workshops, near line: 75" in file: "gfx/map/city_data/city_types/indian_city.txt" near line: 75
[23:55:36][pdx_persistent_reader.cpp:268]: Error: "Unexpected token: building_steel_mills, near line: 76" in file: "gfx/map/city_data/city_types/indian_city.txt" near line: 76
[23:55:36][pdx_persistent_reader.cpp:268]: Error: "Unexpected token: building_artillery_foundries, near line: 78" in file: "gfx/map/city_data/city_types/indian_city.txt" near line: 78
[23:55:36][pdx_persistent_reader.cpp:268]: Error: "Unexpected token: building_war_machine_industry, near line: 79" in file: "gfx/map/city_data/city_types/indian_city.txt" near line: 79
[23:55:36][pdx_persistent_reader.cpp:268]: Error: "Unexpected token: building_munition_plants, near line: 80" in file: "gfx/map/city_data/city_types/indian_city.txt" near line: 80
[23:55:36][pdx_persistent_reader.cpp:268]: Error: "Unexpected token: building_chemical_plants, near line: 83" in file: "gfx/map/city_data/city_types/indian_city.txt" near line: 83
[23:55:36][pdx_persistent_reader.cpp:268]: Error: "Unexpected token: building_synthetics_plants, near line: 84" in file: "gfx/map/city_data/city_types/indian_city.txt" near line: 84
[23:55:36][pdx_persistent_reader.cpp:268]: Error: "Unexpected token: center_building_mesh, near line: 4" in file: "gfx/map/city_data/city_types/indian_farm.txt" near line: 4
[23:55:36][pdx_persistent_reader.cpp:268]: Error: "Unexpected token: center_building_size, near line: 5" in file: "gfx/map/city_data/city_types/indian_farm.txt" near line: 5
[23:55:36][pdx_persistent_reader.cpp:268]: Error: "Unexpected token: building_vineyard_plantation, near line: 89" in file: "gfx/map/city_data/city_types/indian_farm.txt" near line: 89
[23:55:36][pdx_persistent_reader.cpp:268]: Error: "Unexpected token: center_building_mesh, near line: 4" in file: "gfx/map/city_data/city_types/indian_mine.txt" near line: 4
[23:55:36][pdx_persistent_reader.cpp:268]: Error: "Unexpected token: center_building_size, near line: 5" in file: "gfx/map/city_data/city_types/indian_mine.txt" near line: 5
[23:55:36][pdx_persistent_reader.cpp:268]: Error: "Unexpected token: building_gold_fields, near line: 77" in file: "gfx/map/city_data/city_types/indian_mine.txt" near line: 79
[23:55:36][pdx_persistent_reader.cpp:268]: Error: "Unexpected token: center_building_entity, near line: 4" in file: "gfx/map/city_data/city_types/indian_port.txt" near line: 4
[23:55:36][pdx_persistent_reader.cpp:268]: Error: "Unexpected token: center_modifiers, near line: 5" in file: "gfx/map/city_data/city_types/indian_port.txt" near line: 9
[23:55:36][pdx_persistent_reader.cpp:268]: Error: "Unexpected token: modifier_key_prefix, near line: 10" in file: "gfx/map/city_data/city_types/indian_port.txt" near line: 10
[23:55:36][pdx_persistent_reader.cpp:268]: Error: "Unexpected token: modifier_key_suffix, near line: 11" in file: "gfx/map/city_data/city_types/indian_port.txt" near line: 11
[23:55:36][pdx_persistent_reader.cpp:268]: Error: "Unexpected token: center_building_size, near line: 12" in file: "gfx/map/city_data/city_types/indian_port.txt" near line: 12
[23:55:36][pdx_persistent_reader.cpp:268]: Error: "Unexpected token: building_shipyards, near line: 69" in file: "gfx/map/city_data/city_types/indian_port.txt" near line: 69
[23:55:36][pdx_persistent_reader.cpp:268]: Error: "Unexpected token: building_military_shipyards, near line: 70" in file: "gfx/map/city_data/city_types/indian_port.txt" near line: 70
[23:55:36][pdx_persistent_reader.cpp:268]: Error: "Unexpected token: center_building_entity, near line: 4" in file: "gfx/map/city_data/city_types/indian_wood.txt" near line: 4
[23:55:36][pdx_persistent_reader.cpp:268]: Error: "Unexpected token: center_building_size, near line: 5" in file: "gfx/map/city_data/city_types/indian_wood.txt" near line: 5
[23:55:36][pdx_persistent_reader.cpp:268]: Error: "Unexpected token: base, near line: 30" in file: "common/decisions/00_decisions.txt" near line: 30
[23:55:36][jomini_eventtarget.cpp:712]: No data specified for an event target link that requires data. Link modifier, location: common/decisions/00_decisions.txt:31

[23:55:36][pdx_persistent_reader.cpp:268]: Error: "Unexpected token: modifier, near line: 31" in file: "common/decisions/00_decisions.txt" near line: 34
[23:55:36][jomini_eventtarget.cpp:712]: No data specified for an event target link that requires data. Link modifier, location: common/decisions/00_decisions.txt:35

[23:55:36][pdx_persistent_reader.cpp:268]: Error: "Unexpected token: modifier, near line: 35" in file: "common/decisions/00_decisions.txt" near line: 41
[23:55:36][pdx_persistent_reader.cpp:268]: Error: "Unexpected token: base, near line: 93" in file: "common/decisions/00_decisions.txt" near line: 93
[23:55:36][jomini_eventtarget.cpp:712]: No data specified for an event target link that requires data. Link modifier, location: common/decisions/00_decisions.txt:94

[23:55:36][pdx_persistent_reader.cpp:268]: Error: "Unexpected token: modifier, near line: 94" in file: "common/decisions/00_decisions.txt" near line: 100
[23:55:36][pdx_persistent_reader.cpp:268]: Error: "Unexpected token: base, near line: 130" in file: "common/decisions/00_decisions.txt" near line: 130
[23:55:36][pdx_persistent_reader.cpp:268]: Error: "Unexpected token: base, near line: 36" in file: "common/decisions/00_fra_decisions.txt" near line: 36
[23:55:36][pdx_persistent_reader.cpp:268]: Error: "Unexpected token: base, near line: 47" in file: "common/decisions/bol_decisions.txt" near line: 47
[23:55:36][pdx_persistent_reader.cpp:268]: Error: "Unexpected token: base, near line: 34" in file: "common/decisions/ita_decisions.txt" near line: 34
[23:55:36][pdx_persistent_reader.cpp:268]: Error: "Unexpected token: base, near line: 248" in file: "common/decisions/manifest_destiny.txt" near line: 248
[23:55:36][pdx_persistent_reader.cpp:268]: Error: "Unexpected token: base, near line: 53" in file: "common/decisions/ottoman_decisions.txt" near line: 53
[23:55:36][pdx_persistent_reader.cpp:268]: Error: "Unexpected token: base, near line: 125" in file: "common/decisions/ottoman_decisions.txt" near line: 125
[23:55:36][pdx_persistent_reader.cpp:268]: Error: "Unexpected token: possible, near line: 17" in file: "gfx/map/spline_network/route_graphics/00_ep1_naval_vehicles.txt" near line: 21
[23:55:36][pdx_persistent_reader.cpp:268]: Error: "Unexpected token: possible, near line: 26" in file: "gfx/map/spline_network/route_graphics/00_ep1_road_vehicles.txt" near line: 31
[23:55:36][pdx_persistent_reader.cpp:268]: Error: "Unexpected token: possible, near line: 60" in file: "gfx/map/spline_network/route_graphics/00_ep1_road_vehicles.txt" near line: 67
[23:55:36][pdx_persistent_reader.cpp:268]: Error: "Unexpected token: possible, near line: 82" in file: "gfx/map/spline_network/route_graphics/00_ep1_road_vehicles.txt" near line: 86
[23:55:36][pdx_persistent_reader.cpp:268]: Error: "Unexpected token: possible, near line: 98" in file: "gfx/map/spline_network/route_graphics/00_ep1_road_vehicles.txt" near line: 102
[23:55:36][pdx_persistent_reader.cpp:268]: Error: "Unexpected token: possible, near line: 17" in file: "gfx/map/spline_network/route_graphics/ap1_road_vehicles.txt" near line: 25
[23:55:36][pdx_persistent_reader.cpp:268]: Error: "Unexpected token: possible, near line: 37" in file: "gfx/map/spline_network/route_graphics/ap1_road_vehicles.txt" near line: 45
[23:55:36][pdx_persistent_reader.cpp:268]: Error: "Unexpected token: possible, near line: 57" in file: "gfx/map/spline_network/route_graphics/ap1_road_vehicles.txt" near line: 65
[23:55:36][pdx_persistent_reader.cpp:268]: Error: "Unexpected token: possible, near line: 77" in file: "gfx/map/spline_network/route_graphics/ap1_road_vehicles.txt" near line: 85
[23:55:36][jomini_trigger.cpp:721]: Inconsistent trigger scopes (battle_side vs. character) incommon/battle_conditions/battle_conditions_mod.txt:68
[23:55:36][jomini_trigger.cpp:721]: Inconsistent trigger scopes (battle_side vs. character) incommon/battle_conditions/battle_conditions_mod.txt:69
[23:55:36][jomini_trigger.cpp:721]: Inconsistent trigger scopes (battle_side vs. character) incommon/battle_conditions/battle_conditions_mod.txt:107
[23:55:36][pdx_persistent_reader.cpp:268]: Error: "Unknown trigger type: country_is_in_africa, near line: 6" in file: "common/scripted_buttons/00_colonial_administration_buttons.txt" near line: 9
[23:55:36][pdx_persistent_reader.cpp:268]: Error: "Unknown trigger type: country_is_in_africa, near line: 111" in file: "common/scripted_buttons/00_colonial_administration_buttons.txt" near line: 114
[23:55:36][pdx_persistent_reader.cpp:268]: Error: "Unknown trigger type: country_is_in_africa, near line: 216" in file: "common/scripted_buttons/00_colonial_administration_buttons.txt" near line: 219
[23:55:36][pdx_persistent_reader.cpp:268]: Error: "Unknown trigger type: country_is_in_africa, near line: 321" in file: "common/scripted_buttons/00_colonial_administration_buttons.txt" near line: 324
[23:55:36][pdx_persistent_reader.cpp:268]: Error: "Unknown trigger type: country_is_in_africa, near line: 426" in file: "common/scripted_buttons/00_colonial_administration_buttons.txt" near line: 429
[23:55:36][pdx_persistent_reader.cpp:268]: Error: "Unknown trigger type: country_is_in_africa, near line: 531" in file: "common/scripted_buttons/00_colonial_administration_buttons.txt" near line: 534
[23:55:36][pdx_persistent_reader.cpp:268]: Error: "Unknown trigger type: country_is_in_africa, near line: 639" in file: "common/scripted_buttons/00_colonial_administration_buttons.txt" near line: 642
[23:55:36][pdx_persistent_reader.cpp:268]: Error: "Unknown trigger type: country_is_in_africa, near line: 727" in file: "common/scripted_buttons/00_colonial_administration_buttons.txt" near line: 730
[23:55:36][pdx_persistent_reader.cpp:268]: Error: "Unknown trigger type: country_is_in_africa, near line: 814" in file: "common/scripted_buttons/00_colonial_administration_buttons.txt" near line: 817
[23:55:36][pdx_persistent_reader.cpp:268]: Error: "Unknown trigger type: country_is_in_africa, near line: 901" in file: "common/scripted_buttons/00_colonial_administration_buttons.txt" near line: 904
[23:55:36][pdx_persistent_reader.cpp:268]: Error: "Unknown trigger type: country_is_in_africa, near line: 988" in file: "common/scripted_buttons/00_colonial_administration_buttons.txt" near line: 991
[23:55:36][pdx_persistent_reader.cpp:268]: Error: "Unknown trigger type: country_is_in_africa, near line: 1075" in file: "common/scripted_buttons/00_colonial_administration_buttons.txt" near line: 1078
[23:55:36][jomini_dynamicdescription.cpp:67]: Unrecognized loc key . common/scripted_buttons/00_russia_scripted_buttons_mhmbd.txt:4
[23:55:36][jomini_dynamicdescription.cpp:67]: Unrecognized loc key . common/scripted_buttons/00_russia_scripted_buttons_mhmbd.txt:27
[23:55:36][jomini_dynamicdescription.cpp:67]: Unrecognized loc key . common/scripted_buttons/00_russia_scripted_buttons_mhmbd.txt:51
[23:55:36][jomini_dynamicdescription.cpp:67]: Unrecognized loc key . common/scripted_buttons/00_russia_scripted_buttons_mhmbd.txt:81
[23:55:36][jomini_dynamicdescription.cpp:67]: Unrecognized loc key . common/scripted_buttons/00_russia_scripted_buttons_mhmbd.txt:109
[23:55:36][pdx_persistent_reader.cpp:268]: Error: "Unknown trigger type: country_is_in_north_america, near line: 344" in file: "common/scripted_buttons/00_scripted_buttons.txt" near line: 350
[23:55:36][pdx_persistent_reader.cpp:268]: Error: "Unknown trigger type: country_is_in_north_america, near line: 362" in file: "common/scripted_buttons/00_scripted_buttons.txt" near line: 368
[23:55:36][pdx_persistent_reader.cpp:268]: Error: "Unexpected token: ai_will_do, near line: 715" in file: "common/scripted_buttons/00_scripted_buttons.txt" near line: 715
[23:55:36][pdx_persistent_reader.cpp:268]: Error: "Unexpected token: base, near line: 762" in file: "common/scripted_buttons/00_scripted_buttons.txt" near line: 762
[23:55:36][pdx_persistent_reader.cpp:268]: Error: "Unexpected token: ai_will_do, near line: 778" in file: "common/scripted_buttons/00_scripted_buttons.txt" near line: 778
[23:55:36][pdx_persistent_reader.cpp:268]: Error: "Unexpected token: base, near line: 839" in file: "common/scripted_buttons/00_scripted_buttons.txt" near line: 839
[23:55:36][pdx_persistent_reader.cpp:268]: Error: "Unexpected token: base, near line: 31" in file: "common/scripted_buttons/03_brazilian_amazon_scripted_buttons.txt" near line: 31
[23:55:36][jomini_eventtarget.cpp:712]: No data specified for an event target link that requires data. Link modifier, location: common/scripted_buttons/03_brazilian_amazon_scripted_buttons.txt:32

[23:55:36][pdx_persistent_reader.cpp:268]: Error: "Unexpected token: modifier, near line: 32" in file: "common/scripted_buttons/03_brazilian_amazon_scripted_buttons.txt" near line: 40
[23:55:36][pdx_persistent_reader.cpp:268]: Error: "Unexpected token: base, near line: 158" in file: "common/scripted_buttons/03_brazilian_amazon_scripted_buttons.txt" near line: 158
[23:55:36][jomini_eventtarget.cpp:712]: No data specified for an event target link that requires data. Link modifier, location: common/scripted_buttons/03_brazilian_amazon_scripted_buttons.txt:159

[23:55:36][pdx_persistent_reader.cpp:268]: Error: "Unexpected token: modifier, near line: 159" in file: "common/scripted_buttons/03_brazilian_amazon_scripted_buttons.txt" near line: 167
[23:55:36][pdx_persistent_reader.cpp:268]: Error: "Unexpected token: base, near line: 305" in file: "common/scripted_buttons/03_brazilian_amazon_scripted_buttons.txt" near line: 305
[23:55:36][jomini_eventtarget.cpp:712]: No data specified for an event target link that requires data. Link modifier, location: common/scripted_buttons/03_brazilian_amazon_scripted_buttons.txt:306

[23:55:36][pdx_persistent_reader.cpp:268]: Error: "Unexpected token: modifier, near line: 306" in file: "common/scripted_buttons/03_brazilian_amazon_scripted_buttons.txt" near line: 314
[23:55:36][pdx_persistent_reader.cpp:268]: Error: "Unexpected token: base, near line: 372" in file: "common/scripted_buttons/03_brazilian_amazon_scripted_buttons.txt" near line: 372
[23:55:36][jomini_eventtarget.cpp:712]: No data specified for an event target link that requires data. Link modifier, location: common/scripted_buttons/03_brazilian_amazon_scripted_buttons.txt:373

[23:55:36][pdx_persistent_reader.cpp:268]: Error: "Unexpected token: modifier, near line: 373" in file: "common/scripted_buttons/03_brazilian_amazon_scripted_buttons.txt" near line: 381
[23:55:36][virtualfilesystem.cpp:569]: Could not find texture due to 'VFSOpen Error: gfx/interface/icons/event_icons/risorgimento.dds not found'
[23:55:36][gamedatabase.h:378]: Duplicated key je_brazilian_nation_building will not be created from file: common/journal_entries/04_brazilian_nation_building.txt:1
[23:55:36][virtualfilesystem.cpp:569]: Could not find texture due to 'VFSOpen Error: gfx/interface/icons/event_icons/innovation.dds not found'
[23:55:36][virtualfilesystem.cpp:569]: Could not find texture due to 'VFSOpen Error: gfx/interface/icons/event_icons/ireland.dds not found'
[23:55:36][virtualfilesystem.cpp:569]: Could not find texture due to 'VFSOpen Error: gfx/interface/icons/event_icons/mex.dds not found'
[23:55:36][virtualfilesystem.cpp:569]: Could not find texture due to 'VFSOpen Error: gfx/interface/icons/event_icons/waving_flag_ger.dds not found'
[23:55:36][virtualfilesystem.cpp:569]: Could not find texture due to 'VFSOpen Error: gfx/interface/icons/event_icons/ruswar.png not found'
[23:55:36][virtualfilesystem.cpp:569]: Could not find texture due to 'VFSOpen Error: gfx/interface/icons/event_icons/ruswar.png not found'
[23:55:36][virtualfilesystem.cpp:569]: Could not find texture due to 'VFSOpen Error: gfx/interface/icons/event_icons/ruswar.png not found'
[23:55:36][virtualfilesystem.cpp:569]: Could not find texture due to 'VFSOpen Error: gfx/interface/icons/event_icons/ruswar.png not found'
[23:55:36][virtualfilesystem.cpp:569]: Could not find texture due to 'VFSOpen Error: gfx/interface/icons/event_icons/turwar.dds not found'
[23:55:36][gamedatabase.h:378]: Duplicated key je_terakoya will not be created from file: common/journal_entries/teriyaki_je.txt:1
[23:55:36][pdx_persistent_reader.cpp:268]: Error: "Unknown modifier type: building_group_building_rubber_plantation_mortality_mult. It is either invalid, or a potential dynamic modifier type definition missing from the database.: building_group_building_rubber_plantation_mortality_mult, near line: 656" in file: "common/company_types/00_companies_americas.txt" near line: 656
[23:55:36][pdx_persistent_reader.cpp:268]: Error: "Unknown modifier type: country_navy_defense_mult. It is either invalid, or a potential dynamic modifier type definition missing from the database.: country_navy_defense_mult, near line: 157" in file: "common/company_types/00_companies_cots.txt" near line: 157
[23:55:37][pdx_persistent_reader.cpp:268]: Error: "Unknown modifier type: building_group_building_coffee_plantation_throughput_add. It is either invalid, or a potential dynamic modifier type definition missing from the database.: building_group_building_coffee_plantation_throughput_add, near line: 1393" in file: "common/company_types/00_companies_mp1.txt" near line: 1393
[23:55:37][pdx_persistent_reader.cpp:268]: Error: "Unknown modifier type: building_group_building_oil_rig_throughput_add. It is either invalid, or a potential dynamic modifier type definition missing from the database.: building_group_building_oil_rig_throughput_add, near line: 1314" in file: "common/company_types/00_companies_soi.txt" near line: 1314
[23:55:37][pdx_persistent_reader.cpp:268]: Error: "Unknown trigger type: state_is_in_central_america, near line: 111
Unknown trigger type: state_is_in_south_america, near line: 112" in file: "common/company_types/00_companies_usa.txt" near line: 113
[23:55:37][pdx_persistent_reader.cpp:268]: Error: "Unknown trigger type: state_is_in_central_america, near line: 134
Unknown trigger type: state_is_in_south_america, near line: 135" in file: "common/company_types/00_companies_usa.txt" near line: 136
[23:55:37][pdx_persistent_reader.cpp:268]: Error: "Unknown trigger type: state_is_in_central_america, near line: 142
Unknown trigger type: state_is_in_south_america, near line: 143" in file: "common/company_types/00_companies_usa.txt" near line: 144
[23:55:37][pdx_persistent_reader.cpp:268]: Error: "Unknown trigger type: state_is_in_central_america, near line: 162
Unknown trigger type: state_is_in_south_america, near line: 163" in file: "common/company_types/00_companies_usa.txt" near line: 164
[23:55:37][pdx_persistent_reader.cpp:268]: Error: "Unknown modifier type: building_group_building_coffee_plantation_throughput_add. It is either invalid, or a potential dynamic modifier type definition missing from the database.: building_group_building_coffee_plantation_throughput_add, near line: 129" in file: "common/company_types/companies_mhmbd.txt" near line: 129
[23:55:37][pdx_persistent_reader.cpp:268]: Error: "Unknown modifier type: power_bloc_religion_trade_route_competitiveness_mult. It is either invalid, or a potential dynamic modifier type definition missing from the database.: power_bloc_religion_trade_route_competitiveness_mult, near line: 1062" in file: "common/power_bloc_principles/00_power_bloc_principles.txt" near line: 1062
[23:55:37][pdx_persistent_reader.cpp:268]: Error: "Unknown modifier type: country_party_whip_impact_mult. It is either invalid, or a potential dynamic modifier type definition missing from the database.: country_party_whip_impact_mult, near line: 1350" in file: "common/power_bloc_principles/00_power_bloc_principles.txt" near line: 1350
[23:55:37][pdx_persistent_reader.cpp:268]: Error: "Unknown modifier type: country_party_whip_impact_mult. It is either invalid, or a potential dynamic modifier type definition missing from the database.: country_party_whip_impact_mult, near line: 1372" in file: "common/power_bloc_principles/00_power_bloc_principles.txt" near line: 1372
[23:55:37][pdx_persistent_reader.cpp:268]: Error: "Unknown modifier type: country_institution_size_change_speed_institution_health_system_mult. It is either invalid, or a potential dynamic modifier type definition missing from the database.: country_institution_size_change_speed_institution_health_system_mult, near line: 1524" in file: "common/power_bloc_principles/00_power_bloc_principles.txt" near line: 1524
[23:55:37][pdx_persistent_reader.cpp:268]: Error: "Unknown modifier type: country_institution_size_change_speed_institution_health_system_mult. It is either invalid, or a potential dynamic modifier type definition missing from the database.: country_institution_size_change_speed_institution_health_system_mult, near line: 1549" in file: "common/power_bloc_principles/00_power_bloc_principles.txt" near line: 1549
[23:55:37][pdx_persistent_reader.cpp:268]: Error: "Unknown modifier type: country_institution_size_change_speed_institution_health_system_mult. It is either invalid, or a potential dynamic modifier type definition missing from the database.: country_institution_size_change_speed_institution_health_system_mult, near line: 1565" in file: "common/power_bloc_principles/00_power_bloc_principles.txt" near line: 1565
[23:55:37][pdx_persistent_reader.cpp:268]: Error: "Unknown modifier type: building_group_building_rubber_plantation_unincorporated_throughput_add. It is either invalid, or a potential dynamic modifier type definition missing from the database.: building_group_building_rubber_plantation_unincorporated_throughput_add, near line: 1686" in file: "common/power_bloc_principles/00_power_bloc_principles.txt" near line: 1686
[23:55:37][pdx_persistent_reader.cpp:268]: Error: "Unknown modifier type: building_group_building_rubber_plantation_unincorporated_throughput_add. It is either invalid, or a potential dynamic modifier type definition missing from the database.: building_group_building_rubber_plantation_unincorporated_throughput_add, near line: 1715" in file: "common/power_bloc_principles/00_power_bloc_principles.txt" near line: 1715
[23:55:37][country_definition.cpp:231]: Country definition NEN has invalid capital STATE_MASSACHUSETTS
[23:55:37][country_definition.cpp:198]: Invalid culture Etiope in country_definition ETH
[23:55:37][country_definition.cpp:198]: Invalid culture Etiope in country_definition SHW
[23:55:37][country_formation.cpp:65]: Invalid unification play dp_unify_yugoslavia in country_formation
[23:55:37][country_formation.cpp:74]: Invalid leadership play dp_leadership_yugoslavia in country_formation
[23:55:37][country_creation.cpp:68]: Invalid state region STATE_MASSACHUSETTS in country_creation NEN
[23:55:37][country_creation.cpp:68]: Invalid state region STATE_NEW_HAMPSHIRE in country_creation NEN
[23:55:37][country_creation.cpp:68]: Invalid state region STATE_MAINE in country_creation NEN
[23:55:37][country_creation.cpp:68]: Invalid state region STATE_CONNECTICUT in country_creation NEN
[23:55:37][country_creation.cpp:68]: Invalid state region STATE_RHODE_ISLAND in country_creation NEN
[23:55:37][country_creation.cpp:68]: Invalid state region STATE_VERMONT in country_creation NEN
[23:55:37][event.cpp:358]: No default option in event gm_actions.14.
[23:55:37][event.cpp:358]: No default option in event gm_actions.15.
[23:55:37][event.cpp:358]: No default option in event gm_actions.16.
[23:55:37][event.cpp:358]: No default option in event gm_actions.17.
[23:55:37][event.cpp:358]: No default option in event age_of_nicholas_i.4.
[23:55:37][jomini_onaction.cpp:29]: No on_action scripted with tag spooky_halloween_events cannot link
[23:55:37][jomini_onaction.cpp:29]: No on_action scripted with tag HMPS_Check_for_GM cannot link
[23:55:37][player_message_type.cpp:177]: Diplomatic Action Group has mixed Notification Types
[23:55:37][journal_entry_type.cpp:452]: Journal entry is missing loc for je_matter_of_alsace
[23:55:37][journal_entry_type.cpp:457]: Journal entry is missing loc for je_matter_of_alsace_reason!
[23:55:37][company_type.cpp:40]: Invalid extension building type building_synthetics_plants for company type building_synthetics_plants
[23:55:38][pdx_persistent_reader.cpp:268]: Error: "Wrong type parsed in create_character effect: hq_region, near line: 1300" in file: "common/history/military_formations/05_military_formations_india.txt" near line: 1310
[23:55:38][pdx_persistent_reader.cpp:268]: Error: "Wrong type parsed in create_character effect: hq_region, near line: 1323" in file: "common/history/military_formations/05_military_formations_india.txt" near line: 1333
[23:55:38][jomini_script_system.cpp:247]: Script system error!
  Error: has_strategy trigger [ Invalid database object 'ai_strategy_unify_china' ]
  Script location: common/script_values/ai_script_values.txt:204

[23:55:38][jomini_trigger.cpp:223]: PostValidate of trigger 'has_strategy' returned false at common/script_values/ai_script_values.txt:204
[23:55:38][jomini_script_system.cpp:247]: Script system error!
  Error: has_journal_entry trigger [ Invalid database object 'je_warlord_china' ]
  Script location: common/scripted_effects/00_victoria_ip4_scripted_effects.txt:557

[23:55:38][jomini_trigger.cpp:223]: PostValidate of trigger 'has_journal_entry' returned false at common/scripted_effects/00_victoria_ip4_scripted_effects.txt:557
[23:55:38][jomini_script_system.cpp:247]: Script system error!
  Error: has_journal_entry trigger [ Invalid database object 'je_war_of_the_confederation' ]
  Script location: common/decrees/00_decree.txt:900

[23:55:38][jomini_trigger.cpp:223]: PostValidate of trigger 'has_journal_entry' returned false at common/decrees/00_decree.txt:900
[23:55:38][jomini_script_system.cpp:247]: Script system error!
  Error: is_diplomatic_play_type trigger [ Invalid database object 'dp_balkan_war' ]
  Script location: events/balkans_events/balkan_wars_events.txt:872

[23:55:38][jomini_trigger.cpp:223]: PostValidate of trigger 'is_diplomatic_play_type' returned false at events/balkans_events/balkan_wars_events.txt:872
[23:55:38][jomini_script_system.cpp:247]: Script system error!
  Error: is_diplomatic_play_type trigger [ Invalid database object 'dp_balkan_war' ]
  Script location: events/balkans_events/balkan_wars_events.txt:975

[23:55:38][jomini_trigger.cpp:223]: PostValidate of trigger 'is_diplomatic_play_type' returned false at events/balkans_events/balkan_wars_events.txt:975
[23:55:38][jomini_script_system.cpp:247]: Script system error!
  Error: has_modifier trigger [ Invalid database object 'modifier_no_ragged_schools' ]
  Script location: events/law_events/children_rights_events.txt:358

[23:55:38][jomini_trigger.cpp:223]: PostValidate of trigger 'has_modifier' returned false at events/law_events/children_rights_events.txt:358
[23:55:38][jomini_script_system.cpp:247]: Script system error!
  Error: is_diplomatic_play_type trigger [ Invalid database object 'dp_balkan_war' ]
  Script location: common/on_actions/00_code_on_actions.txt:3838

[23:55:38][jomini_trigger.cpp:223]: PostValidate of trigger 'is_diplomatic_play_type' returned false at common/on_actions/00_code_on_actions.txt:3838
[23:55:38][jomini_script_system.cpp:247]: Script system error!
  Error: has_journal_entry trigger [ Invalid database object 'je_warlord_china' ]
  Script location: common/on_actions/00_code_on_actions.txt:5093

[23:55:38][jomini_trigger.cpp:223]: PostValidate of trigger 'has_journal_entry' returned false at common/on_actions/00_code_on_actions.txt:5093
[23:55:38][jomini_script_system.cpp:247]: Script system error!
  Error: is_diplomatic_play_type trigger [ Invalid database object 'dp_balkan_war' ]
  Script location: common/on_actions/00_code_on_actions.txt:5952

[23:55:38][jomini_trigger.cpp:223]: PostValidate of trigger 'is_diplomatic_play_type' returned false at common/on_actions/00_code_on_actions.txt:5952
[23:55:38][jomini_script_system.cpp:247]: Script system error!
  Error: is_diplomatic_play_type trigger [ Invalid database object 'dp_balkan_war' ]
  Script location: common/on_actions/00_code_on_actions.txt:5989

[23:55:38][jomini_trigger.cpp:223]: PostValidate of trigger 'is_diplomatic_play_type' returned false at common/on_actions/00_code_on_actions.txt:5989
[23:55:38][jomini_script_system.cpp:247]: Script system error!
  Error: is_diplomatic_play_type trigger [ Invalid database object 'dp_enforce_trialist_manifesto' ]
  Script location: common/on_actions/00_code_on_actions.txt:6100

[23:55:38][jomini_trigger.cpp:223]: PostValidate of trigger 'is_diplomatic_play_type' returned false at common/on_actions/00_code_on_actions.txt:6100
[23:55:38][jomini_script_system.cpp:247]: Script system error!
  Error: has_active_production_method trigger [ Invalid Production Method: pm_no_hardwood ]
  Script location: gfx/map/city_data/city_centerpiece/balkan_centerpieces.txt:38

[23:55:38][jomini_trigger.cpp:223]: PostValidate of trigger 'has_active_production_method' returned false at gfx/map/city_data/city_centerpiece/balkan_centerpieces.txt:38
[23:55:38][jomini_script_system.cpp:247]: Script system error!
  Error: has_active_production_method trigger [ Invalid Production Method: pm_increased_hardwood ]
  Script location: gfx/map/city_data/city_centerpiece/balkan_centerpieces.txt:40

[23:55:38][jomini_trigger.cpp:223]: PostValidate of trigger 'has_active_production_method' returned false at gfx/map/city_data/city_centerpiece/balkan_centerpieces.txt:40
[23:55:38][jomini_script_system.cpp:247]: Script system error!
  Error: has_active_production_method trigger [ Invalid Production Method: pm_no_hardwood ]
  Script location: gfx/map/spline_network/route_graphics/02_railroad_vehicles.txt:897

[23:55:38][jomini_trigger.cpp:223]: PostValidate of trigger 'has_active_production_method' returned false at gfx/map/spline_network/route_graphics/02_railroad_vehicles.txt:897
[23:55:38][jomini_script_system.cpp:247]: Script system error!
  Error: has_active_production_method trigger [ Invalid Production Method: pm_no_hardwood ]
  Script location: gfx/map/spline_network/route_graphics/02_railroad_vehicles.txt:908

[23:55:38][jomini_trigger.cpp:223]: PostValidate of trigger 'has_active_production_method' returned false at gfx/map/spline_network/route_graphics/02_railroad_vehicles.txt:908
[23:55:38][jomini_script_system.cpp:247]: Script system error!
  Error: is_diplomatic_play_type trigger [ Invalid database object 'dp_balkan_war' ]
  Script location: common/scripted_buttons/00_balkan_wars_buttons.txt:384

[23:55:38][jomini_trigger.cpp:223]: PostValidate of trigger 'is_diplomatic_play_type' returned false at common/scripted_buttons/00_balkan_wars_buttons.txt:384
[23:55:38][jomini_script_system.cpp:247]: Script system error!
  Error: is_diplomatic_play_type trigger [ Invalid database object 'dp_balkan_war' ]
  Script location: common/scripted_buttons/00_balkan_wars_buttons.txt:441

[23:55:38][jomini_trigger.cpp:223]: PostValidate of trigger 'is_diplomatic_play_type' returned false at common/scripted_buttons/00_balkan_wars_buttons.txt:441
[23:55:38][jomini_script_system.cpp:247]: Script system error!
  Error: has_journal_entry trigger [ Invalid database object 'je_warlord_china' ]
  Script location: common/journal_entries/00_abolish_monarchy.txt:70

[23:55:38][jomini_trigger.cpp:223]: PostValidate of trigger 'has_journal_entry' returned false at common/journal_entries/00_abolish_monarchy.txt:70
[23:55:38][jomini_script_system.cpp:247]: Script system error!
  Error: has_discrimination_trait trigger [ Invalid database object 'east_slavic' ]
  Script location: common/company_types/00_companies_mp1.txt:357

[23:55:38][jomini_trigger.cpp:223]: PostValidate of trigger 'has_discrimination_trait' returned false at common/company_types/00_companies_mp1.txt:357
[23:55:38][jomini_script_system.cpp:247]: Script system error!
  Error: has_discrimination_trait trigger [ Invalid database object 'christian' ]
  Script location: common/power_bloc_identities/00_power_bloc_identities.txt:792

[23:55:38][jomini_trigger.cpp:223]: PostValidate of trigger 'has_discrimination_trait' returned false at common/power_bloc_identities/00_power_bloc_identities.txt:792
[23:55:38][jomini_script_system.cpp:247]: Script system error!
  Error: has_discrimination_trait trigger [ Invalid database object 'muslim' ]
  Script location: common/power_bloc_identities/00_power_bloc_identities.txt:793

[23:55:38][jomini_trigger.cpp:223]: PostValidate of trigger 'has_discrimination_trait' returned false at common/power_bloc_identities/00_power_bloc_identities.txt:793
[23:55:38][jomini_script_system.cpp:247]: Script system error!
  Error: has_discrimination_trait trigger [ Invalid database object 'jewish' ]
  Script location: common/power_bloc_identities/00_power_bloc_identities.txt:794

[23:55:38][jomini_trigger.cpp:223]: PostValidate of trigger 'has_discrimination_trait' returned false at common/power_bloc_identities/00_power_bloc_identities.txt:794
[23:55:38][jomini_script_system.cpp:247]: Script system error!
  Error: has_strategy trigger [ Invalid database object 'ai_strategy_unify_china' ]
  Script location: common/diplomatic_catalysts/00_diplomatic_catalysts.txt:1669

[23:55:38][jomini_trigger.cpp:223]: PostValidate of trigger 'has_strategy' returned false at common/diplomatic_catalysts/00_diplomatic_catalysts.txt:1669
[23:55:38][jomini_script_system.cpp:247]: Script system error!
  Error: has_journal_entry trigger [ Invalid database object 'je_opium_wars' ]
  Script location: common/scripted_triggers/00_ai_triggers.txt:162

[23:55:38][jomini_trigger.cpp:223]: PostValidate of trigger 'has_journal_entry' returned false at common/scripted_triggers/00_ai_triggers.txt:162
[23:55:38][jomini_script_system.cpp:247]: Script system error!
  Error: has_journal_entry trigger [ Invalid database object 'je_boxer_rebellion' ]
  Script location: common/scripted_triggers/00_ai_triggers.txt:168

[23:55:38][jomini_trigger.cpp:223]: PostValidate of trigger 'has_journal_entry' returned false at common/scripted_triggers/00_ai_triggers.txt:168
[23:55:38][jomini_script_system.cpp:247]: Script system error!
  Error: has_journal_entry trigger [ Invalid database object 'je_consolidate_colonial_rule' ]
  Script location: common/scripted_triggers/00_ai_triggers.txt:185

[23:55:38][jomini_trigger.cpp:223]: PostValidate of trigger 'has_journal_entry' returned false at common/scripted_triggers/00_ai_triggers.txt:185
[23:55:38][jomini_script_system.cpp:247]: Script system error!
  Error: has_journal_entry trigger [ Invalid database object 'je_war_of_the_confederation' ]
  Script location: common/ai_strategies/00_default_strategy.txt:1103

[23:55:38][jomini_trigger.cpp:223]: PostValidate of trigger 'has_journal_entry' returned false at common/ai_strategies/00_default_strategy.txt:1103
[23:55:38][jomini_script_system.cpp:247]: Script system error!
  Error: has_journal_entry trigger [ Invalid database object 'je_consolidate_colonial_rule' ]
  Script location: common/ai_strategies/00_default_strategy.txt:1539

[23:55:38][jomini_trigger.cpp:223]: PostValidate of trigger 'has_journal_entry' returned false at common/ai_strategies/00_default_strategy.txt:1539
[23:55:38][jomini_script_system.cpp:247]: Script system error!
  Error: has_journal_entry trigger [ Invalid database object 'je_opium_wars' ]
  Script location: common/ai_strategies/00_default_strategy.txt:2974

[23:55:38][jomini_trigger.cpp:223]: PostValidate of trigger 'has_journal_entry' returned false at common/ai_strategies/00_default_strategy.txt:2974
[23:55:38][jomini_script_system.cpp:247]: Script system error!
  Error: has_journal_entry trigger [ Invalid database object 'je_consolidate_colonial_rule' ]
  Script location: common/ai_strategies/00_default_strategy.txt:3184

[23:55:38][jomini_trigger.cpp:223]: PostValidate of trigger 'has_journal_entry' returned false at common/ai_strategies/00_default_strategy.txt:3184
[23:55:38][jomini_script_system.cpp:247]: Script system error!
  Error: has_journal_entry trigger [ Invalid database object 'je_consolidate_colonial_rule' ]
  Script location: common/ai_strategies/00_default_strategy.txt:6821

[23:55:38][jomini_trigger.cpp:223]: PostValidate of trigger 'has_journal_entry' returned false at common/ai_strategies/00_default_strategy.txt:6821
[23:55:39][eventtargetlinks.cpp:119]: Invalid database object key 'principle_group_colonial_offices' file location: common/laws/00_colonial_affairs.txt:141
[23:55:39][eventtargetlinks.cpp:119]: Invalid database object key 'principle_group_colonial_offices' file location: common/laws/00_colonial_affairs.txt:221
[23:55:39][eventtargetlinks.cpp:119]: Invalid database object key 'principle_group_colonial_offices' file location: common/laws/00_colonial_affairs.txt:304
[23:55:39][eventtargetlinks.cpp:119]: Invalid database object key 'principle_group_foreign_investment' file location: common/script_values/01_power_bloc_values.txt:35
[23:55:39][eventtargetlinks.cpp:119]: Invalid database object key 'mobilization_option_machinegun' file location: events/tech_events/military_tech_events_01.txt:127
[23:55:39][eventtargetlinks.cpp:119]: Invalid database object key 'mobilization_option_machinegun' file location: events/tech_events/military_tech_events_01.txt:140
[23:55:39][eventtargetlinks.cpp:119]: Invalid database object key 'mobilization_option_machinegun' file location: events/tech_events/military_tech_events_01.txt:151
[23:55:39][eventtargetlinks.cpp:119]: Invalid database object key 'mobilization_option_machinegun' file location: events/tech_events/military_tech_events_01.txt:159
[23:55:39][eventtargetlinks.cpp:119]: Invalid database object key 'company_suez_company' file location: common/character_templates/country_fra.txt:639
[23:55:39][eventtargetlinks.cpp:119]: Invalid database object key 'mobilization_option_machinegunners' file location: gfx/map/front_entities/front_entities_support.txt:186
[23:55:39][eventtargetlinks.cpp:119]: Invalid database object key 'mobilization_option_machinegunners' file location: gfx/map/front_entities/front_entities_support.txt:204
[23:55:39][eventtargetlinks.cpp:119]: Invalid database object key 'mobilization_option_machinegunners' file location: gfx/map/front_entities/front_entities_support.txt:222
[23:55:39][eventtargetlinks.cpp:119]: Invalid database object key 'mobilization_option_machinegunners' file location: gfx/map/front_entities/front_entities_support.txt:240
[23:55:39][eventtargetlinks.cpp:119]: Invalid database object key 'mobilization_option_machinegunners' file location: gfx/map/front_entities/front_entities_support.txt:258
[23:55:39][eventtargetlinks.cpp:119]: Invalid database object key 'mobilization_option_machinegunners' file location: gfx/map/front_entities/front_entities_support.txt:279
[23:55:39][eventtargetlinks.cpp:119]: Invalid database object key 'principle_group_defensive_cooperation' file location: common/power_bloc_principles/00_power_bloc_principles.txt:439
[23:55:39][eventtargetlinks.cpp:119]: Invalid database object key 'principle_group_colonial_offices' file location: common/ai_strategies/00_default_strategy.txt:6001
[23:55:39][eventtargetlinks.cpp:119]: Invalid database object key 'principle_group_colonial_offices' file location: common/ai_strategies/00_default_strategy.txt:6387
[23:55:39][eventtargetlinks.cpp:119]: Invalid database object key 'principle_colonial_offices_3' file location: common/ai_strategies/02_diplomatic_strategies.txt:81
[23:55:39][eventtargetlinks.cpp:119]: Invalid database object key 'principle_colonial_offices_3' file location: common/ai_strategies/02_diplomatic_strategies.txt:447
[23:55:39][eventtargetlinks.cpp:119]: Invalid database object key 'principle_group_colonial_offices' file location: common/ai_strategies/02_diplomatic_strategies.txt:689
[23:55:39][eventtargetlinks.cpp:119]: Invalid database object key 'principle_group_colonial_offices' file location: common/ai_strategies/02_diplomatic_strategies.txt:712
[23:55:39][eventtargetlinks.cpp:119]: Invalid database object key 'principle_colonial_offices_3' file location: common/ai_strategies/02_diplomatic_strategies.txt:962
[23:55:39][eventtargetlinks.cpp:119]: Invalid database object key 'principle_colonial_offices_3' file location: common/ai_strategies/02_diplomatic_strategies.txt:2800
[23:55:39][eventtargetlinks.cpp:119]: Invalid database object key 'principle_foreign_investment_3' file location: common/treaty_articles/07_foreign_investment_rights.txt:68
[23:55:39][eventtargetlinks.cpp:119]: Invalid database object key 'principle_foreign_investment_3' file location: common/treaty_articles/18_acquire_monopoly_for_company.txt:83
[23:55:39][jomini_script_system.cpp:247]: Script system error!
  Error: trigger_event effect [ Event not found! EventID: formation.18 ]
  Script location: common/on_actions/00_code_on_actions.txt:3587

[23:55:39][jomini_script_system.cpp:247]: Script system error!
  Error: trigger_event effect [ Event not found! EventID: formation.20 ]
  Script location: common/on_actions/00_code_on_actions.txt:3599

[23:55:39][jomini_script_system.cpp:247]: Script system error!
  Error: trigger_event effect [ Event not found! EventID: formation.21 ]
  Script location: common/on_actions/00_code_on_actions.txt:3605

[23:55:39][jomini_script_system.cpp:247]: Script system error!
  Error: trigger_event effect [ Event not found! EventID: formation.17 ]
  Script location: common/on_actions/00_code_on_actions.txt:3684

[23:55:39][jomini_eventmanager.cpp:118]: 'raj.1' does not have a valid namespace
[23:55:39][jomini_script_system.cpp:247]: Script system error!
  Error: trigger_event effect [ Event not found! EventID: raj.1 ]
  Script location: common/decisions/british_raj_decisions.txt:23

[23:55:39][jomini_eventmanager.cpp:118]: 'raj.1' does not have a valid namespace
[23:55:39][jomini_script_system.cpp:247]: Script system error!
  Error: trigger_event effect [ Event not found! EventID: raj.1 ]
  Script location: common/decisions/india_decisions.txt:291

[23:55:39][jomini_eventmanager.cpp:118]: 'raj.4' does not have a valid namespace
[23:55:39][jomini_script_system.cpp:247]: Script system error!
  Error: trigger_event effect [ Event not found! EventID: raj.4 ]
  Script location: common/journal_entries/04_sepoy_mutiny.txt:422

[23:55:39][jomini_eventmanager.cpp:118]: 'raj.5' does not have a valid namespace
[23:55:39][jomini_script_system.cpp:247]: Script system error!
  Error: trigger_event effect [ Event not found! EventID: raj.5 ]
  Script location: common/journal_entries/04_sepoy_mutiny.txt:423

[23:55:39][jomini_eventmanager.cpp:118]: 'raj.1' does not have a valid namespace
[23:55:39][jomini_script_system.cpp:247]: Script system error!
  Error: trigger_event effect [ Event not found! EventID: raj.1 ]
  Script location: common/journal_entries/04_sepoy_mutiny.txt:493

[23:55:39][jomini_eventmanager.cpp:118]: 'raj.2' does not have a valid namespace
[23:55:39][jomini_script_system.cpp:247]: Script system error!
  Error: trigger_event effect [ Event not found! EventID: raj.2 ]
  Script location: common/diplomatic_actions/46_doctrine_of_lapse.txt:67









[23:55:39][jomini_script_system.cpp:247]: Script system error!
  Error: add_modifier effect [ name: Not found in database class NJominiModifier::CStaticModifierDatabase ]
  Script location: events/law_events/children_rights_events.txt:418

[23:55:39][jomini_effect.cpp:140]: PostValidate of effect 'add_modifier' returned false at events/law_events/children_rights_events.txt:418
[23:55:39][jomini_script_system.cpp:247]: Script system error!
  Error: add_modifier effect [ name: Not found in database class NJominiModifier::CStaticModifierDatabase ]
  Script location: events/law_events/children_rights_events.txt:424

[23:55:39][jomini_effect.cpp:140]: PostValidate of effect 'add_modifier' returned false at events/law_events/children_rights_events.txt:424
[23:55:39][jomini_script_system.cpp:247]: Script system error!
  Error: add_modifier effect [ name: Not found in database class NJominiModifier::CStaticModifierDatabase ]
  Script location: common/decisions/manifest_destiny.txt:62

[23:55:39][jomini_effect.cpp:140]: PostValidate of effect 'add_modifier' returned false at common/decisions/manifest_destiny.txt:62
[23:55:39][jomini_effect.cpp:1138]: Variable 'bombay_progress_from_events_var_add_6' is used but is never set. Setting it in an unused scripted trigger or effect does not count
[23:55:39][jomini_effect.cpp:1138]: Variable 'usa_state_flag_block' is used but is never set. Setting it in an unused scripted trigger or effect does not count
[23:55:39][jomini_effect.cpp:1134]: Variable 'truce_funny' is set but is never used. Note that use in localization doesn't count due to technical limitations. Use in unused scripted triggers and effects also does not count
[23:55:39][jomini_effect.cpp:1138]: Variable 'madras_progress_from_events_var_add_6' is used but is never set. Setting it in an unused scripted trigger or effect does not count
[23:55:39][jomini_effect.cpp:1138]: Variable 'madras_progress_from_events_var_add_5' is used but is never set. Setting it in an unused scripted trigger or effect does not count
[23:55:39][jomini_effect.cpp:1138]: Variable 'bengal_progress_from_events_var_add_5' is used but is never set. Setting it in an unused scripted trigger or effect does not count
[23:55:39][jomini_effect.cpp:1138]: Variable 'frankenstein_factory_operational_var' is used but is never set. Setting it in an unused scripted trigger or effect does not count
[23:55:39][jomini_effect.cpp:1138]: Variable 'british_raj_var' is used but is never set. Setting it in an unused scripted trigger or effect does not count
[23:55:39][jomini_effect.cpp:1138]: Variable 'chinese_central_government' is used but is never set. Setting it in an unused scripted trigger or effect does not count
[23:55:39][jomini_effect.cpp:1138]: Variable 'district_of_columbia' is used but is never set. Setting it in an unused scripted trigger or effect does not count
[23:55:39][jomini_effect.cpp:1134]: Variable 'military_tech_events_var' is set but is never used. Note that use in localization doesn't count due to technical limitations. Use in unused scripted triggers and effects also does not count
[23:55:39][jomini_effect.cpp:1138]: Variable 'bombay_progress_from_events_var_add_5' is used but is never set. Setting it in an unused scripted trigger or effect does not count
[23:55:39][jomini_effect.cpp:1138]: Variable 'china_shatters' is used but is never set. Setting it in an unused scripted trigger or effect does not count
[23:55:39][jomini_effect.cpp:1134]: Variable 'por_ignored_gbr_var' is set but is never used. Note that use in localization doesn't count due to technical limitations. Use in unused scripted triggers and effects also does not count
[23:55:39][jomini_effect.cpp:1134]: Variable 'reject_russo-turkish_war' is set but is never used. Note that use in localization doesn't count due to technical limitations. Use in unused scripted triggers and effects also does not count
[23:55:39][jomini_effect.cpp:1134]: Variable 'east_indies_revolt_var' is set but is never used. Note that use in localization doesn't count due to technical limitations. Use in unused scripted triggers and effects also does not count
[23:55:39][jomini_effect.cpp:1138]: Variable 'bengal_progress_from_events_var_add_6' is used but is never set. Setting it in an unused scripted trigger or effect does not count
[23:55:39][jomini_effect.cpp:1138]: Variable 'frankenstein_happened_global_var' is used but is never set. Setting it in an unused scripted trigger or effect does not count
[23:55:39][jomini_effect.cpp:1138]: Variable 'lost_opium_wars' is used but is never set. Setting it in an unused scripted trigger or effect does not count
[23:55:39][jomini_effect.cpp:1134]: Variable 'china_warlord_abolished_monarchy' is set but is never used. Note that use in localization doesn't count due to technical limitations. Use in unused scripted triggers and effects also does not count
[23:55:39][jomini_effect.cpp:1138]: Variable 'anti_monarchist_revolution' is used but is never set. Setting it in an unused scripted trigger or effect does not count
[23:55:39][jomini_effect.cpp:1138]: Variable 'opium_wars_target' is used but is never set. Setting it in an unused scripted trigger or effect does not count
[23:55:39][jomini_effect.cpp:1134]: Variable 'sepoy_mutiny_princely_state_medium_loyalty_var' is set but is never used. Note that use in localization doesn't count due to technical limitations. Use in unused scripted triggers and effects also does not count
[23:55:39][jomini_effect.cpp:1138]: Variable 'consolidated_colonial_rule' is used but is never set. Setting it in an unused scripted trigger or effect does not count
[23:55:39][jomini_effect.cpp:1138]: Variable 'cult_center' is used but is never set. Setting it in an unused scripted trigger or effect does not count
[23:55:39][jomini_effect.cpp:1138]: Event target 'dixie_acw_scope' is used but is never set. Setting it in an unused scripted trigger or effect does not count
[23:55:39][jomini_effect.cpp:1138]: Event target 'heavenly_kingdom_spawn' is used but is never set. Setting it in an unused scripted trigger or effect does not count
[23:55:41][game_object_locators.cpp:428]: map object locator "city" is incomplete. A new file with locator data has been generated ( C:/Users/ricar/Documents/Paradox Interactive/Victoria 3//generated/generated_map_object_locators_city.txt ).
Copy that file (or its contents) to game/gfx/map_object_data to fix the error logs.
[23:55:41][game_object_locators.cpp:428]: map object locator "farm" is incomplete. A new file with locator data has been generated ( C:/Users/ricar/Documents/Paradox Interactive/Victoria 3//generated/generated_map_object_locators_farm.txt ).
Copy that file (or its contents) to game/gfx/map_object_data to fix the error logs.
[23:55:41][game_object_locators.cpp:428]: map object locator "mine" is incomplete. A new file with locator data has been generated ( C:/Users/ricar/Documents/Paradox Interactive/Victoria 3//generated/generated_map_object_locators_mine.txt ).
Copy that file (or its contents) to game/gfx/map_object_data to fix the error logs.
[23:55:41][game_object_locators.cpp:428]: map object locator "port" is incomplete. A new file with locator data has been generated ( C:/Users/ricar/Documents/Paradox Interactive/Victoria 3//generated/generated_map_object_locators_port.txt ).
Copy that file (or its contents) to game/gfx/map_object_data to fix the error logs.
[23:55:41][game_object_locators.cpp:428]: map object locator "wood" is incomplete. A new file with locator data has been generated ( C:/Users/ricar/Documents/Paradox Interactive/Victoria 3//generated/generated_map_object_locators_wood.txt ).
Copy that file (or its contents) to game/gfx/map_object_data to fix the error logs.
