
[18:52:46][pdx_persistent_reader.cpp:268]: Error: "Unknown modifier type: state_loyalists_from_sol_change_mult. It is either invalid, or a potential dynamic modifier type definition missing from the database.: state_loyalists_from_sol_change_mult, near line: 809" in file: "common/production_methods/monuments_mhmbd.txt" near line: 809
[18:52:46][pdx_persistent_reader.cpp:268]: Error: "Unknown modifier type: state_loyalists_from_sol_change_mult. It is either invalid, or a potential dynamic modifier type definition missing from the database.: state_loyalists_from_sol_change_mult, near line: 380" in file: "common/production_methods/monuments_mhmbd.txt" near line: 380
[18:52:46][gamedatabase.h:378]: Duplicated key pmg_base_building_victoria_terminus will not be created from file: common/production_method_groups/08_monuments.txt:593
[18:52:47][pdx_persistent_reader.cpp:268]: Error: "Unknown trigger type: country_is_in_india, near line: 1827" in file: "common/scripted_triggers/00_scripted_triggers.txt" near line: 1829
[18:52:47][pdx_persistent_reader.cpp:268]: Error: "Failed to read key reference: : , near line: 3
Failed to read key reference: : , near line: 3
Failed to read key reference: : , near line: 3
Failed to read key reference: : , near line: 3
Failed to read key reference: : , near line: 3
Failed to read key reference: : , near line: 3
Failed to read key reference: : , near line: 3
Failed to read key reference: : , near line: 3
Failed to read key reference: : , near line: 3
Failed to read key reference: : , near line: 3" in file: "" near line: 3
[18:52:47][pdx_persistent_reader.cpp:268]: Error: "Failed to read key reference: : , near line: 7
Failed to read key reference: : , near line: 7
Failed to read key reference: : , near line: 7
Failed to read key reference: : , near line: 7
Failed to read key reference: : , near line: 7
Failed to read key reference: : , near line: 7
Failed to read key reference: : , near line: 7
Failed to read key reference: : , near line: 7
Failed to read key reference: : , near line: 7
Failed to read key reference: : , near line: 7
Failed to read key reference: : , near line: 7
Failed to read key reference: : , near line: 7
Failed to read key reference: : , near line: 7" in file: "" near line: 7
[18:52:47][gamedatabase.h:781]: Failed to cache an item for Static Modifiers! Key: country_gdp_construction

[18:52:47][gamedatabase.h:781]: Failed to cache an item for Static Modifiers! Key: low_electoral_confidence

[18:52:47][building_group.cpp:91]: Building group bg_hardwood_logging has invalid parent building group building_logging_camp

[18:52:48][gamedatabase.h:378]: Duplicated key IBE will not be created from file: common/country_formation/formables_mhmbd.txt:1
[18:52:48][jomini_effect.cpp:541]: Unknown effect remove_ig_trait at common/interest_groups/00_devout.txt:230
[18:52:48][jomini_effect.cpp:541]: Unknown effect add_building_level at events/HMPS_00_GM_Actions.txt:333
[18:52:48][jomini_effect.cpp:541]: Unknown effect add_building_level at events/HMPS_00_GM_Actions.txt:341
[18:52:48][jomini_effect.cpp:541]: Unknown effect add_building_level at events/HMPS_00_GM_Actions.txt:365
[18:52:48][jomini_effect.cpp:541]: Unknown effect add_building_level at events/HMPS_00_GM_Actions.txt:373
[18:52:48][jomini_dynamicdescription.cpp:67]: Unrecognized loc key gm_actions.8.t. events/HMPS_00_GM_Money.txt:51
[18:52:48][jomini_dynamicdescription.cpp:67]: Unrecognized loc key gm_actions.9.t. events/HMPS_00_GM_Money.txt:203
[18:52:48][jomini_dynamicdescription.cpp:67]: Unrecognized loc key gm_actions.10.t. events/HMPS_00_GM_Money.txt:345
[18:52:48][jomini_dynamicdescription.cpp:67]: Unrecognized loc key gm_actions.11.t. events/HMPS_00_GM_Money.txt:458
[18:52:48][jomini_dynamicdescription.cpp:67]: Unrecognized loc key gm_actions.12.t. events/HMPS_00_GM_Money.txt:610
[18:52:48][jomini_dynamicdescription.cpp:67]: Unrecognized loc key gm_actions.13.t. events/HMPS_00_GM_Money.txt:752
[18:52:48][jomini_dynamicdescription.cpp:67]: Unrecognized loc key gm_actions.18.t. events/HMPS_00_GM_Money.txt:865
[18:52:48][jomini_dynamicdescription.cpp:67]: Unrecognized loc key gm_actions.18.l. CEventOptionDesc:139
[18:52:48][jomini_dynamicdescription.cpp:67]: Unrecognized loc key gm_actions.19.t. events/HMPS_00_GM_Money.txt:1016
[18:52:48][jomini_dynamicdescription.cpp:67]: Unrecognized loc key manifest_destiny_mexico.1.a. CEventOptionDesc:139

[18:52:48][jomini_eventmanager.cpp:572]: Namespace 'REPLACE_OR_CREATE:historical_agitators' used in event 'REPLACE_OR_CREATE:historical_agitators.14' (file: events/agitators_events/dickens_event.txt) is not defined in this file - it might not load properly.
[18:52:48][jomini_eventmanager.cpp:118]: 'REPLACE_OR_CREATE:historical_agitators.14' does not have a valid namespace

[18:52:48][jomini_effect.cpp:752]: Inconsistent effect scopes (state vs. country) inevents/agitators_events/japan_agitators_mhmbd.txt:65
[18:52:48][jomini_effect.cpp:752]: Inconsistent effect scopes (state vs. country) inevents/agitators_events/japan_agitators_mhmbd.txt:78
[18:52:48][jomini_effect.cpp:752]: Inconsistent effect scopes (state vs. country) inevents/agitators_events/japan_agitators_mhmbd.txt:81
[18:52:48][jomini_effect.cpp:752]: Inconsistent effect scopes (state vs. country) inevents/agitators_events/japan_agitators_mhmbd.txt:85

[18:52:48][pdx_persistent_reader.cpp:268]: Error: "Unknown trigger type: country_is_in_europe, near line: 39
Unknown trigger type: country_is_in_north_america, near line: 40" in file: "events/agitators_events/silkworm_diseases.txt" near line: 41
[18:52:48][virtualfilesystem.cpp:569]: Could not find texture due to 'VFSOpen Error: gfx/interface/icons/event_icºons/event_newspaper.dds not found'
[18:52:48][pdx_persistent_reader.cpp:268]: Error: "Unexpected token: namespace, near line: 1772" in file: "events/soi_events/00_lobbies_events_03.txt" near line: 1772

[18:52:48][character_templates_utils.cpp:1584]: Missing localization key for character last name Sanjo, reverting to random name
[18:52:48][character_templates_utils.cpp:1584]: Missing localization key for character last name Kinmochi, reverting to random name
[18:52:48][gamedatabase.h:378]: Duplicated key chi_sun_yat_sen_character_template will not be created from file: common/character_templates/historical_agitators.txt:1777
[18:52:48][pdx_persistent_reader.cpp:268]: Error: "Unexpected token: center_building_mesh, near line: 4" in file: "gfx/map/city_data/city_types/french_city.txt" near line: 4
[18:52:48][pdx_persistent_reader.cpp:268]: Error: "Unexpected token: center_building_size, near line: 6" in file: "gfx/map/city_data/city_types/french_city.txt" near line: 6
[18:52:48][pdx_persistent_reader.cpp:268]: Error: "Unexpected token: building_paper_mills, near line: 77" in file: "gfx/map/city_data/city_types/french_city.txt" near line: 77
[18:52:48][pdx_persistent_reader.cpp:268]: Error: "Unexpected token: building_textile_mills, near line: 79" in file: "gfx/map/city_data/city_types/french_city.txt" near line: 79
[18:52:48][pdx_persistent_reader.cpp:268]: Error: "Unexpected token: building_furniture_manufacturies, near line: 82" in file: "gfx/map/city_data/city_types/french_city.txt" near line: 82
[18:52:48][pdx_persistent_reader.cpp:268]: Error: "Unexpected token: building_tooling_workshops, near line: 86" in file: "gfx/map/city_data/city_types/french_city.txt" near line: 86
[18:52:48][pdx_persistent_reader.cpp:268]: Error: "Unexpected token: building_steel_mills, near line: 89" in file: "gfx/map/city_data/city_types/french_city.txt" near line: 89
[18:52:48][pdx_persistent_reader.cpp:268]: Error: "Unexpected token: building_artillery_foundries, near line: 94" in file: "gfx/map/city_data/city_types/french_city.txt" near line: 94
[18:52:48][pdx_persistent_reader.cpp:268]: Error: "Unexpected token: building_war_machine_industry, near line: 96" in file: "gfx/map/city_data/city_types/french_city.txt" near line: 96
[18:52:48][pdx_persistent_reader.cpp:268]: Error: "Unexpected token: building_munition_plants, near line: 98" in file: "gfx/map/city_data/city_types/french_city.txt" near line: 98
[18:52:48][pdx_persistent_reader.cpp:268]: Error: "Unexpected token: building_chemical_plants, near line: 105" in file: "gfx/map/city_data/city_types/french_city.txt" near line: 105
[18:52:48][pdx_persistent_reader.cpp:268]: Error: "Unexpected token: building_synthetics_plants, near line: 106" in file: "gfx/map/city_data/city_types/french_city.txt" near line: 106
[18:52:48][pdx_persistent_reader.cpp:268]: Error: "Unexpected token: building_arts_academy, near line: 123" in file: "gfx/map/city_data/city_types/french_city.txt" near line: 123
[18:52:48][pdx_persistent_reader.cpp:268]: Error: "Unexpected token: building_barracks, near line: 124" in file: "gfx/map/city_data/city_types/french_city.txt" near line: 124
[18:52:48][pdx_persistent_reader.cpp:268]: Error: "Unexpected token: center_building_mesh, near line: 4" in file: "gfx/map/city_data/city_types/french_farm.txt" near line: 4
[18:52:48][pdx_persistent_reader.cpp:268]: Error: "Unexpected token: center_building_size, near line: 5" in file: "gfx/map/city_data/city_types/french_farm.txt" near line: 5
[18:52:48][pdx_persistent_reader.cpp:268]: Error: "Unexpected token: building_vineyard_plantation, near line: 124" in file: "gfx/map/city_data/city_types/french_farm.txt" near line: 126
[18:52:48][pdx_persistent_reader.cpp:268]: Error: "Unexpected token: center_building_entity, near line: 4" in file: "gfx/map/city_data/city_types/french_mine.txt" near line: 4
[18:52:48][pdx_persistent_reader.cpp:268]: Error: "Unexpected token: center_building_size, near line: 5" in file: "gfx/map/city_data/city_types/french_mine.txt" near line: 5
[18:52:48][pdx_persistent_reader.cpp:268]: Error: "Unexpected token: building_gold_fields, near line: 90" in file: "gfx/map/city_data/city_types/french_mine.txt" near line: 92
[18:52:48][pdx_persistent_reader.cpp:268]: Error: "Unexpected token: center_building_entity, near line: 4" in file: "gfx/map/city_data/city_types/french_port.txt" near line: 4
[18:52:48][pdx_persistent_reader.cpp:268]: Error: "Unexpected token: center_modifiers, near line: 5" in file: "gfx/map/city_data/city_types/french_port.txt" near line: 9
[18:52:48][pdx_persistent_reader.cpp:268]: Error: "Unexpected token: modifier_key_prefix, near line: 10" in file: "gfx/map/city_data/city_types/french_port.txt" near line: 10
[18:52:48][pdx_persistent_reader.cpp:268]: Error: "Unexpected token: modifier_key_suffix, near line: 11" in file: "gfx/map/city_data/city_types/french_port.txt" near line: 11
[18:52:48][pdx_persistent_reader.cpp:268]: Error: "Unexpected token: center_building_size, near line: 12" in file: "gfx/map/city_data/city_types/french_port.txt" near line: 12
[18:52:48][pdx_persistent_reader.cpp:268]: Error: "Unexpected token: building_shipyards, near line: 81" in file: "gfx/map/city_data/city_types/french_port.txt" near line: 81
[18:52:48][pdx_persistent_reader.cpp:268]: Error: "Unexpected token: building_military_shipyards, near line: 82" in file: "gfx/map/city_data/city_types/french_port.txt" near line: 82
[18:52:48][pdx_persistent_reader.cpp:268]: Error: "Unexpected token: center_building_entity, near line: 4" in file: "gfx/map/city_data/city_types/french_wood.txt" near line: 4
[18:52:48][pdx_persistent_reader.cpp:268]: Error: "Unexpected token: center_building_size, near line: 5" in file: "gfx/map/city_data/city_types/french_wood.txt" near line: 5
[18:52:48][pdx_persistent_reader.cpp:268]: Error: "Unexpected token: center_building_mesh, near line: 4" in file: "gfx/map/city_data/city_types/indian_city.txt" near line: 4
[18:52:48][pdx_persistent_reader.cpp:268]: Error: "Unexpected token: center_building_size, near line: 6" in file: "gfx/map/city_data/city_types/indian_city.txt" near line: 6
[18:52:48][pdx_persistent_reader.cpp:268]: Error: "Unexpected token: building_arts_academy, near line: 61" in file: "gfx/map/city_data/city_types/indian_city.txt" near line: 61
[18:52:48][pdx_persistent_reader.cpp:268]: Error: "Unexpected token: building_barracks, near line: 62" in file: "gfx/map/city_data/city_types/indian_city.txt" near line: 62
[18:52:48][pdx_persistent_reader.cpp:268]: Error: "Unexpected token: building_paper_mills, near line: 71" in file: "gfx/map/city_data/city_types/indian_city.txt" near line: 71
[18:52:48][pdx_persistent_reader.cpp:268]: Error: "Unexpected token: building_textile_mills, near line: 72" in file: "gfx/map/city_data/city_types/indian_city.txt" near line: 72
[18:52:48][pdx_persistent_reader.cpp:268]: Error: "Unexpected token: building_furniture_manufacturies, near line: 73" in file: "gfx/map/city_data/city_types/indian_city.txt" near line: 73
[18:52:48][pdx_persistent_reader.cpp:268]: Error: "Unexpected token: building_tooling_workshops, near line: 75" in file: "gfx/map/city_data/city_types/indian_city.txt" near line: 75
[18:52:48][pdx_persistent_reader.cpp:268]: Error: "Unexpected token: building_steel_mills, near line: 76" in file: "gfx/map/city_data/city_types/indian_city.txt" near line: 76
[18:52:48][pdx_persistent_reader.cpp:268]: Error: "Unexpected token: building_artillery_foundries, near line: 78" in file: "gfx/map/city_data/city_types/indian_city.txt" near line: 78
[18:52:48][pdx_persistent_reader.cpp:268]: Error: "Unexpected token: building_war_machine_industry, near line: 79" in file: "gfx/map/city_data/city_types/indian_city.txt" near line: 79
[18:52:48][pdx_persistent_reader.cpp:268]: Error: "Unexpected token: building_munition_plants, near line: 80" in file: "gfx/map/city_data/city_types/indian_city.txt" near line: 80
[18:52:48][pdx_persistent_reader.cpp:268]: Error: "Unexpected token: building_chemical_plants, near line: 83" in file: "gfx/map/city_data/city_types/indian_city.txt" near line: 83
[18:52:48][pdx_persistent_reader.cpp:268]: Error: "Unexpected token: building_synthetics_plants, near line: 84" in file: "gfx/map/city_data/city_types/indian_city.txt" near line: 84
[18:52:48][pdx_persistent_reader.cpp:268]: Error: "Unexpected token: center_building_mesh, near line: 4" in file: "gfx/map/city_data/city_types/indian_farm.txt" near line: 4
[18:52:48][pdx_persistent_reader.cpp:268]: Error: "Unexpected token: center_building_size, near line: 5" in file: "gfx/map/city_data/city_types/indian_farm.txt" near line: 5
[18:52:48][pdx_persistent_reader.cpp:268]: Error: "Unexpected token: building_vineyard_plantation, near line: 89" in file: "gfx/map/city_data/city_types/indian_farm.txt" near line: 89
[18:52:48][pdx_persistent_reader.cpp:268]: Error: "Unexpected token: center_building_mesh, near line: 4" in file: "gfx/map/city_data/city_types/indian_mine.txt" near line: 4
[18:52:48][pdx_persistent_reader.cpp:268]: Error: "Unexpected token: center_building_size, near line: 5" in file: "gfx/map/city_data/city_types/indian_mine.txt" near line: 5
[18:52:48][pdx_persistent_reader.cpp:268]: Error: "Unexpected token: building_gold_fields, near line: 77" in file: "gfx/map/city_data/city_types/indian_mine.txt" near line: 79
[18:52:48][pdx_persistent_reader.cpp:268]: Error: "Unexpected token: center_building_entity, near line: 4" in file: "gfx/map/city_data/city_types/indian_port.txt" near line: 4
[18:52:48][pdx_persistent_reader.cpp:268]: Error: "Unexpected token: center_modifiers, near line: 5" in file: "gfx/map/city_data/city_types/indian_port.txt" near line: 9
[18:52:48][pdx_persistent_reader.cpp:268]: Error: "Unexpected token: modifier_key_prefix, near line: 10" in file: "gfx/map/city_data/city_types/indian_port.txt" near line: 10
[18:52:48][pdx_persistent_reader.cpp:268]: Error: "Unexpected token: modifier_key_suffix, near line: 11" in file: "gfx/map/city_data/city_types/indian_port.txt" near line: 11
[18:52:48][pdx_persistent_reader.cpp:268]: Error: "Unexpected token: center_building_size, near line: 12" in file: "gfx/map/city_data/city_types/indian_port.txt" near line: 12
[18:52:48][pdx_persistent_reader.cpp:268]: Error: "Unexpected token: building_shipyards, near line: 69" in file: "gfx/map/city_data/city_types/indian_port.txt" near line: 69
[18:52:48][pdx_persistent_reader.cpp:268]: Error: "Unexpected token: building_military_shipyards, near line: 70" in file: "gfx/map/city_data/city_types/indian_port.txt" near line: 70
[18:52:48][pdx_persistent_reader.cpp:268]: Error: "Unexpected token: center_building_entity, near line: 4" in file: "gfx/map/city_data/city_types/indian_wood.txt" near line: 4
[18:52:48][pdx_persistent_reader.cpp:268]: Error: "Unexpected token: center_building_size, near line: 5" in file: "gfx/map/city_data/city_types/indian_wood.txt" near line: 5
[18:52:48][pdx_persistent_reader.cpp:268]: Error: "Unexpected token: possible, near line: 17" in file: "gfx/map/spline_network/route_graphics/00_ep1_naval_vehicles.txt" near line: 21
[18:52:48][pdx_persistent_reader.cpp:268]: Error: "Unexpected token: possible, near line: 26" in file: "gfx/map/spline_network/route_graphics/00_ep1_road_vehicles.txt" near line: 31
[18:52:48][pdx_persistent_reader.cpp:268]: Error: "Unexpected token: possible, near line: 60" in file: "gfx/map/spline_network/route_graphics/00_ep1_road_vehicles.txt" near line: 67
[18:52:48][pdx_persistent_reader.cpp:268]: Error: "Unexpected token: possible, near line: 82" in file: "gfx/map/spline_network/route_graphics/00_ep1_road_vehicles.txt" near line: 86
[18:52:48][pdx_persistent_reader.cpp:268]: Error: "Unexpected token: possible, near line: 98" in file: "gfx/map/spline_network/route_graphics/00_ep1_road_vehicles.txt" near line: 102
[18:52:48][pdx_persistent_reader.cpp:268]: Error: "Unexpected token: possible, near line: 17" in file: "gfx/map/spline_network/route_graphics/ap1_road_vehicles.txt" near line: 25
[18:52:48][pdx_persistent_reader.cpp:268]: Error: "Unexpected token: possible, near line: 37" in file: "gfx/map/spline_network/route_graphics/ap1_road_vehicles.txt" near line: 45
[18:52:48][pdx_persistent_reader.cpp:268]: Error: "Unexpected token: possible, near line: 57" in file: "gfx/map/spline_network/route_graphics/ap1_road_vehicles.txt" near line: 65
[18:52:48][pdx_persistent_reader.cpp:268]: Error: "Unexpected token: possible, near line: 77" in file: "gfx/map/spline_network/route_graphics/ap1_road_vehicles.txt" near line: 85
[18:52:48][jomini_trigger.cpp:721]: Inconsistent trigger scopes (battle_side vs. character) incommon/battle_conditions/battle_conditions_mod.txt:68
[18:52:48][jomini_trigger.cpp:721]: Inconsistent trigger scopes (battle_side vs. character) incommon/battle_conditions/battle_conditions_mod.txt:69
[18:52:48][jomini_trigger.cpp:721]: Inconsistent trigger scopes (battle_side vs. character) incommon/battle_conditions/battle_conditions_mod.txt:107
[18:52:49][pdx_persistent_reader.cpp:268]: Error: "Unexpected token: ai_will_do, near line: 11" in file: "common/scripted_buttons/rhine_scripted_buttons_mhmbd.txt" near line: 11
[18:52:49][pdx_persistent_reader.cpp:268]: Error: "Unexpected token: ai_will_do, near line: 74" in file: "common/scripted_buttons/rhine_scripted_buttons_mhmbd.txt" near line: 74
[18:52:49][gamedatabase.h:378]: Duplicated key je_brazilian_nation_building will not be created from file: common/journal_entries/04_brazilian_nation_building.txt:1
[18:52:49][pdx_persistent_reader.cpp:268]: Error: "Unknown modifier type: country_navy_defense_mult. It is either invalid, or a potential dynamic modifier type definition missing from the database.: country_navy_defense_mult, near line: 157" in file: "common/company_types/00_companies_cots.txt" near line: 157
[18:52:49][pdx_persistent_reader.cpp:268]: Error: "Unknown modifier type: building_group_building_coffee_plantation_throughput_add. It is either invalid, or a potential dynamic modifier type definition missing from the database.: building_group_building_coffee_plantation_throughput_add, near line: 1393" in file: "common/company_types/00_companies_mp1.txt" near line: 1393
[18:52:49][pdx_persistent_reader.cpp:268]: Error: "Unknown modifier type: building_group_building_oil_rig_throughput_add. It is either invalid, or a potential dynamic modifier type definition missing from the database.: building_group_building_oil_rig_throughput_add, near line: 1314" in file: "common/company_types/00_companies_soi.txt" near line: 1314
[18:52:49][pdx_persistent_reader.cpp:268]: Error: "Unknown modifier type: building_group_building_coffee_plantation_throughput_add. It is either invalid, or a potential dynamic modifier type definition missing from the database.: building_group_building_coffee_plantation_throughput_add, near line: 129" in file: "common/company_types/companies_mhmbd.txt" near line: 129
[18:52:49][pdx_persistent_reader.cpp:268]: Error: "Unknown modifier type: power_bloc_religion_trade_route_competitiveness_mult. It is either invalid, or a potential dynamic modifier type definition missing from the database.: power_bloc_religion_trade_route_competitiveness_mult, near line: 1062" in file: "common/power_bloc_principles/00_power_bloc_principles.txt" near line: 1062
[18:52:49][pdx_persistent_reader.cpp:268]: Error: "Unknown modifier type: country_party_whip_impact_mult. It is either invalid, or a potential dynamic modifier type definition missing from the database.: country_party_whip_impact_mult, near line: 1350" in file: "common/power_bloc_principles/00_power_bloc_principles.txt" near line: 1350
[18:52:49][pdx_persistent_reader.cpp:268]: Error: "Unknown modifier type: country_party_whip_impact_mult. It is either invalid, or a potential dynamic modifier type definition missing from the database.: country_party_whip_impact_mult, near line: 1372" in file: "common/power_bloc_principles/00_power_bloc_principles.txt" near line: 1372
[18:52:49][pdx_persistent_reader.cpp:268]: Error: "Unknown modifier type: country_institution_size_change_speed_institution_health_system_mult. It is either invalid, or a potential dynamic modifier type definition missing from the database.: country_institution_size_change_speed_institution_health_system_mult, near line: 1524" in file: "common/power_bloc_principles/00_power_bloc_principles.txt" near line: 1524
[18:52:49][pdx_persistent_reader.cpp:268]: Error: "Unknown modifier type: country_institution_size_change_speed_institution_health_system_mult. It is either invalid, or a potential dynamic modifier type definition missing from the database.: country_institution_size_change_speed_institution_health_system_mult, near line: 1549" in file: "common/power_bloc_principles/00_power_bloc_principles.txt" near line: 1549
[18:52:49][pdx_persistent_reader.cpp:268]: Error: "Unknown modifier type: country_institution_size_change_speed_institution_health_system_mult. It is either invalid, or a potential dynamic modifier type definition missing from the database.: country_institution_size_change_speed_institution_health_system_mult, near line: 1565" in file: "common/power_bloc_principles/00_power_bloc_principles.txt" near line: 1565
[18:52:49][pdx_persistent_reader.cpp:268]: Error: "Unknown modifier type: building_group_building_rubber_plantation_unincorporated_throughput_add. It is either invalid, or a potential dynamic modifier type definition missing from the database.: building_group_building_rubber_plantation_unincorporated_throughput_add, near line: 1686" in file: "common/power_bloc_principles/00_power_bloc_principles.txt" near line: 1686
[18:52:49][pdx_persistent_reader.cpp:268]: Error: "Unknown modifier type: building_group_building_rubber_plantation_unincorporated_throughput_add. It is either invalid, or a potential dynamic modifier type definition missing from the database.: building_group_building_rubber_plantation_unincorporated_throughput_add, near line: 1715" in file: "common/power_bloc_principles/00_power_bloc_principles.txt" near line: 1715
[18:52:50][jomini_onaction.cpp:29]: No on_action scripted with tag spooky_halloween_events cannot link
[18:52:50][jomini_onaction.cpp:29]: No on_action scripted with tag HMPS_Check_for_GM cannot link
[18:52:50][player_message_type.cpp:177]: Diplomatic Action Group has mixed Notification Types
[18:52:50][journal_entry_type.cpp:452]: Journal entry is missing loc for je_matter_of_alsace
[18:52:50][journal_entry_type.cpp:457]: Journal entry is missing loc for je_matter_of_alsace_reason!
[18:52:50][jomini_script_system.cpp:247]: Script system error!
  Error: owns_entire_state_region trigger [ Invalid database object 'STATE_DISTRICT_OF_COLUMBIA' ]
  Script location: common/customizable_localization/02_events.txt:384

[18:52:50][jomini_trigger.cpp:223]: PostValidate of trigger 'owns_entire_state_region' returned false at common/customizable_localization/02_events.txt:384
[18:52:50][jomini_script_system.cpp:247]: Script system error!
  Error: has_journal_entry trigger [ Invalid database object 'je_warlord_china' ]
  Script location: common/on_actions/00_code_on_actions.txt:5088

[18:52:50][jomini_trigger.cpp:223]: PostValidate of trigger 'has_journal_entry' returned false at common/on_actions/00_code_on_actions.txt:5088
[18:52:50][jomini_script_system.cpp:247]: Script system error!
  Error: has_active_production_method trigger [ Invalid Production Method: pm_no_hardwood ]
  Script location: gfx/map/city_data/city_centerpiece/balkan_centerpieces.txt:38

[18:52:50][jomini_trigger.cpp:223]: PostValidate of trigger 'has_active_production_method' returned false at gfx/map/city_data/city_centerpiece/balkan_centerpieces.txt:38
[18:52:50][jomini_script_system.cpp:247]: Script system error!
  Error: has_active_production_method trigger [ Invalid Production Method: pm_increased_hardwood ]
  Script location: gfx/map/city_data/city_centerpiece/balkan_centerpieces.txt:40

[18:52:50][jomini_trigger.cpp:223]: PostValidate of trigger 'has_active_production_method' returned false at gfx/map/city_data/city_centerpiece/balkan_centerpieces.txt:40
[18:52:50][jomini_script_system.cpp:247]: Script system error!
  Error: has_active_production_method trigger [ Invalid Production Method: pm_no_hardwood ]
  Script location: gfx/map/spline_network/route_graphics/02_railroad_vehicles.txt:897

[18:52:50][jomini_trigger.cpp:223]: PostValidate of trigger 'has_active_production_method' returned false at gfx/map/spline_network/route_graphics/02_railroad_vehicles.txt:897
[18:52:50][jomini_script_system.cpp:247]: Script system error!
  Error: has_active_production_method trigger [ Invalid Production Method: pm_no_hardwood ]
  Script location: gfx/map/spline_network/route_graphics/02_railroad_vehicles.txt:908

[18:52:50][jomini_trigger.cpp:223]: PostValidate of trigger 'has_active_production_method' returned false at gfx/map/spline_network/route_graphics/02_railroad_vehicles.txt:908
[18:52:50][jomini_script_system.cpp:247]: Script system error!
  Error: has_journal_entry trigger [ Invalid database object 'je_warlord_china' ]
  Script location: common/journal_entries/00_abolish_monarchy.txt:70

[18:52:50][jomini_trigger.cpp:223]: PostValidate of trigger 'has_journal_entry' returned false at common/journal_entries/00_abolish_monarchy.txt:70
[18:52:50][jomini_script_system.cpp:247]: Script system error!
  Error: has_journal_entry trigger [ Invalid database object 'je_sepoy_mutiny' ]
  Script location: common/journal_entries/04_imperialism_of_promise.txt:55

[18:52:50][jomini_trigger.cpp:223]: PostValidate of trigger 'has_journal_entry' returned false at common/journal_entries/04_imperialism_of_promise.txt:55
[18:52:50][jomini_script_system.cpp:247]: Script system error!
  Error: has_discrimination_trait trigger [ Invalid database object 'east_slavic' ]
  Script location: common/company_types/00_companies_mp1.txt:357

[18:52:50][jomini_trigger.cpp:223]: PostValidate of trigger 'has_discrimination_trait' returned false at common/company_types/00_companies_mp1.txt:357
[18:52:50][jomini_script_system.cpp:247]: Script system error!
  Error: has_discrimination_trait trigger [ Invalid database object 'christian' ]
  Script location: common/power_bloc_identities/00_power_bloc_identities.txt:792

[18:52:50][jomini_trigger.cpp:223]: PostValidate of trigger 'has_discrimination_trait' returned false at common/power_bloc_identities/00_power_bloc_identities.txt:792
[18:52:50][jomini_script_system.cpp:247]: Script system error!
  Error: has_discrimination_trait trigger [ Invalid database object 'muslim' ]
  Script location: common/power_bloc_identities/00_power_bloc_identities.txt:793

[18:52:50][jomini_trigger.cpp:223]: PostValidate of trigger 'has_discrimination_trait' returned false at common/power_bloc_identities/00_power_bloc_identities.txt:793
[18:52:50][jomini_script_system.cpp:247]: Script system error!
  Error: has_discrimination_trait trigger [ Invalid database object 'jewish' ]
  Script location: common/power_bloc_identities/00_power_bloc_identities.txt:794

[18:52:50][jomini_trigger.cpp:223]: PostValidate of trigger 'has_discrimination_trait' returned false at common/power_bloc_identities/00_power_bloc_identities.txt:794
[18:52:50][jomini_script_system.cpp:247]: Script system error!
  Error: has_strategy trigger [ Invalid database object 'ai_strategy_unify_china' ]
  Script location: common/diplomatic_catalysts/00_diplomatic_catalysts.txt:1669

[18:52:50][jomini_trigger.cpp:223]: PostValidate of trigger 'has_strategy' returned false at common/diplomatic_catalysts/00_diplomatic_catalysts.txt:1669
[18:52:50][jomini_script_system.cpp:247]: Script system error!
  Error: has_journal_entry trigger [ Invalid database object 'je_consolidate_colonial_rule' ]
  Script location: common/scripted_triggers/00_ai_triggers.txt:171

[18:52:50][jomini_trigger.cpp:223]: PostValidate of trigger 'has_journal_entry' returned false at common/scripted_triggers/00_ai_triggers.txt:171
[18:52:50][jomini_script_system.cpp:247]: Script system error!
  Error: is_unification_candidate trigger [ Invalid country formation ]
  Script location: common/political_movements/03_pan_national_movements.txt:1812

[18:52:50][jomini_trigger.cpp:223]: PostValidate of trigger 'is_unification_candidate' returned false at common/political_movements/03_pan_national_movements.txt:1812
[18:52:50][jomini_script_system.cpp:247]: Script system error!
  Error: is_unification_candidate trigger [ Invalid country formation ]
  Script location: common/political_movements/03_pan_national_movements.txt:1814

[18:52:50][jomini_trigger.cpp:223]: PostValidate of trigger 'is_unification_candidate' returned false at common/political_movements/03_pan_national_movements.txt:1814
[18:52:50][jomini_script_system.cpp:247]: Script system error!
  Error: is_unification_candidate trigger [ Invalid country formation ]
  Script location: common/political_movements/03_pan_national_movements.txt:1827

[18:52:50][jomini_trigger.cpp:223]: PostValidate of trigger 'is_unification_candidate' returned false at common/political_movements/03_pan_national_movements.txt:1827
[18:52:50][jomini_script_system.cpp:247]: Script system error!
  Error: is_unification_candidate trigger [ Invalid country formation ]
  Script location: common/political_movements/03_pan_national_movements.txt:1830

[18:52:50][jomini_trigger.cpp:223]: PostValidate of trigger 'is_unification_candidate' returned false at common/political_movements/03_pan_national_movements.txt:1830
[18:52:50][jomini_script_system.cpp:247]: Script system error!
  Error: is_unification_candidate trigger [ Invalid country formation ]
  Script location: common/political_movements/03_pan_national_movements.txt:1849

[18:52:50][jomini_trigger.cpp:223]: PostValidate of trigger 'is_unification_candidate' returned false at common/political_movements/03_pan_national_movements.txt:1849
[18:52:50][jomini_script_system.cpp:247]: Script system error!
  Error: has_journal_entry trigger [ Invalid database object 'je_war_of_the_confederation' ]
  Script location: common/ai_strategies/00_default_strategy.txt:1103







[18:52:50][jomini_trigger.cpp:223]: PostValidate of trigger 'can_form_nation' returned false at common/ai_strategies/02_diplomatic_strategies.txt:3208

[18:52:51][eventtargetlinks.cpp:119]: Invalid database object key 'principle_group_foreign_investment' file location: common/script_values/01_power_bloc_values.txt:35

[18:52:51][eventtargetlinks.cpp:119]: Invalid database object key 'mobilization_option_machinegun' file location: events/tech_events/military_tech_events_01.txt:127
[18:52:51][eventtargetlinks.cpp:119]: Invalid database object key 'mobilization_option_machinegun' file location: events/tech_events/military_tech_events_01.txt:140
[18:52:51][eventtargetlinks.cpp:119]: Invalid database object key 'mobilization_option_machinegun' file location: events/tech_events/military_tech_events_01.txt:151
[18:52:51][eventtargetlinks.cpp:119]: Invalid database object key 'mobilization_option_machinegun' file location: events/tech_events/military_tech_events_01.txt:159
[18:52:51][eventtargetlinks.cpp:119]: Invalid database object key 'company_suez_company' file location: common/character_templates/country_fra.txt:639
[18:52:51][eventtargetlinks.cpp:119]: Invalid database object key 'mobilization_option_machinegunners' file location: gfx/map/front_entities/front_entities_support.txt:186
[18:52:51][eventtargetlinks.cpp:119]: Invalid database object key 'mobilization_option_machinegunners' file location: gfx/map/front_entities/front_entities_support.txt:204
[18:52:51][eventtargetlinks.cpp:119]: Invalid database object key 'mobilization_option_machinegunners' file location: gfx/map/front_entities/front_entities_support.txt:222
[18:52:51][eventtargetlinks.cpp:119]: Invalid database object key 'mobilization_option_machinegunners' file location: gfx/map/front_entities/front_entities_support.txt:240
[18:52:51][eventtargetlinks.cpp:119]: Invalid database object key 'mobilization_option_machinegunners' file location: gfx/map/front_entities/front_entities_support.txt:258
[18:52:51][eventtargetlinks.cpp:119]: Invalid database object key 'mobilization_option_machinegunners' file location: gfx/map/front_entities/front_entities_support.txt:279
[18:52:51][eventtargetlinks.cpp:119]: Invalid database object key 'principle_group_defensive_cooperation' file location: common/power_bloc_principles/00_power_bloc_principles.txt:439
[18:52:51][eventtargetlinks.cpp:119]: Invalid database object key 'principle_group_colonial_offices' file location: common/ai_strategies/00_default_strategy.txt:6001
[18:52:51][eventtargetlinks.cpp:119]: Invalid database object key 'principle_group_colonial_offices' file location: common/ai_strategies/00_default_strategy.txt:6387
[18:52:51][eventtargetlinks.cpp:119]: Invalid database object key 'principle_colonial_offices_3' file location: common/ai_strategies/02_diplomatic_strategies.txt:81
[18:52:51][eventtargetlinks.cpp:119]: Invalid database object key 'principle_colonial_offices_3' file location: common/ai_strategies/02_diplomatic_strategies.txt:447
[18:52:51][eventtargetlinks.cpp:119]: Invalid database object key 'principle_group_colonial_offices' file location: common/ai_strategies/02_diplomatic_strategies.txt:689
[18:52:51][eventtargetlinks.cpp:119]: Invalid database object key 'principle_group_colonial_offices' file location: common/ai_strategies/02_diplomatic_strategies.txt:712
[18:52:51][eventtargetlinks.cpp:119]: Invalid database object key 'principle_colonial_offices_3' file location: common/ai_strategies/02_diplomatic_strategies.txt:962
[18:52:51][eventtargetlinks.cpp:119]: Invalid database object key 'principle_colonial_offices_3' file location: common/ai_strategies/02_diplomatic_strategies.txt:2800
[18:52:51][eventtargetlinks.cpp:119]: Invalid database object key 'principle_foreign_investment_3' file location: common/treaty_articles/07_foreign_investment_rights.txt:68
[18:52:51][eventtargetlinks.cpp:119]: Invalid database object key 'principle_foreign_investment_3' file location: common/treaty_articles/18_acquire_monopoly_for_company.txt:83


[18:52:51][jomini_eventmanager.cpp:118]: 'raj.1' does not have a valid namespace
[18:52:51][jomini_eventmanager.cpp:118]: 'raj.1' does not have a valid namespace
[18:52:51][jomini_eventmanager.cpp:118]: 'india_home_rule_events.2' does not have a valid namespace
[18:52:51][jomini_eventmanager.cpp:118]: 'india_home_rule_events.9' does not have a valid namespace
[18:52:51][jomini_eventmanager.cpp:118]: 'india_home_rule_events.10' does not have a valid namespace
[18:52:51][jomini_eventmanager.cpp:118]: 'india_home_rule_events.7' does not have a valid namespace
[18:52:51][jomini_eventmanager.cpp:118]: 'india_home_rule_events.3' does not have a valid namespace
[18:52:51][jomini_eventmanager.cpp:118]: 'india_home_rule_events.1' does not have a valid namespace
[18:52:51][jomini_eventmanager.cpp:118]: 'india_home_rule_events.8' does not have a valid namespace
[18:52:51][jomini_eventmanager.cpp:118]: 'india_home_rule_events.10' does not have a valid namespace
[18:52:51][jomini_eventmanager.cpp:118]: 'raj.2' does not have a valid namespace


[18:52:51][jomini_script_system.cpp:247]: Script system error!
  Error: add_journal_entry effect [ Invalid journal entry type 'je_uneasy_raj' ]
  Script location: common/history/countries/bic - british east india company.txt:42

[18:52:51][jomini_effect.cpp:140]: PostValidate of effect 'add_journal_entry' returned false at common/history/countries/bic - british east india company.txt:42
[18:52:51][jomini_effect.cpp:1134]: Variable 'por_ignored_gbr_var' is set but is never used. Note that use in localization doesn't count due to technical limitations. Use in unused scripted triggers and effects also does not count
[18:52:51][jomini_effect.cpp:1138]: Variable 'district_of_columbia' is used but is never set. Setting it in an unused scripted trigger or effect does not count
[18:52:51][jomini_effect.cpp:1138]: Variable 'british_raj_var' is used but is never set. Setting it in an unused scripted trigger or effect does not count
[18:52:51][jomini_effect.cpp:1138]: Variable 'lost_opium_wars' is used but is never set. Setting it in an unused scripted trigger or effect does not count
[18:52:51][jomini_effect.cpp:1138]: Variable 'china_shatters' is used but is never set. Setting it in an unused scripted trigger or effect does not count
[18:52:51][jomini_effect.cpp:1138]: Variable 'britain_granted_dop_permission' is used but is never set. Setting it in an unused scripted trigger or effect does not count
[18:52:51][jomini_effect.cpp:1138]: Variable 'dyer_disciplined' is used but is never set. Setting it in an unused scripted trigger or effect does not count
[18:52:51][jomini_effect.cpp:1134]: Variable 'china_warlord_abolished_monarchy' is set but is never used. Note that use in localization doesn't count due to technical limitations. Use in unused scripted triggers and effects also does not count
[18:52:51][jomini_effect.cpp:1138]: Variable 'cult_center' is used but is never set. Setting it in an unused scripted trigger or effect does not count
[18:52:51][jomini_effect.cpp:1138]: Variable 'opium_wars_target' is used but is never set. Setting it in an unused scripted trigger or effect does not count
[18:52:51][jomini_effect.cpp:1134]: Variable 'reject_russo-turkish_war' is set but is never used. Note that use in localization doesn't count due to technical limitations. Use in unused scripted triggers and effects also does not count
[18:52:51][jomini_effect.cpp:1134]: Variable 'east_indies_revolt_var' is set but is never used. Note that use in localization doesn't count due to technical limitations. Use in unused scripted triggers and effects also does not count
[18:52:51][jomini_effect.cpp:1138]: Variable 'simon_var' is used but is never set. Setting it in an unused scripted trigger or effect does not count
[18:52:51][jomini_effect.cpp:1138]: Variable 'anti_monarchist_revolution' is used but is never set. Setting it in an unused scripted trigger or effect does not count
[18:52:51][jomini_effect.cpp:1138]: Variable 'simon_commission_var' is used but is never set. Setting it in an unused scripted trigger or effect does not count
[18:52:51][jomini_effect.cpp:1138]: Variable 'chinese_central_government' is used but is never set. Setting it in an unused scripted trigger or effect does not count
[18:52:51][jomini_effect.cpp:1134]: Variable 'utilitarianism_done' is set but is never used. Note that use in localization doesn't count due to technical limitations. Use in unused scripted triggers and effects also does not count
[18:52:51][jomini_effect.cpp:1138]: Variable 'frankenstein_factory_operational_var' is used but is never set. Setting it in an unused scripted trigger or effect does not count
[18:52:51][jomini_effect.cpp:1134]: Variable 'military_tech_events_var' is set but is never used. Note that use in localization doesn't count due to technical limitations. Use in unused scripted triggers and effects also does not count
[18:52:51][jomini_effect.cpp:1138]: Variable 'usa_state_flag_block' is used but is never set. Setting it in an unused scripted trigger or effect does not count
[18:52:51][jomini_effect.cpp:1138]: Variable 'company_rule_enduring' is used but is never set. Setting it in an unused scripted trigger or effect does not count
[18:52:51][jomini_effect.cpp:1134]: Variable 'truce_funny' is set but is never used. Note that use in localization doesn't count due to technical limitations. Use in unused scripted triggers and effects also does not count
[18:52:51][jomini_effect.cpp:1138]: Variable 'frankenstein_happened_global_var' is used but is never set. Setting it in an unused scripted trigger or effect does not count
[18:52:51][jomini_effect.cpp:1138]: Event target 'dixie_acw_scope' is used but is never set. Setting it in an unused scripted trigger or effect does not count
[18:52:51][jomini_effect.cpp:1138]: Event target 'heavenly_kingdom_spawn' is used but is never set. Setting it in an unused scripted trigger or effect does not count
[18:52:51][jomini_eventmanager.cpp:376]: Event algeria_events.2 is orphaned
[18:52:51][jomini_eventmanager.cpp:376]: Event vampire_panic.1 is orphaned
[18:52:51][jomini_eventmanager.cpp:376]: Event acw_events.7 is orphaned
[18:52:51][jomini_eventmanager.cpp:376]: Event acw_events.8 is orphaned
[18:52:51][jomini_eventmanager.cpp:376]: Event india_events.11 is orphaned

[18:52:57][jomini_script_system.cpp:247]: Script system error!
  Error: create_building effect [ simple_box! tooltippable_name tooltip:dw_1696362872,jwAAAA==,DATA_COUNTRY_NAME_TOOLTIP,CountryTooltip ORI143!flag_overlay! Orissa!! must have invented tooltippable_name tooltip:dw_2693000601,sDmoYbkFAAA=,DATA_TECHNOLOGY_NAME_TOOLTIP,TechnologyTooltip Enclosure!! ]
  Script location: common/history/buildings/10_india.txt:1721

[18:52:57][jomini_script_system.cpp:247]: Script system error!
  Error: create_building effect [ simple_box! tooltippable_name tooltip:dw_1696362872,jwAAAA==,DATA_COUNTRY_NAME_TOOLTIP,CountryTooltip ORI143!flag_overlay! Orissa!! must have invented tooltippable_name tooltip:dw_2693000601,sDmoYbkFAAA=,DATA_TECHNOLOGY_NAME_TOOLTIP,TechnologyTooltip Enclosure!! ]
  Script location: common/history/buildings/10_india.txt:1734

[18:52:57][jomini_script_system.cpp:247]: Script system error!
  Error: create_building effect [ simple_box! tooltippable_name tooltip:dw_1696362872,jwAAAA==,DATA_COUNTRY_NAME_TOOLTIP,CountryTooltip ORI143!flag_overlay! Orissa!! must have invented tooltippable_name tooltip:dw_2693000601,QC+uZbkFAAA=,DATA_TECHNOLOGY_NAME_TOOLTIP,TechnologyTooltip Navigation!! ]
  Script location: common/history/buildings/10_india.txt:1747

[18:52:58][pdx_assert.cpp:628]: Assertion failed: Coastal building in non coastal states, check it out From state Odisha (452) To State Dutch Orissa (453)
[18:53:02][initializefrombookmark.cpp:1373]: Historical diplomatic pact embargo between TUR and MON cannot be maintained and will break soon
[18:53:02][initializefrombookmark.cpp:1373]: Historical diplomatic pact vassal between PAN and KAS cannot be maintained and will break soon
[18:53:02][country_law_manager.cpp:444]: Country dyn_c_grand_duchy_of_finland is not permitted to retain law Tenant Farmers, fix this or consider Homesteading instead
[18:53:02][country_law_manager.cpp:444]: Country dyn_c_hanover is not permitted to retain law No Colonial Affairs, fix this or consider Colonial Resettlement instead
[18:53:02][country_law_manager.cpp:444]: Country ION is not permitted to retain law No Colonial Affairs, fix this or consider Colonial Resettlement instead
[18:53:02][country_law_manager.cpp:444]: Country ORI is not permitted to retain law Outlawed Dissent, fix this or consider Right of Assembly instead
[18:53:02][country_law_manager.cpp:444]: Country dyn_c_lower_canada is not permitted to retain law No Colonial Affairs, fix this or consider Colonial Resettlement instead
[18:53:02][country_law_manager.cpp:444]: Country dyn_c_upper_canada is not permitted to retain law No Colonial Affairs, fix this or consider Colonial Resettlement instead
[18:53:02][country_law_manager.cpp:444]: Country NBS is not permitted to retain law No Colonial Affairs, fix this or consider Colonial Resettlement instead
[18:53:02][country_law_manager.cpp:444]: Country NVS is not permitted to retain law No Colonial Affairs, fix this or consider Colonial Resettlement instead
[18:53:02][country_law_manager.cpp:444]: Country dyn_c_baltic_governorate is not permitted to retain law Tenant Farmers, fix this or consider Homesteading instead
[18:53:02][country_law_manager.cpp:444]: Country KZH is not permitted to retain law Subjecthood, fix this or consider National Supremacy instead
[18:53:02][country_law_manager.cpp:444]: Country KZH is not permitted to retain law Hereditary Bureaucrats, fix this or consider Appointed Bureaucrats instead
[18:53:02][country_law_manager.cpp:444]: Country KZH is not permitted to retain law Serfdom, fix this or consider Homesteading instead
[18:53:02][country_law_manager.cpp:444]: Country KZH is not permitted to retain law Right of Assembly, fix this or consider Glasnost instead
[18:53:02][country_law_manager.cpp:444]: Country UZH is not permitted to retain law Subjecthood, fix this or consider National Supremacy instead
[18:53:02][country_law_manager.cpp:444]: Country UZH is not permitted to retain law Hereditary Bureaucrats, fix this or consider Appointed Bureaucrats instead
[18:53:02][country_law_manager.cpp:444]: Country UZH is not permitted to retain law Serfdom, fix this or consider Homesteading instead
[18:53:02][country_law_manager.cpp:444]: Country UZH is not permitted to retain law Right of Assembly, fix this or consider Glasnost instead
[18:53:02][country_law_manager.cpp:444]: Country OZH is not permitted to retain law Subjecthood, fix this or consider National Supremacy instead
[18:53:02][country_law_manager.cpp:444]: Country OZH is not permitted to retain law Hereditary Bureaucrats, fix this or consider Appointed Bureaucrats instead
[18:53:02][country_law_manager.cpp:444]: Country OZH is not permitted to retain law Serfdom, fix this or consider Homesteading instead
[18:53:02][country_law_manager.cpp:444]: Country OZH is not permitted to retain law Right of Assembly, fix this or consider Glasnost instead
[18:53:02][country_law_manager.cpp:444]: Country company_russian_american_company is not permitted to retain law Subjecthood, fix this or consider National Supremacy instead
[18:53:02][country_law_manager.cpp:444]: Country company_russian_american_company is not permitted to retain law Hereditary Bureaucrats, fix this or consider Appointed Bureaucrats instead
[18:53:02][country_law_manager.cpp:444]: Country company_russian_american_company is not permitted to retain law Tenant Farmers, fix this or consider Homesteading instead
[18:53:02][country_law_manager.cpp:444]: Country company_east_india_company is not permitted to retain law No Colonial Affairs, fix this or consider Colonial Resettlement instead
[18:53:02][country_law_manager.cpp:444]: Country dyn_c_south_africa is not permitted to retain law No Colonial Affairs, fix this or consider Frontier Colonization instead
[18:53:02][country_law_manager.cpp:444]: Country dyn_c_british_west_africa is not permitted to retain law No Colonial Affairs, fix this or consider Frontier Colonization instead
[18:53:02][country_law_manager.cpp:444]: Country SAS is not permitted to retain law No Colonial Affairs, fix this or consider Frontier Colonization instead
[18:53:02][country_law_manager.cpp:444]: Country dyn_c_van_diemans_land is not permitted to retain law No Colonial Affairs, fix this or consider Frontier Colonization instead
[18:53:05][jomini_script_system.cpp:247]: Script system error!
  Error: has_law_or_variant trigger [ Wrong scope for trigger: power_bloc, expected country ]
  Script location: common/coat_of_arms/template_lists/colored_emblem_lists.txt:1217

[18:53:05][jomini_script_system.cpp:247]: Script system error!
  Error: has_law_or_variant trigger [ Wrong scope for trigger: power_bloc, expected country ]
  Script location: common/coat_of_arms/template_lists/colored_emblem_lists.txt:1255

[18:53:05][jomini_script_system.cpp:247]: Script system error!
  Error: has_law_or_variant trigger [ Wrong scope for trigger: power_bloc, expected country ]
  Script location: common/coat_of_arms/template_lists/colored_emblem_lists.txt:1284

[18:53:05][jomini_script_system.cpp:247]: Script system error!
  Error: has_law_or_variant trigger [ Wrong scope for trigger: power_bloc, expected country ]
  Script location: common/coat_of_arms/template_lists/colored_emblem_lists.txt:1293

[18:53:05][jomini_script_system.cpp:247]: Script system error!
  Error: has_law_or_variant trigger [ Wrong scope for trigger: power_bloc, expected country ]
  Script location: common/coat_of_arms/template_lists/colored_emblem_lists.txt:1301

[18:53:05][jomini_script_system.cpp:247]: Script system error!
  Error: has_law_or_variant trigger [ Wrong scope for trigger: power_bloc, expected country ]
  Script location: common/scripted_triggers/00_coa_triggers.txt:82
common/coat_of_arms/template_lists/colored_emblem_lists.txt:1324

[18:53:05][jomini_script_system.cpp:247]: Script system error!
  Error: has_law_or_variant trigger [ Wrong scope for trigger: power_bloc, expected country ]
  Script location: common/scripted_triggers/00_coa_triggers.txt:41
common/coat_of_arms/template_lists/colored_emblem_lists.txt:1345
common/scripted_triggers/00_coa_triggers.txt:119
common/scripted_triggers/00_coa_triggers.txt:58

[18:53:05][jomini_script_system.cpp:247]: Script system error!
  Error: has_law_or_variant trigger [ Wrong scope for trigger: power_bloc, expected country ]
  Script location: common/scripted_triggers/00_coa_triggers.txt:42
common/coat_of_arms/template_lists/colored_emblem_lists.txt:1345
common/scripted_triggers/00_coa_triggers.txt:119
common/scripted_triggers/00_coa_triggers.txt:58

[18:53:05][jomini_script_system.cpp:247]: Script system error!
  Error: has_law_or_variant trigger [ Wrong scope for trigger: power_bloc, expected country ]
  Script location: common/scripted_triggers/00_coa_triggers.txt:43
common/coat_of_arms/template_lists/colored_emblem_lists.txt:1345
common/scripted_triggers/00_coa_triggers.txt:119
common/scripted_triggers/00_coa_triggers.txt:58

[18:53:05][jomini_script_system.cpp:247]: Script system error!
  Error: has_law_or_variant trigger [ Wrong scope for trigger: power_bloc, expected country ]
  Script location: common/scripted_triggers/00_coa_triggers.txt:44
common/coat_of_arms/template_lists/colored_emblem_lists.txt:1345
common/scripted_triggers/00_coa_triggers.txt:119
common/scripted_triggers/00_coa_triggers.txt:58

[18:53:05][jomini_script_system.cpp:247]: Script system error!
  Error: has_law_or_variant trigger [ Wrong scope for trigger: power_bloc, expected country ]
  Script location: common/scripted_triggers/00_coa_triggers.txt:41
common/coat_of_arms/template_lists/colored_emblem_lists.txt:1345
common/scripted_triggers/00_coa_triggers.txt:120
common/scripted_triggers/00_coa_triggers.txt:53

[18:53:05][jomini_script_system.cpp:247]: Script system error!
  Error: has_law_or_variant trigger [ Wrong scope for trigger: power_bloc, expected country ]
  Script location: common/scripted_triggers/00_coa_triggers.txt:42
common/coat_of_arms/template_lists/colored_emblem_lists.txt:1345
common/scripted_triggers/00_coa_triggers.txt:120
common/scripted_triggers/00_coa_triggers.txt:53

[18:53:05][jomini_script_system.cpp:247]: Script system error!
  Error: has_law_or_variant trigger [ Wrong scope for trigger: power_bloc, expected country ]
  Script location: common/scripted_triggers/00_coa_triggers.txt:43
common/coat_of_arms/template_lists/colored_emblem_lists.txt:1345
common/scripted_triggers/00_coa_triggers.txt:120
common/scripted_triggers/00_coa_triggers.txt:53

[18:53:05][jomini_script_system.cpp:247]: Script system error!
  Error: has_law_or_variant trigger [ Wrong scope for trigger: power_bloc, expected country ]
  Script location: common/scripted_triggers/00_coa_triggers.txt:44
common/coat_of_arms/template_lists/colored_emblem_lists.txt:1345
common/scripted_triggers/00_coa_triggers.txt:120
common/scripted_triggers/00_coa_triggers.txt:53

