[14:42:54][jomini_script_system.cpp:247]: Script system error!
  Error: has_journal_entry trigger [ Invalid database object 'je_consolidate_colonial_rule' ]
  Script location: common/scripted_triggers/00_ai_triggers.txt:185

[14:42:54][jomini_trigger.cpp:223]: PostValidate of trigger 'has_journal_entry' returned false at common/scripted_triggers/00_ai_triggers.txt:185
[14:42:54][jomini_script_system.cpp:247]: Script system error!
  Error: has_journal_entry trigger [ Invalid database object 'je_war_of_the_confederation' ]
  Script location: common/ai_strategies/00_default_strategy.txt:1103

[14:42:54][jomini_trigger.cpp:223]: PostValidate of trigger 'has_journal_entry' returned false at common/ai_strategies/00_default_strategy.txt:1103
[14:42:54][jomini_script_system.cpp:247]: Script system error!
  Error: has_journal_entry trigger [ Invalid database object 'je_consolidate_colonial_rule' ]
  Script location: common/ai_strategies/00_default_strategy.txt:1539

[14:42:54][jomini_trigger.cpp:223]: PostValidate of trigger 'has_journal_entry' returned false at common/ai_strategies/00_default_strategy.txt:1539
[14:42:54][jomini_script_system.cpp:247]: Script system error!
  Error: has_journal_entry trigger [ Invalid database object 'je_opium_wars' ]
  Script location: common/ai_strategies/00_default_strategy.txt:2974

[14:42:54][jomini_trigger.cpp:223]: PostValidate of trigger 'has_journal_entry' returned false at common/ai_strategies/00_default_strategy.txt:2974
[14:42:54][jomini_script_system.cpp:247]: Script system error!
  Error: has_journal_entry trigger [ Invalid database object 'je_consolidate_colonial_rule' ]
  Script location: common/ai_strategies/00_default_strategy.txt:3184

[14:42:54][jomini_trigger.cpp:223]: PostValidate of trigger 'has_journal_entry' returned false at common/ai_strategies/00_default_strategy.txt:3184
[14:42:54][jomini_script_system.cpp:247]: Script system error!
  Error: has_journal_entry trigger [ Invalid database object 'je_consolidate_colonial_rule' ]
  Script location: common/ai_strategies/00_default_strategy.txt:6821

[14:42:54][jomini_trigger.cpp:223]: PostValidate of trigger 'has_journal_entry' returned false at common/ai_strategies/00_default_strategy.txt:6821
[14:42:55][eventtargetlinks.cpp:119]: Invalid database object key 'principle_group_colonial_offices' file location: common/laws/00_colonial_affairs.txt:141
[14:42:55][eventtargetlinks.cpp:119]: Invalid database object key 'principle_group_colonial_offices' file location: common/laws/00_colonial_affairs.txt:221
[14:42:55][eventtargetlinks.cpp:119]: Invalid database object key 'principle_group_colonial_offices' file location: common/laws/00_colonial_affairs.txt:304
[14:42:55][eventtargetlinks.cpp:119]: Invalid database object key 'principle_group_foreign_investment' file location: common/script_values/01_power_bloc_values.txt:35
[14:42:55][eventtargetlinks.cpp:3924]: Failed to find culture! Culture: South_Slavic, File Location: events/russo-turkish_war_events.txt:404
[14:42:55][eventtargetlinks.cpp:3924]: Failed to find culture! Culture: South_Slavic, File Location: events/russo-turkish_war_events.txt:992
[14:42:55][eventtargetlinks.cpp:3924]: Failed to find culture! Culture: South_Slavic, File Location: events/russo-turkish_war_events.txt:1093
[14:42:55][eventtargetlinks.cpp:119]: Invalid database object key 'mobilization_option_machinegun' file location: events/tech_events/military_tech_events_01.txt:127
[14:42:55][eventtargetlinks.cpp:119]: Invalid database object key 'mobilization_option_machinegun' file location: events/tech_events/military_tech_events_01.txt:140
[14:42:55][eventtargetlinks.cpp:119]: Invalid database object key 'mobilization_option_machinegun' file location: events/tech_events/military_tech_events_01.txt:151
[14:42:55][eventtargetlinks.cpp:119]: Invalid database object key 'mobilization_option_machinegun' file location: events/tech_events/military_tech_events_01.txt:159
[14:42:55][eventtargetlinks.cpp:119]: Invalid database object key 'company_suez_company' file location: common/character_templates/country_fra.txt:639
[14:42:55][eventtargetlinks.cpp:119]: Invalid database object key 'mobilization_option_machinegunners' file location: gfx/map/front_entities/front_entities_support.txt:186
[14:42:55][eventtargetlinks.cpp:119]: Invalid database object key 'mobilization_option_machinegunners' file location: gfx/map/front_entities/front_entities_support.txt:204
[14:42:55][eventtargetlinks.cpp:119]: Invalid database object key 'mobilization_option_machinegunners' file location: gfx/map/front_entities/front_entities_support.txt:222
[14:42:55][eventtargetlinks.cpp:119]: Invalid database object key 'mobilization_option_machinegunners' file location: gfx/map/front_entities/front_entities_support.txt:240
[14:42:55][eventtargetlinks.cpp:119]: Invalid database object key 'mobilization_option_machinegunners' file location: gfx/map/front_entities/front_entities_support.txt:258
[14:42:55][eventtargetlinks.cpp:119]: Invalid database object key 'mobilization_option_machinegunners' file location: gfx/map/front_entities/front_entities_support.txt:279
[14:42:55][eventtargetlinks.cpp:3924]: Failed to find culture! Culture: South_Slavic, File Location: common/company_types/00_companies_ip3.txt:33
[14:42:55][eventtargetlinks.cpp:119]: Invalid database object key 'principle_group_defensive_cooperation' file location: common/power_bloc_principles/00_power_bloc_principles.txt:439
[14:42:55][eventtargetlinks.cpp:119]: Invalid database object key 'principle_group_colonial_offices' file location: common/ai_strategies/00_default_strategy.txt:6001
[14:42:55][eventtargetlinks.cpp:119]: Invalid database object key 'principle_group_colonial_offices' file location: common/ai_strategies/00_default_strategy.txt:6387
[14:42:55][eventtargetlinks.cpp:119]: Invalid database object key 'principle_colonial_offices_3' file location: common/ai_strategies/02_diplomatic_strategies.txt:81
[14:42:55][eventtargetlinks.cpp:119]: Invalid database object key 'principle_colonial_offices_3' file location: common/ai_strategies/02_diplomatic_strategies.txt:447
[14:42:55][eventtargetlinks.cpp:119]: Invalid database object key 'principle_group_colonial_offices' file location: common/ai_strategies/02_diplomatic_strategies.txt:689
[14:42:55][eventtargetlinks.cpp:119]: Invalid database object key 'principle_group_colonial_offices' file location: common/ai_strategies/02_diplomatic_strategies.txt:712
[14:42:55][eventtargetlinks.cpp:119]: Invalid database object key 'principle_colonial_offices_3' file location: common/ai_strategies/02_diplomatic_strategies.txt:962
[14:42:55][eventtargetlinks.cpp:119]: Invalid database object key 'principle_colonial_offices_3' file location: common/ai_strategies/02_diplomatic_strategies.txt:2800
[14:42:55][eventtargetlinks.cpp:119]: Invalid database object key 'principle_foreign_investment_3' file location: common/treaty_articles/07_foreign_investment_rights.txt:68
[14:42:55][eventtargetlinks.cpp:119]: Invalid database object key 'principle_foreign_investment_3' file location: common/treaty_articles/18_acquire_monopoly_for_company.txt:83
[14:42:55][eventtargetlinks.cpp:3924]: Failed to find culture! Culture: South_Slavic, File Location: common/history/military_formations/04_military_formations_middle_east.txt:39
[14:42:55][eventtargetlinks.cpp:3924]: Failed to find culture! Culture: Etiope, File Location: common/history/military_formations/military_formations_ethiopia.txt:32
[14:42:55][jomini_script_system.cpp:247]: Script system error!
  Error: trigger_event effect [ Event not found! EventID: formation.18 ]
  Script location: common/on_actions/00_code_on_actions.txt:3587

[14:42:55][jomini_script_system.cpp:247]: Script system error!
  Error: trigger_event effect [ Event not found! EventID: formation.20 ]
  Script location: common/on_actions/00_code_on_actions.txt:3599

[14:42:55][jomini_script_system.cpp:247]: Script system error!
  Error: trigger_event effect [ Event not found! EventID: formation.21 ]
  Script location: common/on_actions/00_code_on_actions.txt:3605

[14:42:55][jomini_script_system.cpp:247]: Script system error!
  Error: trigger_event effect [ Event not found! EventID: formation.17 ]
  Script location: common/on_actions/00_code_on_actions.txt:3684

[14:42:55][jomini_eventmanager.cpp:118]: 'raj.1' does not have a valid namespace
[14:42:55][jomini_script_system.cpp:247]: Script system error!
  Error: trigger_event effect [ Event not found! EventID: raj.1 ]
  Script location: common/decisions/british_raj_decisions.txt:23

[14:42:55][jomini_eventmanager.cpp:118]: 'raj.1' does not have a valid namespace
[14:42:55][jomini_script_system.cpp:247]: Script system error!
  Error: trigger_event effect [ Event not found! EventID: raj.1 ]
  Script location: common/decisions/india_decisions.txt:291

[14:42:55][jomini_eventmanager.cpp:118]: 'raj.4' does not have a valid namespace
[14:42:55][jomini_script_system.cpp:247]: Script system error!
  Error: trigger_event effect [ Event not found! EventID: raj.4 ]
  Script location: common/journal_entries/04_sepoy_mutiny.txt:422

[14:42:55][jomini_eventmanager.cpp:118]: 'raj.5' does not have a valid namespace
[14:42:55][jomini_script_system.cpp:247]: Script system error!
  Error: trigger_event effect [ Event not found! EventID: raj.5 ]
  Script location: common/journal_entries/04_sepoy_mutiny.txt:423

[14:42:55][jomini_eventmanager.cpp:118]: 'raj.1' does not have a valid namespace
[14:42:55][jomini_script_system.cpp:247]: Script system error!
  Error: trigger_event effect [ Event not found! EventID: raj.1 ]
  Script location: common/journal_entries/04_sepoy_mutiny.txt:493

[14:42:55][jomini_eventmanager.cpp:118]: 'raj.2' does not have a valid namespace
[14:42:55][jomini_script_system.cpp:247]: Script system error!
  Error: trigger_event effect [ Event not found! EventID: raj.2 ]
  Script location: common/diplomatic_actions/46_doctrine_of_lapse.txt:67

[14:42:55][jomini_script_system.cpp:247]: Script system error!
  Error: create_building effect [ Invalid production method: pm_hardwood ]
  Script location: common/history/buildings/00_west_europe.txt:7797

[14:42:55][jomini_script_system.cpp:247]: Script system error!
  Error: create_building effect [ Invalid production method: pm_hardwood ]
  Script location: common/history/buildings/00_west_europe.txt:8275

[14:42:55][jomini_script_system.cpp:247]: Script system error!
  Error: create_building effect [ Invalid production method: pm_simple_farming ]
  Script location: common/history/buildings/02_east_europe.txt:949

[14:42:55][jomini_script_system.cpp:247]: Script system error!
  Error: create_building effect [ Invalid production method: pm_citrus_orchards ]
  Script location: common/history/buildings/02_east_europe.txt:949

[14:42:55][jomini_script_system.cpp:247]: Script system error!
  Error: create_building effect [ Invalid production method: pm_tools_disabled ]
  Script location: common/history/buildings/02_east_europe.txt:949

[14:42:55][jomini_script_system.cpp:247]: Script system error!
  Error: create_building effect [ Invalid production method: default_building_vineyard ]
  Script location: common/history/buildings/02_east_europe.txt:974

[14:42:55][jomini_script_system.cpp:247]: Script system error!
  Error: create_building effect [ Invalid production method: pm_road_carts ]
  Script location: common/history/buildings/02_east_europe.txt:974

[14:42:55][jomini_script_system.cpp:247]: Script system error!
  Error: create_building effect [ Invalid production method: pm_hardwood ]
  Script location: common/history/buildings/06_central_america.txt:975

[14:42:55][jomini_script_system.cpp:247]: Script system error!
  Error: create_building effect [ Invalid production method: pm_hardwood ]
  Script location: common/history/buildings/06_central_america.txt:1056

[14:42:55][jomini_script_system.cpp:247]: Script system error!
  Error: create_building effect [ Invalid production method: pm_hardwood ]
  Script location: common/history/buildings/06_central_america.txt:1131

[14:42:55][jomini_script_system.cpp:247]: Script system error!
  Error: create_building effect [ Invalid production method: pm_saw_millss ]
  Script location: common/history/buildings/08_middle_east.txt:1193

[14:42:55][jomini_script_system.cpp:247]: Script system error!
  Error: create_building effect [ Invalid production method: pm_pulp_pressing ]
  Script location: common/history/buildings/10_india.txt:39

[14:42:55][jomini_script_system.cpp:247]: Script system error!
  Error: create_building effect [ Invalid production method: pm_automation_disabled ]
  Script location: common/history/buildings/10_india.txt:39

[14:42:55][jomini_script_system.cpp:247]: Script system error!
  Error: create_building effect [ Invalid production method: pm_dye_workshop ]
  Script location: common/history/buildings/10_india.txt:314

[14:42:55][jomini_script_system.cpp:247]: Script system error!
  Error: create_building effect [ Invalid production method: pm_sulfite_pulping ]
  Script location: common/history/buildings/10_india.txt:327

[14:42:55][jomini_script_system.cpp:247]: Script system error!
  Error: create_building effect [ Invalid production method: pm_automation_disabled ]
  Script location: common/history/buildings/10_india.txt:327

[14:42:55][jomini_script_system.cpp:247]: Script system error!
  Error: create_building effect [ Invalid production method: pm_dye_workshop ]
  Script location: common/history/buildings/10_india.txt:385

[14:42:55][jomini_script_system.cpp:247]: Script system error!
  Error: create_building effect [ Invalid production method: pm_pulp_pressing ]
  Script location: common/history/buildings/10_india.txt:592

[14:42:55][jomini_script_system.cpp:247]: Script system error!
  Error: create_building effect [ Invalid production method: pm_automation_disabled ]
  Script location: common/history/buildings/10_india.txt:592

[14:42:55][jomini_script_system.cpp:247]: Script system error!
  Error: create_building effect [ Invalid production method: pm_dye_workshop ]
  Script location: common/history/buildings/10_india.txt:642

[14:42:55][jomini_script_system.cpp:247]: Script system error!
  Error: create_building effect [ Invalid production method: pm_pulp_pressing ]
  Script location: common/history/buildings/10_india.txt:1064

[14:42:55][jomini_script_system.cpp:247]: Script system error!
  Error: create_building effect [ Invalid production method: pm_automation_disabled ]
  Script location: common/history/buildings/10_india.txt:1064

[14:42:55][jomini_script_system.cpp:247]: Script system error!
  Error: create_building effect [ Invalid production method: pm_pulp_pressing ]
  Script location: common/history/buildings/10_india.txt:1224

[14:42:55][jomini_script_system.cpp:247]: Script system error!
  Error: create_building effect [ Invalid production method: pm_automation_disabled ]
  Script location: common/history/buildings/10_india.txt:1224

[14:42:55][jomini_script_system.cpp:247]: Script system error!
  Error: create_building effect [ Invalid production method: pm_pulp_pressing ]
  Script location: common/history/buildings/10_india.txt:2140

[14:42:55][jomini_script_system.cpp:247]: Script system error!
  Error: create_building effect [ Invalid production method: pm_automation_disabled ]
  Script location: common/history/buildings/10_india.txt:2140

[14:42:55][jomini_script_system.cpp:247]: Script system error!
  Error: create_building effect [ Invalid production method: pm_dye_workshop ]
  Script location: common/history/buildings/10_india.txt:2302

[14:42:55][jomini_script_system.cpp:247]: Script system error!
  Error: add_modifier effect [ name: Not found in database class NJominiModifier::CStaticModifierDatabase ]
  Script location: events/law_events/children_rights_events.txt:418

[14:42:55][jomini_effect.cpp:140]: PostValidate of effect 'add_modifier' returned false at events/law_events/children_rights_events.txt:418
[14:42:55][jomini_script_system.cpp:247]: Script system error!
  Error: add_modifier effect [ name: Not found in database class NJominiModifier::CStaticModifierDatabase ]
  Script location: events/law_events/children_rights_events.txt:424

[14:42:55][jomini_effect.cpp:140]: PostValidate of effect 'add_modifier' returned false at events/law_events/children_rights_events.txt:424
[14:42:55][jomini_script_system.cpp:247]: Script system error!
  Error: add_modifier effect [ name: Not found in database class NJominiModifier::CStaticModifierDatabase ]
  Script location: common/decisions/manifest_destiny.txt:62

[14:42:55][jomini_effect.cpp:140]: PostValidate of effect 'add_modifier' returned false at common/decisions/manifest_destiny.txt:62
[14:42:55][jomini_effect.cpp:1134]: Variable 'truce_funny' is set but is never used. Note that use in localization doesn't count due to technical limitations. Use in unused scripted triggers and effects also does not count
[14:42:55][jomini_effect.cpp:1134]: Variable 'china_warlord_abolished_monarchy' is set but is never used. Note that use in localization doesn't count due to technical limitations. Use in unused scripted triggers and effects also does not count
[14:42:55][jomini_effect.cpp:1138]: Variable 'lost_opium_wars' is used but is never set. Setting it in an unused scripted trigger or effect does not count
[14:42:55][jomini_effect.cpp:1138]: Variable 'frankenstein_happened_global_var' is used but is never set. Setting it in an unused scripted trigger or effect does not count
[14:42:55][jomini_effect.cpp:1138]: Variable 'madras_progress_from_events_var_add_6' is used but is never set. Setting it in an unused scripted trigger or effect does not count
[14:42:55][jomini_effect.cpp:1138]: Variable 'bengal_progress_from_events_var_add_6' is used but is never set. Setting it in an unused scripted trigger or effect does not count
[14:42:55][jomini_effect.cpp:1138]: Variable 'chinese_central_government' is used but is never set. Setting it in an unused scripted trigger or effect does not count
[14:42:55][jomini_effect.cpp:1138]: Variable 'frankenstein_factory_operational_var' is used but is never set. Setting it in an unused scripted trigger or effect does not count
[14:42:55][jomini_effect.cpp:1138]: Variable 'district_of_columbia' is used but is never set. Setting it in an unused scripted trigger or effect does not count
[14:42:55][jomini_effect.cpp:1138]: Variable 'bombay_progress_from_events_var_add_6' is used but is never set. Setting it in an unused scripted trigger or effect does not count
[14:42:55][jomini_effect.cpp:1138]: Variable 'china_shatters' is used but is never set. Setting it in an unused scripted trigger or effect does not count
[14:42:55][jomini_effect.cpp:1138]: Variable 'consolidated_colonial_rule' is used but is never set. Setting it in an unused scripted trigger or effect does not count
[14:42:55][jomini_effect.cpp:1134]: Variable 'reject_russo-turkish_war' is set but is never used. Note that use in localization doesn't count due to technical limitations. Use in unused scripted triggers and effects also does not count
[14:42:55][jomini_effect.cpp:1134]: Variable 'east_indies_revolt_var' is set but is never used. Note that use in localization doesn't count due to technical limitations. Use in unused scripted triggers and effects also does not count
[14:42:55][jomini_effect.cpp:1138]: Variable 'bombay_progress_from_events_var_add_5' is used but is never set. Setting it in an unused scripted trigger or effect does not count
[14:42:55][jomini_effect.cpp:1138]: Variable 'bengal_progress_from_events_var_add_5' is used but is never set. Setting it in an unused scripted trigger or effect does not count
[14:42:55][jomini_effect.cpp:1138]: Variable 'usa_state_flag_block' is used but is never set. Setting it in an unused scripted trigger or effect does not count
[14:42:55][jomini_effect.cpp:1138]: Variable 'anti_monarchist_revolution' is used but is never set. Setting it in an unused scripted trigger or effect does not count
[14:42:55][jomini_effect.cpp:1134]: Variable 'por_ignored_gbr_var' is set but is never used. Note that use in localization doesn't count due to technical limitations. Use in unused scripted triggers and effects also does not count
[14:42:55][jomini_effect.cpp:1138]: Variable 'cult_center' is used but is never set. Setting it in an unused scripted trigger or effect does not count
[14:42:55][jomini_effect.cpp:1134]: Variable 'sepoy_mutiny_princely_state_medium_loyalty_var' is set but is never used. Note that use in localization doesn't count due to technical limitations. Use in unused scripted triggers and effects also does not count
[14:42:55][jomini_effect.cpp:1138]: Variable 'madras_progress_from_events_var_add_5' is used but is never set. Setting it in an unused scripted trigger or effect does not count
[14:42:55][jomini_effect.cpp:1138]: Variable 'opium_wars_target' is used but is never set. Setting it in an unused scripted trigger or effect does not count
[14:42:55][jomini_effect.cpp:1134]: Variable 'military_tech_events_var' is set but is never used. Note that use in localization doesn't count due to technical limitations. Use in unused scripted triggers and effects also does not count
[14:42:55][jomini_effect.cpp:1138]: Variable 'british_raj_var' is used but is never set. Setting it in an unused scripted trigger or effect does not count
[14:42:55][jomini_effect.cpp:1138]: Event target 'dixie_acw_scope' is used but is never set. Setting it in an unused scripted trigger or effect does not count
[14:42:55][jomini_effect.cpp:1138]: Event target 'heavenly_kingdom_spawn' is used but is never set. Setting it in an unused scripted trigger or effect does not count
[14:42:57][game_object_locators.cpp:428]: map object locator "city" is incomplete. A new file with locator data has been generated ( C:/Users/ricar/Documents/Paradox Interactive/Victoria 3//generated/generated_map_object_locators_city.txt ).
Copy that file (or its contents) to game/gfx/map_object_data to fix the error logs.
[14:42:57][game_object_locators.cpp:428]: map object locator "farm" is incomplete. A new file with locator data has been generated ( C:/Users/ricar/Documents/Paradox Interactive/Victoria 3//generated/generated_map_object_locators_farm.txt ).
Copy that file (or its contents) to game/gfx/map_object_data to fix the error logs.
[14:42:57][game_object_locators.cpp:428]: map object locator "mine" is incomplete. A new file with locator data has been generated ( C:/Users/ricar/Documents/Paradox Interactive/Victoria 3//generated/generated_map_object_locators_mine.txt ).
Copy that file (or its contents) to game/gfx/map_object_data to fix the error logs.
[14:42:57][game_object_locators.cpp:428]: map object locator "port" is incomplete. A new file with locator data has been generated ( C:/Users/ricar/Documents/Paradox Interactive/Victoria 3//generated/generated_map_object_locators_port.txt ).
Copy that file (or its contents) to game/gfx/map_object_data to fix the error logs.
[14:42:57][game_object_locators.cpp:428]: map object locator "wood" is incomplete. A new file with locator data has been generated ( C:/Users/ricar/Documents/Paradox Interactive/Victoria 3//generated/generated_map_object_locators_wood.txt ).
Copy that file (or its contents) to game/gfx/map_object_data to fix the error logs.
[14:42:57][pdx_persistent_reader.cpp:268]: Error: "Failed to read key reference: ec_construction_points_100: ec_construction_points_100, near line: 1
Failed to read key reference: ec_subject_construction_same: ec_subject_construction_same, near line: 1
Failed to read key reference: ec_building_priorities_roleplay: ec_building_priorities_roleplay, near line: 1
Failed to read key reference: rs_default: rs_default, near line: 1
Failed to read key reference: ec_allow_autobuild: ec_allow_autobuild, near line: 1
Failed to read key reference: si_economic_system_automation: si_economic_system_automation, near line: 1
Failed to read key reference: si_medium_time_prefrence: si_medium_time_prefrence, near line: 1" in file: "" near line: 1
[14:42:57][pdx_persistent_reader.cpp:268]: Error: "Failed to read key reference: ec_construction_points_100: ec_construction_points_100, near line: 1
Failed to read key reference: ec_subject_construction_same: ec_subject_construction_same, near line: 1
Failed to read key reference: rs_default: rs_default, near line: 1
Failed to read key reference: ec_allow_autobuild: ec_allow_autobuild, near line: 1" in file: "" near line: 1
[14:42:57][pdx_persistent_reader.cpp:268]: Error: "Failed to read key reference: ec_construction_points_100: ec_construction_points_100, near line: 1
Failed to read key reference: ec_subject_construction_same: ec_subject_construction_same, near line: 1
Failed to read key reference: ec_building_priorities_roleplay: ec_building_priorities_roleplay, near line: 1
Failed to read key reference: rs_default: rs_default, near line: 1
Failed to read key reference: ec_allow_autobuild: ec_allow_autobuild, near line: 1
Failed to read key reference: si_economic_system_automation: si_economic_system_automation, near line: 1
Failed to read key reference: si_medium_time_prefrence: si_medium_time_prefrence, near line: 1" in file: "" near line: 1
[14:42:57][pdx_persistent_reader.cpp:268]: Error: "Failed to read key reference: ec_construction_points_100: ec_construction_points_100, near line: 1
Failed to read key reference: ec_subject_construction_same: ec_subject_construction_same, near line: 1
Failed to read key reference: ec_building_priorities_roleplay: ec_building_priorities_roleplay, near line: 1
Failed to read key reference: rs_default: rs_default, near line: 1
Failed to read key reference: ec_allow_autobuild: ec_allow_autobuild, near line: 1
Failed to read key reference: si_economic_system_automation: si_economic_system_automation, near line: 1
Failed to read key reference: si_medium_time_prefrence: si_medium_time_prefrence, near line: 1" in file: "" near line: 1
[14:42:57][pdx_persistent_reader.cpp:268]: Error: "Failed to read key reference: ec_construction_points_100: ec_construction_points_100, near line: 1
Failed to read key reference: ec_subject_construction_same: ec_subject_construction_same, near line: 1
Failed to read key reference: ec_building_priorities_roleplay: ec_building_priorities_roleplay, near line: 1
Failed to read key reference: rs_default: rs_default, near line: 1
Failed to read key reference: ec_allow_autobuild: ec_allow_autobuild, near line: 1
Failed to read key reference: si_economic_system_automation: si_economic_system_automation, near line: 1
Failed to read key reference: si_medium_time_prefrence: si_medium_time_prefrence, near line: 1" in file: "" near line: 1
[14:42:57][pdx_persistent_reader.cpp:268]: Error: "Failed to read key reference: ec_construction_points_100: ec_construction_points_100, near line: 1
Failed to read key reference: ec_subject_construction_same: ec_subject_construction_same, near line: 1
Failed to read key reference: rs_default: rs_default, near line: 1
Failed to read key reference: ec_allow_autobuild: ec_allow_autobuild, near line: 1
Failed to read key reference: si_economic_system_automation: si_economic_system_automation, near line: 1
Failed to read key reference: si_medium_time_prefrence: si_medium_time_prefrence, near line: 1" in file: "" near line: 1
[14:42:57][pdx_persistent_reader.cpp:268]: Error: "Failed to read key reference: ec_construction_points_100: ec_construction_points_100, near line: 1
Failed to read key reference: ec_subject_construction_same: ec_subject_construction_same, near line: 1
Failed to read key reference: rs_default: rs_default, near line: 1
Failed to read key reference: ec_allow_autobuild: ec_allow_autobuild, near line: 1
Failed to read key reference: si_economic_system_automation: si_economic_system_automation, near line: 1
Failed to read key reference: si_medium_time_prefrence: si_medium_time_prefrence, near line: 1" in file: "" near line: 1
[14:42:57][pdx_persistent_reader.cpp:268]: Error: "Failed to read key reference: si_economic_system_automation: si_economic_system_automation, near line: 1
Failed to read key reference: si_medium_time_prefrence: si_medium_time_prefrence, near line: 1" in file: "" near line: 1
[14:42:57][pdx_persistent_reader.cpp:268]: Error: "Failed to read key reference: autonomous_investment_pool: autonomous_investment_pool, near line: 1
Failed to read key reference: ec_construction_points_100: ec_construction_points_100, near line: 1
Failed to read key reference: ec_subject_construction_same: ec_subject_construction_same, near line: 1
Failed to read key reference: ec_building_priorities_roleplay: ec_building_priorities_roleplay, near line: 1
Failed to read key reference: rs_default: rs_default, near line: 1
Failed to read key reference: ec_allow_autobuild: ec_allow_autobuild, near line: 1" in file: "" near line: 1
[14:42:57][pdx_persistent_reader.cpp:268]: Error: "Failed to read key reference: ec_construction_points_100: ec_construction_points_100, near line: 1
Failed to read key reference: ec_subject_construction_same: ec_subject_construction_same, near line: 1
Failed to read key reference: ec_building_priorities_roleplay: ec_building_priorities_roleplay, near line: 1
Failed to read key reference: rs_default: rs_default, near line: 1
Failed to read key reference: ec_allow_autobuild: ec_allow_autobuild, near line: 1
Failed to read key reference: si_economic_system_automation: si_economic_system_automation, near line: 1
Failed to read key reference: si_medium_time_prefrence: si_medium_time_prefrence, near line: 1" in file: "" near line: 1
[14:42:57][pdx_persistent_reader.cpp:268]: Error: "Failed to read key reference: ec_construction_points_100: ec_construction_points_100, near line: 1
Failed to read key reference: ec_subject_construction_same: ec_subject_construction_same, near line: 1
Failed to read key reference: ec_building_priorities_roleplay: ec_building_priorities_roleplay, near line: 1
Failed to read key reference: rs_default: rs_default, near line: 1
Failed to read key reference: ec_allow_autobuild: ec_allow_autobuild, near line: 1
Failed to read key reference: si_economic_system_automation: si_economic_system_automation, near line: 1
Failed to read key reference: si_medium_time_prefrence: si_medium_time_prefrence, near line: 1" in file: "" near line: 1
[14:42:57][pdx_persistent_reader.cpp:268]: Error: "Failed to read key reference: autonomous_investment_pool: autonomous_investment_pool, near line: 1
Failed to read key reference: ec_construction_points_100: ec_construction_points_100, near line: 1
Failed to read key reference: ec_subject_construction_same: ec_subject_construction_same, near line: 1
Failed to read key reference: ec_building_priorities_roleplay: ec_building_priorities_roleplay, near line: 1
Failed to read key reference: rs_default: rs_default, near line: 1
Failed to read key reference: ec_allow_autobuild: ec_allow_autobuild, near line: 1" in file: "" near line: 1
[14:42:57][pdx_persistent_reader.cpp:268]: Error: "Failed to read key reference: ec_construction_points_100: ec_construction_points_100, near line: 1
Failed to read key reference: ec_subject_construction_same: ec_subject_construction_same, near line: 1
Failed to read key reference: rs_default: rs_default, near line: 1
Failed to read key reference: ec_allow_autobuild: ec_allow_autobuild, near line: 1
Failed to read key reference: si_economic_system_automation: si_economic_system_automation, near line: 1
Failed to read key reference: si_medium_time_prefrence: si_medium_time_prefrence, near line: 1" in file: "" near line: 1
[14:42:57][pdx_persistent_reader.cpp:268]: Error: "Failed to read key reference: ec_construction_points_100: ec_construction_points_100, near line: 1
Failed to read key reference: ec_subject_construction_same: ec_subject_construction_same, near line: 1
Failed to read key reference: ec_building_priorities_roleplay: ec_building_priorities_roleplay, near line: 1
Failed to read key reference: rs_default: rs_default, near line: 1
Failed to read key reference: ec_allow_autobuild: ec_allow_autobuild, near line: 1
Failed to read key reference: si_economic_system_automation: si_economic_system_automation, near line: 1
Failed to read key reference: si_medium_time_prefrence: si_medium_time_prefrence, near line: 1" in file: "" near line: 1
[14:42:57][pdx_persistent_reader.cpp:268]: Error: "Failed to read key reference: ec_construction_points_100: ec_construction_points_100, near line: 1
Failed to read key reference: ec_subject_construction_same: ec_subject_construction_same, near line: 1
Failed to read key reference: ec_building_priorities_roleplay: ec_building_priorities_roleplay, near line: 1
Failed to read key reference: rs_default: rs_default, near line: 1
Failed to read key reference: ec_allow_autobuild: ec_allow_autobuild, near line: 1
Failed to read key reference: si_economic_system_automation: si_economic_system_automation, near line: 1
Failed to read key reference: si_medium_time_prefrence: si_medium_time_prefrence, near line: 1" in file: "" near line: 1
[14:42:57][pdx_persistent_reader.cpp:268]: Error: "Failed to read key reference: autonomous_investment_pool: autonomous_investment_pool, near line: 1
Failed to read key reference: ec_construction_points_100: ec_construction_points_100, near line: 1
Failed to read key reference: ec_subject_construction_same: ec_subject_construction_same, near line: 1
Failed to read key reference: ec_building_priorities_roleplay: ec_building_priorities_roleplay, near line: 1
Failed to read key reference: rs_default: rs_default, near line: 1
Failed to read key reference: ec_allow_autobuild: ec_allow_autobuild, near line: 1" in file: "" near line: 1
[14:42:57][pdx_persistent_reader.cpp:268]: Error: "Failed to read key reference: ec_construction_points_100: ec_construction_points_100, near line: 1
Failed to read key reference: ec_subject_construction_same: ec_subject_construction_same, near line: 1
Failed to read key reference: ec_building_priorities_roleplay: ec_building_priorities_roleplay, near line: 1
Failed to read key reference: rs_default: rs_default, near line: 1
Failed to read key reference: ec_allow_autobuild: ec_allow_autobuild, near line: 1
Failed to read key reference: si_economic_system_automation: si_economic_system_automation, near line: 1
Failed to read key reference: si_medium_time_prefrence: si_medium_time_prefrence, near line: 1" in file: "" near line: 1
[14:42:57][pdx_persistent_reader.cpp:268]: Error: "Failed to read key reference: ec_construction_points_100: ec_construction_points_100, near line: 1
Failed to read key reference: ec_subject_construction_same: ec_subject_construction_same, near line: 1
Failed to read key reference: rs_default: rs_default, near line: 1
Failed to read key reference: ec_allow_autobuild: ec_allow_autobuild, near line: 1" in file: "" near line: 1
[14:42:58][pdx_persistent_reader.cpp:268]: Error: "Failed to read key reference: ec_construction_points_100: ec_construction_points_100, near line: 1
Failed to read key reference: ec_subject_construction_same: ec_subject_construction_same, near line: 1
Failed to read key reference: rs_default: rs_default, near line: 1
Failed to read key reference: ec_allow_autobuild: ec_allow_autobuild, near line: 1" in file: "" near line: 1
[14:42:58][pdx_persistent_reader.cpp:268]: Error: "Failed to read key reference: ec_construction_points_100: ec_construction_points_100, near line: 1
Failed to read key reference: ec_subject_construction_same: ec_subject_construction_same, near line: 1
Failed to read key reference: rs_default: rs_default, near line: 1
Failed to read key reference: ec_allow_autobuild: ec_allow_autobuild, near line: 1" in file: "" near line: 1
[14:42:58][pdx_persistent_reader.cpp:268]: Error: "Failed to read key reference: ec_construction_points_100: ec_construction_points_100, near line: 1
Failed to read key reference: ec_subject_construction_same: ec_subject_construction_same, near line: 1
Failed to read key reference: rs_default: rs_default, near line: 1
Failed to read key reference: ec_allow_autobuild: ec_allow_autobuild, near line: 1" in file: "" near line: 1
[14:42:58][pdx_persistent_reader.cpp:268]: Error: "Failed to read key reference: ec_construction_points_100: ec_construction_points_100, near line: 1
Failed to read key reference: ec_subject_construction_same: ec_subject_construction_same, near line: 1
Failed to read key reference: rs_default: rs_default, near line: 1
Failed to read key reference: ec_allow_autobuild: ec_allow_autobuild, near line: 1" in file: "" near line: 1
[14:42:58][pdx_persistent_reader.cpp:268]: Error: "Failed to read key reference: ec_construction_points_100: ec_construction_points_100, near line: 1
Failed to read key reference: ec_subject_construction_same: ec_subject_construction_same, near line: 1
Failed to read key reference: rs_default: rs_default, near line: 1
Failed to read key reference: ec_allow_autobuild: ec_allow_autobuild, near line: 1" in file: "" near line: 1
[14:42:58][pdx_persistent_reader.cpp:268]: Error: "Failed to read key reference: ec_construction_points_100: ec_construction_points_100, near line: 1
Failed to read key reference: ec_subject_construction_same: ec_subject_construction_same, near line: 1
Failed to read key reference: rs_default: rs_default, near line: 1
Failed to read key reference: ec_allow_autobuild: ec_allow_autobuild, near line: 1
Failed to read key reference: si_economic_system_automation: si_economic_system_automation, near line: 1
Failed to read key reference: si_medium_time_prefrence: si_medium_time_prefrence, near line: 1" in file: "" near line: 1
[14:42:58][pdx_persistent_reader.cpp:268]: Error: "Failed to read key reference: ec_construction_points_100: ec_construction_points_100, near line: 1
Failed to read key reference: ec_subject_construction_same: ec_subject_construction_same, near line: 1
Failed to read key reference: rs_default: rs_default, near line: 1
Failed to read key reference: ec_allow_autobuild: ec_allow_autobuild, near line: 1
Failed to read key reference: si_economic_system_automation: si_economic_system_automation, near line: 1
Failed to read key reference: si_medium_time_prefrence: si_medium_time_prefrence, near line: 1" in file: "" near line: 1
[14:42:58][pdx_persistent_reader.cpp:268]: Error: "Failed to read key reference: ec_construction_points_100: ec_construction_points_100, near line: 1
Failed to read key reference: ec_subject_construction_same: ec_subject_construction_same, near line: 1
Failed to read key reference: rs_default: rs_default, near line: 1
Failed to read key reference: ec_allow_autobuild: ec_allow_autobuild, near line: 1
Failed to read key reference: si_economic_system_automation: si_economic_system_automation, near line: 1
Failed to read key reference: si_medium_time_prefrence: si_medium_time_prefrence, near line: 1" in file: "" near line: 1
[14:42:58][pdx_persistent_reader.cpp:268]: Error: "Failed to read key reference: ec_construction_points_100: ec_construction_points_100, near line: 1
Failed to read key reference: ec_subject_construction_same: ec_subject_construction_same, near line: 1
Failed to read key reference: rs_default: rs_default, near line: 1
Failed to read key reference: ec_allow_autobuild: ec_allow_autobuild, near line: 1
Failed to read key reference: si_economic_system_automation: si_economic_system_automation, near line: 1
Failed to read key reference: si_medium_time_prefrence: si_medium_time_prefrence, near line: 1" in file: "" near line: 1
[14:42:58][pdx_persistent_reader.cpp:268]: Error: "Failed to read key reference: ec_construction_points_100: ec_construction_points_100, near line: 1
Failed to read key reference: ec_subject_construction_same: ec_subject_construction_same, near line: 1
Failed to read key reference: rs_default: rs_default, near line: 1
Failed to read key reference: ec_allow_autobuild: ec_allow_autobuild, near line: 1
Failed to read key reference: si_economic_system_automation: si_economic_system_automation, near line: 1
Failed to read key reference: si_medium_time_prefrence: si_medium_time_prefrence, near line: 1" in file: "" near line: 1
[14:42:58][pdx_persistent_reader.cpp:268]: Error: "Failed to read key reference: ec_construction_points_100: ec_construction_points_100, near line: 1
Failed to read key reference: ec_subject_construction_same: ec_subject_construction_same, near line: 1
Failed to read key reference: rs_default: rs_default, near line: 1
Failed to read key reference: ec_allow_autobuild: ec_allow_autobuild, near line: 1
Failed to read key reference: si_economic_system_automation: si_economic_system_automation, near line: 1
Failed to read key reference: si_medium_time_prefrence: si_medium_time_prefrence, near line: 1" in file: "" near line: 1
[14:42:58][pdx_persistent_reader.cpp:268]: Error: "Failed to read key reference: ec_construction_points_100: ec_construction_points_100, near line: 1
Failed to read key reference: ec_subject_construction_same: ec_subject_construction_same, near line: 1
Failed to read key reference: rs_default: rs_default, near line: 1
Failed to read key reference: ec_allow_autobuild: ec_allow_autobuild, near line: 1
Failed to read key reference: si_economic_system_automation: si_economic_system_automation, near line: 1
Failed to read key reference: si_medium_time_prefrence: si_medium_time_prefrence, near line: 1" in file: "" near line: 1
[14:42:58][pdx_persistent_reader.cpp:268]: Error: "Failed to read key reference: autonomous_investment_pool: autonomous_investment_pool, near line: 1
Failed to read key reference: ec_construction_points_100: ec_construction_points_100, near line: 1
Failed to read key reference: ec_subject_construction_same: ec_subject_construction_same, near line: 1
Failed to read key reference: ec_building_priorities_roleplay: ec_building_priorities_roleplay, near line: 1
Failed to read key reference: rs_default: rs_default, near line: 1
Failed to read key reference: ec_allow_autobuild: ec_allow_autobuild, near line: 1" in file: "" near line: 1
[14:42:58][pdx_persistent_reader.cpp:268]: Error: "Failed to read key reference: autonomous_investment_pool: autonomous_investment_pool, near line: 1
Failed to read key reference: ec_construction_points_100: ec_construction_points_100, near line: 1
Failed to read key reference: ec_subject_construction_same: ec_subject_construction_same, near line: 1
Failed to read key reference: ec_building_priorities_roleplay: ec_building_priorities_roleplay, near line: 1
Failed to read key reference: rs_default: rs_default, near line: 1
Failed to read key reference: ec_allow_autobuild: ec_allow_autobuild, near line: 1" in file: "" near line: 1
[14:42:58][pdx_persistent_reader.cpp:268]: Error: "Failed to read key reference: autonomous_investment_pool: autonomous_investment_pool, near line: 1
Failed to read key reference: ec_construction_points_100: ec_construction_points_100, near line: 1
Failed to read key reference: ec_subject_construction_same: ec_subject_construction_same, near line: 1
Failed to read key reference: ec_building_priorities_roleplay: ec_building_priorities_roleplay, near line: 1
Failed to read key reference: rs_default: rs_default, near line: 1
Failed to read key reference: ec_allow_autobuild: ec_allow_autobuild, near line: 1" in file: "" near line: 1
[14:42:58][pdx_persistent_reader.cpp:268]: Error: "Failed to read key reference: autonomous_investment_pool: autonomous_investment_pool, near line: 1
Failed to read key reference: ec_construction_points_100: ec_construction_points_100, near line: 1
Failed to read key reference: ec_subject_construction_same: ec_subject_construction_same, near line: 1
Failed to read key reference: ec_building_priorities_roleplay: ec_building_priorities_roleplay, near line: 1
Failed to read key reference: rs_default: rs_default, near line: 1
Failed to read key reference: ec_allow_autobuild: ec_allow_autobuild, near line: 1" in file: "" near line: 1
[14:42:58][pdx_persistent_reader.cpp:268]: Error: "Failed to read key reference: autonomous_investment_pool: autonomous_investment_pool, near line: 1
Failed to read key reference: ec_construction_points_100: ec_construction_points_100, near line: 1
Failed to read key reference: ec_subject_construction_same: ec_subject_construction_same, near line: 1
Failed to read key reference: ec_building_priorities_roleplay: ec_building_priorities_roleplay, near line: 1
Failed to read key reference: rs_default: rs_default, near line: 1
Failed to read key reference: ec_allow_autobuild: ec_allow_autobuild, near line: 1" in file: "" near line: 1
[14:42:58][pdx_persistent_reader.cpp:268]: Error: "Failed to read key reference: autonomous_investment_pool: autonomous_investment_pool, near line: 1
Failed to read key reference: ec_construction_points_100: ec_construction_points_100, near line: 1
Failed to read key reference: ec_subject_construction_same: ec_subject_construction_same, near line: 1
Failed to read key reference: ec_building_priorities_roleplay: ec_building_priorities_roleplay, near line: 1
Failed to read key reference: rs_default: rs_default, near line: 1
Failed to read key reference: ec_allow_autobuild: ec_allow_autobuild, near line: 1" in file: "" near line: 1
[14:42:58][pdx_persistent_reader.cpp:268]: Error: "Failed to read key reference: autonomous_investment_pool: autonomous_investment_pool, near line: 1
Failed to read key reference: ec_construction_points_100: ec_construction_points_100, near line: 1
Failed to read key reference: ec_subject_construction_same: ec_subject_construction_same, near line: 1
Failed to read key reference: ec_building_priorities_roleplay: ec_building_priorities_roleplay, near line: 1
Failed to read key reference: rs_default: rs_default, near line: 1
Failed to read key reference: ec_allow_autobuild: ec_allow_autobuild, near line: 1" in file: "" near line: 1
[14:42:58][pdx_persistent_reader.cpp:268]: Error: "Failed to read key reference: autonomous_investment_pool: autonomous_investment_pool, near line: 1
Failed to read key reference: ec_construction_points_100: ec_construction_points_100, near line: 1
Failed to read key reference: ec_subject_construction_same: ec_subject_construction_same, near line: 1
Failed to read key reference: ec_building_priorities_roleplay: ec_building_priorities_roleplay, near line: 1
Failed to read key reference: rs_default: rs_default, near line: 1
Failed to read key reference: ec_allow_autobuild: ec_allow_autobuild, near line: 1" in file: "" near line: 1
[14:42:58][pdx_persistent_reader.cpp:268]: Error: "Failed to read key reference: ec_construction_points_100: ec_construction_points_100, near line: 1
Failed to read key reference: ec_subject_construction_same: ec_subject_construction_same, near line: 1
Failed to read key reference: rs_default: rs_default, near line: 1
Failed to read key reference: ec_allow_autobuild: ec_allow_autobuild, near line: 1" in file: "" near line: 1
[14:42:58][pdx_persistent_reader.cpp:268]: Error: "Failed to read key reference: ec_construction_points_100: ec_construction_points_100, near line: 1
Failed to read key reference: ec_subject_construction_same: ec_subject_construction_same, near line: 1
Failed to read key reference: rs_default: rs_default, near line: 1
Failed to read key reference: ec_allow_autobuild: ec_allow_autobuild, near line: 1" in file: "" near line: 1
[14:42:58][pdx_persistent_reader.cpp:268]: Error: "Failed to read key reference: ec_construction_points_100: ec_construction_points_100, near line: 1
Failed to read key reference: ec_subject_construction_same: ec_subject_construction_same, near line: 1
Failed to read key reference: rs_default: rs_default, near line: 1
Failed to read key reference: ec_allow_autobuild: ec_allow_autobuild, near line: 1" in file: "" near line: 1
[14:42:58][pdx_persistent_reader.cpp:268]: Error: "Failed to read key reference: ec_construction_points_100: ec_construction_points_100, near line: 1
Failed to read key reference: ec_subject_construction_same: ec_subject_construction_same, near line: 1
Failed to read key reference: rs_default: rs_default, near line: 1
Failed to read key reference: ec_allow_autobuild: ec_allow_autobuild, near line: 1" in file: "" near line: 1
[14:42:58][pdx_persistent_reader.cpp:268]: Error: "Failed to read key reference: ec_construction_points_100: ec_construction_points_100, near line: 1
Failed to read key reference: ec_subject_construction_same: ec_subject_construction_same, near line: 1
Failed to read key reference: ec_building_priorities_roleplay: ec_building_priorities_roleplay, near line: 1
Failed to read key reference: rs_default: rs_default, near line: 1
Failed to read key reference: ec_allow_autobuild: ec_allow_autobuild, near line: 1
Failed to read key reference: si_economic_system_automation: si_economic_system_automation, near line: 1
Failed to read key reference: si_medium_time_prefrence: si_medium_time_prefrence, near line: 1" in file: "" near line: 1
[14:42:58][pdx_persistent_reader.cpp:268]: Error: "Failed to read key reference: ec_construction_points_100: ec_construction_points_100, near line: 1
Failed to read key reference: ec_subject_construction_same: ec_subject_construction_same, near line: 1
Failed to read key reference: rs_default: rs_default, near line: 1
Failed to read key reference: ec_allow_autobuild: ec_allow_autobuild, near line: 1" in file: "" near line: 1
[14:42:58][pdx_persistent_reader.cpp:268]: Error: "Failed to read key reference: ec_construction_points_100: ec_construction_points_100, near line: 1
Failed to read key reference: ec_subject_construction_same: ec_subject_construction_same, near line: 1
Failed to read key reference: ec_building_priorities_roleplay: ec_building_priorities_roleplay, near line: 1
Failed to read key reference: rs_default: rs_default, near line: 1
Failed to read key reference: ec_allow_autobuild: ec_allow_autobuild, near line: 1
Failed to read key reference: si_economic_system_automation: si_economic_system_automation, near line: 1
Failed to read key reference: si_medium_time_prefrence: si_medium_time_prefrence, near line: 1" in file: "" near line: 1
[14:42:58][pdx_persistent_reader.cpp:268]: Error: "Failed to read key reference: ec_construction_points_100: ec_construction_points_100, near line: 1
Failed to read key reference: ec_subject_construction_same: ec_subject_construction_same, near line: 1
Failed to read key reference: ec_building_priorities_roleplay: ec_building_priorities_roleplay, near line: 1
Failed to read key reference: rs_default: rs_default, near line: 1
Failed to read key reference: ec_allow_autobuild: ec_allow_autobuild, near line: 1
Failed to read key reference: si_economic_system_automation: si_economic_system_automation, near line: 1
Failed to read key reference: si_medium_time_prefrence: si_medium_time_prefrence, near line: 1" in file: "" near line: 1
[14:42:58][pdx_persistent_reader.cpp:268]: Error: "Failed to read key reference: ec_construction_points_100: ec_construction_points_100, near line: 1
Failed to read key reference: ec_subject_construction_same: ec_subject_construction_same, near line: 1
Failed to read key reference: ec_building_priorities_roleplay: ec_building_priorities_roleplay, near line: 1
Failed to read key reference: rs_default: rs_default, near line: 1
Failed to read key reference: ec_allow_autobuild: ec_allow_autobuild, near line: 1
Failed to read key reference: si_economic_system_automation: si_economic_system_automation, near line: 1
Failed to read key reference: si_medium_time_prefrence: si_medium_time_prefrence, near line: 1" in file: "" near line: 1
[14:42:58][pdx_persistent_reader.cpp:268]: Error: "Failed to read key reference: ec_construction_points_100: ec_construction_points_100, near line: 1
Failed to read key reference: ec_subject_construction_same: ec_subject_construction_same, near line: 1
Failed to read key reference: ec_building_priorities_roleplay: ec_building_priorities_roleplay, near line: 1
Failed to read key reference: rs_default: rs_default, near line: 1
Failed to read key reference: ec_allow_autobuild: ec_allow_autobuild, near line: 1
Failed to read key reference: si_economic_system_automation: si_economic_system_automation, near line: 1
Failed to read key reference: si_medium_time_prefrence: si_medium_time_prefrence, near line: 1" in file: "" near line: 1
[14:42:58][pdx_persistent_reader.cpp:268]: Error: "Failed to read key reference: ec_construction_points_100: ec_construction_points_100, near line: 1
Failed to read key reference: ec_subject_construction_same: ec_subject_construction_same, near line: 1
Failed to read key reference: ec_building_priorities_roleplay: ec_building_priorities_roleplay, near line: 1
Failed to read key reference: rs_default: rs_default, near line: 1
Failed to read key reference: ec_allow_autobuild: ec_allow_autobuild, near line: 1
Failed to read key reference: si_economic_system_automation: si_economic_system_automation, near line: 1
Failed to read key reference: si_medium_time_prefrence: si_medium_time_prefrence, near line: 1" in file: "" near line: 1
[14:42:58][pdx_persistent_reader.cpp:268]: Error: "Failed to read key reference: ec_construction_points_100: ec_construction_points_100, near line: 1
Failed to read key reference: ec_subject_construction_same: ec_subject_construction_same, near line: 1
Failed to read key reference: rs_default: rs_default, near line: 1
Failed to read key reference: ec_allow_autobuild: ec_allow_autobuild, near line: 1
Failed to read key reference: si_economic_system_automation: si_economic_system_automation, near line: 1
Failed to read key reference: si_medium_time_prefrence: si_medium_time_prefrence, near line: 1" in file: "" near line: 1
[14:42:58][pdx_persistent_reader.cpp:268]: Error: "Failed to read key reference: ec_construction_points_100: ec_construction_points_100, near line: 1
Failed to read key reference: ec_subject_construction_same: ec_subject_construction_same, near line: 1
Failed to read key reference: rs_default: rs_default, near line: 1
Failed to read key reference: ec_allow_autobuild: ec_allow_autobuild, near line: 1
Failed to read key reference: si_economic_system_automation: si_economic_system_automation, near line: 1
Failed to read key reference: si_medium_time_prefrence: si_medium_time_prefrence, near line: 1" in file: "" near line: 1
[14:42:58][pdx_persistent_reader.cpp:268]: Error: "Failed to read key reference: ec_construction_points_100: ec_construction_points_100, near line: 1
Failed to read key reference: ec_subject_construction_same: ec_subject_construction_same, near line: 1
Failed to read key reference: ec_building_priorities_roleplay: ec_building_priorities_roleplay, near line: 1
Failed to read key reference: rs_default: rs_default, near line: 1
Failed to read key reference: ec_allow_autobuild: ec_allow_autobuild, near line: 1
Failed to read key reference: si_economic_system_automation: si_economic_system_automation, near line: 1
Failed to read key reference: si_medium_time_prefrence: si_medium_time_prefrence, near line: 1" in file: "" near line: 1
[14:42:58][pdx_persistent_reader.cpp:268]: Error: "Failed to read key reference: ec_construction_points_100: ec_construction_points_100, near line: 1
Failed to read key reference: ec_subject_construction_same: ec_subject_construction_same, near line: 1
Failed to read key reference: ec_building_priorities_roleplay: ec_building_priorities_roleplay, near line: 1
Failed to read key reference: rs_default: rs_default, near line: 1
Failed to read key reference: ec_allow_autobuild: ec_allow_autobuild, near line: 1
Failed to read key reference: si_economic_system_automation: si_economic_system_automation, near line: 1
Failed to read key reference: si_medium_time_prefrence: si_medium_time_prefrence, near line: 1" in file: "" near line: 1
[14:42:58][pdx_persistent_reader.cpp:268]: Error: "Failed to read key reference: ec_construction_points_100: ec_construction_points_100, near line: 1
Failed to read key reference: ec_subject_construction_same: ec_subject_construction_same, near line: 1
Failed to read key reference: rs_default: rs_default, near line: 1
Failed to read key reference: ec_allow_autobuild: ec_allow_autobuild, near line: 1" in file: "" near line: 1
[14:42:58][pdx_persistent_reader.cpp:268]: Error: "Failed to read key reference: ec_construction_points_100: ec_construction_points_100, near line: 1
Failed to read key reference: ec_subject_construction_same: ec_subject_construction_same, near line: 1
Failed to read key reference: ec_building_priorities_roleplay: ec_building_priorities_roleplay, near line: 1
Failed to read key reference: rs_default: rs_default, near line: 1
Failed to read key reference: ec_allow_autobuild: ec_allow_autobuild, near line: 1
Failed to read key reference: si_economic_system_automation: si_economic_system_automation, near line: 1
Failed to read key reference: si_medium_time_prefrence: si_medium_time_prefrence, near line: 1" in file: "" near line: 1
[14:42:58][pdx_persistent_reader.cpp:268]: Error: "Failed to read key reference: ec_construction_points_100: ec_construction_points_100, near line: 1
Failed to read key reference: ec_subject_construction_same: ec_subject_construction_same, near line: 1
Failed to read key reference: rs_default: rs_default, near line: 1
Failed to read key reference: ec_allow_autobuild: ec_allow_autobuild, near line: 1" in file: "" near line: 1
[14:42:58][pdx_persistent_reader.cpp:268]: Error: "Failed to read key reference: ec_construction_points_100: ec_construction_points_100, near line: 1
Failed to read key reference: ec_subject_construction_same: ec_subject_construction_same, near line: 1
Failed to read key reference: ec_building_priorities_roleplay: ec_building_priorities_roleplay, near line: 1
Failed to read key reference: rs_default: rs_default, near line: 1
Failed to read key reference: ec_allow_autobuild: ec_allow_autobuild, near line: 1
Failed to read key reference: si_economic_system_automation: si_economic_system_automation, near line: 1
Failed to read key reference: si_medium_time_prefrence: si_medium_time_prefrence, near line: 1" in file: "" near line: 1
[14:42:58][pdx_persistent_reader.cpp:268]: Error: "Failed to read key reference: autonomous_investment_pool: autonomous_investment_pool, near line: 1
Failed to read key reference: ec_construction_points_100: ec_construction_points_100, near line: 1
Failed to read key reference: ec_subject_construction_same: ec_subject_construction_same, near line: 1
Failed to read key reference: ec_building_priorities_roleplay: ec_building_priorities_roleplay, near line: 1
Failed to read key reference: rs_default: rs_default, near line: 1
Failed to read key reference: ec_allow_autobuild: ec_allow_autobuild, near line: 1" in file: "" near line: 1
[14:42:58][pdx_persistent_reader.cpp:268]: Error: "Failed to read key reference: autonomous_investment_pool: autonomous_investment_pool, near line: 1
Failed to read key reference: ec_construction_points_100: ec_construction_points_100, near line: 1
Failed to read key reference: ec_subject_construction_same: ec_subject_construction_same, near line: 1
Failed to read key reference: ec_building_priorities_roleplay: ec_building_priorities_roleplay, near line: 1
Failed to read key reference: rs_default: rs_default, near line: 1
Failed to read key reference: ec_allow_autobuild: ec_allow_autobuild, near line: 1" in file: "" near line: 1
[14:42:58][pdx_persistent_reader.cpp:268]: Error: "Failed to read key reference: ec_construction_points_100: ec_construction_points_100, near line: 1
Failed to read key reference: ec_subject_construction_same: ec_subject_construction_same, near line: 1
Failed to read key reference: ec_building_priorities_roleplay: ec_building_priorities_roleplay, near line: 1
Failed to read key reference: rs_default: rs_default, near line: 1
Failed to read key reference: ec_allow_autobuild: ec_allow_autobuild, near line: 1
Failed to read key reference: si_economic_system_automation: si_economic_system_automation, near line: 1
Failed to read key reference: si_medium_time_prefrence: si_medium_time_prefrence, near line: 1" in file: "" near line: 1
[14:42:58][pdx_persistent_reader.cpp:268]: Error: "Failed to read key reference: ec_construction_points_100: ec_construction_points_100, near line: 1
Failed to read key reference: ec_subject_construction_same: ec_subject_construction_same, near line: 1
Failed to read key reference: rs_default: rs_default, near line: 1
Failed to read key reference: ec_allow_autobuild: ec_allow_autobuild, near line: 1" in file: "" near line: 1
[14:42:58][pdx_persistent_reader.cpp:268]: Error: "Failed to read key reference: ec_construction_points_100: ec_construction_points_100, near line: 1
Failed to read key reference: ec_subject_construction_same: ec_subject_construction_same, near line: 1
Failed to read key reference: rs_default: rs_default, near line: 1
Failed to read key reference: ec_allow_autobuild: ec_allow_autobuild, near line: 1
Failed to read key reference: si_economic_system_automation: si_economic_system_automation, near line: 1
Failed to read key reference: si_medium_time_prefrence: si_medium_time_prefrence, near line: 1" in file: "" near line: 1
[14:42:58][pdx_persistent_reader.cpp:268]: Error: "Failed to read key reference: ec_construction_points_100: ec_construction_points_100, near line: 1
Failed to read key reference: ec_subject_construction_same: ec_subject_construction_same, near line: 1
Failed to read key reference: rs_default: rs_default, near line: 1
Failed to read key reference: ec_allow_autobuild: ec_allow_autobuild, near line: 1" in file: "" near line: 1
[14:42:58][pdx_persistent_reader.cpp:268]: Error: "Failed to read key reference: ec_construction_points_100: ec_construction_points_100, near line: 1
Failed to read key reference: ec_subject_construction_same: ec_subject_construction_same, near line: 1
Failed to read key reference: rs_default: rs_default, near line: 1
Failed to read key reference: ec_allow_autobuild: ec_allow_autobuild, near line: 1" in file: "" near line: 1
[14:42:58][pdx_persistent_reader.cpp:268]: Error: "Failed to read key reference: si_economic_system_automation: si_economic_system_automation, near line: 1
Failed to read key reference: si_medium_time_prefrence: si_medium_time_prefrence, near line: 1" in file: "" near line: 1
[14:42:58][pdx_persistent_reader.cpp:268]: Error: "Failed to read key reference: ec_construction_points_100: ec_construction_points_100, near line: 1
Failed to read key reference: ec_subject_construction_same: ec_subject_construction_same, near line: 1
Failed to read key reference: rs_default: rs_default, near line: 1
Failed to read key reference: ec_allow_autobuild: ec_allow_autobuild, near line: 1
Failed to read key reference: si_economic_system_automation: si_economic_system_automation, near line: 1
Failed to read key reference: si_medium_time_prefrence: si_medium_time_prefrence, near line: 1" in file: "" near line: 1
[14:42:58][pdx_persistent_reader.cpp:268]: Error: "Failed to read key reference: ec_construction_points_100: ec_construction_points_100, near line: 1
Failed to read key reference: ec_subject_construction_same: ec_subject_construction_same, near line: 1
Failed to read key reference: rs_default: rs_default, near line: 1
Failed to read key reference: ec_allow_autobuild: ec_allow_autobuild, near line: 1" in file: "" near line: 1
[14:42:58][pdx_persistent_reader.cpp:268]: Error: "Failed to read key reference: ec_construction_points_100: ec_construction_points_100, near line: 1
Failed to read key reference: ec_subject_construction_same: ec_subject_construction_same, near line: 1
Failed to read key reference: rs_default: rs_default, near line: 1
Failed to read key reference: ec_allow_autobuild: ec_allow_autobuild, near line: 1" in file: "" near line: 1
[14:42:58][pdx_persistent_reader.cpp:268]: Error: "Failed to read key reference: si_economic_system_automation: si_economic_system_automation, near line: 1
Failed to read key reference: si_medium_time_prefrence: si_medium_time_prefrence, near line: 1" in file: "" near line: 1
[14:42:58][pdx_persistent_reader.cpp:268]: Error: "Failed to read key reference: si_economic_system_automation: si_economic_system_automation, near line: 1
Failed to read key reference: si_medium_time_prefrence: si_medium_time_prefrence, near line: 1" in file: "" near line: 1
[14:42:58][pdx_persistent_reader.cpp:268]: Error: "Failed to read key reference: si_economic_system_automation: si_economic_system_automation, near line: 1
Failed to read key reference: si_medium_time_prefrence: si_medium_time_prefrence, near line: 1" in file: "" near line: 1
[14:42:58][pdx_persistent_reader.cpp:268]: Error: "Failed to read key reference: si_economic_system_automation: si_economic_system_automation, near line: 1
Failed to read key reference: si_medium_time_prefrence: si_medium_time_prefrence, near line: 1" in file: "" near line: 1
[14:42:58][pdx_persistent_reader.cpp:268]: Error: "Failed to read key reference: ec_construction_points_100: ec_construction_points_100, near line: 1
Failed to read key reference: ec_subject_construction_same: ec_subject_construction_same, near line: 1
Failed to read key reference: rs_default: rs_default, near line: 1
Failed to read key reference: ec_allow_autobuild: ec_allow_autobuild, near line: 1
Failed to read key reference: si_economic_system_automation: si_economic_system_automation, near line: 1
Failed to read key reference: si_medium_time_prefrence: si_medium_time_prefrence, near line: 1" in file: "" near line: 1
[14:42:58][pdx_persistent_reader.cpp:268]: Error: "Failed to read key reference: ec_construction_points_100: ec_construction_points_100, near line: 1
Failed to read key reference: ec_subject_construction_same: ec_subject_construction_same, near line: 1
Failed to read key reference: ec_building_priorities_roleplay: ec_building_priorities_roleplay, near line: 1
Failed to read key reference: rs_default: rs_default, near line: 1
Failed to read key reference: ec_allow_autobuild: ec_allow_autobuild, near line: 1
Failed to read key reference: si_economic_system_automation: si_economic_system_automation, near line: 1
Failed to read key reference: si_medium_time_prefrence: si_medium_time_prefrence, near line: 1" in file: "" near line: 1
[14:42:58][pdx_persistent_reader.cpp:268]: Error: "Failed to read key reference: ec_construction_points_100: ec_construction_points_100, near line: 1
Failed to read key reference: ec_subject_construction_same: ec_subject_construction_same, near line: 1
Failed to read key reference: ec_building_priorities_roleplay: ec_building_priorities_roleplay, near line: 1
Failed to read key reference: rs_default: rs_default, near line: 1
Failed to read key reference: ec_allow_autobuild: ec_allow_autobuild, near line: 1
Failed to read key reference: si_economic_system_automation: si_economic_system_automation, near line: 1
Failed to read key reference: si_medium_time_prefrence: si_medium_time_prefrence, near line: 1" in file: "" near line: 1
[14:43:27][character_templates_utils.cpp:34]: Invalid Culture scope when creating Character in common/history/military_formations/04_military_formations_middle_east.txt:34
[14:43:27][jomini_script_system.cpp:247]: Script system error!
  Error: Undefined event target 'lutfi_gen'
  Script location: common/history/military_formations/04_military_formations_middle_east.txt:54

[14:43:27][jomini_script_system.cpp:247]: Script system error!
  Error: Event target link 'scope' returned an unset scope
  Script location: common/history/military_formations/04_military_formations_middle_east.txt:54

[14:43:27][jomini_script_system.cpp:247]: Script system error!
  Error: transfer_to_formation effect [ Wrong scope for effect: none, expected character ]
  Script location: common/history/military_formations/04_military_formations_middle_east.txt:55

[14:43:27][jomini_script_system.cpp:247]: Script system error!
  Error: create_military_formation effect [ Chitral does not have state in STATE_KABUL ]
  Script location: common/history/military_formations/04_military_formations_middle_east.txt:448

[14:43:27][jomini_script_system.cpp:247]: Script system error!
  Error: create_military_formation effect [ Shewa does not have state in STATE_AMHARA ]
  Script location: common/history/military_formations/military_formations_ethiopia.txt:4

[14:43:27][jomini_script_system.cpp:247]: Script system error!
  Error: create_military_formation effect [ Shewa does not have state in STATE_AMHARA ]
  Script location: common/history/military_formations/military_formations_ethiopia.txt:4

[14:43:27][character_templates_utils.cpp:34]: Invalid Culture scope when creating Character in common/history/military_formations/military_formations_ethiopia.txt:27
[14:43:27][jomini_script_system.cpp:247]: Script system error!
  Error: Undefined event target 'shewa_ethi_gen'
  Script location: common/history/military_formations/military_formations_ethiopia.txt:49

[14:43:27][jomini_script_system.cpp:247]: Script system error!
  Error: Event target link 'scope' returned an unset scope
  Script location: common/history/military_formations/military_formations_ethiopia.txt:49

[14:43:27][jomini_script_system.cpp:247]: Script system error!
  Error: transfer_to_formation effect [ Wrong scope for effect: none, expected character ]
  Script location: common/history/military_formations/military_formations_ethiopia.txt:50

[14:43:28][pdx_assert.cpp:628]: Assertion failed: Coastal building in non coastal states, check it out From state Odisha (452) To State Dutch Orissa (453)
[14:43:31][jomini_script_system.cpp:247]: Script system error!
  Error: create_character effect [ Failed to create character ]
  Script location: common/history/characters/brz - brazil.txt:33

[14:43:32][state.cpp:6918]: State Purbo Bongo has 1 of building type Hardwood Logging Camps and can only support 0, its level will be reduced.
[14:43:32][state.cpp:6902]: State Madhya Pradesh has building type Dye Plantations which it cannot support, it will be removed.
[14:43:32][state.cpp:6902]: State Bastar has building type Dye Plantations which it cannot support, it will be removed.
[14:43:32][initializefrombookmark.cpp:1373]: Historical diplomatic pact embargo between TUR and MON cannot be maintained and will break soon
[14:43:32][initializefrombookmark.cpp:1373]: Historical diplomatic pact vassal between PAN and KAS cannot be maintained and will break soon
[14:43:32][country_law_manager.cpp:444]: Country dyn_c_grand_duchy_of_finland is not permitted to retain law Tenant Farmers, fix this or consider Homesteading instead
[14:43:32][country_law_manager.cpp:444]: Country dyn_c_hanover is not permitted to retain law No Colonial Affairs, fix this or consider Colonial Resettlement instead
[14:43:32][country_law_manager.cpp:444]: Country ION is not permitted to retain law No Colonial Affairs, fix this or consider Colonial Resettlement instead
[14:43:32][country_law_manager.cpp:444]: Country dyn_c_lower_canada is not permitted to retain law No Colonial Affairs, fix this or consider Colonial Resettlement instead
[14:43:32][country_law_manager.cpp:444]: Country dyn_c_upper_canada is not permitted to retain law No Colonial Affairs, fix this or consider Colonial Resettlement instead
[14:43:32][country_law_manager.cpp:444]: Country NBS is not permitted to retain law No Colonial Affairs, fix this or consider Colonial Resettlement instead
[14:43:32][country_law_manager.cpp:444]: Country NVS is not permitted to retain law No Colonial Affairs, fix this or consider Colonial Resettlement instead
[14:43:32][country_law_manager.cpp:444]: Country dyn_c_baltic_governorate is not permitted to retain law Tenant Farmers, fix this or consider Homesteading instead
[14:43:32][country_law_manager.cpp:444]: Country KZH is not permitted to retain law Subjecthood, fix this or consider National Supremacy instead
[14:43:32][country_law_manager.cpp:444]: Country KZH is not permitted to retain law Hereditary Bureaucrats, fix this or consider Appointed Bureaucrats instead
[14:43:32][country_law_manager.cpp:444]: Country KZH is not permitted to retain law Serfdom, fix this or consider Homesteading instead
[14:43:32][country_law_manager.cpp:444]: Country KZH is not permitted to retain law Right of Assembly, fix this or consider Glasnost instead
[14:43:32][country_law_manager.cpp:444]: Country UZH is not permitted to retain law Subjecthood, fix this or consider National Supremacy instead
[14:43:32][country_law_manager.cpp:444]: Country UZH is not permitted to retain law Hereditary Bureaucrats, fix this or consider Appointed Bureaucrats instead
[14:43:32][country_law_manager.cpp:444]: Country UZH is not permitted to retain law Serfdom, fix this or consider Homesteading instead
[14:43:32][country_law_manager.cpp:444]: Country UZH is not permitted to retain law Right of Assembly, fix this or consider Glasnost instead
[14:43:32][country_law_manager.cpp:444]: Country OZH is not permitted to retain law Subjecthood, fix this or consider National Supremacy instead
[14:43:32][country_law_manager.cpp:444]: Country OZH is not permitted to retain law Hereditary Bureaucrats, fix this or consider Appointed Bureaucrats instead
[14:43:32][country_law_manager.cpp:444]: Country OZH is not permitted to retain law Serfdom, fix this or consider Homesteading instead
[14:43:32][country_law_manager.cpp:444]: Country OZH is not permitted to retain law Right of Assembly, fix this or consider Glasnost instead
[14:43:32][country_law_manager.cpp:444]: Country KAF is not permitted to retain law Mercantilism, fix this or consider Isolationism instead
[14:43:32][country_law_manager.cpp:444]: Country KAF is not permitted to retain law Outlawed Dissent, fix this or consider Right of Assembly instead
[14:43:32][country_law_manager.cpp:444]: Country company_russian_american_company is not permitted to retain law Subjecthood, fix this or consider National Supremacy instead
[14:43:32][country_law_manager.cpp:444]: Country company_russian_american_company is not permitted to retain law Hereditary Bureaucrats, fix this or consider Appointed Bureaucrats instead
[14:43:32][country_law_manager.cpp:444]: Country company_russian_american_company is not permitted to retain law Tenant Farmers, fix this or consider Homesteading instead
[14:43:32][country_law_manager.cpp:444]: Country company_east_india_company is not permitted to retain law No Colonial Affairs, fix this or consider Colonial Resettlement instead
[14:43:32][country_law_manager.cpp:444]: Country dyn_c_south_africa is not permitted to retain law No Colonial Affairs, fix this or consider Frontier Colonization instead
[14:43:32][country_law_manager.cpp:444]: Country dyn_c_british_west_africa is not permitted to retain law No Colonial Affairs, fix this or consider Frontier Colonization instead
[14:43:32][country_law_manager.cpp:444]: Country SAS is not permitted to retain law No Colonial Affairs, fix this or consider Frontier Colonization instead
[14:43:32][country_law_manager.cpp:444]: Country dyn_c_van_diemans_land is not permitted to retain law No Colonial Affairs, fix this or consider Frontier Colonization instead
[14:43:35][jomini_script_system.cpp:247]: Script system error!
  Error: has_law_or_variant trigger [ Wrong scope for trigger: power_bloc, expected country ]
  Script location: common/coat_of_arms/template_lists/colored_emblem_lists.txt:1217

[14:43:35][jomini_script_system.cpp:247]: Script system error!
  Error: has_law_or_variant trigger [ Wrong scope for trigger: power_bloc, expected country ]
  Script location: common/coat_of_arms/template_lists/colored_emblem_lists.txt:1255

[14:43:35][jomini_script_system.cpp:247]: Script system error!
  Error: has_law_or_variant trigger [ Wrong scope for trigger: power_bloc, expected country ]
  Script location: common/coat_of_arms/template_lists/colored_emblem_lists.txt:1284

[14:43:35][jomini_script_system.cpp:247]: Script system error!
  Error: has_law_or_variant trigger [ Wrong scope for trigger: power_bloc, expected country ]
  Script location: common/coat_of_arms/template_lists/colored_emblem_lists.txt:1293

[14:43:35][jomini_script_system.cpp:247]: Script system error!
  Error: has_law_or_variant trigger [ Wrong scope for trigger: power_bloc, expected country ]
  Script location: common/coat_of_arms/template_lists/colored_emblem_lists.txt:1301

[14:43:35][jomini_script_system.cpp:247]: Script system error!
  Error: has_law_or_variant trigger [ Wrong scope for trigger: power_bloc, expected country ]
  Script location: common/scripted_triggers/00_coa_triggers.txt:82
common/coat_of_arms/template_lists/colored_emblem_lists.txt:1324

[14:43:35][jomini_script_system.cpp:247]: Script system error!
  Error: has_law_or_variant trigger [ Wrong scope for trigger: power_bloc, expected country ]
  Script location: common/scripted_triggers/00_coa_triggers.txt:41
common/coat_of_arms/template_lists/colored_emblem_lists.txt:1345
common/scripted_triggers/00_coa_triggers.txt:119
common/scripted_triggers/00_coa_triggers.txt:58

[14:43:35][jomini_script_system.cpp:247]: Script system error!
  Error: has_law_or_variant trigger [ Wrong scope for trigger: power_bloc, expected country ]
  Script location: common/scripted_triggers/00_coa_triggers.txt:42
common/coat_of_arms/template_lists/colored_emblem_lists.txt:1345
common/scripted_triggers/00_coa_triggers.txt:119
common/scripted_triggers/00_coa_triggers.txt:58

[14:43:35][jomini_script_system.cpp:247]: Script system error!
  Error: has_law_or_variant trigger [ Wrong scope for trigger: power_bloc, expected country ]
  Script location: common/scripted_triggers/00_coa_triggers.txt:43
common/coat_of_arms/template_lists/colored_emblem_lists.txt:1345
common/scripted_triggers/00_coa_triggers.txt:119
common/scripted_triggers/00_coa_triggers.txt:58

[14:43:35][jomini_script_system.cpp:247]: Script system error!
  Error: has_law_or_variant trigger [ Wrong scope for trigger: power_bloc, expected country ]
  Script location: common/scripted_triggers/00_coa_triggers.txt:44
common/coat_of_arms/template_lists/colored_emblem_lists.txt:1345
common/scripted_triggers/00_coa_triggers.txt:119
common/scripted_triggers/00_coa_triggers.txt:58

[14:43:35][jomini_script_system.cpp:247]: Script system error!
  Error: has_law_or_variant trigger [ Wrong scope for trigger: power_bloc, expected country ]
  Script location: common/scripted_triggers/00_coa_triggers.txt:41
common/coat_of_arms/template_lists/colored_emblem_lists.txt:1345
common/scripted_triggers/00_coa_triggers.txt:120
common/scripted_triggers/00_coa_triggers.txt:53

[14:43:35][jomini_script_system.cpp:247]: Script system error!
  Error: has_law_or_variant trigger [ Wrong scope for trigger: power_bloc, expected country ]
  Script location: common/scripted_triggers/00_coa_triggers.txt:42
common/coat_of_arms/template_lists/colored_emblem_lists.txt:1345
common/scripted_triggers/00_coa_triggers.txt:120
common/scripted_triggers/00_coa_triggers.txt:53

[14:43:35][jomini_script_system.cpp:247]: Script system error!
  Error: has_law_or_variant trigger [ Wrong scope for trigger: power_bloc, expected country ]
  Script location: common/scripted_triggers/00_coa_triggers.txt:43
common/coat_of_arms/template_lists/colored_emblem_lists.txt:1345
common/scripted_triggers/00_coa_triggers.txt:120
common/scripted_triggers/00_coa_triggers.txt:53

[14:43:35][jomini_script_system.cpp:247]: Script system error!
  Error: has_law_or_variant trigger [ Wrong scope for trigger: power_bloc, expected country ]
  Script location: common/scripted_triggers/00_coa_triggers.txt:44
common/coat_of_arms/template_lists/colored_emblem_lists.txt:1345
common/scripted_triggers/00_coa_triggers.txt:120
common/scripted_triggers/00_coa_triggers.txt:53

[14:44:18][jomini_script_system.cpp:247]: Script system error!
  Error: is_homeland trigger [ Unknown culture in scope target ]
  Script location: common/company_types/00_companies_ip3.txt:33

[14:44:18][jomini_script_system.cpp:247]: Script system error!
  Error: is_homeland trigger [ Unknown culture in scope target ]
  Script location: common/company_types/00_companies_ip3.txt:33

[14:44:18][jomini_script_system.cpp:247]: Script system error!
  Error: is_homeland trigger [ Unknown culture in scope target ]
  Script location: common/company_types/00_companies_ip3.txt:33

[14:44:18][jomini_script_system.cpp:247]: Script system error!
  Error: is_homeland trigger [ Unknown culture in scope target ]
  Script location: common/company_types/00_companies_ip3.txt:33

[14:44:18][jomini_script_system.cpp:247]: Script system error!
  Error: is_homeland trigger [ Unknown culture in scope target ]
  Script location: common/company_types/00_companies_ip3.txt:33

[14:44:18][jomini_script_system.cpp:247]: Script system error!
  Error: is_homeland trigger [ Unknown culture in scope target ]
  Script location: common/company_types/00_companies_ip3.txt:33

[14:44:18][jomini_script_system.cpp:247]: Script system error!
  Error: is_homeland trigger [ Unknown culture in scope target ]
  Script location: common/company_types/00_companies_ip3.txt:33

[14:44:18][jomini_script_system.cpp:247]: Script system error!
  Error: is_homeland trigger [ Unknown culture in scope target ]
  Script location: common/company_types/00_companies_ip3.txt:33

[14:44:18][jomini_script_system.cpp:247]: Script system error!
  Error: is_homeland trigger [ Unknown culture in scope target ]
  Script location: common/company_types/00_companies_ip3.txt:33

[14:44:18][jomini_script_system.cpp:247]: Script system error!
  Error: is_homeland trigger [ Unknown culture in scope target ]
  Script location: common/company_types/00_companies_ip3.txt:33

[14:44:18][jomini_script_system.cpp:247]: Script system error!
  Error: is_homeland trigger [ Unknown culture in scope target ]
  Script location: common/company_types/00_companies_ip3.txt:33

[14:44:18][jomini_script_system.cpp:247]: Script system error!
  Error: is_homeland trigger [ Unknown culture in scope target ]
  Script location: common/company_types/00_companies_ip3.txt:33

[14:44:18][jomini_script_system.cpp:247]: Script system error!
  Error: is_homeland trigger [ Unknown culture in scope target ]
  Script location: common/company_types/00_companies_ip3.txt:33

[14:44:18][jomini_script_system.cpp:247]: Script system error!
  Error: is_homeland trigger [ Unknown culture in scope target ]
  Script location: common/company_types/00_companies_ip3.txt:33

[14:44:18][jomini_script_system.cpp:247]: Script system error!
  Error: is_homeland trigger [ Unknown culture in scope target ]
  Script location: common/company_types/00_companies_ip3.txt:33

[14:44:18][jomini_script_system.cpp:247]: Script system error!
  Error: is_homeland trigger [ Unknown culture in scope target ]
  Script location: common/company_types/00_companies_ip3.txt:33

[14:44:22][jomini_script_system.cpp:247]: Script system error!
  Error: is_homeland trigger [ Unknown culture in scope target ]
  Script location: common/company_types/00_companies_ip3.txt:33

[14:44:22][jomini_script_system.cpp:247]: Script system error!
  Error: is_homeland trigger [ Unknown culture in scope target ]
  Script location: common/company_types/00_companies_ip3.txt:33

[14:44:22][jomini_script_system.cpp:247]: Script system error!
  Error: is_homeland trigger [ Unknown culture in scope target ]
  Script location: common/company_types/00_companies_ip3.txt:33

[14:44:22][jomini_script_system.cpp:247]: Script system error!
  Error: is_homeland trigger [ Unknown culture in scope target ]
  Script location: common/company_types/00_companies_ip3.txt:33

[14:44:22][jomini_script_system.cpp:247]: Script system error!
  Error: is_homeland trigger [ Unknown culture in scope target ]
  Script location: common/company_types/00_companies_ip3.txt:33

[14:44:22][jomini_script_system.cpp:247]: Script system error!
  Error: is_homeland trigger [ Unknown culture in scope target ]
  Script location: common/company_types/00_companies_ip3.txt:33

[14:44:22][jomini_script_system.cpp:247]: Script system error!
  Error: is_homeland trigger [ Unknown culture in scope target ]
  Script location: common/company_types/00_companies_ip3.txt:33

[14:44:22][jomini_script_system.cpp:247]: Script system error!
  Error: is_homeland trigger [ Unknown culture in scope target ]
  Script location: common/company_types/00_companies_ip3.txt:33

[14:44:22][jomini_script_system.cpp:247]: Script system error!
  Error: is_homeland trigger [ Unknown culture in scope target ]
  Script location: common/company_types/00_companies_ip3.txt:33

[14:44:22][jomini_script_system.cpp:247]: Script system error!
  Error: is_homeland trigger [ Unknown culture in scope target ]
  Script location: common/company_types/00_companies_ip3.txt:33

[14:44:22][jomini_script_system.cpp:247]: Script system error!
  Error: is_homeland trigger [ Unknown culture in scope target ]
  Script location: common/company_types/00_companies_ip3.txt:33

[14:44:22][jomini_script_system.cpp:247]: Script system error!
  Error: is_homeland trigger [ Unknown culture in scope target ]
  Script location: common/company_types/00_companies_ip3.txt:33

[14:44:22][jomini_script_system.cpp:247]: Script system error!
  Error: is_homeland trigger [ Unknown culture in scope target ]
  Script location: common/company_types/00_companies_ip3.txt:33

[14:44:22][jomini_script_system.cpp:247]: Script system error!
  Error: is_homeland trigger [ Unknown culture in scope target ]
  Script location: common/company_types/00_companies_ip3.txt:33

[14:44:22][jomini_script_system.cpp:247]: Script system error!
  Error: is_homeland trigger [ Unknown culture in scope target ]
  Script location: common/company_types/00_companies_ip3.txt:33

[14:44:22][jomini_script_system.cpp:247]: Script system error!
  Error: is_homeland trigger [ Unknown culture in scope target ]
  Script location: common/company_types/00_companies_ip3.txt:33

[14:44:27][jomini_script_system.cpp:247]: Script system error!
  Error: is_homeland trigger [ Unknown culture in scope target ]
  Script location: common/company_types/00_companies_ip3.txt:33

[14:44:27][jomini_script_system.cpp:247]: Script system error!
  Error: is_homeland trigger [ Unknown culture in scope target ]
  Script location: common/company_types/00_companies_ip3.txt:33

[14:44:27][jomini_script_system.cpp:247]: Script system error!
  Error: is_homeland trigger [ Unknown culture in scope target ]
  Script location: common/company_types/00_companies_ip3.txt:33

[14:44:27][jomini_script_system.cpp:247]: Script system error!
  Error: is_homeland trigger [ Unknown culture in scope target ]
  Script location: common/company_types/00_companies_ip3.txt:33

[14:44:27][jomini_script_system.cpp:247]: Script system error!
  Error: is_homeland trigger [ Unknown culture in scope target ]
  Script location: common/company_types/00_companies_ip3.txt:33

[14:44:27][jomini_script_system.cpp:247]: Script system error!
  Error: is_homeland trigger [ Unknown culture in scope target ]
  Script location: common/company_types/00_companies_ip3.txt:33

[14:44:27][jomini_script_system.cpp:247]: Script system error!
  Error: is_homeland trigger [ Unknown culture in scope target ]
  Script location: common/company_types/00_companies_ip3.txt:33

[14:44:27][jomini_script_system.cpp:247]: Script system error!
  Error: is_homeland trigger [ Unknown culture in scope target ]
  Script location: common/company_types/00_companies_ip3.txt:33

[14:44:27][jomini_script_system.cpp:247]: Script system error!
  Error: is_homeland trigger [ Unknown culture in scope target ]
  Script location: common/company_types/00_companies_ip3.txt:33

[14:44:27][jomini_script_system.cpp:247]: Script system error!
  Error: is_homeland trigger [ Unknown culture in scope target ]
  Script location: common/company_types/00_companies_ip3.txt:33

[14:44:27][jomini_script_system.cpp:247]: Script system error!
  Error: is_homeland trigger [ Unknown culture in scope target ]
  Script location: common/company_types/00_companies_ip3.txt:33

[14:44:27][jomini_script_system.cpp:247]: Script system error!
  Error: is_homeland trigger [ Unknown culture in scope target ]
  Script location: common/company_types/00_companies_ip3.txt:33

[14:44:27][jomini_script_system.cpp:247]: Script system error!
  Error: is_homeland trigger [ Unknown culture in scope target ]
  Script location: common/company_types/00_companies_ip3.txt:33

[14:44:27][jomini_script_system.cpp:247]: Script system error!
  Error: is_homeland trigger [ Unknown culture in scope target ]
  Script location: common/company_types/00_companies_ip3.txt:33

[14:44:27][jomini_script_system.cpp:247]: Script system error!
  Error: is_homeland trigger [ Unknown culture in scope target ]
  Script location: common/company_types/00_companies_ip3.txt:33

[14:44:27][jomini_script_system.cpp:247]: Script system error!
  Error: is_homeland trigger [ Unknown culture in scope target ]
  Script location: common/company_types/00_companies_ip3.txt:33

[14:44:31][jomini_script_system.cpp:247]: Script system error!
  Error: is_homeland trigger [ Unknown culture in scope target ]
  Script location: common/company_types/00_companies_ip3.txt:33

[14:44:31][jomini_script_system.cpp:247]: Script system error!
  Error: is_homeland trigger [ Unknown culture in scope target ]
  Script location: common/company_types/00_companies_ip3.txt:33

[14:44:31][jomini_script_system.cpp:247]: Script system error!
  Error: is_homeland trigger [ Unknown culture in scope target ]
  Script location: common/company_types/00_companies_ip3.txt:33

[14:44:31][jomini_script_system.cpp:247]: Script system error!
  Error: is_homeland trigger [ Unknown culture in scope target ]
  Script location: common/company_types/00_companies_ip3.txt:33

[14:44:31][jomini_script_system.cpp:247]: Script system error!
  Error: is_homeland trigger [ Unknown culture in scope target ]
  Script location: common/company_types/00_companies_ip3.txt:33

[14:44:31][jomini_script_system.cpp:247]: Script system error!
  Error: is_homeland trigger [ Unknown culture in scope target ]
  Script location: common/company_types/00_companies_ip3.txt:33

[14:44:31][jomini_script_system.cpp:247]: Script system error!
  Error: is_homeland trigger [ Unknown culture in scope target ]
  Script location: common/company_types/00_companies_ip3.txt:33

[14:44:31][jomini_script_system.cpp:247]: Script system error!
  Error: is_homeland trigger [ Unknown culture in scope target ]
  Script location: common/company_types/00_companies_ip3.txt:33

[14:44:31][jomini_script_system.cpp:247]: Script system error!
  Error: is_homeland trigger [ Unknown culture in scope target ]
  Script location: common/company_types/00_companies_ip3.txt:33

[14:44:31][jomini_script_system.cpp:247]: Script system error!
  Error: is_homeland trigger [ Unknown culture in scope target ]
  Script location: common/company_types/00_companies_ip3.txt:33

[14:44:31][jomini_script_system.cpp:247]: Script system error!
  Error: is_homeland trigger [ Unknown culture in scope target ]
  Script location: common/company_types/00_companies_ip3.txt:33

[14:44:31][jomini_script_system.cpp:247]: Script system error!
  Error: is_homeland trigger [ Unknown culture in scope target ]
  Script location: common/company_types/00_companies_ip3.txt:33

[14:44:31][jomini_script_system.cpp:247]: Script system error!
  Error: is_homeland trigger [ Unknown culture in scope target ]
  Script location: common/company_types/00_companies_ip3.txt:33

[14:44:31][jomini_script_system.cpp:247]: Script system error!
  Error: is_homeland trigger [ Unknown culture in scope target ]
  Script location: common/company_types/00_companies_ip3.txt:33

[14:44:31][jomini_script_system.cpp:247]: Script system error!
  Error: is_homeland trigger [ Unknown culture in scope target ]
  Script location: common/company_types/00_companies_ip3.txt:33

[14:44:31][jomini_script_system.cpp:247]: Script system error!
  Error: is_homeland trigger [ Unknown culture in scope target ]
  Script location: common/company_types/00_companies_ip3.txt:33

[14:44:36][jomini_script_system.cpp:247]: Script system error!
  Error: is_homeland trigger [ Unknown culture in scope target ]
  Script location: common/company_types/00_companies_ip3.txt:33

[14:44:36][jomini_script_system.cpp:247]: Script system error!
  Error: is_homeland trigger [ Unknown culture in scope target ]
  Script location: common/company_types/00_companies_ip3.txt:33

[14:44:36][jomini_script_system.cpp:247]: Script system error!
  Error: is_homeland trigger [ Unknown culture in scope target ]
  Script location: common/company_types/00_companies_ip3.txt:33

[14:44:36][jomini_script_system.cpp:247]: Script system error!
  Error: is_homeland trigger [ Unknown culture in scope target ]
  Script location: common/company_types/00_companies_ip3.txt:33

[14:44:36][jomini_script_system.cpp:247]: Script system error!
  Error: is_homeland trigger [ Unknown culture in scope target ]
  Script location: common/company_types/00_companies_ip3.txt:33

[14:44:36][jomini_script_system.cpp:247]: Script system error!
  Error: is_homeland trigger [ Unknown culture in scope target ]
  Script location: common/company_types/00_companies_ip3.txt:33

[14:44:36][jomini_script_system.cpp:247]: Script system error!
  Error: is_homeland trigger [ Unknown culture in scope target ]
  Script location: common/company_types/00_companies_ip3.txt:33

[14:44:36][jomini_script_system.cpp:247]: Script system error!
  Error: is_homeland trigger [ Unknown culture in scope target ]
  Script location: common/company_types/00_companies_ip3.txt:33

[14:44:36][jomini_script_system.cpp:247]: Script system error!
  Error: is_homeland trigger [ Unknown culture in scope target ]
  Script location: common/company_types/00_companies_ip3.txt:33

[14:44:36][jomini_script_system.cpp:247]: Script system error!
  Error: is_homeland trigger [ Unknown culture in scope target ]
  Script location: common/company_types/00_companies_ip3.txt:33

[14:44:36][jomini_script_system.cpp:247]: Script system error!
  Error: is_homeland trigger [ Unknown culture in scope target ]
  Script location: common/company_types/00_companies_ip3.txt:33

[14:44:36][jomini_script_system.cpp:247]: Script system error!
  Error: is_homeland trigger [ Unknown culture in scope target ]
  Script location: common/company_types/00_companies_ip3.txt:33

[14:44:36][jomini_script_system.cpp:247]: Script system error!
  Error: is_homeland trigger [ Unknown culture in scope target ]
  Script location: common/company_types/00_companies_ip3.txt:33

[14:44:36][jomini_script_system.cpp:247]: Script system error!
  Error: is_homeland trigger [ Unknown culture in scope target ]
  Script location: common/company_types/00_companies_ip3.txt:33

[14:44:36][jomini_script_system.cpp:247]: Script system error!
  Error: is_homeland trigger [ Unknown culture in scope target ]
  Script location: common/company_types/00_companies_ip3.txt:33

[14:44:36][jomini_script_system.cpp:247]: Script system error!
  Error: is_homeland trigger [ Unknown culture in scope target ]
  Script location: common/company_types/00_companies_ip3.txt:33

[14:44:41][jomini_script_system.cpp:247]: Script system error!
  Error: is_homeland trigger [ Unknown culture in scope target ]
  Script location: common/company_types/00_companies_ip3.txt:33

[14:44:41][jomini_script_system.cpp:247]: Script system error!
  Error: is_homeland trigger [ Unknown culture in scope target ]
  Script location: common/company_types/00_companies_ip3.txt:33

[14:44:41][jomini_script_system.cpp:247]: Script system error!
  Error: is_homeland trigger [ Unknown culture in scope target ]
  Script location: common/company_types/00_companies_ip3.txt:33

[14:44:41][jomini_script_system.cpp:247]: Script system error!
  Error: is_homeland trigger [ Unknown culture in scope target ]
  Script location: common/company_types/00_companies_ip3.txt:33

[14:44:41][jomini_script_system.cpp:247]: Script system error!
  Error: is_homeland trigger [ Unknown culture in scope target ]
  Script location: common/company_types/00_companies_ip3.txt:33

[14:44:41][jomini_script_system.cpp:247]: Script system error!
  Error: is_homeland trigger [ Unknown culture in scope target ]
  Script location: common/company_types/00_companies_ip3.txt:33

[14:44:41][jomini_script_system.cpp:247]: Script system error!
  Error: is_homeland trigger [ Unknown culture in scope target ]
  Script location: common/company_types/00_companies_ip3.txt:33

[14:44:41][jomini_script_system.cpp:247]: Script system error!
  Error: is_homeland trigger [ Unknown culture in scope target ]
  Script location: common/company_types/00_companies_ip3.txt:33

[14:44:41][jomini_script_system.cpp:247]: Script system error!
  Error: is_homeland trigger [ Unknown culture in scope target ]
  Script location: common/company_types/00_companies_ip3.txt:33

[14:44:41][jomini_script_system.cpp:247]: Script system error!
  Error: is_homeland trigger [ Unknown culture in scope target ]
  Script location: common/company_types/00_companies_ip3.txt:33

[14:44:41][jomini_script_system.cpp:247]: Script system error!
  Error: is_homeland trigger [ Unknown culture in scope target ]
  Script location: common/company_types/00_companies_ip3.txt:33

[14:44:41][jomini_script_system.cpp:247]: Script system error!
  Error: is_homeland trigger [ Unknown culture in scope target ]
  Script location: common/company_types/00_companies_ip3.txt:33

[14:44:41][jomini_script_system.cpp:247]: Script system error!
  Error: is_homeland trigger [ Unknown culture in scope target ]
  Script location: common/company_types/00_companies_ip3.txt:33

[14:44:41][jomini_script_system.cpp:247]: Script system error!
  Error: is_homeland trigger [ Unknown culture in scope target ]
  Script location: common/company_types/00_companies_ip3.txt:33

[14:44:41][jomini_script_system.cpp:247]: Script system error!
  Error: is_homeland trigger [ Unknown culture in scope target ]
  Script location: common/company_types/00_companies_ip3.txt:33

[14:44:41][jomini_script_system.cpp:247]: Script system error!
  Error: is_homeland trigger [ Unknown culture in scope target ]
  Script location: common/company_types/00_companies_ip3.txt:33

